2023-11-02 23:11:31.560 [info] Nivel de registro: Info
2023-11-02 23:11:31.561 [info] La validación encontró GIT en: “git“
2023-11-02 23:11:31.561 [info] Usando GIT “2.30.2” desde “git”
2023-11-02 23:11:31.561 [info] > git rev-parse --show-toplevel [4ms]
2023-11-02 23:11:31.561 [info] > git rev-parse --git-dir --git-common-dir [1ms]
2023-11-02 23:11:31.561 [info] Open repository: /home/TDIW/tdiw-k11
2023-11-02 23:11:31.561 [info] > git config --get commit.template [4ms]
2023-11-02 23:11:31.561 [info] > git rev-parse --show-toplevel [3ms]
2023-11-02 23:11:31.561 [info] > git rev-parse --show-toplevel [1ms]
2023-11-02 23:11:31.561 [info] > git for-each-ref --format=%(refname)%00%(upstream:short)%00%(objectname)%00%(upstream:track)%00%(upstream:remotename)%00%(upstream:remoteref) refs/heads/master refs/remotes/master [7ms]
2023-11-02 23:11:31.561 [info] > git rev-parse --show-toplevel [1ms]
2023-11-02 23:11:31.562 [info] > git rev-parse --show-toplevel [2ms]
2023-11-02 23:11:31.567 [info] > git rev-parse --show-toplevel [1ms]
2023-11-02 23:11:31.573 [info] > git rev-parse --show-toplevel [2ms]
2023-11-02 23:11:31.577 [info] > git rev-parse --show-toplevel [1ms]
2023-11-02 23:11:31.581 [info] > git rev-parse --show-toplevel [1ms]
2023-11-02 23:11:31.585 [info] > git rev-parse --show-toplevel [1ms]
2023-11-02 23:11:31.634 [info] > git rev-parse --show-toplevel [45ms]
2023-11-02 23:11:31.639 [info] > git rev-parse --show-toplevel [1ms]
2023-11-02 23:11:31.644 [info] > git rev-parse --show-toplevel [1ms]
2023-11-02 23:11:31.650 [info] > git rev-parse --show-toplevel [1ms]
2023-11-02 23:11:31.654 [info] > git rev-parse --show-toplevel [1ms]
2023-11-02 23:11:31.659 [info] > git rev-parse --show-toplevel [1ms]
2023-11-02 23:11:31.663 [info] > git rev-parse --show-toplevel [1ms]
2023-11-02 23:11:31.666 [info] > git rev-parse --show-toplevel [0ms]
2023-11-02 23:11:31.673 [info] > git rev-parse --show-toplevel [1ms]
2023-11-02 23:11:31.678 [info] > git rev-parse --show-toplevel [1ms]
2023-11-02 23:11:31.897 [info] > git show --textconv :public_html/html/index.html [5ms]
2023-11-02 23:11:31.899 [info] > git ls-files --stage -- /home/TDIW/tdiw-k11/public_html/html/index.html [2ms]
2023-11-02 23:11:31.905 [info] > git cat-file -s 8648e05e9e73540635cd343db8f91660fd58f75a [1ms]
2023-11-02 23:11:32.064 [info] > git check-ignore -v -z --stdin [4ms]
2023-11-02 23:11:32.157 [info] > git status -z -uall [609ms]
2023-11-02 23:11:32.188 [info] > git config --get commit.template [5ms]
2023-11-02 23:11:32.190 [info] > git for-each-ref --format=%(refname)%00%(upstream:short)%00%(objectname)%00%(upstream:track)%00%(upstream:remotename)%00%(upstream:remoteref) refs/heads/master refs/remotes/master [3ms]
2023-11-02 23:11:32.618 [info] > git status -z -uall [424ms]
2023-11-03 00:14:58.808 [info] > git config --get commit.template [5ms]
2023-11-03 00:14:58.815 [info] > git for-each-ref --format=%(refname)%00%(upstream:short)%00%(objectname)%00%(upstream:track)%00%(upstream:remotename)%00%(upstream:remoteref) refs/heads/master refs/remotes/master [8ms]
2023-11-03 00:14:59.493 [info] > git status -z -uall [673ms]
2023-11-03 00:15:01.329 [info] > git check-ignore -v -z --stdin [3ms]
2023-11-03 00:15:04.521 [info] > git config --get commit.template [5ms]
2023-11-03 00:15:04.524 [info] > git for-each-ref --format=%(refname)%00%(upstream:short)%00%(objectname)%00%(upstream:track)%00%(upstream:remotename)%00%(upstream:remoteref) refs/heads/master refs/remotes/master [4ms]
2023-11-03 00:15:04.847 [info] > git check-ignore -v -z --stdin [2ms]
2023-11-03 00:15:04.937 [info] > git status -z -uall [408ms]
2023-11-03 00:15:05.751 [info] > git check-ignore -v -z --stdin [2ms]
2023-11-03 00:15:09.964 [info] > git config --get commit.template [5ms]
2023-11-03 00:15:09.966 [info] > git for-each-ref --format=%(refname)%00%(upstream:short)%00%(objectname)%00%(upstream:track)%00%(upstream:remotename)%00%(upstream:remoteref) refs/heads/master refs/remotes/master [3ms]
2023-11-03 00:15:10.379 [info] > git status -z -uall [407ms]
2023-11-03 00:15:12.427 [info] > git check-ignore -v -z --stdin [3ms]
2023-11-03 00:15:15.403 [info] > git config --get commit.template [5ms]
2023-11-03 00:15:15.406 [info] > git for-each-ref --format=%(refname)%00%(upstream:short)%00%(objectname)%00%(upstream:track)%00%(upstream:remotename)%00%(upstream:remoteref) refs/heads/master refs/remotes/master [4ms]
2023-11-03 00:15:15.834 [info] > git status -z -uall [423ms]
2023-11-03 00:15:17.084 [info] > git show --textconv :public_html/php/Model/Categoria [6ms]
2023-11-03 00:15:17.085 [info] > git ls-files --stage -- /home/TDIW/tdiw-k11/public_html/php/Model/Categoria [2ms]
2023-11-03 00:15:17.318 [info] > git check-ignore -v -z --stdin [4ms]
2023-11-03 00:15:20.861 [info] > git config --get commit.template [4ms]
2023-11-03 00:15:20.863 [info] > git for-each-ref --format=%(refname)%00%(upstream:short)%00%(objectname)%00%(upstream:track)%00%(upstream:remotename)%00%(upstream:remoteref) refs/heads/master refs/remotes/master [2ms]
2023-11-03 00:15:21.273 [info] > git status -z -uall [406ms]
2023-11-03 00:15:25.631 [info] > git show --textconv :public_html/php/Model/Categoria.php [6ms]
2023-11-03 00:15:25.633 [info] > git ls-files --stage -- /home/TDIW/tdiw-k11/public_html/php/Model/Categoria.php [2ms]
2023-11-03 00:15:25.902 [info] > git check-ignore -v -z --stdin [6ms]
2023-11-03 00:15:26.301 [info] > git config --get commit.template [4ms]
2023-11-03 00:15:26.304 [info] > git for-each-ref --format=%(refname)%00%(upstream:short)%00%(objectname)%00%(upstream:track)%00%(upstream:remotename)%00%(upstream:remoteref) refs/heads/master refs/remotes/master [3ms]
2023-11-03 00:15:26.722 [info] > git status -z -uall [413ms]
2023-11-03 00:15:31.750 [info] > git config --get commit.template [5ms]
2023-11-03 00:15:31.752 [info] > git for-each-ref --format=%(refname)%00%(upstream:short)%00%(objectname)%00%(upstream:track)%00%(upstream:remotename)%00%(upstream:remoteref) refs/heads/master refs/remotes/master [3ms]
2023-11-03 00:15:32.166 [info] > git status -z -uall [408ms]
2023-11-03 00:15:37.192 [info] > git config --get commit.template [5ms]
2023-11-03 00:15:37.195 [info] > git for-each-ref --format=%(refname)%00%(upstream:short)%00%(objectname)%00%(upstream:track)%00%(upstream:remotename)%00%(upstream:remoteref) refs/heads/master refs/remotes/master [4ms]
2023-11-03 00:15:37.606 [info] > git status -z -uall [407ms]
2023-11-03 00:15:49.822 [info] > git config --get commit.template [5ms]
2023-11-03 00:15:49.824 [info] > git for-each-ref --format=%(refname)%00%(upstream:short)%00%(objectname)%00%(upstream:track)%00%(upstream:remotename)%00%(upstream:remoteref) refs/heads/master refs/remotes/master [3ms]
2023-11-03 00:15:50.246 [info] > git status -z -uall [416ms]
2023-11-03 00:15:55.272 [info] > git config --get commit.template [5ms]
2023-11-03 00:15:55.275 [info] > git for-each-ref --format=%(refname)%00%(upstream:short)%00%(objectname)%00%(upstream:track)%00%(upstream:remotename)%00%(upstream:remoteref) refs/heads/master refs/remotes/master [4ms]
2023-11-03 00:15:55.684 [info] > git status -z -uall [404ms]
2023-11-03 00:15:59.823 [info] > git check-ignore -v -z --stdin [4ms]
2023-11-03 00:16:00.715 [info] > git config --get commit.template [4ms]
2023-11-03 00:16:00.720 [info] > git for-each-ref --format=%(refname)%00%(upstream:short)%00%(objectname)%00%(upstream:track)%00%(upstream:remotename)%00%(upstream:remoteref) refs/heads/master refs/remotes/master [5ms]
2023-11-03 00:16:00.836 [info] > git show --textconv :public_html/php/View/product_list.php [5ms]
2023-11-03 00:16:00.837 [info] > git ls-files --stage -- /home/TDIW/tdiw-k11/public_html/php/View/product_list.php [2ms]
2023-11-03 00:16:00.842 [info] > git cat-file -s d679d4a74ee02b79992793ccb0658ae536a43695 [2ms]
2023-11-03 00:16:01.281 [info] > git status -z -uall [557ms]
2023-11-03 00:16:06.309 [info] > git config --get commit.template [5ms]
2023-11-03 00:16:06.312 [info] > git for-each-ref --format=%(refname)%00%(upstream:short)%00%(objectname)%00%(upstream:track)%00%(upstream:remotename)%00%(upstream:remoteref) refs/heads/master refs/remotes/master [3ms]
2023-11-03 00:16:06.728 [info] > git status -z -uall [410ms]
2023-11-03 00:16:11.754 [info] > git config --get commit.template [6ms]
2023-11-03 00:16:11.757 [info] > git for-each-ref --format=%(refname)%00%(upstream:short)%00%(objectname)%00%(upstream:track)%00%(upstream:remotename)%00%(upstream:remoteref) refs/heads/master refs/remotes/master [3ms]
2023-11-03 00:16:12.134 [info] > git status -z -uall [371ms]
2023-11-03 00:16:15.014 [info] > git show --textconv :public_html/php/View/CategoriaView.php [6ms]
2023-11-03 00:16:15.015 [info] > git ls-files --stage -- /home/TDIW/tdiw-k11/public_html/php/View/CategoriaView.php [2ms]
2023-11-03 00:16:15.271 [info] > git check-ignore -v -z --stdin [3ms]
2023-11-03 00:16:17.161 [info] > git config --get commit.template [4ms]
2023-11-03 00:16:17.164 [info] > git for-each-ref --format=%(refname)%00%(upstream:short)%00%(objectname)%00%(upstream:track)%00%(upstream:remotename)%00%(upstream:remoteref) refs/heads/master refs/remotes/master [3ms]
2023-11-03 00:16:17.573 [info] > git status -z -uall [403ms]
2023-11-03 00:16:21.167 [info] > git show --textconv :public_html/php/Model/Categoria.php [5ms]
2023-11-03 00:16:21.169 [info] > git ls-files --stage -- /home/TDIW/tdiw-k11/public_html/php/Model/Categoria.php [2ms]
2023-11-03 00:16:22.600 [info] > git config --get commit.template [5ms]
2023-11-03 00:16:22.603 [info] > git for-each-ref --format=%(refname)%00%(upstream:short)%00%(objectname)%00%(upstream:track)%00%(upstream:remotename)%00%(upstream:remoteref) refs/heads/master refs/remotes/master [3ms]
2023-11-03 00:16:23.021 [info] > git status -z -uall [412ms]
2023-11-03 00:16:28.047 [info] > git config --get commit.template [5ms]
2023-11-03 00:16:28.050 [info] > git for-each-ref --format=%(refname)%00%(upstream:short)%00%(objectname)%00%(upstream:track)%00%(upstream:remotename)%00%(upstream:remoteref) refs/heads/master refs/remotes/master [4ms]
2023-11-03 00:16:28.462 [info] > git status -z -uall [407ms]
2023-11-03 00:16:33.490 [info] > git config --get commit.template [5ms]
2023-11-03 00:16:33.492 [info] > git for-each-ref --format=%(refname)%00%(upstream:short)%00%(objectname)%00%(upstream:track)%00%(upstream:remotename)%00%(upstream:remoteref) refs/heads/master refs/remotes/master [3ms]
2023-11-03 00:16:33.902 [info] > git status -z -uall [403ms]
2023-11-03 00:16:38.786 [info] > git show --textconv :public_html/php/Controller/CategoriaController [5ms]
2023-11-03 00:16:38.788 [info] > git ls-files --stage -- /home/TDIW/tdiw-k11/public_html/php/Controller/CategoriaController [2ms]
2023-11-03 00:16:38.933 [info] > git config --get commit.template [5ms]
2023-11-03 00:16:38.936 [info] > git for-each-ref --format=%(refname)%00%(upstream:short)%00%(objectname)%00%(upstream:track)%00%(upstream:remotename)%00%(upstream:remoteref) refs/heads/master refs/remotes/master [4ms]
2023-11-03 00:16:39.021 [info] > git check-ignore -v -z --stdin [2ms]
2023-11-03 00:16:39.360 [info] > git status -z -uall [419ms]
2023-11-03 00:16:44.386 [info] > git config --get commit.template [5ms]
2023-11-03 00:16:44.390 [info] > git for-each-ref --format=%(refname)%00%(upstream:short)%00%(objectname)%00%(upstream:track)%00%(upstream:remotename)%00%(upstream:remoteref) refs/heads/master refs/remotes/master [5ms]
2023-11-03 00:16:44.799 [info] > git status -z -uall [404ms]
2023-11-03 00:16:47.354 [info] > git show --textconv :public_html/php/index.php [5ms]
2023-11-03 00:16:47.373 [info] > git ls-files --stage -- /home/TDIW/tdiw-k11/public_html/php/index.php [19ms]
2023-11-03 00:16:47.386 [info] > git cat-file -s bb51986409b7490e7bdcb5f8bda8247ef9781aba [2ms]
2023-11-03 00:16:51.129 [info] > git config --get commit.template [6ms]
2023-11-03 00:16:51.131 [info] > git for-each-ref --format=%(refname)%00%(upstream:short)%00%(objectname)%00%(upstream:track)%00%(upstream:remotename)%00%(upstream:remoteref) refs/heads/master refs/remotes/master [3ms]
2023-11-03 00:16:51.538 [info] > git status -z -uall [401ms]
2023-11-03 00:16:56.563 [info] > git config --get commit.template [5ms]
2023-11-03 00:16:56.566 [info] > git for-each-ref --format=%(refname)%00%(upstream:short)%00%(objectname)%00%(upstream:track)%00%(upstream:remotename)%00%(upstream:remoteref) refs/heads/master refs/remotes/master [4ms]
2023-11-03 00:16:56.985 [info] > git status -z -uall [414ms]
2023-11-03 00:17:02.357 [info] > git config --get commit.template [5ms]
2023-11-03 00:17:02.362 [info] > git for-each-ref --format=%(refname)%00%(upstream:short)%00%(objectname)%00%(upstream:track)%00%(upstream:remotename)%00%(upstream:remoteref) refs/heads/master refs/remotes/master [5ms]
2023-11-03 00:17:02.929 [info] > git status -z -uall [561ms]
2023-11-03 00:17:06.786 [info] > git show --textconv :public_html/php/View/product_list.php [5ms]
2023-11-03 00:17:06.788 [info] > git ls-files --stage -- /home/TDIW/tdiw-k11/public_html/php/View/product_list.php [2ms]
2023-11-03 00:17:06.795 [info] > git cat-file -s d679d4a74ee02b79992793ccb0658ae536a43695 [2ms]
2023-11-03 00:17:07.960 [info] > git config --get commit.template [8ms]
2023-11-03 00:17:07.960 [info] > git for-each-ref --format=%(refname)%00%(upstream:short)%00%(objectname)%00%(upstream:track)%00%(upstream:remotename)%00%(upstream:remoteref) refs/heads/master refs/remotes/master [4ms]
2023-11-03 00:17:08.167 [info] > git show --textconv :public_html/php/View/CategoriaView.php [4ms]
2023-11-03 00:17:08.169 [info] > git ls-files --stage -- /home/TDIW/tdiw-k11/public_html/php/View/CategoriaView.php [1ms]
2023-11-03 00:17:08.394 [info] > git status -z -uall [429ms]
2023-11-03 00:17:13.419 [info] > git config --get commit.template [5ms]
2023-11-03 00:17:13.423 [info] > git for-each-ref --format=%(refname)%00%(upstream:short)%00%(objectname)%00%(upstream:track)%00%(upstream:remotename)%00%(upstream:remoteref) refs/heads/master refs/remotes/master [3ms]
2023-11-03 00:17:13.843 [info] > git status -z -uall [415ms]
2023-11-03 00:20:17.070 [info] > git config --get commit.template [6ms]
2023-11-03 00:20:17.079 [info] > git for-each-ref --format=%(refname)%00%(upstream:short)%00%(objectname)%00%(upstream:track)%00%(upstream:remotename)%00%(upstream:remoteref) refs/heads/master refs/remotes/master [9ms]
2023-11-03 00:20:17.745 [info] > git status -z -uall [658ms]
