2023-11-03 08:59:54.412 [info] Extension host with pid 2941 started
2023-11-03 08:59:54.429 [info] Lock '/home/TDIW/tdiw-k11/.vscode-server/data/User/workspaceStorage/22646f1bbf45209a377312442790b5e6/vscode.lock': Lock acquired.
2023-11-03 08:59:54.450 [info] ExtensionService#_doActivateExtension vscode.git-base, startup: true, activationEvent: '*', root cause: vscode.git
2023-11-03 08:59:54.495 [info] ExtensionService#_doActivateExtension vscode.git, startup: true, activationEvent: '*'
2023-11-03 08:59:54.495 [info] ExtensionService#_doActivateExtension vscode.github, startup: true, activationEvent: '*'
2023-11-03 08:59:54.706 [info] Eager extensions activated
2023-11-03 08:59:54.706 [info] ExtensionService#_doActivateExtension vscode.debug-auto-launch, startup: false, activationEvent: 'onStartupFinished'
2023-11-03 08:59:54.706 [info] ExtensionService#_doActivateExtension vscode.merge-conflict, startup: false, activationEvent: 'onStartupFinished'
2023-11-03 08:59:55.979 [warning] [Decorations] CAPPING events from decorations provider vscode.git 1917
2023-11-03 08:59:56.567 [warning] [Decorations] CAPPING events from decorations provider vscode.git 1917
2023-11-03 08:59:57.855 [info] ExtensionService#_doActivateExtension vscode.json-language-features, startup: false, activationEvent: 'onLanguage:jsonc'
2023-11-03 08:59:57.856 [info] ExtensionService#_doActivateExtension vscode.typescript-language-features, startup: false, activationEvent: 'onLanguage:jsonc'
2023-11-03 08:59:57.857 [info] ExtensionService#_doActivateExtension vscode.emmet, startup: false, activationEvent: 'onLanguage'
2023-11-03 09:00:01.257 [warning] [Decorations] CAPPING events from decorations provider vscode.git 1918
2023-11-03 09:00:07.011 [warning] [Decorations] CAPPING events from decorations provider vscode.git 1918
2023-11-03 09:00:12.709 [warning] [Decorations] CAPPING events from decorations provider vscode.git 1918
2023-11-03 09:00:18.290 [warning] [Decorations] CAPPING events from decorations provider vscode.git 1918
2023-11-03 09:00:23.221 [info] ExtensionService#_doActivateExtension vscode.html-language-features, startup: false, activationEvent: 'onLanguage:html'
2023-11-03 09:00:23.939 [warning] [Decorations] CAPPING events from decorations provider vscode.git 1918
2023-11-03 09:00:29.648 [warning] [Decorations] CAPPING events from decorations provider vscode.git 1918
2023-11-03 09:00:35.218 [warning] [Decorations] CAPPING events from decorations provider vscode.git 1918
2023-11-03 09:00:40.837 [warning] [Decorations] CAPPING events from decorations provider vscode.git 1918
2023-11-03 09:00:46.460 [warning] [Decorations] CAPPING events from decorations provider vscode.git 1918
2023-11-03 09:00:52.049 [warning] [Decorations] CAPPING events from decorations provider vscode.git 1918
2023-11-03 09:00:57.830 [warning] [Decorations] CAPPING events from decorations provider vscode.git 1918
2023-11-03 09:01:09.166 [warning] [Decorations] CAPPING events from decorations provider vscode.git 1918
2023-11-03 09:01:14.729 [warning] [Decorations] CAPPING events from decorations provider vscode.git 1918
2023-11-03 09:01:20.294 [warning] [Decorations] CAPPING events from decorations provider vscode.git 1918
2023-11-03 09:02:32.186 [warning] [Decorations] CAPPING events from decorations provider vscode.git 1919
2023-11-03 09:06:30.869 [warning] [Decorations] CAPPING events from decorations provider vscode.git 1918
2023-11-03 09:06:36.364 [warning] [Decorations] CAPPING events from decorations provider vscode.git 1918
2023-11-03 09:06:41.945 [warning] [Decorations] CAPPING events from decorations provider vscode.git 1918
2023-11-03 09:06:47.533 [warning] [Decorations] CAPPING events from decorations provider vscode.git 1918
2023-11-03 09:06:53.096 [warning] [Decorations] CAPPING events from decorations provider vscode.git 1918
2023-11-03 09:06:58.679 [warning] [Decorations] CAPPING events from decorations provider vscode.git 1918
2023-11-03 09:07:04.246 [warning] [Decorations] CAPPING events from decorations provider vscode.git 1918
2023-11-03 09:07:09.808 [warning] [Decorations] CAPPING events from decorations provider vscode.git 1918
2023-11-03 09:07:15.396 [warning] [Decorations] CAPPING events from decorations provider vscode.git 1918
2023-11-03 09:07:20.959 [warning] [Decorations] CAPPING events from decorations provider vscode.git 1918
2023-11-03 09:07:26.544 [warning] [Decorations] CAPPING events from decorations provider vscode.git 1918
2023-11-03 09:07:32.247 [warning] [Decorations] CAPPING events from decorations provider vscode.git 1918
2023-11-03 09:07:37.825 [warning] [Decorations] CAPPING events from decorations provider vscode.git 1918
2023-11-03 09:07:43.407 [warning] [Decorations] CAPPING events from decorations provider vscode.git 1918
2023-11-03 09:07:48.998 [warning] [Decorations] CAPPING events from decorations provider vscode.git 1918
2023-11-03 09:07:49.257 [info] ExtensionService#_doActivateExtension vscode.php-language-features, startup: false, activationEvent: 'onLanguage:php'
2023-11-03 09:07:54.572 [warning] [Decorations] CAPPING events from decorations provider vscode.git 1918
2023-11-03 09:08:00.119 [warning] [Decorations] CAPPING events from decorations provider vscode.git 1918
2023-11-03 09:08:05.707 [warning] [Decorations] CAPPING events from decorations provider vscode.git 1918
2023-11-03 09:08:11.275 [warning] [Decorations] CAPPING events from decorations provider vscode.git 1918
2023-11-03 09:08:16.845 [warning] [Decorations] CAPPING events from decorations provider vscode.git 1918
2023-11-03 09:11:18.263 [warning] [Decorations] CAPPING events from decorations provider vscode.git 1942
2023-11-03 09:11:23.921 [warning] [Decorations] CAPPING events from decorations provider vscode.git 1933
2023-11-03 09:11:29.562 [warning] [Decorations] CAPPING events from decorations provider vscode.git 1952
2023-11-03 09:11:35.212 [warning] [Decorations] CAPPING events from decorations provider vscode.git 1945
2023-11-03 09:11:40.871 [warning] [Decorations] CAPPING events from decorations provider vscode.git 1950
2023-11-03 09:11:46.584 [warning] [Decorations] CAPPING events from decorations provider vscode.git 1949
2023-11-03 09:11:52.340 [warning] [Decorations] CAPPING events from decorations provider vscode.git 1946
2023-11-03 09:11:57.945 [warning] [Decorations] CAPPING events from decorations provider vscode.git 1939
2023-11-03 09:12:03.644 [warning] [Decorations] CAPPING events from decorations provider vscode.git 1947
2023-11-03 09:12:09.376 [warning] [Decorations] CAPPING events from decorations provider vscode.git 1955
2023-11-03 09:12:15.004 [warning] [Decorations] CAPPING events from decorations provider vscode.git 1899
2023-11-03 09:12:20.854 [warning] [Decorations] CAPPING events from decorations provider vscode.git 1899
2023-11-03 09:12:26.463 [warning] [Decorations] CAPPING events from decorations provider vscode.git 1895
2023-11-03 09:12:57.848 [warning] [Decorations] CAPPING events from decorations provider vscode.git 1895
2023-11-03 09:13:03.464 [warning] [Decorations] CAPPING events from decorations provider vscode.git 1816
2023-11-03 09:13:09.111 [warning] [Decorations] CAPPING events from decorations provider vscode.git 1816
2023-11-03 09:13:14.715 [warning] [Decorations] CAPPING events from decorations provider vscode.git 1816
2023-11-03 09:13:20.348 [warning] [Decorations] CAPPING events from decorations provider vscode.git 1816
2023-11-03 09:13:26.109 [warning] [Decorations] CAPPING events from decorations provider vscode.git 1817
2023-11-03 09:13:37.142 [warning] [Decorations] CAPPING events from decorations provider vscode.git 1817
2023-11-03 09:13:42.768 [warning] [Decorations] CAPPING events from decorations provider vscode.git 1817
2023-11-03 09:17:56.496 [warning] [Decorations] CAPPING events from decorations provider vscode.git 1818
2023-11-03 09:25:48.687 [warning] [Decorations] CAPPING events from decorations provider vscode.git 1859
2023-11-03 09:28:14.547 [warning] [Decorations] CAPPING events from decorations provider vscode.git 1842
2023-11-03 09:28:20.170 [warning] [Decorations] CAPPING events from decorations provider vscode.git 1842
2023-11-03 09:28:28.245 [warning] [Decorations] CAPPING events from decorations provider vscode.git 1842
2023-11-03 09:28:33.861 [warning] [Decorations] CAPPING events from decorations provider vscode.git 1842
2023-11-03 09:28:39.459 [warning] [Decorations] CAPPING events from decorations provider vscode.git 1842
2023-11-03 09:28:48.826 [warning] [Decorations] CAPPING events from decorations provider vscode.git 1842
2023-11-03 09:28:54.441 [warning] [Decorations] CAPPING events from decorations provider vscode.git 1842
2023-11-03 09:29:00.044 [warning] [Decorations] CAPPING events from decorations provider vscode.git 1842
2023-11-03 09:29:05.648 [warning] [Decorations] CAPPING events from decorations provider vscode.git 1842
2023-11-03 09:29:11.288 [warning] [Decorations] CAPPING events from decorations provider vscode.git 1843
2023-11-03 09:29:17.045 [warning] [Decorations] CAPPING events from decorations provider vscode.git 1843
2023-11-03 09:29:23.335 [warning] [Decorations] CAPPING events from decorations provider vscode.git 1843
2023-11-03 09:29:31.663 [warning] [Decorations] CAPPING events from decorations provider vscode.git 1843
2023-11-03 09:29:40.523 [warning] [Decorations] CAPPING events from decorations provider vscode.git 1843
2023-11-03 09:29:46.239 [warning] [Decorations] CAPPING events from decorations provider vscode.git 1843
2023-11-03 09:29:51.875 [warning] [Decorations] CAPPING events from decorations provider vscode.git 1843
2023-11-03 09:29:57.477 [warning] [Decorations] CAPPING events from decorations provider vscode.git 1843
2023-11-03 09:30:03.124 [warning] [Decorations] CAPPING events from decorations provider vscode.git 1843
2023-11-03 09:30:08.735 [warning] [Decorations] CAPPING events from decorations provider vscode.git 1843
2023-11-03 09:30:14.330 [warning] [Decorations] CAPPING events from decorations provider vscode.git 1843
2023-11-03 09:30:20.098 [warning] [Decorations] CAPPING events from decorations provider vscode.git 1843
2023-11-03 09:30:25.705 [warning] [Decorations] CAPPING events from decorations provider vscode.git 1843
2023-11-03 09:30:31.317 [warning] [Decorations] CAPPING events from decorations provider vscode.git 1843
2023-11-03 09:30:36.943 [warning] [Decorations] CAPPING events from decorations provider vscode.git 1843
2023-11-03 09:30:42.558 [warning] [Decorations] CAPPING events from decorations provider vscode.git 1843
2023-11-03 09:30:48.145 [warning] [Decorations] CAPPING events from decorations provider vscode.git 1843
2023-11-03 09:30:53.767 [warning] [Decorations] CAPPING events from decorations provider vscode.git 1843
2023-11-03 09:30:59.359 [warning] [Decorations] CAPPING events from decorations provider vscode.git 1843
2023-11-03 09:31:04.989 [warning] [Decorations] CAPPING events from decorations provider vscode.git 1843
2023-11-03 09:31:10.609 [warning] [Decorations] CAPPING events from decorations provider vscode.git 1843
2023-11-03 09:31:16.211 [warning] [Decorations] CAPPING events from decorations provider vscode.git 1843
2023-11-03 09:31:21.965 [warning] [Decorations] CAPPING events from decorations provider vscode.git 1843
2023-11-03 09:31:27.553 [warning] [Decorations] CAPPING events from decorations provider vscode.git 1845
2023-11-03 09:31:33.186 [warning] [Decorations] CAPPING events from decorations provider vscode.git 1846
2023-11-03 09:31:38.826 [warning] [Decorations] CAPPING events from decorations provider vscode.git 1846
2023-11-03 09:31:44.434 [warning] [Decorations] CAPPING events from decorations provider vscode.git 1844
2023-11-03 09:31:50.035 [warning] [Decorations] CAPPING events from decorations provider vscode.git 1844
2023-11-03 09:31:55.654 [warning] [Decorations] CAPPING events from decorations provider vscode.git 1844
2023-11-03 09:32:01.277 [warning] [Decorations] CAPPING events from decorations provider vscode.git 1842
2023-11-03 09:32:06.891 [warning] [Decorations] CAPPING events from decorations provider vscode.git 1842
2023-11-03 09:32:12.473 [warning] [Decorations] CAPPING events from decorations provider vscode.git 1842
2023-11-03 09:32:18.078 [warning] [Decorations] CAPPING events from decorations provider vscode.git 1842
2023-11-03 09:32:23.833 [warning] [Decorations] CAPPING events from decorations provider vscode.git 1842
2023-11-03 09:32:29.459 [warning] [Decorations] CAPPING events from decorations provider vscode.git 1842
2023-11-03 09:32:44.375 [warning] [Decorations] CAPPING events from decorations provider vscode.git 1842
2023-11-03 09:32:49.999 [warning] [Decorations] CAPPING events from decorations provider vscode.git 1842
2023-11-03 09:32:55.634 [warning] [Decorations] CAPPING events from decorations provider vscode.git 1842
2023-11-03 09:33:01.229 [warning] [Decorations] CAPPING events from decorations provider vscode.git 1842
2023-11-03 09:33:06.843 [warning] [Decorations] CAPPING events from decorations provider vscode.git 1842
2023-11-03 09:33:12.452 [warning] [Decorations] CAPPING events from decorations provider vscode.git 1842
2023-11-03 09:33:28.223 [warning] [Decorations] CAPPING events from decorations provider vscode.git 1842
2023-11-03 09:35:27.017 [warning] [Decorations] CAPPING events from decorations provider vscode.git 1845
2023-11-03 09:35:45.469 [warning] [Decorations] CAPPING events from decorations provider vscode.git 1845
2023-11-03 09:35:51.072 [warning] [Decorations] CAPPING events from decorations provider vscode.git 1845
2023-11-03 09:36:44.592 [warning] [Decorations] CAPPING events from decorations provider vscode.git 1846
2023-11-03 09:36:50.208 [warning] [Decorations] CAPPING events from decorations provider vscode.git 1846
2023-11-03 09:36:55.824 [warning] [Decorations] CAPPING events from decorations provider vscode.git 1845
2023-11-03 09:37:01.425 [warning] [Decorations] CAPPING events from decorations provider vscode.git 1845
2023-11-03 09:37:07.024 [warning] [Decorations] CAPPING events from decorations provider vscode.git 1845
2023-11-03 09:37:12.632 [warning] [Decorations] CAPPING events from decorations provider vscode.git 1845
2023-11-03 09:37:18.260 [warning] [Decorations] CAPPING events from decorations provider vscode.git 1845
2023-11-03 09:37:25.233 [warning] [Decorations] CAPPING events from decorations provider vscode.git 1847
2023-11-03 09:38:20.409 [warning] [Decorations] CAPPING events from decorations provider vscode.git 1850
2023-11-03 09:38:26.142 [warning] [Decorations] CAPPING events from decorations provider vscode.git 1849
2023-11-03 09:38:33.574 [warning] [Decorations] CAPPING events from decorations provider vscode.git 1849
2023-11-03 09:38:40.292 [warning] [Decorations] CAPPING events from decorations provider vscode.git 1851
2023-11-03 09:38:45.908 [warning] [Decorations] CAPPING events from decorations provider vscode.git 1852
2023-11-03 09:38:53.588 [warning] [Decorations] CAPPING events from decorations provider vscode.git 1852
2023-11-03 09:38:59.207 [warning] [Decorations] CAPPING events from decorations provider vscode.git 1852
2023-11-03 09:39:04.801 [warning] [Decorations] CAPPING events from decorations provider vscode.git 1856
2023-11-03 09:39:10.479 [warning] [Decorations] CAPPING events from decorations provider vscode.git 1856
2023-11-03 09:39:16.079 [warning] [Decorations] CAPPING events from decorations provider vscode.git 1855
2023-11-03 09:39:21.849 [warning] [Decorations] CAPPING events from decorations provider vscode.git 1855
2023-11-03 09:39:27.464 [warning] [Decorations] CAPPING events from decorations provider vscode.git 1855
2023-11-03 09:39:33.071 [warning] [Decorations] CAPPING events from decorations provider vscode.git 1855
2023-11-03 09:39:38.672 [warning] [Decorations] CAPPING events from decorations provider vscode.git 1855
2023-11-03 09:39:44.427 [warning] [Decorations] CAPPING events from decorations provider vscode.git 1855
2023-11-03 09:39:50.045 [warning] [Decorations] CAPPING events from decorations provider vscode.git 1855
2023-11-03 09:39:55.886 [warning] [Decorations] CAPPING events from decorations provider vscode.git 1855
2023-11-03 09:40:01.494 [warning] [Decorations] CAPPING events from decorations provider vscode.git 1855
2023-11-03 09:40:07.080 [warning] [Decorations] CAPPING events from decorations provider vscode.git 1855
2023-11-03 09:40:12.685 [warning] [Decorations] CAPPING events from decorations provider vscode.git 1855
2023-11-03 09:40:18.332 [warning] [Decorations] CAPPING events from decorations provider vscode.git 1855
2023-11-03 09:40:24.115 [warning] [Decorations] CAPPING events from decorations provider vscode.git 1855
2023-11-03 09:40:29.735 [warning] [Decorations] CAPPING events from decorations provider vscode.git 1855
2023-11-03 09:40:35.343 [warning] [Decorations] CAPPING events from decorations provider vscode.git 1855
2023-11-03 09:40:40.961 [warning] [Decorations] CAPPING events from decorations provider vscode.git 1855
2023-11-03 09:40:46.597 [warning] [Decorations] CAPPING events from decorations provider vscode.git 1854
2023-11-03 09:40:52.219 [warning] [Decorations] CAPPING events from decorations provider vscode.git 1855
2023-11-03 09:40:57.837 [warning] [Decorations] CAPPING events from decorations provider vscode.git 1857
2023-11-03 09:41:01.961 [info] ExtensionService#_doActivateExtension vscode.debug-server-ready, startup: false, activationEvent: 'onDebugResolve'
2023-11-03 09:41:05.818 [warning] [Decorations] CAPPING events from decorations provider vscode.git 1860
2023-11-03 09:41:11.722 [warning] [Decorations] CAPPING events from decorations provider vscode.git 1860
2023-11-03 09:41:21.048 [warning] [Decorations] CAPPING events from decorations provider vscode.git 1859
2023-11-03 09:41:27.300 [warning] [Decorations] CAPPING events from decorations provider vscode.git 1861
2023-11-03 09:41:40.077 [warning] [Decorations] CAPPING events from decorations provider vscode.git 1862
2023-11-03 09:41:45.752 [warning] [Decorations] CAPPING events from decorations provider vscode.git 1862
2023-11-03 09:41:51.353 [warning] [Decorations] CAPPING events from decorations provider vscode.git 1862
2023-11-03 09:41:56.965 [warning] [Decorations] CAPPING events from decorations provider vscode.git 1899
2023-11-03 09:42:02.667 [warning] [Decorations] CAPPING events from decorations provider vscode.git 1899
2023-11-03 09:42:08.269 [warning] [Decorations] CAPPING events from decorations provider vscode.git 1861
2023-11-03 09:42:13.874 [warning] [Decorations] CAPPING events from decorations provider vscode.git 1862
2023-11-03 09:42:19.506 [warning] [Decorations] CAPPING events from decorations provider vscode.git 1863
2023-11-03 09:42:25.135 [warning] [Decorations] CAPPING events from decorations provider vscode.git 1863
2023-11-03 09:42:30.895 [warning] [Decorations] CAPPING events from decorations provider vscode.git 1863
2023-11-03 09:42:36.454 [warning] [Decorations] CAPPING events from decorations provider vscode.git 1865
2023-11-03 09:42:42.099 [warning] [Decorations] CAPPING events from decorations provider vscode.git 1865
2023-11-03 09:42:47.718 [warning] [Decorations] CAPPING events from decorations provider vscode.git 1865
2023-11-03 09:42:53.344 [warning] [Decorations] CAPPING events from decorations provider vscode.git 1866
2023-11-03 09:42:58.959 [warning] [Decorations] CAPPING events from decorations provider vscode.git 1866
2023-11-03 09:43:04.564 [warning] [Decorations] CAPPING events from decorations provider vscode.git 1866
2023-11-03 09:43:10.197 [warning] [Decorations] CAPPING events from decorations provider vscode.git 1867
2023-11-03 09:43:15.900 [warning] [Decorations] CAPPING events from decorations provider vscode.git 1869
2023-11-03 09:43:21.535 [warning] [Decorations] CAPPING events from decorations provider vscode.git 1869
2023-11-03 09:43:27.144 [warning] [Decorations] CAPPING events from decorations provider vscode.git 1868
2023-11-03 09:43:32.906 [warning] [Decorations] CAPPING events from decorations provider vscode.git 1868
2023-11-03 09:43:38.522 [warning] [Decorations] CAPPING events from decorations provider vscode.git 1868
2023-11-03 09:43:48.232 [warning] [Decorations] CAPPING events from decorations provider vscode.git 1868
2023-11-03 09:43:53.840 [warning] [Decorations] CAPPING events from decorations provider vscode.git 1868
2023-11-03 09:43:59.484 [warning] [Decorations] CAPPING events from decorations provider vscode.git 1868
2023-11-03 09:45:21.969 [warning] [Decorations] CAPPING events from decorations provider vscode.git 1869
2023-11-03 09:46:07.241 [warning] [Decorations] CAPPING events from decorations provider vscode.git 1869
2023-11-03 09:46:12.866 [warning] [Decorations] CAPPING events from decorations provider vscode.git 1869
2023-11-03 09:47:00.591 [warning] [Decorations] CAPPING events from decorations provider vscode.git 1871
2023-11-03 09:47:10.177 [warning] [Decorations] CAPPING events from decorations provider vscode.git 1871
2023-11-03 09:47:15.780 [warning] [Decorations] CAPPING events from decorations provider vscode.git 1871
2023-11-03 09:47:21.410 [warning] [Decorations] CAPPING events from decorations provider vscode.git 1871
2023-11-03 09:47:27.040 [warning] [Decorations] CAPPING events from decorations provider vscode.git 1871
2023-11-03 09:47:32.657 [warning] [Decorations] CAPPING events from decorations provider vscode.git 1871
2023-11-03 09:47:38.251 [warning] [Decorations] CAPPING events from decorations provider vscode.git 1871
2023-11-03 09:47:43.864 [warning] [Decorations] CAPPING events from decorations provider vscode.git 1871
2023-11-03 09:47:49.472 [warning] [Decorations] CAPPING events from decorations provider vscode.git 1871
2023-11-03 09:47:55.080 [warning] [Decorations] CAPPING events from decorations provider vscode.git 1871
2023-11-03 09:48:00.852 [warning] [Decorations] CAPPING events from decorations provider vscode.git 1871
2023-11-03 09:48:06.484 [warning] [Decorations] CAPPING events from decorations provider vscode.git 1871
2023-11-03 09:48:12.082 [warning] [Decorations] CAPPING events from decorations provider vscode.git 1872
2023-11-03 09:48:17.710 [warning] [Decorations] CAPPING events from decorations provider vscode.git 1871
2023-11-03 09:48:23.319 [warning] [Decorations] CAPPING events from decorations provider vscode.git 1871
2023-11-03 09:48:28.928 [warning] [Decorations] CAPPING events from decorations provider vscode.git 1871
2023-11-03 09:48:34.553 [warning] [Decorations] CAPPING events from decorations provider vscode.git 1871
2023-11-03 09:48:40.170 [warning] [Decorations] CAPPING events from decorations provider vscode.git 1871
2023-11-03 09:48:45.787 [warning] [Decorations] CAPPING events from decorations provider vscode.git 1871
2023-11-03 09:48:51.418 [warning] [Decorations] CAPPING events from decorations provider vscode.git 1871
2023-11-03 09:48:57.055 [warning] [Decorations] CAPPING events from decorations provider vscode.git 1872
2023-11-03 09:49:02.822 [warning] [Decorations] CAPPING events from decorations provider vscode.git 1872
2023-11-03 09:49:08.443 [warning] [Decorations] CAPPING events from decorations provider vscode.git 1875
2023-11-03 09:49:14.063 [warning] [Decorations] CAPPING events from decorations provider vscode.git 1875
2023-11-03 09:49:19.728 [warning] [Decorations] CAPPING events from decorations provider vscode.git 1906
2023-11-03 09:49:25.347 [warning] [Decorations] CAPPING events from decorations provider vscode.git 1920
2023-11-03 09:49:31.004 [warning] [Decorations] CAPPING events from decorations provider vscode.git 1978
2023-11-03 09:49:36.644 [warning] [Decorations] CAPPING events from decorations provider vscode.git 2033
2023-11-03 09:49:42.332 [warning] [Decorations] CAPPING events from decorations provider vscode.git 2091
2023-11-03 09:49:47.999 [warning] [Decorations] CAPPING events from decorations provider vscode.git 2144
2023-11-03 09:49:53.665 [warning] [Decorations] CAPPING events from decorations provider vscode.git 2181
2023-11-03 09:49:59.342 [warning] [Decorations] CAPPING events from decorations provider vscode.git 2287
2023-11-03 09:50:05.293 [warning] [Decorations] CAPPING events from decorations provider vscode.git 2308
2023-11-03 09:50:11.124 [warning] [Decorations] CAPPING events from decorations provider vscode.git 2332
2023-11-03 09:50:16.794 [warning] [Decorations] CAPPING events from decorations provider vscode.git 2333
2023-11-03 09:50:22.477 [warning] [Decorations] CAPPING events from decorations provider vscode.git 2337
2023-11-03 09:50:28.130 [warning] [Decorations] CAPPING events from decorations provider vscode.git 2337
2023-11-03 09:50:33.792 [warning] [Decorations] CAPPING events from decorations provider vscode.git 2338
2023-11-03 09:50:39.517 [warning] [Decorations] CAPPING events from decorations provider vscode.git 2339
2023-11-03 09:50:45.176 [warning] [Decorations] CAPPING events from decorations provider vscode.git 2336
2023-11-03 09:50:50.859 [warning] [Decorations] CAPPING events from decorations provider vscode.git 2364
2023-11-03 09:50:56.559 [warning] [Decorations] CAPPING events from decorations provider vscode.git 2379
2023-11-03 09:51:02.242 [warning] [Decorations] CAPPING events from decorations provider vscode.git 2379
2023-11-03 09:51:08.073 [warning] [Decorations] CAPPING events from decorations provider vscode.git 2380
2023-11-03 09:51:13.776 [warning] [Decorations] CAPPING events from decorations provider vscode.git 2381
2023-11-03 09:51:19.448 [warning] [Decorations] CAPPING events from decorations provider vscode.git 2380
2023-11-03 09:51:25.130 [warning] [Decorations] CAPPING events from decorations provider vscode.git 2383
2023-11-03 09:51:30.878 [warning] [Decorations] CAPPING events from decorations provider vscode.git 2385
2023-11-03 09:51:36.529 [warning] [Decorations] CAPPING events from decorations provider vscode.git 2384
2023-11-03 09:51:42.202 [warning] [Decorations] CAPPING events from decorations provider vscode.git 2384
2023-11-03 09:51:47.876 [warning] [Decorations] CAPPING events from decorations provider vscode.git 2382
2023-11-03 09:51:53.544 [warning] [Decorations] CAPPING events from decorations provider vscode.git 2382
2023-11-03 09:51:59.207 [warning] [Decorations] CAPPING events from decorations provider vscode.git 2382
2023-11-03 09:52:04.870 [warning] [Decorations] CAPPING events from decorations provider vscode.git 2382
2023-11-03 09:52:10.682 [warning] [Decorations] CAPPING events from decorations provider vscode.git 2382
2023-11-03 09:52:16.372 [warning] [Decorations] CAPPING events from decorations provider vscode.git 2382
2023-11-03 09:52:22.047 [warning] [Decorations] CAPPING events from decorations provider vscode.git 2382
2023-11-03 09:52:27.720 [warning] [Decorations] CAPPING events from decorations provider vscode.git 2381
2023-11-03 09:52:33.417 [warning] [Decorations] CAPPING events from decorations provider vscode.git 2381
2023-11-03 09:52:39.077 [warning] [Decorations] CAPPING events from decorations provider vscode.git 2381
2023-11-03 09:52:44.761 [warning] [Decorations] CAPPING events from decorations provider vscode.git 2381
2023-11-03 10:23:43.136 [warning] [Decorations] CAPPING events from decorations provider vscode.git 2827
2023-11-03 10:23:48.860 [warning] [Decorations] CAPPING events from decorations provider vscode.git 2816
2023-11-03 10:23:54.565 [warning] [Decorations] CAPPING events from decorations provider vscode.git 2816
2023-11-03 10:23:55.094 [info] Extension host terminating: received terminate message from renderer
2023-11-03 10:23:55.096 [info] Lock '/home/TDIW/tdiw-k11/.vscode-server/data/User/workspaceStorage/22646f1bbf45209a377312442790b5e6/vscode.lock': Marking the lockfile as scheduled to be released in 6000 ms.
2023-11-03 10:23:55.150 [error] Canceled: Canceled
	at new m (/home/TDIW/tdiw-k11/.vscode-server/bin/f1b07bd25dfad64b0167beb15359ae573aecd2cc/out/vs/workbench/api/node/extensionHostProcess.js:126:57216)
	at i.U (/home/TDIW/tdiw-k11/.vscode-server/bin/f1b07bd25dfad64b0167beb15359ae573aecd2cc/out/vs/workbench/api/node/extensionHostProcess.js:135:10864)
	at M.<computed>.j.charCodeAt.M.<computed> (/home/TDIW/tdiw-k11/.vscode-server/bin/f1b07bd25dfad64b0167beb15359ae573aecd2cc/out/vs/workbench/api/node/extensionHostProcess.js:135:8315)
	at n.g (/home/TDIW/tdiw-k11/.vscode-server/bin/f1b07bd25dfad64b0167beb15359ae573aecd2cc/out/vs/workbench/api/node/extensionHostProcess.js:126:83747)
	at n.executeCommand (/home/TDIW/tdiw-k11/.vscode-server/bin/f1b07bd25dfad64b0167beb15359ae573aecd2cc/out/vs/workbench/api/node/extensionHostProcess.js:126:83185)
	at b.registerCommand.description (/home/TDIW/tdiw-k11/.vscode-server/bin/f1b07bd25dfad64b0167beb15359ae573aecd2cc/out/vs/workbench/api/node/extensionHostProcess.js:126:82506)
	at n.h (/home/TDIW/tdiw-k11/.vscode-server/bin/f1b07bd25dfad64b0167beb15359ae573aecd2cc/out/vs/workbench/api/node/extensionHostProcess.js:126:84283)
	at n.g (/home/TDIW/tdiw-k11/.vscode-server/bin/f1b07bd25dfad64b0167beb15359ae573aecd2cc/out/vs/workbench/api/node/extensionHostProcess.js:126:83278)
	at n.executeCommand (/home/TDIW/tdiw-k11/.vscode-server/bin/f1b07bd25dfad64b0167beb15359ae573aecd2cc/out/vs/workbench/api/node/extensionHostProcess.js:126:83185)
	at Object.executeCommand (/home/TDIW/tdiw-k11/.vscode-server/bin/f1b07bd25dfad64b0167beb15359ae573aecd2cc/out/vs/workbench/api/node/extensionHostProcess.js:141:21282)
	at s.D [as value] (/home/TDIW/tdiw-k11/.vscode-server/bin/f1b07bd25dfad64b0167beb15359ae573aecd2cc/extensions/git/dist/main.js:2:1312800)
	at c.z (/home/TDIW/tdiw-k11/.vscode-server/bin/f1b07bd25dfad64b0167beb15359ae573aecd2cc/out/vs/workbench/api/node/extensionHostProcess.js:80:1902)
	at c.A (/home/TDIW/tdiw-k11/.vscode-server/bin/f1b07bd25dfad64b0167beb15359ae573aecd2cc/out/vs/workbench/api/node/extensionHostProcess.js:80:1972)
	at c.fire (/home/TDIW/tdiw-k11/.vscode-server/bin/f1b07bd25dfad64b0167beb15359ae573aecd2cc/out/vs/workbench/api/node/extensionHostProcess.js:80:2188)
	at Object.m [as dispose] (/home/TDIW/tdiw-k11/.vscode-server/bin/f1b07bd25dfad64b0167beb15359ae573aecd2cc/extensions/git/dist/main.js:2:1328588)
	at /home/TDIW/tdiw-k11/.vscode-server/bin/f1b07bd25dfad64b0167beb15359ae573aecd2cc/extensions/git/dist/main.js:2:1333429
	at Array.forEach (<anonymous>)
	at g.dispose (/home/TDIW/tdiw-k11/.vscode-server/bin/f1b07bd25dfad64b0167beb15359ae573aecd2cc/extensions/git/dist/main.js:2:1333415)
	at w.<anonymous> (/home/TDIW/tdiw-k11/.vscode-server/bin/f1b07bd25dfad64b0167beb15359ae573aecd2cc/out/vs/workbench/api/node/extensionHostProcess.js:122:3521)
	at w.dispose (/home/TDIW/tdiw-k11/.vscode-server/bin/f1b07bd25dfad64b0167beb15359ae573aecd2cc/out/vs/workbench/api/node/extensionHostProcess.js:122:3618)
	at w.<anonymous> (/home/TDIW/tdiw-k11/.vscode-server/bin/f1b07bd25dfad64b0167beb15359ae573aecd2cc/extensions/git/dist/main.js:2:1314812)
	at w.dispose (/home/TDIW/tdiw-k11/.vscode-server/bin/f1b07bd25dfad64b0167beb15359ae573aecd2cc/out/vs/workbench/api/node/extensionHostProcess.js:122:3618)
	at o (/home/TDIW/tdiw-k11/.vscode-server/bin/f1b07bd25dfad64b0167beb15359ae573aecd2cc/out/vs/workbench/api/node/extensionHostProcess.js:30:754)
	at s.cb (/home/TDIW/tdiw-k11/.vscode-server/bin/f1b07bd25dfad64b0167beb15359ae573aecd2cc/out/vs/workbench/api/node/extensionHostProcess.js:137:9846)
	at /home/TDIW/tdiw-k11/.vscode-server/bin/f1b07bd25dfad64b0167beb15359ae573aecd2cc/out/vs/workbench/api/node/extensionHostProcess.js:137:7796
	at Array.map (<anonymous>)
	at s.Y (/home/TDIW/tdiw-k11/.vscode-server/bin/f1b07bd25dfad64b0167beb15359ae573aecd2cc/out/vs/workbench/api/node/extensionHostProcess.js:137:7784)
	at s.terminate (/home/TDIW/tdiw-k11/.vscode-server/bin/f1b07bd25dfad64b0167beb15359ae573aecd2cc/out/vs/workbench/api/node/extensionHostProcess.js:137:8054)
	at o.terminate (/home/TDIW/tdiw-k11/.vscode-server/bin/f1b07bd25dfad64b0167beb15359ae573aecd2cc/out/vs/workbench/api/node/extensionHostProcess.js:141:1513)
	at l (/home/TDIW/tdiw-k11/.vscode-server/bin/f1b07bd25dfad64b0167beb15359ae573aecd2cc/out/vs/workbench/api/node/extensionHostProcess.js:154:9801)
	at s.value (/home/TDIW/tdiw-k11/.vscode-server/bin/f1b07bd25dfad64b0167beb15359ae573aecd2cc/out/vs/workbench/api/node/extensionHostProcess.js:154:7848)
	at c.z (/home/TDIW/tdiw-k11/.vscode-server/bin/f1b07bd25dfad64b0167beb15359ae573aecd2cc/out/vs/workbench/api/node/extensionHostProcess.js:80:1902)
	at c.fire (/home/TDIW/tdiw-k11/.vscode-server/bin/f1b07bd25dfad64b0167beb15359ae573aecd2cc/out/vs/workbench/api/node/extensionHostProcess.js:80:2119)
	at g.fire (/home/TDIW/tdiw-k11/.vscode-server/bin/f1b07bd25dfad64b0167beb15359ae573aecd2cc/out/vs/workbench/api/node/extensionHostProcess.js:96:14010)
	at r.z (/home/TDIW/tdiw-k11/.vscode-server/bin/f1b07bd25dfad64b0167beb15359ae573aecd2cc/out/vs/workbench/api/node/extensionHostProcess.js:96:17075)
	at s.value (/home/TDIW/tdiw-k11/.vscode-server/bin/f1b07bd25dfad64b0167beb15359ae573aecd2cc/out/vs/workbench/api/node/extensionHostProcess.js:96:15527)
	at c.z (/home/TDIW/tdiw-k11/.vscode-server/bin/f1b07bd25dfad64b0167beb15359ae573aecd2cc/out/vs/workbench/api/node/extensionHostProcess.js:80:1902)
	at c.fire (/home/TDIW/tdiw-k11/.vscode-server/bin/f1b07bd25dfad64b0167beb15359ae573aecd2cc/out/vs/workbench/api/node/extensionHostProcess.js:80:2119)
	at s.acceptChunk (/home/TDIW/tdiw-k11/.vscode-server/bin/f1b07bd25dfad64b0167beb15359ae573aecd2cc/out/vs/workbench/api/node/extensionHostProcess.js:96:11784)
	at s.value (/home/TDIW/tdiw-k11/.vscode-server/bin/f1b07bd25dfad64b0167beb15359ae573aecd2cc/out/vs/workbench/api/node/extensionHostProcess.js:96:11071)
	at c.z (/home/TDIW/tdiw-k11/.vscode-server/bin/f1b07bd25dfad64b0167beb15359ae573aecd2cc/out/vs/workbench/api/node/extensionHostProcess.js:80:1902)
	at c.fire (/home/TDIW/tdiw-k11/.vscode-server/bin/f1b07bd25dfad64b0167beb15359ae573aecd2cc/out/vs/workbench/api/node/extensionHostProcess.js:80:2119)
	at c.z (/home/TDIW/tdiw-k11/.vscode-server/bin/f1b07bd25dfad64b0167beb15359ae573aecd2cc/out/vs/workbench/api/node/extensionHostProcess.js:151:19153) setContext undefined
2023-11-03 10:23:55.150 [error] Canceled: Canceled
	at new m (/home/TDIW/tdiw-k11/.vscode-server/bin/f1b07bd25dfad64b0167beb15359ae573aecd2cc/out/vs/workbench/api/node/extensionHostProcess.js:126:57216)
	at i.U (/home/TDIW/tdiw-k11/.vscode-server/bin/f1b07bd25dfad64b0167beb15359ae573aecd2cc/out/vs/workbench/api/node/extensionHostProcess.js:135:10864)
	at M.<computed>.j.charCodeAt.M.<computed> (/home/TDIW/tdiw-k11/.vscode-server/bin/f1b07bd25dfad64b0167beb15359ae573aecd2cc/out/vs/workbench/api/node/extensionHostProcess.js:135:8315)
	at n.g (/home/TDIW/tdiw-k11/.vscode-server/bin/f1b07bd25dfad64b0167beb15359ae573aecd2cc/out/vs/workbench/api/node/extensionHostProcess.js:126:83747)
	at n.executeCommand (/home/TDIW/tdiw-k11/.vscode-server/bin/f1b07bd25dfad64b0167beb15359ae573aecd2cc/out/vs/workbench/api/node/extensionHostProcess.js:126:83185)
	at b.registerCommand.description (/home/TDIW/tdiw-k11/.vscode-server/bin/f1b07bd25dfad64b0167beb15359ae573aecd2cc/out/vs/workbench/api/node/extensionHostProcess.js:126:82506)
	at n.h (/home/TDIW/tdiw-k11/.vscode-server/bin/f1b07bd25dfad64b0167beb15359ae573aecd2cc/out/vs/workbench/api/node/extensionHostProcess.js:126:84283)
	at n.g (/home/TDIW/tdiw-k11/.vscode-server/bin/f1b07bd25dfad64b0167beb15359ae573aecd2cc/out/vs/workbench/api/node/extensionHostProcess.js:126:83278)
	at n.executeCommand (/home/TDIW/tdiw-k11/.vscode-server/bin/f1b07bd25dfad64b0167beb15359ae573aecd2cc/out/vs/workbench/api/node/extensionHostProcess.js:126:83185)
	at Object.executeCommand (/home/TDIW/tdiw-k11/.vscode-server/bin/f1b07bd25dfad64b0167beb15359ae573aecd2cc/out/vs/workbench/api/node/extensionHostProcess.js:141:21282)
	at set b [as b] (/home/TDIW/tdiw-k11/.vscode-server/bin/f1b07bd25dfad64b0167beb15359ae573aecd2cc/extensions/github/dist/extension.js:2:714415)
	at /home/TDIW/tdiw-k11/.vscode-server/bin/f1b07bd25dfad64b0167beb15359ae573aecd2cc/extensions/github/dist/extension.js:2:715056
	at s.value (/home/TDIW/tdiw-k11/.vscode-server/bin/f1b07bd25dfad64b0167beb15359ae573aecd2cc/extensions/git/dist/main.js:2:1402040)
	at c.z (/home/TDIW/tdiw-k11/.vscode-server/bin/f1b07bd25dfad64b0167beb15359ae573aecd2cc/out/vs/workbench/api/node/extensionHostProcess.js:80:1902)
	at c.A (/home/TDIW/tdiw-k11/.vscode-server/bin/f1b07bd25dfad64b0167beb15359ae573aecd2cc/out/vs/workbench/api/node/extensionHostProcess.js:80:1972)
	at c.fire (/home/TDIW/tdiw-k11/.vscode-server/bin/f1b07bd25dfad64b0167beb15359ae573aecd2cc/out/vs/workbench/api/node/extensionHostProcess.js:80:2188)
	at Object.m [as dispose] (/home/TDIW/tdiw-k11/.vscode-server/bin/f1b07bd25dfad64b0167beb15359ae573aecd2cc/extensions/git/dist/main.js:2:1328588)
	at /home/TDIW/tdiw-k11/.vscode-server/bin/f1b07bd25dfad64b0167beb15359ae573aecd2cc/extensions/git/dist/main.js:2:1333429
	at Array.forEach (<anonymous>)
	at g.dispose (/home/TDIW/tdiw-k11/.vscode-server/bin/f1b07bd25dfad64b0167beb15359ae573aecd2cc/extensions/git/dist/main.js:2:1333415)
	at w.<anonymous> (/home/TDIW/tdiw-k11/.vscode-server/bin/f1b07bd25dfad64b0167beb15359ae573aecd2cc/out/vs/workbench/api/node/extensionHostProcess.js:122:3521)
	at w.dispose (/home/TDIW/tdiw-k11/.vscode-server/bin/f1b07bd25dfad64b0167beb15359ae573aecd2cc/out/vs/workbench/api/node/extensionHostProcess.js:122:3618)
	at w.<anonymous> (/home/TDIW/tdiw-k11/.vscode-server/bin/f1b07bd25dfad64b0167beb15359ae573aecd2cc/extensions/git/dist/main.js:2:1314812)
	at w.dispose (/home/TDIW/tdiw-k11/.vscode-server/bin/f1b07bd25dfad64b0167beb15359ae573aecd2cc/out/vs/workbench/api/node/extensionHostProcess.js:122:3618)
	at o (/home/TDIW/tdiw-k11/.vscode-server/bin/f1b07bd25dfad64b0167beb15359ae573aecd2cc/out/vs/workbench/api/node/extensionHostProcess.js:30:754)
	at s.cb (/home/TDIW/tdiw-k11/.vscode-server/bin/f1b07bd25dfad64b0167beb15359ae573aecd2cc/out/vs/workbench/api/node/extensionHostProcess.js:137:9846)
	at /home/TDIW/tdiw-k11/.vscode-server/bin/f1b07bd25dfad64b0167beb15359ae573aecd2cc/out/vs/workbench/api/node/extensionHostProcess.js:137:7796
	at Array.map (<anonymous>)
	at s.Y (/home/TDIW/tdiw-k11/.vscode-server/bin/f1b07bd25dfad64b0167beb15359ae573aecd2cc/out/vs/workbench/api/node/extensionHostProcess.js:137:7784)
	at s.terminate (/home/TDIW/tdiw-k11/.vscode-server/bin/f1b07bd25dfad64b0167beb15359ae573aecd2cc/out/vs/workbench/api/node/extensionHostProcess.js:137:8054)
	at o.terminate (/home/TDIW/tdiw-k11/.vscode-server/bin/f1b07bd25dfad64b0167beb15359ae573aecd2cc/out/vs/workbench/api/node/extensionHostProcess.js:141:1513)
	at l (/home/TDIW/tdiw-k11/.vscode-server/bin/f1b07bd25dfad64b0167beb15359ae573aecd2cc/out/vs/workbench/api/node/extensionHostProcess.js:154:9801)
	at s.value (/home/TDIW/tdiw-k11/.vscode-server/bin/f1b07bd25dfad64b0167beb15359ae573aecd2cc/out/vs/workbench/api/node/extensionHostProcess.js:154:7848)
	at c.z (/home/TDIW/tdiw-k11/.vscode-server/bin/f1b07bd25dfad64b0167beb15359ae573aecd2cc/out/vs/workbench/api/node/extensionHostProcess.js:80:1902)
	at c.fire (/home/TDIW/tdiw-k11/.vscode-server/bin/f1b07bd25dfad64b0167beb15359ae573aecd2cc/out/vs/workbench/api/node/extensionHostProcess.js:80:2119)
	at g.fire (/home/TDIW/tdiw-k11/.vscode-server/bin/f1b07bd25dfad64b0167beb15359ae573aecd2cc/out/vs/workbench/api/node/extensionHostProcess.js:96:14010)
	at r.z (/home/TDIW/tdiw-k11/.vscode-server/bin/f1b07bd25dfad64b0167beb15359ae573aecd2cc/out/vs/workbench/api/node/extensionHostProcess.js:96:17075)
	at s.value (/home/TDIW/tdiw-k11/.vscode-server/bin/f1b07bd25dfad64b0167beb15359ae573aecd2cc/out/vs/workbench/api/node/extensionHostProcess.js:96:15527)
	at c.z (/home/TDIW/tdiw-k11/.vscode-server/bin/f1b07bd25dfad64b0167beb15359ae573aecd2cc/out/vs/workbench/api/node/extensionHostProcess.js:80:1902)
	at c.fire (/home/TDIW/tdiw-k11/.vscode-server/bin/f1b07bd25dfad64b0167beb15359ae573aecd2cc/out/vs/workbench/api/node/extensionHostProcess.js:80:2119)
	at s.acceptChunk (/home/TDIW/tdiw-k11/.vscode-server/bin/f1b07bd25dfad64b0167beb15359ae573aecd2cc/out/vs/workbench/api/node/extensionHostProcess.js:96:11784)
	at s.value (/home/TDIW/tdiw-k11/.vscode-server/bin/f1b07bd25dfad64b0167beb15359ae573aecd2cc/out/vs/workbench/api/node/extensionHostProcess.js:96:11071)
	at c.z (/home/TDIW/tdiw-k11/.vscode-server/bin/f1b07bd25dfad64b0167beb15359ae573aecd2cc/out/vs/workbench/api/node/extensionHostProcess.js:80:1902)
	at c.fire (/home/TDIW/tdiw-k11/.vscode-server/bin/f1b07bd25dfad64b0167beb15359ae573aecd2cc/out/vs/workbench/api/node/extensionHostProcess.js:80:2119)
	at c.z (/home/TDIW/tdiw-k11/.vscode-server/bin/f1b07bd25dfad64b0167beb15359ae573aecd2cc/out/vs/workbench/api/node/extensionHostProcess.js:151:19153) setContext undefined
2023-11-03 10:23:55.156 [info] Extension host with pid 2941 exiting with code 0
