2023-11-03 09:50:08.989 [info] Extension host with pid 826692 started
2023-11-03 09:50:09.128 [info] ExtensionService#_doActivateExtension vscode.microsoft-authentication, startup: false, activationEvent: 'onAuthenticationRequest:microsoft'
2023-11-03 09:50:09.129 [info] ExtensionService#_doActivateExtension vscode.git-base, startup: true, activationEvent: '*', root cause: vscode.git
2023-11-03 09:50:10.188 [info] ExtensionService#_doActivateExtension vscode.github-authentication, startup: false, activationEvent: 'onAuthenticationRequest:github'
2023-11-03 09:50:10.243 [info] ExtensionService#_doActivateExtension vscode.git, startup: true, activationEvent: '*'
2023-11-03 09:50:10.244 [info] ExtensionService#_doActivateExtension vscode.github, startup: true, activationEvent: '*'
2023-11-03 09:50:10.554 [info] Eager extensions activated
2023-11-03 09:50:10.591 [info] ExtensionService#_doActivateExtension vscode.debug-auto-launch, startup: false, activationEvent: 'onStartupFinished'
2023-11-03 09:50:10.592 [info] ExtensionService#_doActivateExtension vscode.emmet, startup: false, activationEvent: 'onStartupFinished'
2023-11-03 09:50:10.592 [info] ExtensionService#_doActivateExtension vscode.merge-conflict, startup: false, activationEvent: 'onStartupFinished'
2023-11-03 09:50:48.062 [info] Extension host terminating: received terminate message from renderer
2023-11-03 09:50:48.073 [info] Extension host with pid 826692 exiting with code 0
2023-11-03 09:50:51.100 [info] Extension host with pid 826947 started
2023-11-03 09:50:51.100 [info] Skipping acquiring lock for /home/TDIW/tdiw-k11/.config/Code/User/workspaceStorage/21f693c350b61dcfff1d09dfd619fad9.
2023-11-03 09:50:51.224 [info] ExtensionService#_doActivateExtension vscode.microsoft-authentication, startup: false, activationEvent: 'onAuthenticationRequest:microsoft'
2023-11-03 09:50:51.226 [info] ExtensionService#_doActivateExtension vscode.git-base, startup: true, activationEvent: '*'
2023-11-03 09:50:51.585 [info] ExtensionService#_doActivateExtension vscode.github, startup: true, activationEvent: '*'
2023-11-03 09:50:51.612 [info] ExtensionService#_doActivateExtension vscode.github-authentication, startup: false, activationEvent: 'onAuthenticationRequest:github'
2023-11-03 09:50:51.742 [info] Eager extensions activated
2023-11-03 09:50:51.810 [info] ExtensionService#_doActivateExtension vscode.debug-auto-launch, startup: false, activationEvent: 'onStartupFinished'
2023-11-03 09:50:51.810 [info] ExtensionService#_doActivateExtension vscode.emmet, startup: false, activationEvent: 'onStartupFinished'
2023-11-03 09:50:51.811 [info] ExtensionService#_doActivateExtension vscode.merge-conflict, startup: false, activationEvent: 'onStartupFinished'
2023-11-03 09:50:51.819 [info] ExtensionService#_doActivateExtension vscode.git, startup: false, activationEvent: 'api', root cause: vscode.github
2023-11-03 09:50:54.073 [warning] [Decorations] CAPPING events from decorations provider vscode.git 2206
2023-11-03 09:50:55.287 [info] ExtensionService#_doActivateExtension vscode.php-language-features, startup: false, activationEvent: 'onLanguage:php'
2023-11-03 09:50:56.149 [warning] [Decorations] CAPPING events from decorations provider vscode.git 2221
2023-11-03 09:50:59.467 [warning] [Decorations] CAPPING events from decorations provider vscode.git 2221
2023-11-03 09:51:05.544 [warning] [Decorations] CAPPING events from decorations provider vscode.git 2221
2023-11-03 09:51:11.540 [warning] [Decorations] CAPPING events from decorations provider vscode.git 2223
2023-11-03 09:51:17.532 [warning] [Decorations] CAPPING events from decorations provider vscode.git 2222
2023-11-03 09:51:23.389 [warning] [Decorations] CAPPING events from decorations provider vscode.git 2222
2023-11-03 09:51:29.389 [warning] [Decorations] CAPPING events from decorations provider vscode.git 2224
2023-11-03 09:51:35.288 [warning] [Decorations] CAPPING events from decorations provider vscode.git 2226
2023-11-03 09:51:41.162 [warning] [Decorations] CAPPING events from decorations provider vscode.git 2226
2023-11-03 09:51:47.091 [warning] [Decorations] CAPPING events from decorations provider vscode.git 2224
2023-11-03 09:51:52.953 [warning] [Decorations] CAPPING events from decorations provider vscode.git 2224
2023-11-03 09:51:58.973 [warning] [Decorations] CAPPING events from decorations provider vscode.git 2224
2023-11-03 09:52:04.905 [warning] [Decorations] CAPPING events from decorations provider vscode.git 2224
2023-11-03 09:52:10.862 [warning] [Decorations] CAPPING events from decorations provider vscode.git 2224
2023-11-03 09:52:16.802 [warning] [Decorations] CAPPING events from decorations provider vscode.git 2224
2023-11-03 09:52:22.634 [warning] [Decorations] CAPPING events from decorations provider vscode.git 2224
2023-11-03 09:52:28.496 [warning] [Decorations] CAPPING events from decorations provider vscode.git 2223
2023-11-03 09:52:34.371 [warning] [Decorations] CAPPING events from decorations provider vscode.git 2223
2023-11-03 09:52:40.378 [warning] [Decorations] CAPPING events from decorations provider vscode.git 2223
2023-11-03 09:52:46.254 [warning] [Decorations] CAPPING events from decorations provider vscode.git 2223
2023-11-03 09:52:52.236 [warning] [Decorations] CAPPING events from decorations provider vscode.git 2223
2023-11-03 09:52:58.085 [warning] [Decorations] CAPPING events from decorations provider vscode.git 2226
2023-11-03 09:53:04.083 [warning] [Decorations] CAPPING events from decorations provider vscode.git 2226
2023-11-03 09:53:10.004 [warning] [Decorations] CAPPING events from decorations provider vscode.git 2226
2023-11-03 09:53:16.039 [warning] [Decorations] CAPPING events from decorations provider vscode.git 2226
2023-11-03 09:53:21.842 [warning] [Decorations] CAPPING events from decorations provider vscode.git 2226
2023-11-03 09:53:27.714 [warning] [Decorations] CAPPING events from decorations provider vscode.git 2226
2023-11-03 09:53:33.536 [warning] [Decorations] CAPPING events from decorations provider vscode.git 2226
2023-11-03 09:53:39.429 [warning] [Decorations] CAPPING events from decorations provider vscode.git 2226
2023-11-03 09:53:45.495 [warning] [Decorations] CAPPING events from decorations provider vscode.git 2226
2023-11-03 09:53:51.464 [warning] [Decorations] CAPPING events from decorations provider vscode.git 2226
2023-11-03 09:53:57.528 [warning] [Decorations] CAPPING events from decorations provider vscode.git 2226
2023-11-03 09:54:03.384 [warning] [Decorations] CAPPING events from decorations provider vscode.git 2226
2023-11-03 09:54:09.558 [warning] [Decorations] CAPPING events from decorations provider vscode.git 2226
2023-11-03 09:54:15.421 [warning] [Decorations] CAPPING events from decorations provider vscode.git 2223
2023-11-03 09:54:21.266 [warning] [Decorations] CAPPING events from decorations provider vscode.git 2223
2023-11-03 09:54:27.160 [warning] [Decorations] CAPPING events from decorations provider vscode.git 2223
2023-11-03 09:54:33.213 [warning] [Decorations] CAPPING events from decorations provider vscode.git 2223
2023-11-03 09:54:39.095 [warning] [Decorations] CAPPING events from decorations provider vscode.git 2223
2023-11-03 09:54:44.977 [warning] [Decorations] CAPPING events from decorations provider vscode.git 2223
2023-11-03 09:54:50.903 [warning] [Decorations] CAPPING events from decorations provider vscode.git 2223
2023-11-03 09:54:56.768 [warning] [Decorations] CAPPING events from decorations provider vscode.git 2223
2023-11-03 09:55:02.819 [warning] [Decorations] CAPPING events from decorations provider vscode.git 2223
2023-11-03 09:55:08.686 [warning] [Decorations] CAPPING events from decorations provider vscode.git 2223
2023-11-03 09:55:14.559 [warning] [Decorations] CAPPING events from decorations provider vscode.git 2223
2023-11-03 09:55:20.385 [warning] [Decorations] CAPPING events from decorations provider vscode.git 2223
2023-11-03 09:55:26.227 [warning] [Decorations] CAPPING events from decorations provider vscode.git 2223
2023-11-03 09:55:32.101 [warning] [Decorations] CAPPING events from decorations provider vscode.git 2224
2023-11-03 09:56:37.950 [warning] [Decorations] CAPPING events from decorations provider vscode.git 2235
2023-11-03 09:56:43.808 [warning] [Decorations] CAPPING events from decorations provider vscode.git 2232
2023-11-03 09:57:05.267 [warning] [Decorations] CAPPING events from decorations provider vscode.git 2231
2023-11-03 09:57:12.400 [warning] [Decorations] CAPPING events from decorations provider vscode.git 2231
2023-11-03 09:57:18.255 [warning] [Decorations] CAPPING events from decorations provider vscode.git 2231
2023-11-03 09:57:24.166 [warning] [Decorations] CAPPING events from decorations provider vscode.git 2234
2023-11-03 09:57:30.055 [warning] [Decorations] CAPPING events from decorations provider vscode.git 2234
2023-11-03 09:57:35.929 [warning] [Decorations] CAPPING events from decorations provider vscode.git 2234
2023-11-03 09:57:41.940 [warning] [Decorations] CAPPING events from decorations provider vscode.git 2234
2023-11-03 09:57:47.812 [warning] [Decorations] CAPPING events from decorations provider vscode.git 2234
2023-11-03 09:57:53.683 [warning] [Decorations] CAPPING events from decorations provider vscode.git 2234
2023-11-03 09:57:59.563 [warning] [Decorations] CAPPING events from decorations provider vscode.git 2234
2023-11-03 09:58:05.454 [warning] [Decorations] CAPPING events from decorations provider vscode.git 2234
2023-11-03 09:58:11.329 [warning] [Decorations] CAPPING events from decorations provider vscode.git 2235
2023-11-03 09:58:17.193 [warning] [Decorations] CAPPING events from decorations provider vscode.git 2235
2023-11-03 09:58:23.043 [warning] [Decorations] CAPPING events from decorations provider vscode.git 2235
2023-11-03 09:58:28.854 [warning] [Decorations] CAPPING events from decorations provider vscode.git 2235
2023-11-03 09:58:34.706 [warning] [Decorations] CAPPING events from decorations provider vscode.git 2235
2023-11-03 09:58:40.552 [warning] [Decorations] CAPPING events from decorations provider vscode.git 2235
2023-11-03 09:58:46.549 [warning] [Decorations] CAPPING events from decorations provider vscode.git 2235
2023-11-03 09:58:52.443 [warning] [Decorations] CAPPING events from decorations provider vscode.git 2235
2023-11-03 09:58:58.277 [warning] [Decorations] CAPPING events from decorations provider vscode.git 2235
2023-11-03 09:59:04.068 [warning] [Decorations] CAPPING events from decorations provider vscode.git 2235
2023-11-03 09:59:15.783 [warning] [Decorations] CAPPING events from decorations provider vscode.git 2235
2023-11-03 09:59:21.681 [warning] [Decorations] CAPPING events from decorations provider vscode.git 2235
2023-11-03 09:59:27.547 [warning] [Decorations] CAPPING events from decorations provider vscode.git 2235
2023-11-03 09:59:33.391 [warning] [Decorations] CAPPING events from decorations provider vscode.git 2235
2023-11-03 09:59:39.235 [warning] [Decorations] CAPPING events from decorations provider vscode.git 2235
2023-11-03 09:59:45.096 [warning] [Decorations] CAPPING events from decorations provider vscode.git 2235
2023-11-03 09:59:51.068 [warning] [Decorations] CAPPING events from decorations provider vscode.git 2235
2023-11-03 09:59:56.968 [warning] [Decorations] CAPPING events from decorations provider vscode.git 2235
2023-11-03 10:00:02.837 [warning] [Decorations] CAPPING events from decorations provider vscode.git 2235
2023-11-03 10:00:08.700 [warning] [Decorations] CAPPING events from decorations provider vscode.git 2235
2023-11-03 10:00:14.614 [warning] [Decorations] CAPPING events from decorations provider vscode.git 2235
2023-11-03 10:00:20.549 [warning] [Decorations] CAPPING events from decorations provider vscode.git 2235
2023-11-03 10:00:26.422 [warning] [Decorations] CAPPING events from decorations provider vscode.git 2235
2023-11-03 10:00:32.384 [warning] [Decorations] CAPPING events from decorations provider vscode.git 2236
2023-11-03 10:00:38.256 [warning] [Decorations] CAPPING events from decorations provider vscode.git 2236
2023-11-03 10:00:44.129 [warning] [Decorations] CAPPING events from decorations provider vscode.git 2236
2023-11-03 10:00:49.983 [warning] [Decorations] CAPPING events from decorations provider vscode.git 2236
2023-11-03 10:00:55.961 [warning] [Decorations] CAPPING events from decorations provider vscode.git 2237
2023-11-03 10:01:03.454 [warning] [Decorations] CAPPING events from decorations provider vscode.git 2237
2023-11-03 10:01:09.290 [warning] [Decorations] CAPPING events from decorations provider vscode.git 2241
2023-11-03 10:01:15.208 [warning] [Decorations] CAPPING events from decorations provider vscode.git 2244
2023-11-03 10:01:21.110 [warning] [Decorations] CAPPING events from decorations provider vscode.git 2243
2023-11-03 10:01:27.000 [warning] [Decorations] CAPPING events from decorations provider vscode.git 2245
2023-11-03 10:01:32.864 [warning] [Decorations] CAPPING events from decorations provider vscode.git 2248
2023-11-03 10:01:38.740 [warning] [Decorations] CAPPING events from decorations provider vscode.git 2248
2023-11-03 10:01:44.597 [warning] [Decorations] CAPPING events from decorations provider vscode.git 2246
2023-11-03 10:01:50.482 [warning] [Decorations] CAPPING events from decorations provider vscode.git 2246
2023-11-03 10:01:56.529 [warning] [Decorations] CAPPING events from decorations provider vscode.git 2247
2023-11-03 10:02:02.437 [warning] [Decorations] CAPPING events from decorations provider vscode.git 2247
2023-11-03 10:02:08.286 [warning] [Decorations] CAPPING events from decorations provider vscode.git 2247
2023-11-03 10:02:14.092 [warning] [Decorations] CAPPING events from decorations provider vscode.git 2248
2023-11-03 10:02:19.969 [warning] [Decorations] CAPPING events from decorations provider vscode.git 2247
2023-11-03 10:02:25.819 [warning] [Decorations] CAPPING events from decorations provider vscode.git 2248
2023-11-03 10:02:31.867 [warning] [Decorations] CAPPING events from decorations provider vscode.git 2249
2023-11-03 10:02:37.691 [warning] [Decorations] CAPPING events from decorations provider vscode.git 2249
2023-11-03 10:02:43.562 [warning] [Decorations] CAPPING events from decorations provider vscode.git 2249
2023-11-03 10:02:49.449 [warning] [Decorations] CAPPING events from decorations provider vscode.git 2249
2023-11-03 10:02:55.324 [warning] [Decorations] CAPPING events from decorations provider vscode.git 2249
2023-11-03 10:03:01.396 [warning] [Decorations] CAPPING events from decorations provider vscode.git 2249
2023-11-03 10:03:07.361 [warning] [Decorations] CAPPING events from decorations provider vscode.git 2249
2023-11-03 10:03:13.264 [warning] [Decorations] CAPPING events from decorations provider vscode.git 2249
2023-11-03 10:03:19.160 [warning] [Decorations] CAPPING events from decorations provider vscode.git 2249
2023-11-03 10:03:25.044 [warning] [Decorations] CAPPING events from decorations provider vscode.git 2249
2023-11-03 10:03:30.882 [warning] [Decorations] CAPPING events from decorations provider vscode.git 2249
2023-11-03 10:03:36.783 [warning] [Decorations] CAPPING events from decorations provider vscode.git 2249
2023-11-03 10:03:42.683 [warning] [Decorations] CAPPING events from decorations provider vscode.git 2249
2023-11-03 10:03:48.570 [warning] [Decorations] CAPPING events from decorations provider vscode.git 2249
2023-11-03 10:03:54.426 [warning] [Decorations] CAPPING events from decorations provider vscode.git 2249
2023-11-03 10:04:00.310 [warning] [Decorations] CAPPING events from decorations provider vscode.git 2249
2023-11-03 10:04:06.325 [warning] [Decorations] CAPPING events from decorations provider vscode.git 2249
2023-11-03 10:04:12.135 [warning] [Decorations] CAPPING events from decorations provider vscode.git 2249
2023-11-03 10:04:18.001 [warning] [Decorations] CAPPING events from decorations provider vscode.git 2249
2023-11-03 10:04:23.815 [warning] [Decorations] CAPPING events from decorations provider vscode.git 2249
2023-11-03 10:04:29.666 [warning] [Decorations] CAPPING events from decorations provider vscode.git 2249
2023-11-03 10:04:35.551 [warning] [Decorations] CAPPING events from decorations provider vscode.git 2249
2023-11-03 10:04:41.469 [warning] [Decorations] CAPPING events from decorations provider vscode.git 2249
2023-11-03 10:04:47.289 [warning] [Decorations] CAPPING events from decorations provider vscode.git 2249
2023-11-03 10:04:53.158 [warning] [Decorations] CAPPING events from decorations provider vscode.git 2249
2023-11-03 10:04:59.056 [warning] [Decorations] CAPPING events from decorations provider vscode.git 2249
2023-11-03 10:05:04.912 [warning] [Decorations] CAPPING events from decorations provider vscode.git 2249
2023-11-03 10:05:10.955 [warning] [Decorations] CAPPING events from decorations provider vscode.git 2249
2023-11-03 10:05:16.822 [warning] [Decorations] CAPPING events from decorations provider vscode.git 2252
2023-11-03 10:05:22.720 [warning] [Decorations] CAPPING events from decorations provider vscode.git 2253
2023-11-03 10:05:28.500 [warning] [Decorations] CAPPING events from decorations provider vscode.git 2252
2023-11-03 10:05:34.336 [warning] [Decorations] CAPPING events from decorations provider vscode.git 2252
2023-11-03 10:05:40.205 [warning] [Decorations] CAPPING events from decorations provider vscode.git 2252
2023-11-03 10:05:46.050 [warning] [Decorations] CAPPING events from decorations provider vscode.git 2253
2023-11-03 10:05:51.999 [warning] [Decorations] CAPPING events from decorations provider vscode.git 2253
2023-11-03 10:05:57.932 [warning] [Decorations] CAPPING events from decorations provider vscode.git 2253
2023-11-03 10:06:03.820 [warning] [Decorations] CAPPING events from decorations provider vscode.git 2255
2023-11-03 10:06:09.764 [warning] [Decorations] CAPPING events from decorations provider vscode.git 2257
2023-11-03 10:06:15.713 [warning] [Decorations] CAPPING events from decorations provider vscode.git 2257
2023-11-03 10:06:21.590 [warning] [Decorations] CAPPING events from decorations provider vscode.git 2256
2023-11-03 10:06:27.449 [warning] [Decorations] CAPPING events from decorations provider vscode.git 2257
2023-11-03 10:06:33.257 [warning] [Decorations] CAPPING events from decorations provider vscode.git 2258
2023-11-03 10:06:39.079 [warning] [Decorations] CAPPING events from decorations provider vscode.git 2258
2023-11-03 10:06:44.941 [warning] [Decorations] CAPPING events from decorations provider vscode.git 2256
2023-11-03 10:06:50.812 [warning] [Decorations] CAPPING events from decorations provider vscode.git 2256
2023-11-03 10:06:56.703 [warning] [Decorations] CAPPING events from decorations provider vscode.git 2256
2023-11-03 10:07:02.526 [warning] [Decorations] CAPPING events from decorations provider vscode.git 2256
2023-11-03 10:07:08.326 [warning] [Decorations] CAPPING events from decorations provider vscode.git 2256
2023-11-03 10:07:14.160 [warning] [Decorations] CAPPING events from decorations provider vscode.git 2256
2023-11-03 10:07:20.143 [warning] [Decorations] CAPPING events from decorations provider vscode.git 2255
2023-11-03 10:07:26.021 [warning] [Decorations] CAPPING events from decorations provider vscode.git 2256
2023-11-03 10:07:31.910 [warning] [Decorations] CAPPING events from decorations provider vscode.git 2256
2023-11-03 10:07:37.799 [warning] [Decorations] CAPPING events from decorations provider vscode.git 2256
2023-11-03 10:07:43.673 [warning] [Decorations] CAPPING events from decorations provider vscode.git 2256
2023-11-03 10:07:49.518 [warning] [Decorations] CAPPING events from decorations provider vscode.git 2256
2023-11-03 10:07:55.384 [warning] [Decorations] CAPPING events from decorations provider vscode.git 2256
2023-11-03 10:08:01.201 [warning] [Decorations] CAPPING events from decorations provider vscode.git 2256
2023-11-03 10:08:07.048 [warning] [Decorations] CAPPING events from decorations provider vscode.git 2261
2023-11-03 10:08:13.110 [warning] [Decorations] CAPPING events from decorations provider vscode.git 2357
2023-11-03 10:08:33.259 [warning] [Decorations] CAPPING events from decorations provider vscode.git 2363
2023-11-03 10:08:52.075 [warning] [Decorations] CAPPING events from decorations provider vscode.git 2643
2023-11-03 10:09:17.381 [warning] [Decorations] CAPPING events from decorations provider vscode.git 2642
2023-11-03 10:09:25.633 [warning] [Decorations] CAPPING events from decorations provider vscode.git 2642
2023-11-03 10:09:33.131 [warning] [Decorations] CAPPING events from decorations provider vscode.git 2642
2023-11-03 10:09:39.231 [warning] [Decorations] CAPPING events from decorations provider vscode.git 2642
2023-11-03 10:09:45.226 [warning] [Decorations] CAPPING events from decorations provider vscode.git 2642
2023-11-03 10:09:51.317 [warning] [Decorations] CAPPING events from decorations provider vscode.git 2642
2023-11-03 10:09:57.380 [warning] [Decorations] CAPPING events from decorations provider vscode.git 2642
2023-11-03 10:10:03.331 [warning] [Decorations] CAPPING events from decorations provider vscode.git 2642
2023-11-03 10:10:09.252 [warning] [Decorations] CAPPING events from decorations provider vscode.git 2642
2023-11-03 10:10:15.350 [warning] [Decorations] CAPPING events from decorations provider vscode.git 2642
2023-11-03 10:10:21.419 [warning] [Decorations] CAPPING events from decorations provider vscode.git 2642
2023-11-03 10:10:27.458 [warning] [Decorations] CAPPING events from decorations provider vscode.git 2642
2023-11-03 10:10:33.319 [warning] [Decorations] CAPPING events from decorations provider vscode.git 2642
2023-11-03 10:10:39.255 [warning] [Decorations] CAPPING events from decorations provider vscode.git 2642
2023-11-03 10:10:45.220 [warning] [Decorations] CAPPING events from decorations provider vscode.git 2642
2023-11-03 10:10:51.166 [warning] [Decorations] CAPPING events from decorations provider vscode.git 2642
2023-11-03 10:10:57.056 [warning] [Decorations] CAPPING events from decorations provider vscode.git 2642
2023-11-03 10:11:02.964 [warning] [Decorations] CAPPING events from decorations provider vscode.git 2642
2023-11-03 10:11:09.085 [warning] [Decorations] CAPPING events from decorations provider vscode.git 2643
2023-11-03 10:11:15.160 [warning] [Decorations] CAPPING events from decorations provider vscode.git 2643
2023-11-03 10:11:21.073 [warning] [Decorations] CAPPING events from decorations provider vscode.git 2643
2023-11-03 10:11:26.983 [warning] [Decorations] CAPPING events from decorations provider vscode.git 2646
2023-11-03 10:11:32.929 [warning] [Decorations] CAPPING events from decorations provider vscode.git 2648
2023-11-03 10:11:38.874 [warning] [Decorations] CAPPING events from decorations provider vscode.git 2647
2023-11-03 10:11:44.708 [warning] [Decorations] CAPPING events from decorations provider vscode.git 2646
2023-11-03 10:11:58.079 [warning] [Decorations] CAPPING events from decorations provider vscode.git 2646
2023-11-03 10:12:04.080 [warning] [Decorations] CAPPING events from decorations provider vscode.git 2646
2023-11-03 10:12:10.478 [warning] [Decorations] CAPPING events from decorations provider vscode.git 2675
2023-11-03 10:12:16.449 [warning] [Decorations] CAPPING events from decorations provider vscode.git 2674
2023-11-03 10:12:22.385 [warning] [Decorations] CAPPING events from decorations provider vscode.git 2646
2023-11-03 10:12:28.318 [warning] [Decorations] CAPPING events from decorations provider vscode.git 2646
2023-11-03 10:12:34.384 [warning] [Decorations] CAPPING events from decorations provider vscode.git 2646
2023-11-03 10:12:40.312 [warning] [Decorations] CAPPING events from decorations provider vscode.git 2646
2023-11-03 10:12:46.229 [warning] [Decorations] CAPPING events from decorations provider vscode.git 2646
2023-11-03 10:12:52.191 [warning] [Decorations] CAPPING events from decorations provider vscode.git 2646
2023-11-03 10:12:58.125 [warning] [Decorations] CAPPING events from decorations provider vscode.git 2646
2023-11-03 10:13:04.085 [warning] [Decorations] CAPPING events from decorations provider vscode.git 2646
2023-11-03 10:13:10.141 [warning] [Decorations] CAPPING events from decorations provider vscode.git 2646
2023-11-03 10:13:15.999 [warning] [Decorations] CAPPING events from decorations provider vscode.git 2646
2023-11-03 10:13:22.016 [warning] [Decorations] CAPPING events from decorations provider vscode.git 2646
2023-11-03 10:13:27.802 [warning] [Decorations] CAPPING events from decorations provider vscode.git 2646
2023-11-03 10:13:33.706 [warning] [Decorations] CAPPING events from decorations provider vscode.git 2646
2023-11-03 10:13:39.728 [warning] [Decorations] CAPPING events from decorations provider vscode.git 2647
2023-11-03 10:13:45.626 [warning] [Decorations] CAPPING events from decorations provider vscode.git 2647
2023-11-03 10:13:51.509 [warning] [Decorations] CAPPING events from decorations provider vscode.git 2647
2023-11-03 10:13:57.420 [warning] [Decorations] CAPPING events from decorations provider vscode.git 2648
2023-11-03 10:14:03.337 [warning] [Decorations] CAPPING events from decorations provider vscode.git 2648
2023-11-03 10:14:09.193 [warning] [Decorations] CAPPING events from decorations provider vscode.git 2653
2023-11-03 10:14:15.206 [warning] [Decorations] CAPPING events from decorations provider vscode.git 2650
2023-11-03 10:14:21.140 [warning] [Decorations] CAPPING events from decorations provider vscode.git 2650
2023-11-03 10:14:27.261 [warning] [Decorations] CAPPING events from decorations provider vscode.git 2651
2023-11-03 10:14:33.141 [warning] [Decorations] CAPPING events from decorations provider vscode.git 2650
2023-11-03 10:14:39.076 [warning] [Decorations] CAPPING events from decorations provider vscode.git 2650
2023-11-03 10:14:45.083 [warning] [Decorations] CAPPING events from decorations provider vscode.git 2651
2023-11-03 10:14:51.002 [warning] [Decorations] CAPPING events from decorations provider vscode.git 2651
2023-11-03 10:14:56.928 [warning] [Decorations] CAPPING events from decorations provider vscode.git 2651
2023-11-03 10:15:02.817 [warning] [Decorations] CAPPING events from decorations provider vscode.git 2651
2023-11-03 10:15:08.752 [warning] [Decorations] CAPPING events from decorations provider vscode.git 2651
2023-11-03 10:15:14.635 [warning] [Decorations] CAPPING events from decorations provider vscode.git 2651
2023-11-03 10:15:20.651 [warning] [Decorations] CAPPING events from decorations provider vscode.git 2652
2023-11-03 10:15:26.499 [warning] [Decorations] CAPPING events from decorations provider vscode.git 2656
2023-11-03 10:15:32.429 [warning] [Decorations] CAPPING events from decorations provider vscode.git 2652
2023-11-03 10:15:38.349 [warning] [Decorations] CAPPING events from decorations provider vscode.git 2652
2023-11-03 10:15:44.182 [warning] [Decorations] CAPPING events from decorations provider vscode.git 2652
2023-11-03 10:15:50.187 [warning] [Decorations] CAPPING events from decorations provider vscode.git 2652
2023-11-03 10:15:56.150 [warning] [Decorations] CAPPING events from decorations provider vscode.git 2658
2023-11-03 10:16:02.070 [warning] [Decorations] CAPPING events from decorations provider vscode.git 2653
2023-11-03 10:16:07.991 [warning] [Decorations] CAPPING events from decorations provider vscode.git 2653
2023-11-03 10:16:13.885 [warning] [Decorations] CAPPING events from decorations provider vscode.git 2653
2023-11-03 10:16:19.823 [warning] [Decorations] CAPPING events from decorations provider vscode.git 2653
2023-11-03 10:16:25.977 [warning] [Decorations] CAPPING events from decorations provider vscode.git 2655
2023-11-03 10:16:31.920 [warning] [Decorations] CAPPING events from decorations provider vscode.git 2656
2023-11-03 10:16:38.050 [warning] [Decorations] CAPPING events from decorations provider vscode.git 2656
2023-11-03 10:16:44.038 [warning] [Decorations] CAPPING events from decorations provider vscode.git 2654
2023-11-03 10:16:50.076 [warning] [Decorations] CAPPING events from decorations provider vscode.git 2654
2023-11-03 10:16:56.167 [warning] [Decorations] CAPPING events from decorations provider vscode.git 2654
2023-11-03 10:17:01.986 [warning] [Decorations] CAPPING events from decorations provider vscode.git 2655
2023-11-03 10:17:07.918 [warning] [Decorations] CAPPING events from decorations provider vscode.git 2655
2023-11-03 10:17:13.765 [warning] [Decorations] CAPPING events from decorations provider vscode.git 2655
2023-11-03 10:17:19.664 [warning] [Decorations] CAPPING events from decorations provider vscode.git 2655
2023-11-03 10:17:25.596 [warning] [Decorations] CAPPING events from decorations provider vscode.git 2655
2023-11-03 10:17:31.691 [warning] [Decorations] CAPPING events from decorations provider vscode.git 2655
2023-11-03 10:17:37.703 [warning] [Decorations] CAPPING events from decorations provider vscode.git 2653
2023-11-03 10:17:43.916 [warning] [Decorations] CAPPING events from decorations provider vscode.git 2653
2023-11-03 10:17:49.899 [warning] [Decorations] CAPPING events from decorations provider vscode.git 2653
2023-11-03 10:17:55.798 [warning] [Decorations] CAPPING events from decorations provider vscode.git 2653
2023-11-03 10:18:01.869 [warning] [Decorations] CAPPING events from decorations provider vscode.git 2653
2023-11-03 10:18:07.829 [warning] [Decorations] CAPPING events from decorations provider vscode.git 2653
2023-11-03 10:18:13.764 [warning] [Decorations] CAPPING events from decorations provider vscode.git 2653
2023-11-03 10:18:19.720 [warning] [Decorations] CAPPING events from decorations provider vscode.git 2653
2023-11-03 10:18:25.630 [warning] [Decorations] CAPPING events from decorations provider vscode.git 2653
2023-11-03 10:18:31.796 [warning] [Decorations] CAPPING events from decorations provider vscode.git 2653
2023-11-03 10:18:37.733 [warning] [Decorations] CAPPING events from decorations provider vscode.git 2653
2023-11-03 10:18:43.857 [warning] [Decorations] CAPPING events from decorations provider vscode.git 2653
2023-11-03 10:18:49.806 [warning] [Decorations] CAPPING events from decorations provider vscode.git 2653
2023-11-03 10:18:55.744 [warning] [Decorations] CAPPING events from decorations provider vscode.git 2653
2023-11-03 10:19:01.661 [warning] [Decorations] CAPPING events from decorations provider vscode.git 2653
2023-11-03 10:19:07.688 [warning] [Decorations] CAPPING events from decorations provider vscode.git 2653
2023-11-03 10:19:13.619 [warning] [Decorations] CAPPING events from decorations provider vscode.git 2654
2023-11-03 10:19:19.575 [warning] [Decorations] CAPPING events from decorations provider vscode.git 2654
2023-11-03 10:19:25.517 [warning] [Decorations] CAPPING events from decorations provider vscode.git 2654
2023-11-03 10:19:31.416 [warning] [Decorations] CAPPING events from decorations provider vscode.git 2654
2023-11-03 10:19:37.532 [warning] [Decorations] CAPPING events from decorations provider vscode.git 2654
2023-11-03 10:19:43.545 [warning] [Decorations] CAPPING events from decorations provider vscode.git 2654
2023-11-03 10:19:49.667 [warning] [Decorations] CAPPING events from decorations provider vscode.git 2654
2023-11-03 10:19:55.614 [warning] [Decorations] CAPPING events from decorations provider vscode.git 2654
2023-11-03 10:20:01.570 [warning] [Decorations] CAPPING events from decorations provider vscode.git 2654
2023-11-03 10:20:07.524 [warning] [Decorations] CAPPING events from decorations provider vscode.git 2654
2023-11-03 10:20:13.616 [warning] [Decorations] CAPPING events from decorations provider vscode.git 2654
2023-11-03 10:20:19.583 [warning] [Decorations] CAPPING events from decorations provider vscode.git 2654
2023-11-03 10:20:25.512 [warning] [Decorations] CAPPING events from decorations provider vscode.git 2654
2023-11-03 10:20:31.472 [warning] [Decorations] CAPPING events from decorations provider vscode.git 2654
2023-11-03 10:20:37.513 [warning] [Decorations] CAPPING events from decorations provider vscode.git 2654
2023-11-03 10:20:43.470 [warning] [Decorations] CAPPING events from decorations provider vscode.git 2654
2023-11-03 10:20:49.436 [warning] [Decorations] CAPPING events from decorations provider vscode.git 2654
2023-11-03 10:20:55.470 [warning] [Decorations] CAPPING events from decorations provider vscode.git 2654
2023-11-03 10:21:01.391 [warning] [Decorations] CAPPING events from decorations provider vscode.git 2654
2023-11-03 10:21:07.318 [warning] [Decorations] CAPPING events from decorations provider vscode.git 2654
2023-11-03 10:21:13.273 [warning] [Decorations] CAPPING events from decorations provider vscode.git 2654
2023-11-03 10:21:19.297 [warning] [Decorations] CAPPING events from decorations provider vscode.git 2654
2023-11-03 10:21:25.263 [warning] [Decorations] CAPPING events from decorations provider vscode.git 2658
2023-11-03 10:21:31.200 [warning] [Decorations] CAPPING events from decorations provider vscode.git 2659
2023-11-03 10:21:37.133 [warning] [Decorations] CAPPING events from decorations provider vscode.git 2658
2023-11-03 10:21:43.295 [warning] [Decorations] CAPPING events from decorations provider vscode.git 2658
2023-11-03 10:21:49.196 [warning] [Decorations] CAPPING events from decorations provider vscode.git 2656
2023-11-03 10:21:55.109 [warning] [Decorations] CAPPING events from decorations provider vscode.git 2656
2023-11-03 10:22:01.179 [warning] [Decorations] CAPPING events from decorations provider vscode.git 2656
2023-11-03 10:22:07.047 [warning] [Decorations] CAPPING events from decorations provider vscode.git 2656
2023-11-03 10:22:13.023 [warning] [Decorations] CAPPING events from decorations provider vscode.git 2656
2023-11-03 10:22:18.844 [warning] [Decorations] CAPPING events from decorations provider vscode.git 2656
2023-11-03 10:22:24.866 [warning] [Decorations] CAPPING events from decorations provider vscode.git 2656
2023-11-03 10:22:30.818 [warning] [Decorations] CAPPING events from decorations provider vscode.git 2656
2023-11-03 10:22:36.783 [warning] [Decorations] CAPPING events from decorations provider vscode.git 2656
2023-11-03 10:22:42.723 [warning] [Decorations] CAPPING events from decorations provider vscode.git 2656
2023-11-03 10:22:48.772 [warning] [Decorations] CAPPING events from decorations provider vscode.git 2656
2023-11-03 10:22:54.722 [warning] [Decorations] CAPPING events from decorations provider vscode.git 2656
2023-11-03 10:23:00.682 [warning] [Decorations] CAPPING events from decorations provider vscode.git 2656
2023-11-03 10:23:06.740 [warning] [Decorations] CAPPING events from decorations provider vscode.git 2656
2023-11-03 10:23:12.697 [warning] [Decorations] CAPPING events from decorations provider vscode.git 2656
2023-11-03 10:23:18.648 [warning] [Decorations] CAPPING events from decorations provider vscode.git 2656
2023-11-03 10:23:24.623 [warning] [Decorations] CAPPING events from decorations provider vscode.git 2656
2023-11-03 10:23:30.648 [warning] [Decorations] CAPPING events from decorations provider vscode.git 2656
2023-11-03 10:23:36.598 [warning] [Decorations] CAPPING events from decorations provider vscode.git 2656
2023-11-03 10:23:42.637 [warning] [Decorations] CAPPING events from decorations provider vscode.git 2656
2023-11-03 10:23:48.667 [warning] [Decorations] CAPPING events from decorations provider vscode.git 2656
2023-11-03 10:23:54.792 [warning] [Decorations] CAPPING events from decorations provider vscode.git 2656
2023-11-03 10:24:00.683 [warning] [Decorations] CAPPING events from decorations provider vscode.git 2656
2023-11-03 10:24:06.640 [warning] [Decorations] CAPPING events from decorations provider vscode.git 2657
2023-11-03 10:24:17.793 [warning] [Decorations] CAPPING events from decorations provider vscode.git 2657
2023-11-03 10:24:23.564 [warning] [Decorations] CAPPING events from decorations provider vscode.git 2658
2023-11-03 10:24:29.386 [warning] [Decorations] CAPPING events from decorations provider vscode.git 2657
2023-11-03 10:24:35.263 [warning] [Decorations] CAPPING events from decorations provider vscode.git 2659
2023-11-03 10:24:41.117 [warning] [Decorations] CAPPING events from decorations provider vscode.git 2657
2023-11-03 10:24:46.916 [warning] [Decorations] CAPPING events from decorations provider vscode.git 2657
2023-11-03 10:24:52.702 [warning] [Decorations] CAPPING events from decorations provider vscode.git 2657
