2023-10-25 11:35:24.335 [info] Nivel de registro: Info
2023-10-25 11:35:24.335 [info] La validación encontró GIT en: “git“
2023-10-25 11:35:24.335 [info] Usando GIT “2.30.2” desde “git”
2023-10-25 11:35:24.335 [info] > git rev-parse --show-toplevel [8ms]
2023-10-25 11:35:24.343 [info] > git rev-parse --git-dir --git-common-dir [13ms]
2023-10-25 11:35:24.377 [info] Open repository: /home/TDIW/tdiw-k11
2023-10-25 11:35:24.432 [info] > git rev-parse --show-toplevel [26ms]
2023-10-25 11:35:24.488 [info] > git config --get commit.template [57ms]
2023-10-25 11:35:24.490 [info] > git for-each-ref --format=%(refname)%00%(upstream:short)%00%(objectname)%00%(upstream:track)%00%(upstream:remotename)%00%(upstream:remoteref) refs/heads/master refs/remotes/master [36ms]
2023-10-25 11:35:24.515 [info] > git rev-parse --show-toplevel [28ms]
2023-10-25 11:35:24.550 [info] > git rev-parse --show-toplevel [3ms]
2023-10-25 11:35:24.573 [info] > git rev-parse --show-toplevel [2ms]
2023-10-25 11:35:24.599 [info] > git rev-parse --show-toplevel [4ms]
2023-10-25 11:35:24.743 [info] > git rev-parse --show-toplevel [115ms]
2023-10-25 11:35:24.771 [info] > git rev-parse --show-toplevel [8ms]
2023-10-25 11:35:24.811 [info] > git rev-parse --show-toplevel [21ms]
2023-10-25 11:35:24.836 [info] > git rev-parse --show-toplevel [2ms]
2023-10-25 11:35:24.863 [info] > git rev-parse --show-toplevel [1ms]
2023-10-25 11:35:24.900 [info] > git rev-parse --show-toplevel [2ms]
2023-10-25 11:35:24.927 [info] > git rev-parse --show-toplevel [2ms]
2023-10-25 11:35:24.979 [info] > git rev-parse --show-toplevel [30ms]
2023-10-25 11:35:25.014 [info] > git check-ignore -v -z --stdin [36ms]
2023-10-25 11:35:25.017 [info] > git rev-parse --show-toplevel [3ms]
2023-10-25 11:35:25.051 [info] > git rev-parse --show-toplevel [12ms]
2023-10-25 11:35:25.080 [info] > git rev-parse --show-toplevel [9ms]
2023-10-25 11:35:25.110 [info] > git rev-parse --show-toplevel [12ms]
2023-10-25 11:35:25.143 [info] > git rev-parse --show-toplevel [11ms]
2023-10-25 11:35:25.170 [info] > git rev-parse --show-toplevel [4ms]
2023-10-25 11:35:25.237 [info] > git status -z -uall [724ms]
2023-10-25 11:35:25.237 [info] > git show --textconv :public_html/html/index.html [29ms]
2023-10-25 11:35:25.315 [info] > git ls-files --stage -- /home/TDIW/tdiw-k11/public_html/html/index.html [80ms]
2023-10-25 11:35:25.336 [info] > git config --get commit.template [22ms]
2023-10-25 11:35:25.543 [info] > git for-each-ref --format=%(refname)%00%(upstream:short)%00%(objectname)%00%(upstream:track)%00%(upstream:remotename)%00%(upstream:remoteref) refs/heads/master refs/remotes/master [185ms]
2023-10-25 11:35:25.568 [info] > git cat-file -s 8648e05e9e73540635cd343db8f91660fd58f75a [233ms]
2023-10-25 11:35:26.156 [info] > git status -z -uall [589ms]
2023-10-25 11:35:29.556 [info] > git config --get commit.template [2ms]
2023-10-25 11:35:29.594 [info] > git for-each-ref --format=%(refname)%00%(upstream:short)%00%(objectname)%00%(upstream:track)%00%(upstream:remotename)%00%(upstream:remoteref) refs/heads/master refs/remotes/master [3ms]
2023-10-25 11:35:30.153 [info] > git status -z -uall [536ms]
2023-10-25 11:35:35.239 [info] > git config --get commit.template [24ms]
2023-10-25 11:35:35.252 [info] > git for-each-ref --format=%(refname)%00%(upstream:short)%00%(objectname)%00%(upstream:track)%00%(upstream:remotename)%00%(upstream:remoteref) refs/heads/master refs/remotes/master [13ms]
2023-10-25 11:35:35.800 [info] > git status -z -uall [521ms]
2023-10-25 11:35:40.881 [info] > git config --get commit.template [33ms]
2023-10-25 11:35:40.884 [info] > git for-each-ref --format=%(refname)%00%(upstream:short)%00%(objectname)%00%(upstream:track)%00%(upstream:remotename)%00%(upstream:remoteref) refs/heads/master refs/remotes/master [4ms]
2023-10-25 11:35:41.452 [info] > git status -z -uall [524ms]
2023-10-25 11:35:46.517 [info] > git config --get commit.template [1ms]
2023-10-25 11:35:46.556 [info] > git for-each-ref --format=%(refname)%00%(upstream:short)%00%(objectname)%00%(upstream:track)%00%(upstream:remotename)%00%(upstream:remoteref) refs/heads/master refs/remotes/master [11ms]
2023-10-25 11:35:47.116 [info] > git status -z -uall [541ms]
2023-10-25 11:35:52.184 [info] > git config --get commit.template [32ms]
2023-10-25 11:35:52.196 [info] > git for-each-ref --format=%(refname)%00%(upstream:short)%00%(objectname)%00%(upstream:track)%00%(upstream:remotename)%00%(upstream:remoteref) refs/heads/master refs/remotes/master [14ms]
2023-10-25 11:35:52.720 [info] > git status -z -uall [492ms]
2023-10-25 11:35:57.817 [info] > git config --get commit.template [21ms]
2023-10-25 11:35:57.833 [info] > git for-each-ref --format=%(refname)%00%(upstream:short)%00%(objectname)%00%(upstream:track)%00%(upstream:remotename)%00%(upstream:remoteref) refs/heads/master refs/remotes/master [17ms]
2023-10-25 11:35:58.372 [info] > git status -z -uall [520ms]
2023-10-25 11:36:03.469 [info] > git config --get commit.template [29ms]
2023-10-25 11:36:03.491 [info] > git for-each-ref --format=%(refname)%00%(upstream:short)%00%(objectname)%00%(upstream:track)%00%(upstream:remotename)%00%(upstream:remoteref) refs/heads/master refs/remotes/master [23ms]
2023-10-25 11:36:03.939 [info] > git status -z -uall [435ms]
2023-10-25 11:36:09.001 [info] > git config --get commit.template [25ms]
2023-10-25 11:36:09.008 [info] > git for-each-ref --format=%(refname)%00%(upstream:short)%00%(objectname)%00%(upstream:track)%00%(upstream:remotename)%00%(upstream:remoteref) refs/heads/master refs/remotes/master [9ms]
2023-10-25 11:36:09.541 [info] > git status -z -uall [517ms]
2023-10-25 11:36:14.634 [info] > git config --get commit.template [35ms]
2023-10-25 11:36:14.636 [info] > git for-each-ref --format=%(refname)%00%(upstream:short)%00%(objectname)%00%(upstream:track)%00%(upstream:remotename)%00%(upstream:remoteref) refs/heads/master refs/remotes/master [3ms]
2023-10-25 11:36:15.190 [info] > git status -z -uall [528ms]
2023-10-25 11:36:20.264 [info] > git config --get commit.template [26ms]
2023-10-25 11:36:20.266 [info] > git for-each-ref --format=%(refname)%00%(upstream:short)%00%(objectname)%00%(upstream:track)%00%(upstream:remotename)%00%(upstream:remoteref) refs/heads/master refs/remotes/master [3ms]
2023-10-25 11:36:20.829 [info] > git status -z -uall [538ms]
2023-10-25 11:36:25.906 [info] > git config --get commit.template [34ms]
2023-10-25 11:36:25.928 [info] > git for-each-ref --format=%(refname)%00%(upstream:short)%00%(objectname)%00%(upstream:track)%00%(upstream:remotename)%00%(upstream:remoteref) refs/heads/master refs/remotes/master [24ms]
2023-10-25 11:36:26.442 [info] > git check-ignore -v -z --stdin [13ms]
2023-10-25 11:36:26.647 [info] > git status -z -uall [699ms]
2023-10-25 11:36:31.735 [info] > git config --get commit.template [19ms]
2023-10-25 11:36:31.748 [info] > git for-each-ref --format=%(refname)%00%(upstream:short)%00%(objectname)%00%(upstream:track)%00%(upstream:remotename)%00%(upstream:remoteref) refs/heads/master refs/remotes/master [14ms]
2023-10-25 11:36:32.312 [info] > git status -z -uall [538ms]
2023-10-25 11:36:37.400 [info] > git config --get commit.template [26ms]
2023-10-25 11:36:37.412 [info] > git for-each-ref --format=%(refname)%00%(upstream:short)%00%(objectname)%00%(upstream:track)%00%(upstream:remotename)%00%(upstream:remoteref) refs/heads/master refs/remotes/master [13ms]
2023-10-25 11:36:37.929 [info] > git status -z -uall [494ms]
2023-10-25 11:36:43.003 [info] > git config --get commit.template [21ms]
2023-10-25 11:36:43.022 [info] > git for-each-ref --format=%(refname)%00%(upstream:short)%00%(objectname)%00%(upstream:track)%00%(upstream:remotename)%00%(upstream:remoteref) refs/heads/master refs/remotes/master [21ms]
2023-10-25 11:36:43.560 [info] > git status -z -uall [508ms]
2023-10-25 11:36:52.822 [info] > git config --get commit.template [25ms]
2023-10-25 11:36:52.837 [info] > git for-each-ref --format=%(refname)%00%(upstream:short)%00%(objectname)%00%(upstream:track)%00%(upstream:remotename)%00%(upstream:remoteref) refs/heads/master refs/remotes/master [15ms]
