2023-11-03 11:51:38.297 [info] Extension host with pid 9831 started
2023-11-03 11:51:38.310 [info] Lock '/home/TDIW/tdiw-k11/.vscode-server/data/User/workspaceStorage/22646f1bbf45209a377312442790b5e6/vscode.lock': Lock acquired.
2023-11-03 11:51:38.350 [info] ExtensionService#_doActivateExtension vscode.emmet, startup: false, activationEvent: 'onLanguage'
2023-11-03 11:51:38.351 [info] ExtensionService#_doActivateExtension vscode.php-language-features, startup: false, activationEvent: 'onLanguage:php'
2023-11-03 11:51:38.429 [info] ExtensionService#_doActivateExtension vscode.git-base, startup: true, activationEvent: '*', root cause: vscode.git
2023-11-03 11:51:38.457 [info] ExtensionService#_doActivateExtension vscode.git, startup: true, activationEvent: '*'
2023-11-03 11:51:38.457 [info] ExtensionService#_doActivateExtension vscode.github, startup: true, activationEvent: '*'
2023-11-03 11:51:38.664 [info] Eager extensions activated
2023-11-03 11:51:38.664 [info] ExtensionService#_doActivateExtension vscode.debug-auto-launch, startup: false, activationEvent: 'onStartupFinished'
2023-11-03 11:51:38.664 [info] ExtensionService#_doActivateExtension vscode.merge-conflict, startup: false, activationEvent: 'onStartupFinished'
2023-11-03 11:51:39.752 [warning] [Decorations] CAPPING events from decorations provider vscode.git 2817
2023-11-03 11:51:40.479 [warning] [Decorations] CAPPING events from decorations provider vscode.git 2819
2023-11-03 11:51:40.959 [info] ExtensionService#_doActivateExtension vscode.json-language-features, startup: false, activationEvent: 'onLanguage:jsonc'
2023-11-03 11:51:40.960 [info] ExtensionService#_doActivateExtension vscode.typescript-language-features, startup: false, activationEvent: 'onLanguage:jsonc'
2023-11-03 11:51:45.111 [warning] [Decorations] CAPPING events from decorations provider vscode.git 2820
2023-11-03 11:51:51.023 [warning] [Decorations] CAPPING events from decorations provider vscode.git 2836
2023-11-03 11:51:56.724 [warning] [Decorations] CAPPING events from decorations provider vscode.git 2836
2023-11-03 11:52:02.421 [warning] [Decorations] CAPPING events from decorations provider vscode.git 2836
2023-11-03 11:52:08.138 [warning] [Decorations] CAPPING events from decorations provider vscode.git 2836
2023-11-03 11:52:13.841 [warning] [Decorations] CAPPING events from decorations provider vscode.git 2835
2023-11-03 11:52:19.557 [warning] [Decorations] CAPPING events from decorations provider vscode.git 2835
2023-11-03 11:52:25.246 [warning] [Decorations] CAPPING events from decorations provider vscode.git 2835
2023-11-03 11:52:30.952 [warning] [Decorations] CAPPING events from decorations provider vscode.git 2835
2023-11-03 11:52:36.639 [warning] [Decorations] CAPPING events from decorations provider vscode.git 2835
2023-11-03 11:52:42.470 [warning] [Decorations] CAPPING events from decorations provider vscode.git 2835
2023-11-03 11:52:48.176 [warning] [Decorations] CAPPING events from decorations provider vscode.git 2835
2023-11-03 11:52:53.893 [warning] [Decorations] CAPPING events from decorations provider vscode.git 2835
2023-11-03 11:52:59.587 [warning] [Decorations] CAPPING events from decorations provider vscode.git 2835
2023-11-03 11:53:05.263 [warning] [Decorations] CAPPING events from decorations provider vscode.git 2835
2023-11-03 11:53:10.926 [warning] [Decorations] CAPPING events from decorations provider vscode.git 2835
2023-11-03 11:53:16.646 [warning] [Decorations] CAPPING events from decorations provider vscode.git 2835
2023-11-03 11:53:22.328 [warning] [Decorations] CAPPING events from decorations provider vscode.git 2835
2023-11-03 11:53:28.180 [warning] [Decorations] CAPPING events from decorations provider vscode.git 2835
2023-11-03 11:53:28.873 [warning] [Decorations] CAPPING events from decorations provider vscode.git 2835
2023-11-03 11:53:34.573 [warning] [Decorations] CAPPING events from decorations provider vscode.git 2835
2023-11-03 11:53:40.267 [warning] [Decorations] CAPPING events from decorations provider vscode.git 2835
2023-11-03 11:53:46.547 [warning] [Decorations] CAPPING events from decorations provider vscode.git 2835
2023-11-03 11:53:53.725 [warning] [Decorations] CAPPING events from decorations provider vscode.git 2835
2023-11-03 11:54:03.735 [warning] [Decorations] CAPPING events from decorations provider vscode.git 2835
2023-11-03 11:54:06.885 [warning] [Decorations] CAPPING events from decorations provider vscode.git 2667
2023-11-03 11:54:07.988 [warning] [Decorations] CAPPING events from decorations provider vscode.git 2667
2023-11-03 11:54:14.077 [warning] [Decorations] CAPPING events from decorations provider vscode.git 2667
2023-11-03 11:54:19.695 [warning] [Decorations] CAPPING events from decorations provider vscode.git 2667
2023-11-03 11:54:25.305 [warning] [Decorations] CAPPING events from decorations provider vscode.git 2667
2023-11-03 11:54:30.943 [warning] [Decorations] CAPPING events from decorations provider vscode.git 2667
2023-11-03 11:54:36.575 [warning] [Decorations] CAPPING events from decorations provider vscode.git 2667
2023-11-03 11:55:02.120 [warning] [Decorations] CAPPING events from decorations provider vscode.git 2667
2023-11-03 11:55:13.669 [warning] [Decorations] CAPPING events from decorations provider vscode.git 2667
2023-11-03 11:55:19.289 [warning] [Decorations] CAPPING events from decorations provider vscode.git 2667
2023-11-03 11:55:24.928 [warning] [Decorations] CAPPING events from decorations provider vscode.git 2667
2023-11-03 11:55:27.404 [warning] [Decorations] CAPPING events from decorations provider vscode.git 2667
2023-11-03 11:55:28.117 [warning] [Decorations] CAPPING events from decorations provider vscode.git 2667
2023-11-03 11:55:37.346 [warning] [Decorations] CAPPING events from decorations provider vscode.git 2667
2023-11-03 11:55:42.960 [warning] [Decorations] CAPPING events from decorations provider vscode.git 2667
2023-11-03 11:55:48.583 [warning] [Decorations] CAPPING events from decorations provider vscode.git 2667
2023-11-03 11:55:54.230 [warning] [Decorations] CAPPING events from decorations provider vscode.git 2667
2023-11-03 11:55:59.857 [warning] [Decorations] CAPPING events from decorations provider vscode.git 2667
2023-11-03 11:56:05.643 [warning] [Decorations] CAPPING events from decorations provider vscode.git 2667
2023-11-03 11:56:11.267 [warning] [Decorations] CAPPING events from decorations provider vscode.git 2667
2023-11-03 11:56:16.890 [warning] [Decorations] CAPPING events from decorations provider vscode.git 2667
2023-11-03 11:56:22.522 [warning] [Decorations] CAPPING events from decorations provider vscode.git 2667
2023-11-03 11:56:28.167 [warning] [Decorations] CAPPING events from decorations provider vscode.git 2667
2023-11-03 11:56:33.832 [warning] [Decorations] CAPPING events from decorations provider vscode.git 2667
2023-11-03 11:56:39.506 [warning] [Decorations] CAPPING events from decorations provider vscode.git 2667
2023-11-03 11:56:45.130 [warning] [Decorations] CAPPING events from decorations provider vscode.git 2667
2023-11-03 11:56:50.729 [warning] [Decorations] CAPPING events from decorations provider vscode.git 2667
2023-11-03 12:00:24.181 [info] Extension host terminating: received terminate message from renderer
2023-11-03 12:00:24.181 [info] Lock '/home/TDIW/tdiw-k11/.vscode-server/data/User/workspaceStorage/22646f1bbf45209a377312442790b5e6/vscode.lock': Marking the lockfile as scheduled to be released in 6000 ms.
2023-11-03 12:00:24.224 [error] Canceled: Canceled
	at new f (/home/TDIW/tdiw-k11/.vscode-server/bin/d037ac076cee195194f93ce6fe2bdfe2969cc82d/out/vs/workbench/api/node/extensionHostProcess.js:125:108614)
	at n.U (/home/TDIW/tdiw-k11/.vscode-server/bin/d037ac076cee195194f93ce6fe2bdfe2969cc82d/out/vs/workbench/api/node/extensionHostProcess.js:134:10873)
	at F.<computed>.z.charCodeAt.F.<computed> (/home/TDIW/tdiw-k11/.vscode-server/bin/d037ac076cee195194f93ce6fe2bdfe2969cc82d/out/vs/workbench/api/node/extensionHostProcess.js:134:8315)
	at i.g (/home/TDIW/tdiw-k11/.vscode-server/bin/d037ac076cee195194f93ce6fe2bdfe2969cc82d/out/vs/workbench/api/node/extensionHostProcess.js:125:139130)
	at i.executeCommand (/home/TDIW/tdiw-k11/.vscode-server/bin/d037ac076cee195194f93ce6fe2bdfe2969cc82d/out/vs/workbench/api/node/extensionHostProcess.js:125:138568)
	at $.registerCommand.description (/home/TDIW/tdiw-k11/.vscode-server/bin/d037ac076cee195194f93ce6fe2bdfe2969cc82d/out/vs/workbench/api/node/extensionHostProcess.js:125:137892)
	at i.h (/home/TDIW/tdiw-k11/.vscode-server/bin/d037ac076cee195194f93ce6fe2bdfe2969cc82d/out/vs/workbench/api/node/extensionHostProcess.js:125:139669)
	at i.g (/home/TDIW/tdiw-k11/.vscode-server/bin/d037ac076cee195194f93ce6fe2bdfe2969cc82d/out/vs/workbench/api/node/extensionHostProcess.js:125:138661)
	at i.executeCommand (/home/TDIW/tdiw-k11/.vscode-server/bin/d037ac076cee195194f93ce6fe2bdfe2969cc82d/out/vs/workbench/api/node/extensionHostProcess.js:125:138568)
	at Object.executeCommand (/home/TDIW/tdiw-k11/.vscode-server/bin/d037ac076cee195194f93ce6fe2bdfe2969cc82d/out/vs/workbench/api/node/extensionHostProcess.js:140:21329)
	at h.D [as value] (/home/TDIW/tdiw-k11/.vscode-server/bin/d037ac076cee195194f93ce6fe2bdfe2969cc82d/extensions/git/dist/main.js:2:1316925)
	at c.y (/home/TDIW/tdiw-k11/.vscode-server/bin/d037ac076cee195194f93ce6fe2bdfe2969cc82d/out/vs/workbench/api/node/extensionHostProcess.js:80:1902)
	at c.z (/home/TDIW/tdiw-k11/.vscode-server/bin/d037ac076cee195194f93ce6fe2bdfe2969cc82d/out/vs/workbench/api/node/extensionHostProcess.js:80:1972)
	at c.fire (/home/TDIW/tdiw-k11/.vscode-server/bin/d037ac076cee195194f93ce6fe2bdfe2969cc82d/out/vs/workbench/api/node/extensionHostProcess.js:80:2188)
	at Object.m [as dispose] (/home/TDIW/tdiw-k11/.vscode-server/bin/d037ac076cee195194f93ce6fe2bdfe2969cc82d/extensions/git/dist/main.js:2:1332842)
	at /home/TDIW/tdiw-k11/.vscode-server/bin/d037ac076cee195194f93ce6fe2bdfe2969cc82d/extensions/git/dist/main.js:2:1337795
	at Array.forEach (<anonymous>)
	at g.dispose (/home/TDIW/tdiw-k11/.vscode-server/bin/d037ac076cee195194f93ce6fe2bdfe2969cc82d/extensions/git/dist/main.js:2:1337781)
	at w.<anonymous> (/home/TDIW/tdiw-k11/.vscode-server/bin/d037ac076cee195194f93ce6fe2bdfe2969cc82d/out/vs/workbench/api/node/extensionHostProcess.js:121:3572)
	at w.dispose (/home/TDIW/tdiw-k11/.vscode-server/bin/d037ac076cee195194f93ce6fe2bdfe2969cc82d/out/vs/workbench/api/node/extensionHostProcess.js:121:3669)
	at w.<anonymous> (/home/TDIW/tdiw-k11/.vscode-server/bin/d037ac076cee195194f93ce6fe2bdfe2969cc82d/extensions/git/dist/main.js:2:1318937)
	at w.dispose (/home/TDIW/tdiw-k11/.vscode-server/bin/d037ac076cee195194f93ce6fe2bdfe2969cc82d/out/vs/workbench/api/node/extensionHostProcess.js:121:3669)
	at o (/home/TDIW/tdiw-k11/.vscode-server/bin/d037ac076cee195194f93ce6fe2bdfe2969cc82d/out/vs/workbench/api/node/extensionHostProcess.js:30:754)
	at h.cb (/home/TDIW/tdiw-k11/.vscode-server/bin/d037ac076cee195194f93ce6fe2bdfe2969cc82d/out/vs/workbench/api/node/extensionHostProcess.js:136:9843)
	at /home/TDIW/tdiw-k11/.vscode-server/bin/d037ac076cee195194f93ce6fe2bdfe2969cc82d/out/vs/workbench/api/node/extensionHostProcess.js:136:7793
	at Array.map (<anonymous>)
	at h.Y (/home/TDIW/tdiw-k11/.vscode-server/bin/d037ac076cee195194f93ce6fe2bdfe2969cc82d/out/vs/workbench/api/node/extensionHostProcess.js:136:7781)
	at h.terminate (/home/TDIW/tdiw-k11/.vscode-server/bin/d037ac076cee195194f93ce6fe2bdfe2969cc82d/out/vs/workbench/api/node/extensionHostProcess.js:136:8051)
	at o.terminate (/home/TDIW/tdiw-k11/.vscode-server/bin/d037ac076cee195194f93ce6fe2bdfe2969cc82d/out/vs/workbench/api/node/extensionHostProcess.js:140:1513)
	at a (/home/TDIW/tdiw-k11/.vscode-server/bin/d037ac076cee195194f93ce6fe2bdfe2969cc82d/out/vs/workbench/api/node/extensionHostProcess.js:153:9817)
	at h.value (/home/TDIW/tdiw-k11/.vscode-server/bin/d037ac076cee195194f93ce6fe2bdfe2969cc82d/out/vs/workbench/api/node/extensionHostProcess.js:153:7864)
	at c.y (/home/TDIW/tdiw-k11/.vscode-server/bin/d037ac076cee195194f93ce6fe2bdfe2969cc82d/out/vs/workbench/api/node/extensionHostProcess.js:80:1902)
	at c.fire (/home/TDIW/tdiw-k11/.vscode-server/bin/d037ac076cee195194f93ce6fe2bdfe2969cc82d/out/vs/workbench/api/node/extensionHostProcess.js:80:2119)
	at d.fire (/home/TDIW/tdiw-k11/.vscode-server/bin/d037ac076cee195194f93ce6fe2bdfe2969cc82d/out/vs/workbench/api/node/extensionHostProcess.js:96:14047)
	at s.z (/home/TDIW/tdiw-k11/.vscode-server/bin/d037ac076cee195194f93ce6fe2bdfe2969cc82d/out/vs/workbench/api/node/extensionHostProcess.js:96:17112)
	at h.value (/home/TDIW/tdiw-k11/.vscode-server/bin/d037ac076cee195194f93ce6fe2bdfe2969cc82d/out/vs/workbench/api/node/extensionHostProcess.js:96:15564)
	at c.y (/home/TDIW/tdiw-k11/.vscode-server/bin/d037ac076cee195194f93ce6fe2bdfe2969cc82d/out/vs/workbench/api/node/extensionHostProcess.js:80:1902)
	at c.fire (/home/TDIW/tdiw-k11/.vscode-server/bin/d037ac076cee195194f93ce6fe2bdfe2969cc82d/out/vs/workbench/api/node/extensionHostProcess.js:80:2119)
	at h.acceptChunk (/home/TDIW/tdiw-k11/.vscode-server/bin/d037ac076cee195194f93ce6fe2bdfe2969cc82d/out/vs/workbench/api/node/extensionHostProcess.js:96:11821)
	at h.value (/home/TDIW/tdiw-k11/.vscode-server/bin/d037ac076cee195194f93ce6fe2bdfe2969cc82d/out/vs/workbench/api/node/extensionHostProcess.js:96:11108)
	at c.y (/home/TDIW/tdiw-k11/.vscode-server/bin/d037ac076cee195194f93ce6fe2bdfe2969cc82d/out/vs/workbench/api/node/extensionHostProcess.js:80:1902)
	at c.fire (/home/TDIW/tdiw-k11/.vscode-server/bin/d037ac076cee195194f93ce6fe2bdfe2969cc82d/out/vs/workbench/api/node/extensionHostProcess.js:80:2119)
	at c.z (/home/TDIW/tdiw-k11/.vscode-server/bin/d037ac076cee195194f93ce6fe2bdfe2969cc82d/out/vs/workbench/api/node/extensionHostProcess.js:150:19388) setContext undefined
2023-11-03 12:00:24.224 [error] Canceled: Canceled
	at new f (/home/TDIW/tdiw-k11/.vscode-server/bin/d037ac076cee195194f93ce6fe2bdfe2969cc82d/out/vs/workbench/api/node/extensionHostProcess.js:125:108614)
	at n.U (/home/TDIW/tdiw-k11/.vscode-server/bin/d037ac076cee195194f93ce6fe2bdfe2969cc82d/out/vs/workbench/api/node/extensionHostProcess.js:134:10873)
	at F.<computed>.z.charCodeAt.F.<computed> (/home/TDIW/tdiw-k11/.vscode-server/bin/d037ac076cee195194f93ce6fe2bdfe2969cc82d/out/vs/workbench/api/node/extensionHostProcess.js:134:8315)
	at i.g (/home/TDIW/tdiw-k11/.vscode-server/bin/d037ac076cee195194f93ce6fe2bdfe2969cc82d/out/vs/workbench/api/node/extensionHostProcess.js:125:139130)
	at i.executeCommand (/home/TDIW/tdiw-k11/.vscode-server/bin/d037ac076cee195194f93ce6fe2bdfe2969cc82d/out/vs/workbench/api/node/extensionHostProcess.js:125:138568)
	at $.registerCommand.description (/home/TDIW/tdiw-k11/.vscode-server/bin/d037ac076cee195194f93ce6fe2bdfe2969cc82d/out/vs/workbench/api/node/extensionHostProcess.js:125:137892)
	at i.h (/home/TDIW/tdiw-k11/.vscode-server/bin/d037ac076cee195194f93ce6fe2bdfe2969cc82d/out/vs/workbench/api/node/extensionHostProcess.js:125:139669)
	at i.g (/home/TDIW/tdiw-k11/.vscode-server/bin/d037ac076cee195194f93ce6fe2bdfe2969cc82d/out/vs/workbench/api/node/extensionHostProcess.js:125:138661)
	at i.executeCommand (/home/TDIW/tdiw-k11/.vscode-server/bin/d037ac076cee195194f93ce6fe2bdfe2969cc82d/out/vs/workbench/api/node/extensionHostProcess.js:125:138568)
	at Object.executeCommand (/home/TDIW/tdiw-k11/.vscode-server/bin/d037ac076cee195194f93ce6fe2bdfe2969cc82d/out/vs/workbench/api/node/extensionHostProcess.js:140:21329)
	at set b [as b] (/home/TDIW/tdiw-k11/.vscode-server/bin/d037ac076cee195194f93ce6fe2bdfe2969cc82d/extensions/github/dist/extension.js:2:714708)
	at /home/TDIW/tdiw-k11/.vscode-server/bin/d037ac076cee195194f93ce6fe2bdfe2969cc82d/extensions/github/dist/extension.js:2:715349
	at h.value (/home/TDIW/tdiw-k11/.vscode-server/bin/d037ac076cee195194f93ce6fe2bdfe2969cc82d/extensions/git/dist/main.js:2:1408111)
	at c.y (/home/TDIW/tdiw-k11/.vscode-server/bin/d037ac076cee195194f93ce6fe2bdfe2969cc82d/out/vs/workbench/api/node/extensionHostProcess.js:80:1902)
	at c.z (/home/TDIW/tdiw-k11/.vscode-server/bin/d037ac076cee195194f93ce6fe2bdfe2969cc82d/out/vs/workbench/api/node/extensionHostProcess.js:80:1972)
	at c.fire (/home/TDIW/tdiw-k11/.vscode-server/bin/d037ac076cee195194f93ce6fe2bdfe2969cc82d/out/vs/workbench/api/node/extensionHostProcess.js:80:2188)
	at Object.m [as dispose] (/home/TDIW/tdiw-k11/.vscode-server/bin/d037ac076cee195194f93ce6fe2bdfe2969cc82d/extensions/git/dist/main.js:2:1332842)
	at /home/TDIW/tdiw-k11/.vscode-server/bin/d037ac076cee195194f93ce6fe2bdfe2969cc82d/extensions/git/dist/main.js:2:1337795
	at Array.forEach (<anonymous>)
	at g.dispose (/home/TDIW/tdiw-k11/.vscode-server/bin/d037ac076cee195194f93ce6fe2bdfe2969cc82d/extensions/git/dist/main.js:2:1337781)
	at w.<anonymous> (/home/TDIW/tdiw-k11/.vscode-server/bin/d037ac076cee195194f93ce6fe2bdfe2969cc82d/out/vs/workbench/api/node/extensionHostProcess.js:121:3572)
	at w.dispose (/home/TDIW/tdiw-k11/.vscode-server/bin/d037ac076cee195194f93ce6fe2bdfe2969cc82d/out/vs/workbench/api/node/extensionHostProcess.js:121:3669)
	at w.<anonymous> (/home/TDIW/tdiw-k11/.vscode-server/bin/d037ac076cee195194f93ce6fe2bdfe2969cc82d/extensions/git/dist/main.js:2:1318937)
	at w.dispose (/home/TDIW/tdiw-k11/.vscode-server/bin/d037ac076cee195194f93ce6fe2bdfe2969cc82d/out/vs/workbench/api/node/extensionHostProcess.js:121:3669)
	at o (/home/TDIW/tdiw-k11/.vscode-server/bin/d037ac076cee195194f93ce6fe2bdfe2969cc82d/out/vs/workbench/api/node/extensionHostProcess.js:30:754)
	at h.cb (/home/TDIW/tdiw-k11/.vscode-server/bin/d037ac076cee195194f93ce6fe2bdfe2969cc82d/out/vs/workbench/api/node/extensionHostProcess.js:136:9843)
	at /home/TDIW/tdiw-k11/.vscode-server/bin/d037ac076cee195194f93ce6fe2bdfe2969cc82d/out/vs/workbench/api/node/extensionHostProcess.js:136:7793
	at Array.map (<anonymous>)
	at h.Y (/home/TDIW/tdiw-k11/.vscode-server/bin/d037ac076cee195194f93ce6fe2bdfe2969cc82d/out/vs/workbench/api/node/extensionHostProcess.js:136:7781)
	at h.terminate (/home/TDIW/tdiw-k11/.vscode-server/bin/d037ac076cee195194f93ce6fe2bdfe2969cc82d/out/vs/workbench/api/node/extensionHostProcess.js:136:8051)
	at o.terminate (/home/TDIW/tdiw-k11/.vscode-server/bin/d037ac076cee195194f93ce6fe2bdfe2969cc82d/out/vs/workbench/api/node/extensionHostProcess.js:140:1513)
	at a (/home/TDIW/tdiw-k11/.vscode-server/bin/d037ac076cee195194f93ce6fe2bdfe2969cc82d/out/vs/workbench/api/node/extensionHostProcess.js:153:9817)
	at h.value (/home/TDIW/tdiw-k11/.vscode-server/bin/d037ac076cee195194f93ce6fe2bdfe2969cc82d/out/vs/workbench/api/node/extensionHostProcess.js:153:7864)
	at c.y (/home/TDIW/tdiw-k11/.vscode-server/bin/d037ac076cee195194f93ce6fe2bdfe2969cc82d/out/vs/workbench/api/node/extensionHostProcess.js:80:1902)
	at c.fire (/home/TDIW/tdiw-k11/.vscode-server/bin/d037ac076cee195194f93ce6fe2bdfe2969cc82d/out/vs/workbench/api/node/extensionHostProcess.js:80:2119)
	at d.fire (/home/TDIW/tdiw-k11/.vscode-server/bin/d037ac076cee195194f93ce6fe2bdfe2969cc82d/out/vs/workbench/api/node/extensionHostProcess.js:96:14047)
	at s.z (/home/TDIW/tdiw-k11/.vscode-server/bin/d037ac076cee195194f93ce6fe2bdfe2969cc82d/out/vs/workbench/api/node/extensionHostProcess.js:96:17112)
	at h.value (/home/TDIW/tdiw-k11/.vscode-server/bin/d037ac076cee195194f93ce6fe2bdfe2969cc82d/out/vs/workbench/api/node/extensionHostProcess.js:96:15564)
	at c.y (/home/TDIW/tdiw-k11/.vscode-server/bin/d037ac076cee195194f93ce6fe2bdfe2969cc82d/out/vs/workbench/api/node/extensionHostProcess.js:80:1902)
	at c.fire (/home/TDIW/tdiw-k11/.vscode-server/bin/d037ac076cee195194f93ce6fe2bdfe2969cc82d/out/vs/workbench/api/node/extensionHostProcess.js:80:2119)
	at h.acceptChunk (/home/TDIW/tdiw-k11/.vscode-server/bin/d037ac076cee195194f93ce6fe2bdfe2969cc82d/out/vs/workbench/api/node/extensionHostProcess.js:96:11821)
	at h.value (/home/TDIW/tdiw-k11/.vscode-server/bin/d037ac076cee195194f93ce6fe2bdfe2969cc82d/out/vs/workbench/api/node/extensionHostProcess.js:96:11108)
	at c.y (/home/TDIW/tdiw-k11/.vscode-server/bin/d037ac076cee195194f93ce6fe2bdfe2969cc82d/out/vs/workbench/api/node/extensionHostProcess.js:80:1902)
	at c.fire (/home/TDIW/tdiw-k11/.vscode-server/bin/d037ac076cee195194f93ce6fe2bdfe2969cc82d/out/vs/workbench/api/node/extensionHostProcess.js:80:2119)
	at c.z (/home/TDIW/tdiw-k11/.vscode-server/bin/d037ac076cee195194f93ce6fe2bdfe2969cc82d/out/vs/workbench/api/node/extensionHostProcess.js:150:19388) setContext undefined
2023-11-03 12:00:24.229 [info] Extension host with pid 9831 exiting with code 0
