2023-10-20 10:18:49.055 [info] Nivel de registro: Info
2023-10-20 10:18:49.055 [info] La validación encontró GIT en: “git“
2023-10-20 10:18:49.055 [info] Usando GIT “2.30.2” desde “git”
2023-10-20 10:18:49.064 [info] > git rev-parse --show-toplevel [13ms]
2023-10-20 10:18:49.117 [info] > git rev-parse --git-dir --git-common-dir [20ms]
2023-10-20 10:18:49.151 [info] Open repository: /home/TDIW/tdiw-k11
2023-10-20 10:18:49.227 [info] > git rev-parse --show-toplevel [35ms]
2023-10-20 10:18:49.279 [info] > git config --get commit.template [54ms]
2023-10-20 10:18:49.280 [info] > git rev-parse --show-toplevel [33ms]
2023-10-20 10:18:49.306 [info] > git for-each-ref --format=%(refname)%00%(upstream:short)%00%(objectname)%00%(upstream:track)%00%(upstream:remotename)%00%(upstream:remoteref) refs/heads/master refs/remotes/master [33ms]
2023-10-20 10:18:49.334 [info] > git rev-parse --show-toplevel [34ms]
2023-10-20 10:18:49.360 [info] > git rev-parse --show-toplevel [1ms]
2023-10-20 10:18:49.408 [info] > git rev-parse --show-toplevel [11ms]
2023-10-20 10:18:49.443 [info] > git rev-parse --show-toplevel [11ms]
2023-10-20 10:18:49.470 [info] > git rev-parse --show-toplevel [11ms]
2023-10-20 10:18:49.516 [info] > git rev-parse --show-toplevel [4ms]
2023-10-20 10:18:49.559 [info] > git rev-parse --show-toplevel [17ms]
2023-10-20 10:18:49.711 [info] > git rev-parse --show-toplevel [126ms]
2023-10-20 10:18:49.745 [info] > git rev-parse --show-toplevel [11ms]
2023-10-20 10:18:49.779 [info] > git rev-parse --show-toplevel [11ms]
2023-10-20 10:18:49.834 [info] > git rev-parse --show-toplevel [31ms]
2023-10-20 10:18:49.857 [info] > git check-ignore -v -z --stdin [23ms]
2023-10-20 10:18:49.872 [info] > git rev-parse --show-toplevel [15ms]
2023-10-20 10:18:49.906 [info] > git rev-parse --show-toplevel [11ms]
2023-10-20 10:18:49.933 [info] > git status -z -uall [602ms]
2023-10-20 10:18:49.968 [info] > git rev-parse --show-toplevel [37ms]
2023-10-20 10:18:49.999 [info] > git config --get commit.template [30ms]
2023-10-20 10:18:50.025 [info] > git rev-parse --show-toplevel [29ms]
2023-10-20 10:18:50.070 [info] > git rev-parse --show-toplevel [21ms]
2023-10-20 10:18:50.070 [info] > git for-each-ref --format=%(refname)%00%(upstream:short)%00%(objectname)%00%(upstream:track)%00%(upstream:remotename)%00%(upstream:remoteref) refs/heads/master refs/remotes/master [47ms]
2023-10-20 10:18:50.136 [info] > git rev-parse --show-toplevel [5ms]
2023-10-20 10:18:50.206 [info] > git show --textconv :public_html/html/index.html [29ms]
2023-10-20 10:18:50.212 [info] > git ls-files --stage -- /home/TDIW/tdiw-k11/public_html/html/index.html [7ms]
2023-10-20 10:18:50.245 [info] > git cat-file -s 8648e05e9e73540635cd343db8f91660fd58f75a [8ms]
2023-10-20 10:18:50.521 [info] > git status -z -uall [413ms]
2023-10-20 10:18:52.371 [info] > git config --get commit.template [2ms]
2023-10-20 10:18:52.409 [info] > git for-each-ref --format=%(refname)%00%(upstream:short)%00%(objectname)%00%(upstream:track)%00%(upstream:remotename)%00%(upstream:remoteref) refs/heads/master refs/remotes/master [3ms]
2023-10-20 10:18:52.832 [info] > git status -z -uall [399ms]
2023-10-20 10:18:57.883 [info] > git config --get commit.template [23ms]
2023-10-20 10:18:57.896 [info] > git for-each-ref --format=%(refname)%00%(upstream:short)%00%(objectname)%00%(upstream:track)%00%(upstream:remotename)%00%(upstream:remoteref) refs/heads/master refs/remotes/master [15ms]
2023-10-20 10:18:58.401 [info] > git status -z -uall [488ms]
2023-10-20 10:19:03.439 [info] > git config --get commit.template [12ms]
2023-10-20 10:19:03.444 [info] > git for-each-ref --format=%(refname)%00%(upstream:short)%00%(objectname)%00%(upstream:track)%00%(upstream:remotename)%00%(upstream:remoteref) refs/heads/master refs/remotes/master [5ms]
2023-10-20 10:19:03.985 [info] > git status -z -uall [521ms]
2023-10-20 10:19:09.041 [info] > git config --get commit.template [26ms]
2023-10-20 10:19:09.057 [info] > git for-each-ref --format=%(refname)%00%(upstream:short)%00%(objectname)%00%(upstream:track)%00%(upstream:remotename)%00%(upstream:remoteref) refs/heads/master refs/remotes/master [16ms]
2023-10-20 10:19:09.480 [info] > git status -z -uall [406ms]
2023-10-20 10:19:14.531 [info] > git config --get commit.template [26ms]
2023-10-20 10:19:14.544 [info] > git for-each-ref --format=%(refname)%00%(upstream:short)%00%(objectname)%00%(upstream:track)%00%(upstream:remotename)%00%(upstream:remoteref) refs/heads/master refs/remotes/master [15ms]
2023-10-20 10:19:15.093 [info] > git status -z -uall [523ms]
2023-10-20 10:19:20.138 [info] > git config --get commit.template [23ms]
2023-10-20 10:19:20.144 [info] > git for-each-ref --format=%(refname)%00%(upstream:short)%00%(objectname)%00%(upstream:track)%00%(upstream:remotename)%00%(upstream:remoteref) refs/heads/master refs/remotes/master [8ms]
2023-10-20 10:19:20.562 [info] > git status -z -uall [396ms]
2023-10-20 10:19:25.609 [info] > git config --get commit.template [19ms]
2023-10-20 10:19:25.621 [info] > git for-each-ref --format=%(refname)%00%(upstream:short)%00%(objectname)%00%(upstream:track)%00%(upstream:remotename)%00%(upstream:remoteref) refs/heads/master refs/remotes/master [13ms]
2023-10-20 10:19:26.040 [info] > git status -z -uall [383ms]
2023-10-20 10:19:31.099 [info] > git config --get commit.template [28ms]
2023-10-20 10:19:31.112 [info] > git for-each-ref --format=%(refname)%00%(upstream:short)%00%(objectname)%00%(upstream:track)%00%(upstream:remotename)%00%(upstream:remoteref) refs/heads/master refs/remotes/master [14ms]
2023-10-20 10:19:31.659 [info] > git status -z -uall [522ms]
2023-10-20 10:19:36.711 [info] > git config --get commit.template [26ms]
2023-10-20 10:19:36.723 [info] > git for-each-ref --format=%(refname)%00%(upstream:short)%00%(objectname)%00%(upstream:track)%00%(upstream:remotename)%00%(upstream:remoteref) refs/heads/master refs/remotes/master [13ms]
2023-10-20 10:19:37.221 [info] > git status -z -uall [477ms]
2023-10-20 10:19:42.266 [info] > git config --get commit.template [24ms]
2023-10-20 10:19:42.278 [info] > git for-each-ref --format=%(refname)%00%(upstream:short)%00%(objectname)%00%(upstream:track)%00%(upstream:remotename)%00%(upstream:remoteref) refs/heads/master refs/remotes/master [20ms]
2023-10-20 10:19:42.805 [info] > git status -z -uall [489ms]
2023-10-20 10:19:47.860 [info] > git config --get commit.template [20ms]
2023-10-20 10:19:47.877 [info] > git for-each-ref --format=%(refname)%00%(upstream:short)%00%(objectname)%00%(upstream:track)%00%(upstream:remotename)%00%(upstream:remoteref) refs/heads/master refs/remotes/master [18ms]
2023-10-20 10:19:48.295 [info] > git status -z -uall [392ms]
2023-10-20 10:19:53.357 [info] > git config --get commit.template [24ms]
2023-10-20 10:19:53.372 [info] > git for-each-ref --format=%(refname)%00%(upstream:short)%00%(objectname)%00%(upstream:track)%00%(upstream:remotename)%00%(upstream:remoteref) refs/heads/master refs/remotes/master [16ms]
2023-10-20 10:19:53.807 [info] > git status -z -uall [408ms]
2023-10-20 10:19:58.853 [info] > git config --get commit.template [19ms]
2023-10-20 10:19:58.867 [info] > git for-each-ref --format=%(refname)%00%(upstream:short)%00%(objectname)%00%(upstream:track)%00%(upstream:remotename)%00%(upstream:remoteref) refs/heads/master refs/remotes/master [14ms]
2023-10-20 10:19:59.283 [info] > git status -z -uall [391ms]
2023-10-20 10:20:04.331 [info] > git config --get commit.template [17ms]
2023-10-20 10:20:04.341 [info] > git for-each-ref --format=%(refname)%00%(upstream:short)%00%(objectname)%00%(upstream:track)%00%(upstream:remotename)%00%(upstream:remoteref) refs/heads/master refs/remotes/master [11ms]
2023-10-20 10:20:04.843 [info] > git status -z -uall [475ms]
2023-10-20 10:20:09.899 [info] > git config --get commit.template [26ms]
2023-10-20 10:20:09.911 [info] > git for-each-ref --format=%(refname)%00%(upstream:short)%00%(objectname)%00%(upstream:track)%00%(upstream:remotename)%00%(upstream:remoteref) refs/heads/master refs/remotes/master [13ms]
2023-10-20 10:20:10.328 [info] > git status -z -uall [393ms]
2023-10-20 10:20:15.392 [info] > git config --get commit.template [33ms]
2023-10-20 10:20:15.403 [info] > git for-each-ref --format=%(refname)%00%(upstream:short)%00%(objectname)%00%(upstream:track)%00%(upstream:remotename)%00%(upstream:remoteref) refs/heads/master refs/remotes/master [12ms]
2023-10-20 10:20:15.831 [info] > git status -z -uall [400ms]
2023-10-20 10:20:20.881 [info] > git config --get commit.template [23ms]
2023-10-20 10:20:20.889 [info] > git for-each-ref --format=%(refname)%00%(upstream:short)%00%(objectname)%00%(upstream:track)%00%(upstream:remotename)%00%(upstream:remoteref) refs/heads/master refs/remotes/master [8ms]
2023-10-20 10:20:21.420 [info] > git status -z -uall [504ms]
2023-10-20 10:20:26.469 [info] > git config --get commit.template [19ms]
2023-10-20 10:20:26.487 [info] > git for-each-ref --format=%(refname)%00%(upstream:short)%00%(objectname)%00%(upstream:track)%00%(upstream:remotename)%00%(upstream:remoteref) refs/heads/master refs/remotes/master [19ms]
2023-10-20 10:20:26.894 [info] > git status -z -uall [385ms]
2023-10-20 10:20:31.947 [info] > git config --get commit.template [24ms]
2023-10-20 10:20:31.958 [info] > git for-each-ref --format=%(refname)%00%(upstream:short)%00%(objectname)%00%(upstream:track)%00%(upstream:remotename)%00%(upstream:remoteref) refs/heads/master refs/remotes/master [12ms]
2023-10-20 10:20:32.475 [info] > git status -z -uall [494ms]
2023-10-20 10:20:37.531 [info] > git config --get commit.template [27ms]
2023-10-20 10:20:37.549 [info] > git for-each-ref --format=%(refname)%00%(upstream:short)%00%(objectname)%00%(upstream:track)%00%(upstream:remotename)%00%(upstream:remoteref) refs/heads/master refs/remotes/master [18ms]
2023-10-20 10:20:38.040 [info] > git status -z -uall [468ms]
2023-10-20 10:20:43.100 [info] > git config --get commit.template [28ms]
2023-10-20 10:20:43.113 [info] > git for-each-ref --format=%(refname)%00%(upstream:short)%00%(objectname)%00%(upstream:track)%00%(upstream:remotename)%00%(upstream:remoteref) refs/heads/master refs/remotes/master [14ms]
2023-10-20 10:20:43.516 [info] > git status -z -uall [386ms]
2023-10-20 10:20:48.572 [info] > git config --get commit.template [33ms]
2023-10-20 10:20:48.583 [info] > git for-each-ref --format=%(refname)%00%(upstream:short)%00%(objectname)%00%(upstream:track)%00%(upstream:remotename)%00%(upstream:remoteref) refs/heads/master refs/remotes/master [12ms]
2023-10-20 10:20:49.004 [info] > git status -z -uall [401ms]
2023-10-20 10:20:54.052 [info] > git config --get commit.template [26ms]
2023-10-20 10:20:54.063 [info] > git for-each-ref --format=%(refname)%00%(upstream:short)%00%(objectname)%00%(upstream:track)%00%(upstream:remotename)%00%(upstream:remoteref) refs/heads/master refs/remotes/master [12ms]
2023-10-20 10:20:54.488 [info] > git status -z -uall [393ms]
2023-10-20 10:20:59.537 [info] > git config --get commit.template [25ms]
2023-10-20 10:20:59.551 [info] > git for-each-ref --format=%(refname)%00%(upstream:short)%00%(objectname)%00%(upstream:track)%00%(upstream:remotename)%00%(upstream:remoteref) refs/heads/master refs/remotes/master [15ms]
2023-10-20 10:20:59.962 [info] > git status -z -uall [391ms]
2023-10-20 10:21:05.016 [info] > git config --get commit.template [29ms]
2023-10-20 10:21:05.030 [info] > git for-each-ref --format=%(refname)%00%(upstream:short)%00%(objectname)%00%(upstream:track)%00%(upstream:remotename)%00%(upstream:remoteref) refs/heads/master refs/remotes/master [15ms]
2023-10-20 10:21:05.501 [info] > git status -z -uall [444ms]
2023-10-20 10:21:10.557 [info] > git config --get commit.template [34ms]
2023-10-20 10:21:10.572 [info] > git for-each-ref --format=%(refname)%00%(upstream:short)%00%(objectname)%00%(upstream:track)%00%(upstream:remotename)%00%(upstream:remoteref) refs/heads/master refs/remotes/master [16ms]
2023-10-20 10:21:10.989 [info] > git status -z -uall [398ms]
2023-10-20 10:21:16.052 [info] > git config --get commit.template [28ms]
2023-10-20 10:21:16.069 [info] > git for-each-ref --format=%(refname)%00%(upstream:short)%00%(objectname)%00%(upstream:track)%00%(upstream:remotename)%00%(upstream:remoteref) refs/heads/master refs/remotes/master [17ms]
2023-10-20 10:21:16.482 [info] > git status -z -uall [392ms]
