2023-11-15 18:26:28.666 [info] Log level: Info
2023-11-15 18:26:28.666 [info] Validating found git in: "git"
2023-11-15 18:26:28.666 [info] Using git "2.30.2" from "git"
2023-11-15 18:26:28.666 [info] > git rev-parse --show-toplevel [6ms]
2023-11-15 18:26:28.673 [info] > git rev-parse --show-toplevel [3ms]
2023-11-15 18:26:28.679 [info] > git rev-parse --show-toplevel [3ms]
2023-11-15 18:26:28.684 [info] > git rev-parse --show-toplevel [2ms]
2023-11-15 18:26:28.690 [info] > git rev-parse --show-toplevel [2ms]
2023-11-15 18:29:23.280 [info] > git rev-parse --show-toplevel [4ms]
2023-11-15 18:29:23.289 [info] > git rev-parse --git-dir --git-common-dir [2ms]
2023-11-15 18:29:23.308 [info] Open repository: /home/TDIW/tdiw-k11
2023-11-15 18:29:23.323 [info] > git config --get commit.template [6ms]
2023-11-15 18:29:23.333 [info] > git for-each-ref --format=%(refname)%00%(upstream:short)%00%(objectname)%00%(upstream:track)%00%(upstream:remotename)%00%(upstream:remoteref) refs/heads/master refs/remotes/master [13ms]
2023-11-15 18:29:24.147 [info] > git status -z -uall [809ms]
2023-11-15 18:29:24.195 [info] > git config --get commit.template [5ms]
2023-11-15 18:29:24.197 [info] > git for-each-ref --format=%(refname)%00%(upstream:short)%00%(objectname)%00%(upstream:track)%00%(upstream:remotename)%00%(upstream:remoteref) refs/heads/master refs/remotes/master [3ms]
2023-11-15 18:29:24.752 [info] > git status -z -uall [552ms]
2023-11-15 18:29:24.957 [info] > git check-ignore -v -z --stdin [5ms]
2023-11-15 18:29:27.594 [info] > git config --get commit.template [7ms]
2023-11-15 18:29:27.596 [info] > git for-each-ref --format=%(refname)%00%(upstream:short)%00%(objectname)%00%(upstream:track)%00%(upstream:remotename)%00%(upstream:remoteref) refs/heads/master refs/remotes/master [4ms]
2023-11-15 18:29:28.134 [info] > git status -z -uall [533ms]
2023-11-15 18:29:31.729 [info] > git check-ignore -v -z --stdin [39ms]
2023-11-15 18:30:02.119 [info] > git config --get commit.template [6ms]
2023-11-15 18:30:02.121 [info] > git for-each-ref --format=%(refname)%00%(upstream:short)%00%(objectname)%00%(upstream:track)%00%(upstream:remotename)%00%(upstream:remoteref) refs/heads/master refs/remotes/master [3ms]
2023-11-15 18:30:02.798 [info] > git status -z -uall [670ms]
2023-11-15 18:30:04.565 [info] > git check-ignore -v -z --stdin [6ms]
2023-11-15 18:30:07.833 [info] > git config --get commit.template [6ms]
2023-11-15 18:30:07.835 [info] > git for-each-ref --format=%(refname)%00%(upstream:short)%00%(objectname)%00%(upstream:track)%00%(upstream:remotename)%00%(upstream:remoteref) refs/heads/master refs/remotes/master [3ms]
2023-11-15 18:30:08.372 [info] > git status -z -uall [531ms]
2023-11-15 18:30:13.453 [info] > git config --get commit.template [7ms]
2023-11-15 18:30:13.455 [info] > git for-each-ref --format=%(refname)%00%(upstream:short)%00%(objectname)%00%(upstream:track)%00%(upstream:remotename)%00%(upstream:remoteref) refs/heads/master refs/remotes/master [4ms]
2023-11-15 18:30:14.009 [info] > git status -z -uall [547ms]
2023-11-15 18:30:21.179 [info] > git config --get commit.template [6ms]
2023-11-15 18:30:21.181 [info] > git for-each-ref --format=%(refname)%00%(upstream:short)%00%(objectname)%00%(upstream:track)%00%(upstream:remotename)%00%(upstream:remoteref) refs/heads/master refs/remotes/master [3ms]
2023-11-15 18:30:21.738 [info] > git status -z -uall [550ms]
2023-11-15 18:30:23.050 [info] > git add -A -- . [1850ms]
2023-11-15 18:30:23.311 [info] > git -c user.useConfigOnly=true commit --quiet [253ms]
2023-11-15 18:30:23.311 [info] Author identity unknown

*** Please tell me who you are.

Run

  git config --global user.email "you@example.com"
  git config --global user.name "Your Name"

to set your account's default identity.
Omit --global to set the identity only in this repository.

fatal: no email was given and auto-detection is disabled
2023-11-15 18:30:23.324 [info] > git config --get-all user.name [4ms]
2023-11-15 18:30:23.346 [info] > git config --get commit.template [11ms]
2023-11-15 18:30:23.350 [info] > git for-each-ref --format=%(refname)%00%(upstream:short)%00%(objectname)%00%(upstream:track)%00%(upstream:remotename)%00%(upstream:remoteref) refs/heads/master refs/remotes/master [5ms]
2023-11-15 18:30:24.693 [info] > git status -z -uall [1334ms]
2023-11-15 18:30:27.546 [info] > git config --get commit.template [7ms]
2023-11-15 18:30:27.549 [info] > git for-each-ref --format=%(refname)%00%(upstream:short)%00%(objectname)%00%(upstream:track)%00%(upstream:remotename)%00%(upstream:remoteref) refs/heads/master refs/remotes/master [4ms]
2023-11-15 18:30:28.515 [info] > git status -z -uall [960ms]
2023-11-15 18:30:33.540 [info] > git config --get commit.template [7ms]
2023-11-15 18:30:33.542 [info] > git for-each-ref --format=%(refname)%00%(upstream:short)%00%(objectname)%00%(upstream:track)%00%(upstream:remotename)%00%(upstream:remoteref) refs/heads/master refs/remotes/master [3ms]
2023-11-15 18:30:34.374 [info] > git status -z -uall [825ms]
2023-11-15 18:30:39.397 [info] > git config --get commit.template [7ms]
2023-11-15 18:30:39.399 [info] > git for-each-ref --format=%(refname)%00%(upstream:short)%00%(objectname)%00%(upstream:track)%00%(upstream:remotename)%00%(upstream:remoteref) refs/heads/master refs/remotes/master [3ms]
2023-11-15 18:30:40.232 [info] > git status -z -uall [826ms]
2023-11-15 18:30:45.257 [info] > git config --get commit.template [9ms]
2023-11-15 18:30:45.259 [info] > git for-each-ref --format=%(refname)%00%(upstream:short)%00%(objectname)%00%(upstream:track)%00%(upstream:remotename)%00%(upstream:remoteref) refs/heads/master refs/remotes/master [4ms]
2023-11-15 18:30:46.087 [info] > git status -z -uall [819ms]
2023-11-15 18:30:48.964 [info] > git check-ignore -v -z --stdin [6ms]
2023-11-15 18:30:56.357 [info] > git config --get commit.template [7ms]
2023-11-15 18:30:56.360 [info] > git for-each-ref --format=%(refname)%00%(upstream:short)%00%(objectname)%00%(upstream:track)%00%(upstream:remotename)%00%(upstream:remoteref) refs/heads/master refs/remotes/master [4ms]
2023-11-15 18:30:57.290 [info] > git status -z -uall [923ms]
2023-11-15 18:31:02.314 [info] > git config --get commit.template [6ms]
2023-11-15 18:31:02.316 [info] > git for-each-ref --format=%(refname)%00%(upstream:short)%00%(objectname)%00%(upstream:track)%00%(upstream:remotename)%00%(upstream:remoteref) refs/heads/master refs/remotes/master [3ms]
2023-11-15 18:31:03.145 [info] > git status -z -uall [820ms]
2023-11-15 18:31:05.181 [info] > git show --textconv :public_html/php/Controller/categoriacontroller.php [17ms]
2023-11-15 18:31:05.186 [info] > git ls-files --stage -- /home/TDIW/tdiw-k11/public_html/php/Controller/categoriacontroller.php [6ms]
2023-11-15 18:31:05.207 [info] > git cat-file -s 35d03c04f9afe56a7daf08006bab0c59f62c5ac0 [6ms]
2023-11-15 18:31:08.168 [info] > git config --get commit.template [7ms]
2023-11-15 18:31:08.171 [info] > git for-each-ref --format=%(refname)%00%(upstream:short)%00%(objectname)%00%(upstream:track)%00%(upstream:remotename)%00%(upstream:remoteref) refs/heads/master refs/remotes/master [3ms]
2023-11-15 18:31:08.990 [info] > git status -z -uall [810ms]
2023-11-15 18:31:14.013 [info] > git config --get commit.template [7ms]
2023-11-15 18:31:14.015 [info] > git for-each-ref --format=%(refname)%00%(upstream:short)%00%(objectname)%00%(upstream:track)%00%(upstream:remotename)%00%(upstream:remoteref) refs/heads/master refs/remotes/master [3ms]
2023-11-15 18:31:14.856 [info] > git status -z -uall [833ms]
2023-11-15 18:31:19.903 [info] > git config --get commit.template [7ms]
2023-11-15 18:31:19.905 [info] > git for-each-ref --format=%(refname)%00%(upstream:short)%00%(objectname)%00%(upstream:track)%00%(upstream:remotename)%00%(upstream:remoteref) refs/heads/master refs/remotes/master [3ms]
2023-11-15 18:31:20.826 [info] > git status -z -uall [913ms]
2023-11-15 18:31:24.128 [info] > git show --textconv :public_html/php/Controller/taulaPreus.php [5ms]
2023-11-15 18:31:24.130 [info] > git ls-files --stage -- /home/TDIW/tdiw-k11/public_html/php/Controller/taulaPreus.php [3ms]
2023-11-15 18:31:24.137 [info] > git cat-file -s e69de29bb2d1d6434b8b29ae775ad8c2e48c5391 [2ms]
2023-11-15 18:31:26.775 [info] > git config --get commit.template [6ms]
2023-11-15 18:31:26.777 [info] > git for-each-ref --format=%(refname)%00%(upstream:short)%00%(objectname)%00%(upstream:track)%00%(upstream:remotename)%00%(upstream:remoteref) refs/heads/master refs/remotes/master [3ms]
2023-11-15 18:31:27.813 [info] > git status -z -uall [1031ms]
2023-11-15 18:31:32.835 [info] > git config --get commit.template [6ms]
2023-11-15 18:31:32.838 [info] > git for-each-ref --format=%(refname)%00%(upstream:short)%00%(objectname)%00%(upstream:track)%00%(upstream:remotename)%00%(upstream:remoteref) refs/heads/master refs/remotes/master [4ms]
2023-11-15 18:31:33.788 [info] > git status -z -uall [944ms]
2023-11-15 18:31:46.905 [info] > git config --get commit.template [7ms]
2023-11-15 18:31:46.908 [info] > git for-each-ref --format=%(refname)%00%(upstream:short)%00%(objectname)%00%(upstream:track)%00%(upstream:remotename)%00%(upstream:remoteref) refs/heads/master refs/remotes/master [3ms]
2023-11-15 18:31:47.721 [info] > git status -z -uall [807ms]
2023-11-15 18:34:40.960 [info] > git config --get commit.template [7ms]
2023-11-15 18:34:40.968 [info] > git for-each-ref --format=%(refname)%00%(upstream:short)%00%(objectname)%00%(upstream:track)%00%(upstream:remotename)%00%(upstream:remoteref) refs/heads/master refs/remotes/master [9ms]
2023-11-15 18:34:42.468 [info] > git status -z -uall [1494ms]
2023-11-15 18:35:15.601 [info] > git config --get commit.template [7ms]
2023-11-15 18:35:15.604 [info] > git for-each-ref --format=%(refname)%00%(upstream:short)%00%(objectname)%00%(upstream:track)%00%(upstream:remotename)%00%(upstream:remoteref) refs/heads/master refs/remotes/master [3ms]
2023-11-15 18:35:16.433 [info] > git status -z -uall [822ms]
2023-11-15 18:35:21.456 [info] > git config --get commit.template [6ms]
2023-11-15 18:35:21.458 [info] > git for-each-ref --format=%(refname)%00%(upstream:short)%00%(objectname)%00%(upstream:track)%00%(upstream:remotename)%00%(upstream:remoteref) refs/heads/master refs/remotes/master [4ms]
2023-11-15 18:35:22.279 [info] > git status -z -uall [814ms]
2023-11-15 18:35:27.303 [info] > git config --get commit.template [7ms]
2023-11-15 18:35:27.306 [info] > git for-each-ref --format=%(refname)%00%(upstream:short)%00%(objectname)%00%(upstream:track)%00%(upstream:remotename)%00%(upstream:remoteref) refs/heads/master refs/remotes/master [4ms]
2023-11-15 18:35:28.130 [info] > git status -z -uall [816ms]
2023-11-15 18:35:33.152 [info] > git config --get commit.template [6ms]
2023-11-15 18:35:33.156 [info] > git for-each-ref --format=%(refname)%00%(upstream:short)%00%(objectname)%00%(upstream:track)%00%(upstream:remotename)%00%(upstream:remoteref) refs/heads/master refs/remotes/master [4ms]
2023-11-15 18:35:33.958 [info] > git status -z -uall [796ms]
2023-11-15 18:35:38.980 [info] > git config --get commit.template [6ms]
2023-11-15 18:35:38.982 [info] > git for-each-ref --format=%(refname)%00%(upstream:short)%00%(objectname)%00%(upstream:track)%00%(upstream:remotename)%00%(upstream:remoteref) refs/heads/master refs/remotes/master [3ms]
2023-11-15 18:35:39.807 [info] > git status -z -uall [819ms]
2023-11-15 18:35:44.829 [info] > git config --get commit.template [6ms]
2023-11-15 18:35:44.832 [info] > git for-each-ref --format=%(refname)%00%(upstream:short)%00%(objectname)%00%(upstream:track)%00%(upstream:remotename)%00%(upstream:remoteref) refs/heads/master refs/remotes/master [4ms]
2023-11-15 18:35:45.887 [info] > git status -z -uall [1048ms]
2023-11-15 18:35:50.910 [info] > git config --get commit.template [6ms]
2023-11-15 18:35:50.914 [info] > git for-each-ref --format=%(refname)%00%(upstream:short)%00%(objectname)%00%(upstream:track)%00%(upstream:remotename)%00%(upstream:remoteref) refs/heads/master refs/remotes/master [5ms]
2023-11-15 18:35:51.740 [info] > git status -z -uall [818ms]
2023-11-15 18:35:56.764 [info] > git config --get commit.template [6ms]
2023-11-15 18:35:56.766 [info] > git for-each-ref --format=%(refname)%00%(upstream:short)%00%(objectname)%00%(upstream:track)%00%(upstream:remotename)%00%(upstream:remoteref) refs/heads/master refs/remotes/master [3ms]
2023-11-15 18:35:57.572 [info] > git status -z -uall [799ms]
2023-11-15 18:36:02.596 [info] > git config --get commit.template [7ms]
2023-11-15 18:36:02.599 [info] > git for-each-ref --format=%(refname)%00%(upstream:short)%00%(objectname)%00%(upstream:track)%00%(upstream:remotename)%00%(upstream:remoteref) refs/heads/master refs/remotes/master [4ms]
2023-11-15 18:36:03.423 [info] > git status -z -uall [816ms]
2023-11-15 18:36:08.446 [info] > git config --get commit.template [6ms]
2023-11-15 18:36:08.448 [info] > git for-each-ref --format=%(refname)%00%(upstream:short)%00%(objectname)%00%(upstream:track)%00%(upstream:remotename)%00%(upstream:remoteref) refs/heads/master refs/remotes/master [4ms]
2023-11-15 18:36:09.381 [info] > git status -z -uall [926ms]
2023-11-15 18:36:14.404 [info] > git config --get commit.template [6ms]
2023-11-15 18:36:14.407 [info] > git for-each-ref --format=%(refname)%00%(upstream:short)%00%(objectname)%00%(upstream:track)%00%(upstream:remotename)%00%(upstream:remoteref) refs/heads/master refs/remotes/master [4ms]
2023-11-15 18:36:15.221 [info] > git status -z -uall [808ms]
2023-11-15 18:36:20.260 [info] > git config --get commit.template [13ms]
2023-11-15 18:36:20.262 [info] > git for-each-ref --format=%(refname)%00%(upstream:short)%00%(objectname)%00%(upstream:track)%00%(upstream:remotename)%00%(upstream:remoteref) refs/heads/master refs/remotes/master [6ms]
2023-11-15 18:36:21.100 [info] > git status -z -uall [826ms]
2023-11-15 18:36:26.122 [info] > git config --get commit.template [6ms]
2023-11-15 18:36:26.124 [info] > git for-each-ref --format=%(refname)%00%(upstream:short)%00%(objectname)%00%(upstream:track)%00%(upstream:remotename)%00%(upstream:remoteref) refs/heads/master refs/remotes/master [3ms]
2023-11-15 18:36:26.948 [info] > git status -z -uall [817ms]
2023-11-15 18:36:31.971 [info] > git config --get commit.template [6ms]
2023-11-15 18:36:31.973 [info] > git for-each-ref --format=%(refname)%00%(upstream:short)%00%(objectname)%00%(upstream:track)%00%(upstream:remotename)%00%(upstream:remoteref) refs/heads/master refs/remotes/master [3ms]
2023-11-15 18:36:32.800 [info] > git status -z -uall [820ms]
2023-11-15 18:36:37.821 [info] > git config --get commit.template [5ms]
2023-11-15 18:36:37.824 [info] > git for-each-ref --format=%(refname)%00%(upstream:short)%00%(objectname)%00%(upstream:track)%00%(upstream:remotename)%00%(upstream:remoteref) refs/heads/master refs/remotes/master [4ms]
2023-11-15 18:36:38.647 [info] > git status -z -uall [817ms]
2023-11-15 18:36:43.671 [info] > git config --get commit.template [6ms]
2023-11-15 18:36:43.673 [info] > git for-each-ref --format=%(refname)%00%(upstream:short)%00%(objectname)%00%(upstream:track)%00%(upstream:remotename)%00%(upstream:remoteref) refs/heads/master refs/remotes/master [3ms]
2023-11-15 18:36:44.516 [info] > git status -z -uall [836ms]
2023-11-15 18:36:49.539 [info] > git config --get commit.template [6ms]
2023-11-15 18:36:49.543 [info] > git for-each-ref --format=%(refname)%00%(upstream:short)%00%(objectname)%00%(upstream:track)%00%(upstream:remotename)%00%(upstream:remoteref) refs/heads/master refs/remotes/master [5ms]
2023-11-15 18:36:50.608 [info] > git status -z -uall [1057ms]
2023-11-15 18:36:55.630 [info] > git config --get commit.template [6ms]
2023-11-15 18:36:55.633 [info] > git for-each-ref --format=%(refname)%00%(upstream:short)%00%(objectname)%00%(upstream:track)%00%(upstream:remotename)%00%(upstream:remoteref) refs/heads/master refs/remotes/master [3ms]
2023-11-15 18:36:56.443 [info] > git status -z -uall [802ms]
2023-11-15 18:37:01.466 [info] > git config --get commit.template [7ms]
2023-11-15 18:37:01.469 [info] > git for-each-ref --format=%(refname)%00%(upstream:short)%00%(objectname)%00%(upstream:track)%00%(upstream:remotename)%00%(upstream:remoteref) refs/heads/master refs/remotes/master [4ms]
2023-11-15 18:37:02.369 [info] > git status -z -uall [893ms]
2023-11-15 18:37:07.393 [info] > git config --get commit.template [5ms]
2023-11-15 18:37:07.395 [info] > git for-each-ref --format=%(refname)%00%(upstream:short)%00%(objectname)%00%(upstream:track)%00%(upstream:remotename)%00%(upstream:remoteref) refs/heads/master refs/remotes/master [3ms]
2023-11-15 18:37:08.219 [info] > git status -z -uall [818ms]
2023-11-15 18:37:13.241 [info] > git config --get commit.template [7ms]
2023-11-15 18:37:13.243 [info] > git for-each-ref --format=%(refname)%00%(upstream:short)%00%(objectname)%00%(upstream:track)%00%(upstream:remotename)%00%(upstream:remoteref) refs/heads/master refs/remotes/master [3ms]
2023-11-15 18:37:14.051 [info] > git status -z -uall [801ms]
2023-11-15 18:37:19.073 [info] > git config --get commit.template [6ms]
2023-11-15 18:37:19.075 [info] > git for-each-ref --format=%(refname)%00%(upstream:short)%00%(objectname)%00%(upstream:track)%00%(upstream:remotename)%00%(upstream:remoteref) refs/heads/master refs/remotes/master [3ms]
2023-11-15 18:37:19.890 [info] > git status -z -uall [809ms]
2023-11-15 18:37:24.913 [info] > git config --get commit.template [5ms]
2023-11-15 18:37:24.915 [info] > git for-each-ref --format=%(refname)%00%(upstream:short)%00%(objectname)%00%(upstream:track)%00%(upstream:remotename)%00%(upstream:remoteref) refs/heads/master refs/remotes/master [3ms]
2023-11-15 18:37:25.739 [info] > git status -z -uall [818ms]
2023-11-15 18:37:25.755 [info] > git config --get commit.template [4ms]
2023-11-15 18:37:25.757 [info] > git for-each-ref --format=%(refname)%00%(upstream:short)%00%(objectname)%00%(upstream:track)%00%(upstream:remotename)%00%(upstream:remoteref) refs/heads/master refs/remotes/master [2ms]
2023-11-15 18:37:26.555 [info] > git status -z -uall [794ms]
2023-11-15 18:37:26.571 [info] > git config --get commit.template [4ms]
2023-11-15 18:37:26.573 [info] > git for-each-ref --format=%(refname)%00%(upstream:short)%00%(objectname)%00%(upstream:track)%00%(upstream:remotename)%00%(upstream:remoteref) refs/heads/master refs/remotes/master [3ms]
2023-11-15 18:37:27.414 [info] > git status -z -uall [837ms]
2023-11-15 18:37:30.765 [info] > git config --get commit.template [8ms]
2023-11-15 18:37:30.766 [info] > git for-each-ref --format=%(refname)%00%(upstream:short)%00%(objectname)%00%(upstream:track)%00%(upstream:remotename)%00%(upstream:remoteref) refs/heads/master refs/remotes/master [4ms]
2023-11-15 18:37:31.594 [info] > git status -z -uall [821ms]
2023-11-15 18:42:50.265 [info] > git config --get commit.template [6ms]
2023-11-15 18:42:50.273 [info] > git for-each-ref --format=%(refname)%00%(upstream:short)%00%(objectname)%00%(upstream:track)%00%(upstream:remotename)%00%(upstream:remoteref) refs/heads/master refs/remotes/master [8ms]
2023-11-15 18:42:51.803 [info] > git status -z -uall [1523ms]
2023-11-15 18:42:56.826 [info] > git config --get commit.template [6ms]
2023-11-15 18:42:56.829 [info] > git for-each-ref --format=%(refname)%00%(upstream:short)%00%(objectname)%00%(upstream:track)%00%(upstream:remotename)%00%(upstream:remoteref) refs/heads/master refs/remotes/master [4ms]
2023-11-15 18:42:57.639 [info] > git status -z -uall [803ms]
2023-11-15 18:43:02.663 [info] > git config --get commit.template [7ms]
2023-11-15 18:43:02.666 [info] > git for-each-ref --format=%(refname)%00%(upstream:short)%00%(objectname)%00%(upstream:track)%00%(upstream:remotename)%00%(upstream:remoteref) refs/heads/master refs/remotes/master [4ms]
2023-11-15 18:43:03.487 [info] > git status -z -uall [814ms]
2023-11-15 18:43:08.509 [info] > git config --get commit.template [7ms]
2023-11-15 18:43:08.511 [info] > git for-each-ref --format=%(refname)%00%(upstream:short)%00%(objectname)%00%(upstream:track)%00%(upstream:remotename)%00%(upstream:remoteref) refs/heads/master refs/remotes/master [4ms]
2023-11-15 18:43:09.322 [info] > git status -z -uall [804ms]
2023-11-15 18:43:14.344 [info] > git config --get commit.template [7ms]
2023-11-15 18:43:14.346 [info] > git for-each-ref --format=%(refname)%00%(upstream:short)%00%(objectname)%00%(upstream:track)%00%(upstream:remotename)%00%(upstream:remoteref) refs/heads/master refs/remotes/master [3ms]
2023-11-15 18:43:15.174 [info] > git status -z -uall [821ms]
2023-11-15 18:43:22.025 [info] > git config --get commit.template [5ms]
2023-11-15 18:43:22.027 [info] > git for-each-ref --format=%(refname)%00%(upstream:short)%00%(objectname)%00%(upstream:track)%00%(upstream:remotename)%00%(upstream:remoteref) refs/heads/master refs/remotes/master [3ms]
2023-11-15 18:43:22.833 [info] > git status -z -uall [800ms]
2023-11-15 18:43:28.063 [info] > git config --get commit.template [6ms]
2023-11-15 18:43:28.065 [info] > git for-each-ref --format=%(refname)%00%(upstream:short)%00%(objectname)%00%(upstream:track)%00%(upstream:remotename)%00%(upstream:remoteref) refs/heads/master refs/remotes/master [3ms]
2023-11-15 18:43:28.894 [info] > git status -z -uall [822ms]
2023-11-15 18:43:33.918 [info] > git config --get commit.template [6ms]
2023-11-15 18:43:33.920 [info] > git for-each-ref --format=%(refname)%00%(upstream:short)%00%(objectname)%00%(upstream:track)%00%(upstream:remotename)%00%(upstream:remoteref) refs/heads/master refs/remotes/master [3ms]
2023-11-15 18:43:34.736 [info] > git status -z -uall [809ms]
2023-11-15 18:43:39.760 [info] > git config --get commit.template [5ms]
2023-11-15 18:43:39.763 [info] > git for-each-ref --format=%(refname)%00%(upstream:short)%00%(objectname)%00%(upstream:track)%00%(upstream:remotename)%00%(upstream:remoteref) refs/heads/master refs/remotes/master [3ms]
2023-11-15 18:43:40.577 [info] > git status -z -uall [809ms]
2023-11-15 18:43:41.310 [info] > git check-ignore -v -z --stdin [4ms]
2023-11-15 18:44:57.296 [info] > git config --get commit.template [7ms]
2023-11-15 18:44:57.304 [info] > git for-each-ref --format=%(refname)%00%(upstream:short)%00%(objectname)%00%(upstream:track)%00%(upstream:remotename)%00%(upstream:remoteref) refs/heads/master refs/remotes/master [9ms]
2023-11-15 18:44:58.809 [info] > git status -z -uall [1497ms]
2023-11-15 18:45:03.831 [info] > git config --get commit.template [6ms]
2023-11-15 18:45:03.833 [info] > git for-each-ref --format=%(refname)%00%(upstream:short)%00%(objectname)%00%(upstream:track)%00%(upstream:remotename)%00%(upstream:remoteref) refs/heads/master refs/remotes/master [3ms]
2023-11-15 18:45:04.645 [info] > git status -z -uall [806ms]
2023-11-15 18:45:09.667 [info] > git config --get commit.template [6ms]
2023-11-15 18:45:09.671 [info] > git for-each-ref --format=%(refname)%00%(upstream:short)%00%(objectname)%00%(upstream:track)%00%(upstream:remotename)%00%(upstream:remoteref) refs/heads/master refs/remotes/master [4ms]
2023-11-15 18:45:10.498 [info] > git status -z -uall [820ms]
2023-11-15 18:45:15.521 [info] > git config --get commit.template [6ms]
2023-11-15 18:45:15.524 [info] > git for-each-ref --format=%(refname)%00%(upstream:short)%00%(objectname)%00%(upstream:track)%00%(upstream:remotename)%00%(upstream:remoteref) refs/heads/master refs/remotes/master [3ms]
2023-11-15 18:45:16.363 [info] > git status -z -uall [832ms]
2023-11-15 18:45:17.917 [info] > git -c user.useConfigOnly=true commit --quiet [44ms]
2023-11-15 18:45:17.917 [info] Author identity unknown

*** Please tell me who you are.

Run

  git config --global user.email "you@example.com"
  git config --global user.name "Your Name"

to set your account's default identity.
Omit --global to set the identity only in this repository.

fatal: no email was given and auto-detection is disabled
2023-11-15 18:45:17.928 [info] > git config --get-all user.name [3ms]
2023-11-15 18:45:17.940 [info] > git config --get commit.template [5ms]
2023-11-15 18:45:17.943 [info] > git for-each-ref --format=%(refname)%00%(upstream:short)%00%(objectname)%00%(upstream:track)%00%(upstream:remotename)%00%(upstream:remoteref) refs/heads/master refs/remotes/master [3ms]
2023-11-15 18:45:18.777 [info] > git status -z -uall [830ms]
2023-11-15 18:45:20.662 [info] > git ls-files --stage -- /home/TDIW/tdiw-k11/public_html/php/Controller/taulaPreus.php [3ms]
2023-11-15 18:45:20.670 [info] > git cat-file -s e69de29bb2d1d6434b8b29ae775ad8c2e48c5391 [2ms]
2023-11-15 18:45:20.686 [info] > git show --textconv :public_html/php/Controller/taulaPreus.php [5ms]
2023-11-15 18:45:21.389 [info] > git config --get commit.template [5ms]
2023-11-15 18:45:21.391 [info] > git for-each-ref --format=%(refname)%00%(upstream:short)%00%(objectname)%00%(upstream:track)%00%(upstream:remotename)%00%(upstream:remoteref) refs/heads/master refs/remotes/master [3ms]
2023-11-15 18:45:22.213 [info] > git status -z -uall [817ms]
2023-11-15 18:45:27.239 [info] > git config --get commit.template [6ms]
2023-11-15 18:45:27.241 [info] > git for-each-ref --format=%(refname)%00%(upstream:short)%00%(objectname)%00%(upstream:track)%00%(upstream:remotename)%00%(upstream:remoteref) refs/heads/master refs/remotes/master [4ms]
2023-11-15 18:45:28.063 [info] > git status -z -uall [816ms]
2023-11-15 18:45:33.085 [info] > git config --get commit.template [6ms]
2023-11-15 18:45:33.087 [info] > git for-each-ref --format=%(refname)%00%(upstream:short)%00%(objectname)%00%(upstream:track)%00%(upstream:remotename)%00%(upstream:remoteref) refs/heads/master refs/remotes/master [3ms]
2023-11-15 18:45:33.901 [info] > git status -z -uall [808ms]
2023-11-15 18:45:38.922 [info] > git config --get commit.template [6ms]
2023-11-15 18:45:38.925 [info] > git for-each-ref --format=%(refname)%00%(upstream:short)%00%(objectname)%00%(upstream:track)%00%(upstream:remotename)%00%(upstream:remoteref) refs/heads/master refs/remotes/master [4ms]
2023-11-15 18:45:39.750 [info] > git status -z -uall [819ms]
2023-11-15 18:45:44.772 [info] > git config --get commit.template [7ms]
2023-11-15 18:45:44.775 [info] > git for-each-ref --format=%(refname)%00%(upstream:short)%00%(objectname)%00%(upstream:track)%00%(upstream:remotename)%00%(upstream:remoteref) refs/heads/master refs/remotes/master [4ms]
2023-11-15 18:45:45.594 [info] > git status -z -uall [811ms]
2023-11-15 18:45:50.611 [info] > git config --get commit.template [5ms]
2023-11-15 18:45:50.617 [info] > git for-each-ref --format=%(refname)%00%(upstream:short)%00%(objectname)%00%(upstream:track)%00%(upstream:remotename)%00%(upstream:remoteref) refs/heads/master refs/remotes/master [7ms]
2023-11-15 18:45:51.148 [info] > git status -z -uall [527ms]
2023-11-15 18:45:51.627 [info] > git ls-files --stage -- /home/TDIW/tdiw-k11/public_html/php/Controller/taulaPreus.php [4ms]
2023-11-15 18:45:51.636 [info] > git cat-file -s e69de29bb2d1d6434b8b29ae775ad8c2e48c5391 [3ms]
2023-11-15 18:45:51.661 [info] > git show --textconv :public_html/php/Controller/taulaPreus.php [6ms]
2023-11-15 18:45:51.793 [info] > git check-ignore -v -z --stdin [9ms]
2023-11-15 18:45:56.163 [info] > git config --get commit.template [6ms]
2023-11-15 18:45:56.165 [info] > git for-each-ref --format=%(refname)%00%(upstream:short)%00%(objectname)%00%(upstream:track)%00%(upstream:remotename)%00%(upstream:remoteref) refs/heads/master refs/remotes/master [3ms]
2023-11-15 18:45:56.733 [info] > git status -z -uall [563ms]
2023-11-15 18:46:01.630 [info] > git ls-files --stage -- /home/TDIW/tdiw-k11/public_html/php/Controller/taulaPreus.php [6ms]
2023-11-15 18:46:01.644 [info] > git cat-file -s e69de29bb2d1d6434b8b29ae775ad8c2e48c5391 [7ms]
2023-11-15 18:46:01.675 [info] > git show --textconv :public_html/php/Controller/taulaPreus.php [8ms]
2023-11-15 19:01:59.450 [info] > git config --get commit.template [7ms]
2023-11-15 19:01:59.458 [info] > git for-each-ref --format=%(refname)%00%(upstream:short)%00%(objectname)%00%(upstream:track)%00%(upstream:remotename)%00%(upstream:remoteref) refs/heads/master refs/remotes/master [9ms]
2023-11-15 19:02:00.276 [info] > git status -z -uall [813ms]
2023-11-15 19:08:35.152 [info] > git config --get commit.template [7ms]
2023-11-15 19:08:35.160 [info] > git for-each-ref --format=%(refname)%00%(upstream:short)%00%(objectname)%00%(upstream:track)%00%(upstream:remotename)%00%(upstream:remoteref) refs/heads/master refs/remotes/master [9ms]
2023-11-15 19:08:35.997 [info] > git status -z -uall [828ms]
2023-11-15 19:08:41.015 [info] > git config --get commit.template [7ms]
2023-11-15 19:08:41.018 [info] > git for-each-ref --format=%(refname)%00%(upstream:short)%00%(objectname)%00%(upstream:track)%00%(upstream:remotename)%00%(upstream:remoteref) refs/heads/master refs/remotes/master [4ms]
2023-11-15 19:08:41.597 [info] > git status -z -uall [573ms]
