2023-10-20 09:51:15.456 [info] Extension host with pid 365055 started
2023-10-20 09:51:15.516 [info] Lock '/home/TDIW/tdiw-k11/.vscode-server/data/User/workspaceStorage/74c4d86dc863f504f15dde947b3a866a/vscode.lock': Lock acquired.
2023-10-20 09:51:15.585 [info] ExtensionService#_doActivateExtension vscode.git-base, startup: true, activationEvent: '*', root cause: vscode.git
2023-10-20 09:51:15.718 [info] ExtensionService#_doActivateExtension vscode.git, startup: true, activationEvent: '*'
2023-10-20 09:51:15.719 [info] ExtensionService#_doActivateExtension vscode.github, startup: true, activationEvent: '*'
2023-10-20 09:51:16.239 [info] Eager extensions activated
2023-10-20 09:51:16.240 [info] ExtensionService#_doActivateExtension vscode.debug-auto-launch, startup: false, activationEvent: 'onStartupFinished'
2023-10-20 09:51:16.240 [info] ExtensionService#_doActivateExtension vscode.merge-conflict, startup: false, activationEvent: 'onStartupFinished'
2023-10-20 09:51:23.064 [info] ExtensionService#_doActivateExtension vscode.html-language-features, startup: false, activationEvent: 'onLanguage:html'
2023-10-20 09:51:23.066 [info] ExtensionService#_doActivateExtension vscode.emmet, startup: false, activationEvent: 'onLanguage'
2023-10-20 10:07:56.670 [info] ExtensionService#_doActivateExtension vscode.php-language-features, startup: false, activationEvent: 'onLanguage:php'
2023-10-20 10:14:34.243 [warning] [Decorations] CAPPING events from decorations provider vscode.git 3549
2023-10-20 10:14:35.877 [warning] [Decorations] CAPPING events from decorations provider vscode.git 3549
2023-10-20 10:23:45.769 [info] Extension host terminating: renderer disconnected for too long (2)
2023-10-20 10:23:45.770 [info] Lock '/home/TDIW/tdiw-k11/.vscode-server/data/User/workspaceStorage/74c4d86dc863f504f15dde947b3a866a/vscode.lock': Marking the lockfile as scheduled to be released in 6000 ms.
2023-10-20 10:23:45.812 [error] Canceled: Canceled
	at new m (/home/TDIW/tdiw-k11/.vscode-server/bin/f1b07bd25dfad64b0167beb15359ae573aecd2cc/out/vs/workbench/api/node/extensionHostProcess.js:126:57216)
	at i.U (/home/TDIW/tdiw-k11/.vscode-server/bin/f1b07bd25dfad64b0167beb15359ae573aecd2cc/out/vs/workbench/api/node/extensionHostProcess.js:135:10864)
	at M.<computed>.j.charCodeAt.M.<computed> (/home/TDIW/tdiw-k11/.vscode-server/bin/f1b07bd25dfad64b0167beb15359ae573aecd2cc/out/vs/workbench/api/node/extensionHostProcess.js:135:8315)
	at n.g (/home/TDIW/tdiw-k11/.vscode-server/bin/f1b07bd25dfad64b0167beb15359ae573aecd2cc/out/vs/workbench/api/node/extensionHostProcess.js:126:83747)
	at n.executeCommand (/home/TDIW/tdiw-k11/.vscode-server/bin/f1b07bd25dfad64b0167beb15359ae573aecd2cc/out/vs/workbench/api/node/extensionHostProcess.js:126:83185)
	at b.registerCommand.description (/home/TDIW/tdiw-k11/.vscode-server/bin/f1b07bd25dfad64b0167beb15359ae573aecd2cc/out/vs/workbench/api/node/extensionHostProcess.js:126:82506)
	at n.h (/home/TDIW/tdiw-k11/.vscode-server/bin/f1b07bd25dfad64b0167beb15359ae573aecd2cc/out/vs/workbench/api/node/extensionHostProcess.js:126:84283)
	at n.g (/home/TDIW/tdiw-k11/.vscode-server/bin/f1b07bd25dfad64b0167beb15359ae573aecd2cc/out/vs/workbench/api/node/extensionHostProcess.js:126:83278)
	at n.executeCommand (/home/TDIW/tdiw-k11/.vscode-server/bin/f1b07bd25dfad64b0167beb15359ae573aecd2cc/out/vs/workbench/api/node/extensionHostProcess.js:126:83185)
	at Object.executeCommand (/home/TDIW/tdiw-k11/.vscode-server/bin/f1b07bd25dfad64b0167beb15359ae573aecd2cc/out/vs/workbench/api/node/extensionHostProcess.js:141:21282)
	at s.D [as value] (/home/TDIW/tdiw-k11/.vscode-server/bin/f1b07bd25dfad64b0167beb15359ae573aecd2cc/extensions/git/dist/main.js:2:1312800)
	at c.z (/home/TDIW/tdiw-k11/.vscode-server/bin/f1b07bd25dfad64b0167beb15359ae573aecd2cc/out/vs/workbench/api/node/extensionHostProcess.js:80:1902)
	at c.A (/home/TDIW/tdiw-k11/.vscode-server/bin/f1b07bd25dfad64b0167beb15359ae573aecd2cc/out/vs/workbench/api/node/extensionHostProcess.js:80:1972)
	at c.fire (/home/TDIW/tdiw-k11/.vscode-server/bin/f1b07bd25dfad64b0167beb15359ae573aecd2cc/out/vs/workbench/api/node/extensionHostProcess.js:80:2188)
	at Object.m [as dispose] (/home/TDIW/tdiw-k11/.vscode-server/bin/f1b07bd25dfad64b0167beb15359ae573aecd2cc/extensions/git/dist/main.js:2:1328588)
	at /home/TDIW/tdiw-k11/.vscode-server/bin/f1b07bd25dfad64b0167beb15359ae573aecd2cc/extensions/git/dist/main.js:2:1333429
	at Array.forEach (<anonymous>)
	at g.dispose (/home/TDIW/tdiw-k11/.vscode-server/bin/f1b07bd25dfad64b0167beb15359ae573aecd2cc/extensions/git/dist/main.js:2:1333415)
	at w.<anonymous> (/home/TDIW/tdiw-k11/.vscode-server/bin/f1b07bd25dfad64b0167beb15359ae573aecd2cc/out/vs/workbench/api/node/extensionHostProcess.js:122:3521)
	at w.dispose (/home/TDIW/tdiw-k11/.vscode-server/bin/f1b07bd25dfad64b0167beb15359ae573aecd2cc/out/vs/workbench/api/node/extensionHostProcess.js:122:3618)
	at w.<anonymous> (/home/TDIW/tdiw-k11/.vscode-server/bin/f1b07bd25dfad64b0167beb15359ae573aecd2cc/extensions/git/dist/main.js:2:1314812)
	at w.dispose (/home/TDIW/tdiw-k11/.vscode-server/bin/f1b07bd25dfad64b0167beb15359ae573aecd2cc/out/vs/workbench/api/node/extensionHostProcess.js:122:3618)
	at o (/home/TDIW/tdiw-k11/.vscode-server/bin/f1b07bd25dfad64b0167beb15359ae573aecd2cc/out/vs/workbench/api/node/extensionHostProcess.js:30:754)
	at s.cb (/home/TDIW/tdiw-k11/.vscode-server/bin/f1b07bd25dfad64b0167beb15359ae573aecd2cc/out/vs/workbench/api/node/extensionHostProcess.js:137:9846)
	at /home/TDIW/tdiw-k11/.vscode-server/bin/f1b07bd25dfad64b0167beb15359ae573aecd2cc/out/vs/workbench/api/node/extensionHostProcess.js:137:7796
	at Array.map (<anonymous>)
	at s.Y (/home/TDIW/tdiw-k11/.vscode-server/bin/f1b07bd25dfad64b0167beb15359ae573aecd2cc/out/vs/workbench/api/node/extensionHostProcess.js:137:7784)
	at s.terminate (/home/TDIW/tdiw-k11/.vscode-server/bin/f1b07bd25dfad64b0167beb15359ae573aecd2cc/out/vs/workbench/api/node/extensionHostProcess.js:137:8054)
	at o.terminate (/home/TDIW/tdiw-k11/.vscode-server/bin/f1b07bd25dfad64b0167beb15359ae573aecd2cc/out/vs/workbench/api/node/extensionHostProcess.js:141:1513)
	at l (/home/TDIW/tdiw-k11/.vscode-server/bin/f1b07bd25dfad64b0167beb15359ae573aecd2cc/out/vs/workbench/api/node/extensionHostProcess.js:154:9801)
	at j.a (/home/TDIW/tdiw-k11/.vscode-server/bin/f1b07bd25dfad64b0167beb15359ae573aecd2cc/out/vs/workbench/api/node/extensionHostProcess.js:154:6594)
	at j.h (/home/TDIW/tdiw-k11/.vscode-server/bin/f1b07bd25dfad64b0167beb15359ae573aecd2cc/out/vs/workbench/api/node/extensionHostProcess.js:90:19695)
	at listOnTimeout (node:internal/timers:569:17)
	at process.processTimers (node:internal/timers:512:7) setContext undefined
2023-10-20 10:23:45.812 [error] Canceled: Canceled
	at new m (/home/TDIW/tdiw-k11/.vscode-server/bin/f1b07bd25dfad64b0167beb15359ae573aecd2cc/out/vs/workbench/api/node/extensionHostProcess.js:126:57216)
	at i.U (/home/TDIW/tdiw-k11/.vscode-server/bin/f1b07bd25dfad64b0167beb15359ae573aecd2cc/out/vs/workbench/api/node/extensionHostProcess.js:135:10864)
	at M.<computed>.j.charCodeAt.M.<computed> (/home/TDIW/tdiw-k11/.vscode-server/bin/f1b07bd25dfad64b0167beb15359ae573aecd2cc/out/vs/workbench/api/node/extensionHostProcess.js:135:8315)
	at n.g (/home/TDIW/tdiw-k11/.vscode-server/bin/f1b07bd25dfad64b0167beb15359ae573aecd2cc/out/vs/workbench/api/node/extensionHostProcess.js:126:83747)
	at n.executeCommand (/home/TDIW/tdiw-k11/.vscode-server/bin/f1b07bd25dfad64b0167beb15359ae573aecd2cc/out/vs/workbench/api/node/extensionHostProcess.js:126:83185)
	at b.registerCommand.description (/home/TDIW/tdiw-k11/.vscode-server/bin/f1b07bd25dfad64b0167beb15359ae573aecd2cc/out/vs/workbench/api/node/extensionHostProcess.js:126:82506)
	at n.h (/home/TDIW/tdiw-k11/.vscode-server/bin/f1b07bd25dfad64b0167beb15359ae573aecd2cc/out/vs/workbench/api/node/extensionHostProcess.js:126:84283)
	at n.g (/home/TDIW/tdiw-k11/.vscode-server/bin/f1b07bd25dfad64b0167beb15359ae573aecd2cc/out/vs/workbench/api/node/extensionHostProcess.js:126:83278)
	at n.executeCommand (/home/TDIW/tdiw-k11/.vscode-server/bin/f1b07bd25dfad64b0167beb15359ae573aecd2cc/out/vs/workbench/api/node/extensionHostProcess.js:126:83185)
	at Object.executeCommand (/home/TDIW/tdiw-k11/.vscode-server/bin/f1b07bd25dfad64b0167beb15359ae573aecd2cc/out/vs/workbench/api/node/extensionHostProcess.js:141:21282)
	at set b [as b] (/home/TDIW/tdiw-k11/.vscode-server/bin/f1b07bd25dfad64b0167beb15359ae573aecd2cc/extensions/github/dist/extension.js:2:714415)
	at /home/TDIW/tdiw-k11/.vscode-server/bin/f1b07bd25dfad64b0167beb15359ae573aecd2cc/extensions/github/dist/extension.js:2:715056
	at s.value (/home/TDIW/tdiw-k11/.vscode-server/bin/f1b07bd25dfad64b0167beb15359ae573aecd2cc/extensions/git/dist/main.js:2:1402040)
	at c.z (/home/TDIW/tdiw-k11/.vscode-server/bin/f1b07bd25dfad64b0167beb15359ae573aecd2cc/out/vs/workbench/api/node/extensionHostProcess.js:80:1902)
	at c.A (/home/TDIW/tdiw-k11/.vscode-server/bin/f1b07bd25dfad64b0167beb15359ae573aecd2cc/out/vs/workbench/api/node/extensionHostProcess.js:80:1972)
	at c.fire (/home/TDIW/tdiw-k11/.vscode-server/bin/f1b07bd25dfad64b0167beb15359ae573aecd2cc/out/vs/workbench/api/node/extensionHostProcess.js:80:2188)
	at Object.m [as dispose] (/home/TDIW/tdiw-k11/.vscode-server/bin/f1b07bd25dfad64b0167beb15359ae573aecd2cc/extensions/git/dist/main.js:2:1328588)
	at /home/TDIW/tdiw-k11/.vscode-server/bin/f1b07bd25dfad64b0167beb15359ae573aecd2cc/extensions/git/dist/main.js:2:1333429
	at Array.forEach (<anonymous>)
	at g.dispose (/home/TDIW/tdiw-k11/.vscode-server/bin/f1b07bd25dfad64b0167beb15359ae573aecd2cc/extensions/git/dist/main.js:2:1333415)
	at w.<anonymous> (/home/TDIW/tdiw-k11/.vscode-server/bin/f1b07bd25dfad64b0167beb15359ae573aecd2cc/out/vs/workbench/api/node/extensionHostProcess.js:122:3521)
	at w.dispose (/home/TDIW/tdiw-k11/.vscode-server/bin/f1b07bd25dfad64b0167beb15359ae573aecd2cc/out/vs/workbench/api/node/extensionHostProcess.js:122:3618)
	at w.<anonymous> (/home/TDIW/tdiw-k11/.vscode-server/bin/f1b07bd25dfad64b0167beb15359ae573aecd2cc/extensions/git/dist/main.js:2:1314812)
	at w.dispose (/home/TDIW/tdiw-k11/.vscode-server/bin/f1b07bd25dfad64b0167beb15359ae573aecd2cc/out/vs/workbench/api/node/extensionHostProcess.js:122:3618)
	at o (/home/TDIW/tdiw-k11/.vscode-server/bin/f1b07bd25dfad64b0167beb15359ae573aecd2cc/out/vs/workbench/api/node/extensionHostProcess.js:30:754)
	at s.cb (/home/TDIW/tdiw-k11/.vscode-server/bin/f1b07bd25dfad64b0167beb15359ae573aecd2cc/out/vs/workbench/api/node/extensionHostProcess.js:137:9846)
	at /home/TDIW/tdiw-k11/.vscode-server/bin/f1b07bd25dfad64b0167beb15359ae573aecd2cc/out/vs/workbench/api/node/extensionHostProcess.js:137:7796
	at Array.map (<anonymous>)
	at s.Y (/home/TDIW/tdiw-k11/.vscode-server/bin/f1b07bd25dfad64b0167beb15359ae573aecd2cc/out/vs/workbench/api/node/extensionHostProcess.js:137:7784)
	at s.terminate (/home/TDIW/tdiw-k11/.vscode-server/bin/f1b07bd25dfad64b0167beb15359ae573aecd2cc/out/vs/workbench/api/node/extensionHostProcess.js:137:8054)
	at o.terminate (/home/TDIW/tdiw-k11/.vscode-server/bin/f1b07bd25dfad64b0167beb15359ae573aecd2cc/out/vs/workbench/api/node/extensionHostProcess.js:141:1513)
	at l (/home/TDIW/tdiw-k11/.vscode-server/bin/f1b07bd25dfad64b0167beb15359ae573aecd2cc/out/vs/workbench/api/node/extensionHostProcess.js:154:9801)
	at j.a (/home/TDIW/tdiw-k11/.vscode-server/bin/f1b07bd25dfad64b0167beb15359ae573aecd2cc/out/vs/workbench/api/node/extensionHostProcess.js:154:6594)
	at j.h (/home/TDIW/tdiw-k11/.vscode-server/bin/f1b07bd25dfad64b0167beb15359ae573aecd2cc/out/vs/workbench/api/node/extensionHostProcess.js:90:19695)
	at listOnTimeout (node:internal/timers:569:17)
	at process.processTimers (node:internal/timers:512:7) setContext undefined
2023-10-20 10:23:45.823 [info] Extension host with pid 365055 exiting with code 0
