2023-11-16 11:13:17.703 [info] Extension host with pid 124864 started
2023-11-16 11:13:17.715 [info] Lock '/home/TDIW/tdiw-k11/.vscode-server/data/User/workspaceStorage/74c4d86dc863f504f15dde947b3a866a/vscode.lock': Lock acquired.
2023-11-16 11:13:17.759 [info] ExtensionService#_doActivateExtension vscode.tunnel-forwarding, startup: false, activationEvent: 'onTunnel'
2023-11-16 11:13:17.760 [info] ExtensionService#_doActivateExtension vscode.emmet, startup: false, activationEvent: 'onLanguage'
2023-11-16 11:13:17.761 [info] ExtensionService#_doActivateExtension vscode.php-language-features, startup: false, activationEvent: 'onLanguage:php'
2023-11-16 11:13:17.938 [info] ExtensionService#_doActivateExtension vscode.git-base, startup: true, activationEvent: '*', root cause: vscode.git
2023-11-16 11:13:18.057 [info] ExtensionService#_doActivateExtension vscode.git, startup: true, activationEvent: '*'
2023-11-16 11:13:18.057 [info] ExtensionService#_doActivateExtension vscode.github, startup: true, activationEvent: '*'
2023-11-16 11:13:18.422 [info] Eager extensions activated
2023-11-16 11:13:18.423 [info] ExtensionService#_doActivateExtension vscode.debug-auto-launch, startup: false, activationEvent: 'onStartupFinished'
2023-11-16 11:13:18.423 [info] ExtensionService#_doActivateExtension vscode.merge-conflict, startup: false, activationEvent: 'onStartupFinished'
2023-11-16 11:13:20.036 [warning] [Decorations] CAPPING events from decorations provider vscode.git 1352
2023-11-16 11:13:20.791 [warning] [Decorations] CAPPING events from decorations provider vscode.git 1352
2023-11-16 11:13:22.657 [warning] [Decorations] CAPPING events from decorations provider vscode.git 1352
2023-11-16 11:21:08.676 [warning] [Decorations] CAPPING events from decorations provider vscode.git 1372
2023-11-16 11:21:14.456 [warning] [Decorations] CAPPING events from decorations provider vscode.git 1372
2023-11-16 11:21:20.171 [warning] [Decorations] CAPPING events from decorations provider vscode.git 1372
2023-11-16 11:21:25.988 [warning] [Decorations] CAPPING events from decorations provider vscode.git 1372
2023-11-16 11:21:31.749 [warning] [Decorations] CAPPING events from decorations provider vscode.git 1372
2023-11-16 11:21:32.632 [info] ExtensionService#_doActivateExtension vscode.html-language-features, startup: false, activationEvent: 'onLanguage:html'
2023-11-16 11:21:37.467 [warning] [Decorations] CAPPING events from decorations provider vscode.git 1373
2023-11-16 11:21:43.133 [warning] [Decorations] CAPPING events from decorations provider vscode.git 1373
2023-11-16 11:21:51.630 [warning] [Decorations] CAPPING events from decorations provider vscode.git 1373
2023-11-16 11:23:00.984 [warning] [Decorations] CAPPING events from decorations provider vscode.git 1373
2023-11-16 11:23:06.651 [warning] [Decorations] CAPPING events from decorations provider vscode.git 1373
2023-11-16 11:23:19.447 [warning] [Decorations] CAPPING events from decorations provider vscode.git 1373
2023-11-16 11:23:25.114 [warning] [Decorations] CAPPING events from decorations provider vscode.git 1373
2023-11-16 11:23:30.776 [warning] [Decorations] CAPPING events from decorations provider vscode.git 1373
2023-11-16 11:23:38.430 [warning] [Decorations] CAPPING events from decorations provider vscode.git 1373
2023-11-16 11:24:49.334 [warning] [Decorations] CAPPING events from decorations provider vscode.git 1376
2023-11-16 11:36:28.844 [warning] [Decorations] CAPPING events from decorations provider vscode.git 1376
2023-11-16 11:51:01.115 [warning] [Decorations] CAPPING events from decorations provider vscode.git 1376
2023-11-16 11:51:06.811 [warning] [Decorations] CAPPING events from decorations provider vscode.git 1376
2023-11-16 11:51:14.738 [warning] [Decorations] CAPPING events from decorations provider vscode.git 1376
2023-11-16 11:51:40.160 [warning] [Decorations] CAPPING events from decorations provider vscode.git 1376
2023-11-16 11:51:45.841 [warning] [Decorations] CAPPING events from decorations provider vscode.git 1376
2023-11-16 11:51:51.515 [warning] [Decorations] CAPPING events from decorations provider vscode.git 1376
2023-11-16 11:51:57.200 [warning] [Decorations] CAPPING events from decorations provider vscode.git 1376
2023-11-16 11:52:03.071 [warning] [Decorations] CAPPING events from decorations provider vscode.git 1376
2023-11-16 11:52:08.773 [warning] [Decorations] CAPPING events from decorations provider vscode.git 1376
2023-11-16 11:52:14.453 [warning] [Decorations] CAPPING events from decorations provider vscode.git 1384
2023-11-16 11:52:20.205 [warning] [Decorations] CAPPING events from decorations provider vscode.git 1389
2023-11-16 11:52:25.883 [warning] [Decorations] CAPPING events from decorations provider vscode.git 1388
2023-11-16 11:52:31.568 [warning] [Decorations] CAPPING events from decorations provider vscode.git 1412
2023-11-16 11:52:37.240 [warning] [Decorations] CAPPING events from decorations provider vscode.git 1411
2023-11-16 11:52:42.912 [warning] [Decorations] CAPPING events from decorations provider vscode.git 1411
2023-11-16 11:52:48.580 [warning] [Decorations] CAPPING events from decorations provider vscode.git 1411
2023-11-16 11:52:54.253 [warning] [Decorations] CAPPING events from decorations provider vscode.git 1414
2023-11-16 11:52:59.945 [warning] [Decorations] CAPPING events from decorations provider vscode.git 1414
2023-11-16 11:53:36.440 [warning] [Decorations] CAPPING events from decorations provider vscode.git 1414
2023-11-16 11:53:42.131 [warning] [Decorations] CAPPING events from decorations provider vscode.git 1411
2023-11-16 11:53:47.816 [warning] [Decorations] CAPPING events from decorations provider vscode.git 1411
2023-11-16 11:53:53.491 [warning] [Decorations] CAPPING events from decorations provider vscode.git 1429
2023-11-16 11:53:59.177 [warning] [Decorations] CAPPING events from decorations provider vscode.git 1437
2023-11-16 11:54:04.866 [warning] [Decorations] CAPPING events from decorations provider vscode.git 1443
2023-11-16 11:54:10.557 [warning] [Decorations] CAPPING events from decorations provider vscode.git 1443
2023-11-16 11:54:16.242 [warning] [Decorations] CAPPING events from decorations provider vscode.git 1443
2023-11-16 11:54:46.304 [warning] [Decorations] CAPPING events from decorations provider vscode.git 1445
2023-11-16 11:54:57.330 [warning] [Decorations] CAPPING events from decorations provider vscode.git 1445
2023-11-16 11:55:02.994 [warning] [Decorations] CAPPING events from decorations provider vscode.git 1445
2023-11-16 11:55:13.605 [warning] [Decorations] CAPPING events from decorations provider vscode.git 1445
2023-11-16 11:55:19.280 [warning] [Decorations] CAPPING events from decorations provider vscode.git 1445
2023-11-16 11:55:24.954 [warning] [Decorations] CAPPING events from decorations provider vscode.git 1445
2023-11-16 11:55:30.623 [warning] [Decorations] CAPPING events from decorations provider vscode.git 1445
2023-11-16 11:55:57.769 [warning] [Decorations] CAPPING events from decorations provider vscode.git 1444
2023-11-16 11:56:05.333 [warning] [Decorations] CAPPING events from decorations provider vscode.git 1444
2023-11-16 11:56:11.001 [warning] [Decorations] CAPPING events from decorations provider vscode.git 1444
2023-11-16 11:56:32.043 [warning] [Decorations] CAPPING events from decorations provider vscode.git 1444
2023-11-16 11:56:37.745 [warning] [Decorations] CAPPING events from decorations provider vscode.git 1444
2023-11-16 11:57:04.883 [warning] [Decorations] CAPPING events from decorations provider vscode.git 1444
2023-11-16 11:57:10.551 [warning] [Decorations] CAPPING events from decorations provider vscode.git 1444
2023-11-16 11:57:16.225 [warning] [Decorations] CAPPING events from decorations provider vscode.git 1444
2023-11-16 11:57:49.061 [warning] [Decorations] CAPPING events from decorations provider vscode.git 1444
2023-11-16 11:57:54.749 [warning] [Decorations] CAPPING events from decorations provider vscode.git 1444
2023-11-16 11:58:00.428 [warning] [Decorations] CAPPING events from decorations provider vscode.git 1444
2023-11-16 11:58:06.301 [warning] [Decorations] CAPPING events from decorations provider vscode.git 1444
2023-11-16 11:58:11.989 [warning] [Decorations] CAPPING events from decorations provider vscode.git 1444
2023-11-16 11:58:17.646 [warning] [Decorations] CAPPING events from decorations provider vscode.git 1444
2023-11-16 11:58:23.314 [warning] [Decorations] CAPPING events from decorations provider vscode.git 1444
2023-11-16 11:58:29.003 [warning] [Decorations] CAPPING events from decorations provider vscode.git 1444
2023-11-16 11:58:34.788 [warning] [Decorations] CAPPING events from decorations provider vscode.git 1444
2023-11-16 11:58:40.467 [warning] [Decorations] CAPPING events from decorations provider vscode.git 1444
2023-11-16 11:58:46.153 [warning] [Decorations] CAPPING events from decorations provider vscode.git 1444
2023-11-16 11:58:51.838 [warning] [Decorations] CAPPING events from decorations provider vscode.git 1444
2023-11-16 11:58:57.513 [warning] [Decorations] CAPPING events from decorations provider vscode.git 1445
2023-11-16 11:59:03.193 [warning] [Decorations] CAPPING events from decorations provider vscode.git 1445
2023-11-16 11:59:09.063 [warning] [Decorations] CAPPING events from decorations provider vscode.git 1445
2023-11-16 11:59:14.742 [warning] [Decorations] CAPPING events from decorations provider vscode.git 1445
2023-11-16 11:59:20.409 [warning] [Decorations] CAPPING events from decorations provider vscode.git 1445
2023-11-16 11:59:26.113 [warning] [Decorations] CAPPING events from decorations provider vscode.git 1446
2023-11-16 11:59:31.780 [warning] [Decorations] CAPPING events from decorations provider vscode.git 1446
2023-11-16 11:59:37.455 [warning] [Decorations] CAPPING events from decorations provider vscode.git 1446
2023-11-16 11:59:43.164 [warning] [Decorations] CAPPING events from decorations provider vscode.git 1446
2023-11-16 11:59:48.851 [warning] [Decorations] CAPPING events from decorations provider vscode.git 1446
2023-11-16 11:59:54.523 [warning] [Decorations] CAPPING events from decorations provider vscode.git 1446
2023-11-16 12:00:00.202 [warning] [Decorations] CAPPING events from decorations provider vscode.git 1446
2023-11-16 12:00:05.882 [warning] [Decorations] CAPPING events from decorations provider vscode.git 1446
2023-11-16 12:00:11.773 [warning] [Decorations] CAPPING events from decorations provider vscode.git 1446
2023-11-16 12:00:17.455 [warning] [Decorations] CAPPING events from decorations provider vscode.git 1446
2023-11-16 12:00:23.129 [warning] [Decorations] CAPPING events from decorations provider vscode.git 1446
2023-11-16 12:00:28.817 [warning] [Decorations] CAPPING events from decorations provider vscode.git 1446
2023-11-16 12:00:34.496 [warning] [Decorations] CAPPING events from decorations provider vscode.git 1446
2023-11-16 12:00:40.161 [warning] [Decorations] CAPPING events from decorations provider vscode.git 1446
2023-11-16 12:00:45.831 [warning] [Decorations] CAPPING events from decorations provider vscode.git 1446
2023-11-16 12:00:51.510 [warning] [Decorations] CAPPING events from decorations provider vscode.git 1446
2023-11-16 12:00:57.231 [warning] [Decorations] CAPPING events from decorations provider vscode.git 1446
2023-11-16 12:01:02.919 [warning] [Decorations] CAPPING events from decorations provider vscode.git 1446
2023-11-16 12:01:08.626 [warning] [Decorations] CAPPING events from decorations provider vscode.git 1446
2023-11-16 12:01:14.498 [warning] [Decorations] CAPPING events from decorations provider vscode.git 1446
2023-11-16 12:01:20.175 [warning] [Decorations] CAPPING events from decorations provider vscode.git 1446
2023-11-16 12:01:25.819 [warning] [Decorations] CAPPING events from decorations provider vscode.git 1446
2023-11-16 12:01:31.504 [warning] [Decorations] CAPPING events from decorations provider vscode.git 1446
2023-11-16 12:01:37.197 [warning] [Decorations] CAPPING events from decorations provider vscode.git 1446
2023-11-16 12:01:42.884 [warning] [Decorations] CAPPING events from decorations provider vscode.git 1446
2023-11-16 12:01:48.616 [warning] [Decorations] CAPPING events from decorations provider vscode.git 1446
2023-11-16 12:01:54.291 [warning] [Decorations] CAPPING events from decorations provider vscode.git 1448
2023-11-16 12:01:59.977 [warning] [Decorations] CAPPING events from decorations provider vscode.git 1448
2023-11-16 12:02:05.643 [warning] [Decorations] CAPPING events from decorations provider vscode.git 1448
2023-11-16 12:02:11.332 [warning] [Decorations] CAPPING events from decorations provider vscode.git 1448
2023-11-16 12:02:47.488 [warning] [Decorations] CAPPING events from decorations provider vscode.git 1448
2023-11-16 12:02:53.157 [warning] [Decorations] CAPPING events from decorations provider vscode.git 1448
2023-11-16 12:02:58.854 [warning] [Decorations] CAPPING events from decorations provider vscode.git 1448
2023-11-16 12:03:04.544 [warning] [Decorations] CAPPING events from decorations provider vscode.git 1448
2023-11-16 12:03:14.241 [warning] [Decorations] CAPPING events from decorations provider vscode.git 1448
2023-11-16 12:03:19.900 [warning] [Decorations] CAPPING events from decorations provider vscode.git 1448
2023-11-16 12:03:25.612 [warning] [Decorations] CAPPING events from decorations provider vscode.git 1448
2023-11-16 12:03:31.316 [warning] [Decorations] CAPPING events from decorations provider vscode.git 1448
2023-11-16 12:03:36.997 [warning] [Decorations] CAPPING events from decorations provider vscode.git 1448
2023-11-16 12:03:42.667 [warning] [Decorations] CAPPING events from decorations provider vscode.git 1448
2023-11-16 12:03:48.539 [warning] [Decorations] CAPPING events from decorations provider vscode.git 1448
2023-11-16 12:03:54.220 [warning] [Decorations] CAPPING events from decorations provider vscode.git 1448
2023-11-16 12:03:59.880 [warning] [Decorations] CAPPING events from decorations provider vscode.git 1448
2023-11-16 12:04:05.575 [warning] [Decorations] CAPPING events from decorations provider vscode.git 1448
2023-11-16 12:04:11.264 [warning] [Decorations] CAPPING events from decorations provider vscode.git 1448
2023-11-16 12:04:16.949 [warning] [Decorations] CAPPING events from decorations provider vscode.git 1448
2023-11-16 12:04:22.630 [warning] [Decorations] CAPPING events from decorations provider vscode.git 1448
2023-11-16 12:04:28.314 [warning] [Decorations] CAPPING events from decorations provider vscode.git 1448
2023-11-16 12:04:34.003 [warning] [Decorations] CAPPING events from decorations provider vscode.git 1449
2023-11-16 12:04:39.681 [warning] [Decorations] CAPPING events from decorations provider vscode.git 1449
2023-11-16 12:04:45.350 [warning] [Decorations] CAPPING events from decorations provider vscode.git 1449
2023-11-16 12:04:51.203 [warning] [Decorations] CAPPING events from decorations provider vscode.git 1449
2023-11-16 12:04:56.889 [warning] [Decorations] CAPPING events from decorations provider vscode.git 1449
2023-11-16 12:05:02.584 [warning] [Decorations] CAPPING events from decorations provider vscode.git 1449
2023-11-16 12:05:08.264 [warning] [Decorations] CAPPING events from decorations provider vscode.git 1451
2023-11-16 12:05:13.965 [warning] [Decorations] CAPPING events from decorations provider vscode.git 1451
2023-11-16 12:05:19.616 [warning] [Decorations] CAPPING events from decorations provider vscode.git 1451
2023-11-16 12:05:25.301 [warning] [Decorations] CAPPING events from decorations provider vscode.git 1451
2023-11-16 12:05:31.018 [warning] [Decorations] CAPPING events from decorations provider vscode.git 1451
2023-11-16 12:06:05.689 [warning] [Decorations] CAPPING events from decorations provider vscode.git 1451
2023-11-16 12:06:12.780 [warning] [Decorations] CAPPING events from decorations provider vscode.git 1451
2023-11-16 12:06:18.454 [warning] [Decorations] CAPPING events from decorations provider vscode.git 1451
2023-11-16 12:06:24.123 [warning] [Decorations] CAPPING events from decorations provider vscode.git 1451
2023-11-16 12:06:57.141 [warning] [Decorations] CAPPING events from decorations provider vscode.git 1451
2023-11-16 12:07:02.791 [warning] [Decorations] CAPPING events from decorations provider vscode.git 1451
2023-11-16 12:07:08.647 [warning] [Decorations] CAPPING events from decorations provider vscode.git 1451
2023-11-16 12:07:14.330 [warning] [Decorations] CAPPING events from decorations provider vscode.git 1451
2023-11-16 12:07:20.004 [warning] [Decorations] CAPPING events from decorations provider vscode.git 1451
2023-11-16 12:07:25.689 [warning] [Decorations] CAPPING events from decorations provider vscode.git 1451
2023-11-16 12:07:31.368 [warning] [Decorations] CAPPING events from decorations provider vscode.git 1451
2023-11-16 12:07:37.061 [warning] [Decorations] CAPPING events from decorations provider vscode.git 1451
2023-11-16 12:07:42.743 [warning] [Decorations] CAPPING events from decorations provider vscode.git 1451
2023-11-16 12:07:48.426 [warning] [Decorations] CAPPING events from decorations provider vscode.git 1451
2023-11-16 12:07:54.121 [warning] [Decorations] CAPPING events from decorations provider vscode.git 1451
2023-11-16 12:07:59.786 [warning] [Decorations] CAPPING events from decorations provider vscode.git 1451
2023-11-16 12:08:05.502 [warning] [Decorations] CAPPING events from decorations provider vscode.git 1453
2023-11-16 12:08:11.361 [warning] [Decorations] CAPPING events from decorations provider vscode.git 1453
2023-11-16 12:08:17.050 [warning] [Decorations] CAPPING events from decorations provider vscode.git 1453
2023-11-16 12:08:22.763 [warning] [Decorations] CAPPING events from decorations provider vscode.git 1453
2023-11-16 12:08:28.453 [warning] [Decorations] CAPPING events from decorations provider vscode.git 1453
2023-11-16 12:08:34.139 [warning] [Decorations] CAPPING events from decorations provider vscode.git 1453
2023-11-16 12:08:39.820 [warning] [Decorations] CAPPING events from decorations provider vscode.git 1453
2023-11-16 12:08:45.520 [warning] [Decorations] CAPPING events from decorations provider vscode.git 1454
2023-11-16 12:08:51.221 [warning] [Decorations] CAPPING events from decorations provider vscode.git 1454
2023-11-16 12:08:56.910 [warning] [Decorations] CAPPING events from decorations provider vscode.git 1454
2023-11-16 12:09:02.609 [warning] [Decorations] CAPPING events from decorations provider vscode.git 1454
2023-11-16 12:09:08.301 [warning] [Decorations] CAPPING events from decorations provider vscode.git 1454
2023-11-16 12:09:14.177 [warning] [Decorations] CAPPING events from decorations provider vscode.git 1454
2023-11-16 12:09:19.826 [warning] [Decorations] CAPPING events from decorations provider vscode.git 1454
2023-11-16 12:09:25.496 [warning] [Decorations] CAPPING events from decorations provider vscode.git 1454
2023-11-16 12:09:31.183 [warning] [Decorations] CAPPING events from decorations provider vscode.git 1454
2023-11-16 12:09:45.309 [warning] [Decorations] CAPPING events from decorations provider vscode.git 1454
2023-11-16 12:09:54.577 [warning] [Decorations] CAPPING events from decorations provider vscode.git 1454
2023-11-16 12:10:00.271 [warning] [Decorations] CAPPING events from decorations provider vscode.git 1454
2023-11-16 12:10:05.964 [warning] [Decorations] CAPPING events from decorations provider vscode.git 1454
2023-11-16 12:10:11.672 [warning] [Decorations] CAPPING events from decorations provider vscode.git 1454
2023-11-16 12:10:17.530 [warning] [Decorations] CAPPING events from decorations provider vscode.git 1454
2023-11-16 12:10:23.220 [warning] [Decorations] CAPPING events from decorations provider vscode.git 1454
2023-11-16 12:10:28.912 [warning] [Decorations] CAPPING events from decorations provider vscode.git 1454
2023-11-16 12:10:34.591 [warning] [Decorations] CAPPING events from decorations provider vscode.git 1454
2023-11-16 12:10:40.274 [warning] [Decorations] CAPPING events from decorations provider vscode.git 1454
2023-11-16 12:10:45.951 [warning] [Decorations] CAPPING events from decorations provider vscode.git 1454
2023-11-16 12:10:51.635 [warning] [Decorations] CAPPING events from decorations provider vscode.git 1454
2023-11-16 12:10:57.315 [warning] [Decorations] CAPPING events from decorations provider vscode.git 1454
2023-11-16 12:11:02.982 [warning] [Decorations] CAPPING events from decorations provider vscode.git 1454
2023-11-16 12:11:08.659 [warning] [Decorations] CAPPING events from decorations provider vscode.git 1454
2023-11-16 12:11:14.342 [warning] [Decorations] CAPPING events from decorations provider vscode.git 1454
2023-11-16 12:11:20.209 [warning] [Decorations] CAPPING events from decorations provider vscode.git 1454
2023-11-16 12:11:25.907 [warning] [Decorations] CAPPING events from decorations provider vscode.git 1454
2023-11-16 12:11:31.581 [warning] [Decorations] CAPPING events from decorations provider vscode.git 1454
2023-11-16 12:11:37.271 [warning] [Decorations] CAPPING events from decorations provider vscode.git 1455
2023-11-16 12:11:42.957 [warning] [Decorations] CAPPING events from decorations provider vscode.git 1454
2023-11-16 12:11:48.641 [warning] [Decorations] CAPPING events from decorations provider vscode.git 1454
2023-11-16 12:11:54.316 [warning] [Decorations] CAPPING events from decorations provider vscode.git 1454
2023-11-16 12:12:00.002 [warning] [Decorations] CAPPING events from decorations provider vscode.git 1454
2023-11-16 12:12:05.692 [warning] [Decorations] CAPPING events from decorations provider vscode.git 1454
2023-11-16 12:12:11.510 [warning] [Decorations] CAPPING events from decorations provider vscode.git 1454
2023-11-16 12:12:17.187 [warning] [Decorations] CAPPING events from decorations provider vscode.git 1454
2023-11-16 12:12:23.070 [warning] [Decorations] CAPPING events from decorations provider vscode.git 1454
2023-11-16 12:12:28.741 [warning] [Decorations] CAPPING events from decorations provider vscode.git 1454
2023-11-16 12:12:34.424 [warning] [Decorations] CAPPING events from decorations provider vscode.git 1454
2023-11-16 12:12:40.090 [warning] [Decorations] CAPPING events from decorations provider vscode.git 1454
2023-11-16 12:12:45.782 [warning] [Decorations] CAPPING events from decorations provider vscode.git 1454
2023-11-16 12:12:51.448 [warning] [Decorations] CAPPING events from decorations provider vscode.git 1454
2023-11-16 12:12:57.140 [warning] [Decorations] CAPPING events from decorations provider vscode.git 1454
2023-11-16 12:13:02.810 [warning] [Decorations] CAPPING events from decorations provider vscode.git 1454
2023-11-16 12:13:08.483 [warning] [Decorations] CAPPING events from decorations provider vscode.git 1454
2023-11-16 12:13:14.156 [warning] [Decorations] CAPPING events from decorations provider vscode.git 1454
2023-11-16 12:13:19.838 [warning] [Decorations] CAPPING events from decorations provider vscode.git 1455
2023-11-16 12:13:25.687 [warning] [Decorations] CAPPING events from decorations provider vscode.git 1454
2023-11-16 12:13:31.371 [warning] [Decorations] CAPPING events from decorations provider vscode.git 1454
2023-11-16 12:13:37.052 [warning] [Decorations] CAPPING events from decorations provider vscode.git 1456
2023-11-16 12:13:42.734 [warning] [Decorations] CAPPING events from decorations provider vscode.git 1456
2023-11-16 12:13:48.426 [warning] [Decorations] CAPPING events from decorations provider vscode.git 1456
2023-11-16 12:18:01.116 [warning] [Decorations] CAPPING events from decorations provider vscode.git 1460
2023-11-16 12:18:06.793 [warning] [Decorations] CAPPING events from decorations provider vscode.git 1462
2023-11-16 12:18:12.498 [warning] [Decorations] CAPPING events from decorations provider vscode.git 1462
2023-11-16 12:18:18.187 [warning] [Decorations] CAPPING events from decorations provider vscode.git 1462
2023-11-16 12:18:23.867 [warning] [Decorations] CAPPING events from decorations provider vscode.git 1462
2023-11-16 12:18:29.544 [warning] [Decorations] CAPPING events from decorations provider vscode.git 1462
2023-11-16 12:18:35.240 [warning] [Decorations] CAPPING events from decorations provider vscode.git 1464
2023-11-16 12:18:40.920 [warning] [Decorations] CAPPING events from decorations provider vscode.git 1466
2023-11-16 12:18:46.600 [warning] [Decorations] CAPPING events from decorations provider vscode.git 1466
2023-11-16 12:18:52.278 [warning] [Decorations] CAPPING events from decorations provider vscode.git 1466
2023-11-16 12:18:57.952 [warning] [Decorations] CAPPING events from decorations provider vscode.git 1466
2023-11-16 12:19:03.805 [warning] [Decorations] CAPPING events from decorations provider vscode.git 1466
2023-11-16 12:19:09.490 [warning] [Decorations] CAPPING events from decorations provider vscode.git 1466
2023-11-16 12:19:15.176 [warning] [Decorations] CAPPING events from decorations provider vscode.git 1466
2023-11-16 12:19:33.256 [warning] [Decorations] CAPPING events from decorations provider vscode.git 1466
2023-11-16 12:19:38.954 [warning] [Decorations] CAPPING events from decorations provider vscode.git 1466
2023-11-16 12:19:44.672 [warning] [Decorations] CAPPING events from decorations provider vscode.git 1466
2023-11-16 12:19:50.398 [warning] [Decorations] CAPPING events from decorations provider vscode.git 1466
2023-11-16 12:19:56.087 [warning] [Decorations] CAPPING events from decorations provider vscode.git 1466
2023-11-16 12:20:01.811 [warning] [Decorations] CAPPING events from decorations provider vscode.git 1466
2023-11-16 12:20:57.244 [warning] [Decorations] CAPPING events from decorations provider vscode.git 1466
2023-11-16 12:21:02.927 [warning] [Decorations] CAPPING events from decorations provider vscode.git 1466
2023-11-16 12:21:16.842 [warning] [Decorations] CAPPING events from decorations provider vscode.git 1466
2023-11-16 12:21:22.528 [warning] [Decorations] CAPPING events from decorations provider vscode.git 1466
2023-11-16 12:21:28.204 [warning] [Decorations] CAPPING events from decorations provider vscode.git 1466
2023-11-16 12:21:33.891 [warning] [Decorations] CAPPING events from decorations provider vscode.git 1466
2023-11-16 12:21:39.566 [warning] [Decorations] CAPPING events from decorations provider vscode.git 1466
2023-11-16 12:21:45.260 [warning] [Decorations] CAPPING events from decorations provider vscode.git 1466
2023-11-16 12:21:50.938 [warning] [Decorations] CAPPING events from decorations provider vscode.git 1466
2023-11-16 12:21:56.624 [warning] [Decorations] CAPPING events from decorations provider vscode.git 1466
2023-11-16 12:22:02.495 [warning] [Decorations] CAPPING events from decorations provider vscode.git 1466
2023-11-16 12:22:08.170 [warning] [Decorations] CAPPING events from decorations provider vscode.git 1466
2023-11-16 12:22:27.693 [warning] [Decorations] CAPPING events from decorations provider vscode.git 1466
2023-11-16 12:22:40.036 [warning] [Decorations] CAPPING events from decorations provider vscode.git 1466
2023-11-16 12:22:55.252 [warning] [Decorations] CAPPING events from decorations provider vscode.git 1466
2023-11-16 12:23:02.976 [warning] [Decorations] CAPPING events from decorations provider vscode.git 1466
2023-11-16 12:23:08.644 [warning] [Decorations] CAPPING events from decorations provider vscode.git 1466
2023-11-16 12:23:14.317 [warning] [Decorations] CAPPING events from decorations provider vscode.git 1466
2023-11-16 12:23:19.995 [warning] [Decorations] CAPPING events from decorations provider vscode.git 1466
2023-11-16 12:23:25.680 [warning] [Decorations] CAPPING events from decorations provider vscode.git 1466
2023-11-16 12:23:31.365 [warning] [Decorations] CAPPING events from decorations provider vscode.git 1466
2023-11-16 12:23:37.050 [warning] [Decorations] CAPPING events from decorations provider vscode.git 1466
2023-11-16 12:23:42.741 [warning] [Decorations] CAPPING events from decorations provider vscode.git 1466
2023-11-16 12:23:48.438 [warning] [Decorations] CAPPING events from decorations provider vscode.git 1466
2023-11-16 12:23:54.109 [warning] [Decorations] CAPPING events from decorations provider vscode.git 1466
2023-11-16 12:24:01.385 [warning] [Decorations] CAPPING events from decorations provider vscode.git 1466
2023-11-16 12:24:07.254 [warning] [Decorations] CAPPING events from decorations provider vscode.git 1466
2023-11-16 12:24:12.926 [warning] [Decorations] CAPPING events from decorations provider vscode.git 1466
2023-11-16 12:24:18.719 [warning] [Decorations] CAPPING events from decorations provider vscode.git 1466
2023-11-16 12:24:24.428 [warning] [Decorations] CAPPING events from decorations provider vscode.git 1466
2023-11-16 12:24:30.186 [warning] [Decorations] CAPPING events from decorations provider vscode.git 1466
2023-11-16 12:24:35.878 [warning] [Decorations] CAPPING events from decorations provider vscode.git 1466
2023-11-16 12:24:41.569 [warning] [Decorations] CAPPING events from decorations provider vscode.git 1466
2023-11-16 12:24:47.255 [warning] [Decorations] CAPPING events from decorations provider vscode.git 1466
2023-11-16 12:24:52.940 [warning] [Decorations] CAPPING events from decorations provider vscode.git 1466
2023-11-16 12:25:01.050 [warning] [Decorations] CAPPING events from decorations provider vscode.git 1466
2023-11-16 12:25:06.735 [warning] [Decorations] CAPPING events from decorations provider vscode.git 1466
2023-11-16 12:25:15.716 [warning] [Decorations] CAPPING events from decorations provider vscode.git 1466
2023-11-16 12:25:21.410 [warning] [Decorations] CAPPING events from decorations provider vscode.git 1466
2023-11-16 12:25:27.112 [warning] [Decorations] CAPPING events from decorations provider vscode.git 1466
2023-11-16 12:25:32.805 [warning] [Decorations] CAPPING events from decorations provider vscode.git 1466
2023-11-16 12:25:51.723 [warning] [Decorations] CAPPING events from decorations provider vscode.git 1466
2023-11-16 12:25:57.411 [warning] [Decorations] CAPPING events from decorations provider vscode.git 1466
2023-11-16 12:26:03.079 [warning] [Decorations] CAPPING events from decorations provider vscode.git 1466
2023-11-16 12:26:08.762 [warning] [Decorations] CAPPING events from decorations provider vscode.git 1466
2023-11-16 12:26:14.455 [warning] [Decorations] CAPPING events from decorations provider vscode.git 1466
2023-11-16 12:26:21.570 [warning] [Decorations] CAPPING events from decorations provider vscode.git 1466
2023-11-16 12:26:27.259 [warning] [Decorations] CAPPING events from decorations provider vscode.git 1466
2023-11-16 12:26:32.937 [warning] [Decorations] CAPPING events from decorations provider vscode.git 1466
2023-11-16 12:26:38.622 [warning] [Decorations] CAPPING events from decorations provider vscode.git 1466
2023-11-16 12:26:44.315 [warning] [Decorations] CAPPING events from decorations provider vscode.git 1466
2023-11-16 12:26:49.995 [warning] [Decorations] CAPPING events from decorations provider vscode.git 1466
2023-11-16 12:26:55.679 [warning] [Decorations] CAPPING events from decorations provider vscode.git 1466
2023-11-16 12:27:01.370 [warning] [Decorations] CAPPING events from decorations provider vscode.git 1466
2023-11-16 12:27:07.043 [warning] [Decorations] CAPPING events from decorations provider vscode.git 1466
2023-11-16 12:27:12.732 [warning] [Decorations] CAPPING events from decorations provider vscode.git 1466
2023-11-16 12:27:18.429 [warning] [Decorations] CAPPING events from decorations provider vscode.git 1466
2023-11-16 12:27:24.291 [warning] [Decorations] CAPPING events from decorations provider vscode.git 1466
2023-11-16 12:27:29.963 [warning] [Decorations] CAPPING events from decorations provider vscode.git 1466
2023-11-16 12:27:35.640 [warning] [Decorations] CAPPING events from decorations provider vscode.git 1466
2023-11-16 12:27:41.329 [warning] [Decorations] CAPPING events from decorations provider vscode.git 1466
2023-11-16 12:27:47.000 [warning] [Decorations] CAPPING events from decorations provider vscode.git 1466
2023-11-16 12:27:52.670 [warning] [Decorations] CAPPING events from decorations provider vscode.git 1466
2023-11-16 12:27:58.352 [warning] [Decorations] CAPPING events from decorations provider vscode.git 1466
2023-11-16 12:28:04.017 [warning] [Decorations] CAPPING events from decorations provider vscode.git 1466
2023-11-16 12:28:11.258 [warning] [Decorations] CAPPING events from decorations provider vscode.git 1466
2023-11-16 12:28:16.943 [warning] [Decorations] CAPPING events from decorations provider vscode.git 1466
2023-11-16 12:28:22.633 [warning] [Decorations] CAPPING events from decorations provider vscode.git 1466
2023-11-16 12:28:28.491 [warning] [Decorations] CAPPING events from decorations provider vscode.git 1466
2023-11-16 12:28:34.189 [warning] [Decorations] CAPPING events from decorations provider vscode.git 1466
2023-11-16 12:28:39.876 [warning] [Decorations] CAPPING events from decorations provider vscode.git 1466
2023-11-16 12:28:45.569 [warning] [Decorations] CAPPING events from decorations provider vscode.git 1466
2023-11-16 12:28:51.264 [warning] [Decorations] CAPPING events from decorations provider vscode.git 1466
2023-11-16 12:28:56.965 [warning] [Decorations] CAPPING events from decorations provider vscode.git 1466
2023-11-16 12:29:02.692 [warning] [Decorations] CAPPING events from decorations provider vscode.git 1466
2023-11-16 12:29:08.385 [warning] [Decorations] CAPPING events from decorations provider vscode.git 1466
2023-11-16 12:29:15.813 [warning] [Decorations] CAPPING events from decorations provider vscode.git 1466
2023-11-16 12:29:21.587 [warning] [Decorations] CAPPING events from decorations provider vscode.git 1466
2023-11-16 12:29:27.325 [warning] [Decorations] CAPPING events from decorations provider vscode.git 1466
2023-11-16 12:29:33.187 [warning] [Decorations] CAPPING events from decorations provider vscode.git 1466
2023-11-16 12:29:38.867 [warning] [Decorations] CAPPING events from decorations provider vscode.git 1466
2023-11-16 12:29:44.563 [warning] [Decorations] CAPPING events from decorations provider vscode.git 1466
2023-11-16 12:29:50.266 [warning] [Decorations] CAPPING events from decorations provider vscode.git 1466
2023-11-16 12:29:55.943 [warning] [Decorations] CAPPING events from decorations provider vscode.git 1466
2023-11-16 12:30:01.611 [warning] [Decorations] CAPPING events from decorations provider vscode.git 1466
2023-11-16 12:30:07.297 [warning] [Decorations] CAPPING events from decorations provider vscode.git 1466
2023-11-16 12:30:12.961 [warning] [Decorations] CAPPING events from decorations provider vscode.git 1466
2023-11-16 12:30:25.396 [warning] [Decorations] CAPPING events from decorations provider vscode.git 1466
2023-11-16 12:30:31.097 [warning] [Decorations] CAPPING events from decorations provider vscode.git 1466
2023-11-16 12:30:36.970 [warning] [Decorations] CAPPING events from decorations provider vscode.git 1466
2023-11-16 12:30:42.684 [warning] [Decorations] CAPPING events from decorations provider vscode.git 1467
2023-11-16 12:31:04.524 [warning] [Decorations] CAPPING events from decorations provider vscode.git 1467
2023-11-16 12:31:10.259 [warning] [Decorations] CAPPING events from decorations provider vscode.git 1468
2023-11-16 12:31:15.948 [warning] [Decorations] CAPPING events from decorations provider vscode.git 1468
2023-11-16 12:31:21.658 [warning] [Decorations] CAPPING events from decorations provider vscode.git 1470
2023-11-16 12:31:27.361 [warning] [Decorations] CAPPING events from decorations provider vscode.git 1469
2023-11-16 12:31:33.044 [warning] [Decorations] CAPPING events from decorations provider vscode.git 1469
2023-11-16 12:31:38.929 [warning] [Decorations] CAPPING events from decorations provider vscode.git 1469
2023-11-16 12:31:44.612 [warning] [Decorations] CAPPING events from decorations provider vscode.git 1471
2023-11-16 12:31:50.292 [warning] [Decorations] CAPPING events from decorations provider vscode.git 1471
2023-11-16 12:31:55.983 [warning] [Decorations] CAPPING events from decorations provider vscode.git 1471
2023-11-16 12:32:01.661 [warning] [Decorations] CAPPING events from decorations provider vscode.git 1471
2023-11-16 12:32:07.329 [warning] [Decorations] CAPPING events from decorations provider vscode.git 1471
2023-11-16 12:32:13.005 [warning] [Decorations] CAPPING events from decorations provider vscode.git 1471
2023-11-16 12:32:18.688 [warning] [Decorations] CAPPING events from decorations provider vscode.git 1471
2023-11-16 12:32:24.356 [warning] [Decorations] CAPPING events from decorations provider vscode.git 1471
2023-11-16 12:32:30.048 [warning] [Decorations] CAPPING events from decorations provider vscode.git 1471
2023-11-16 12:32:35.731 [warning] [Decorations] CAPPING events from decorations provider vscode.git 1471
2023-11-16 12:32:41.605 [warning] [Decorations] CAPPING events from decorations provider vscode.git 1471
2023-11-16 12:32:47.293 [warning] [Decorations] CAPPING events from decorations provider vscode.git 1471
2023-11-16 12:32:52.963 [warning] [Decorations] CAPPING events from decorations provider vscode.git 1471
2023-11-16 12:32:58.655 [warning] [Decorations] CAPPING events from decorations provider vscode.git 1471
2023-11-16 12:33:04.332 [warning] [Decorations] CAPPING events from decorations provider vscode.git 1471
2023-11-16 12:33:10.022 [warning] [Decorations] CAPPING events from decorations provider vscode.git 1471
2023-11-16 12:33:15.723 [warning] [Decorations] CAPPING events from decorations provider vscode.git 1471
2023-11-16 12:33:21.402 [warning] [Decorations] CAPPING events from decorations provider vscode.git 1471
2023-11-16 12:33:27.088 [warning] [Decorations] CAPPING events from decorations provider vscode.git 1471
2023-11-16 12:33:32.780 [warning] [Decorations] CAPPING events from decorations provider vscode.git 1471
2023-11-16 12:33:38.454 [warning] [Decorations] CAPPING events from decorations provider vscode.git 1471
2023-11-16 12:33:44.334 [warning] [Decorations] CAPPING events from decorations provider vscode.git 1471
2023-11-16 12:33:50.021 [warning] [Decorations] CAPPING events from decorations provider vscode.git 1471
2023-11-16 12:33:55.704 [warning] [Decorations] CAPPING events from decorations provider vscode.git 1472
2023-11-16 12:34:01.411 [warning] [Decorations] CAPPING events from decorations provider vscode.git 1472
2023-11-16 12:34:07.094 [warning] [Decorations] CAPPING events from decorations provider vscode.git 1472
2023-11-16 12:34:12.781 [warning] [Decorations] CAPPING events from decorations provider vscode.git 1472
2023-11-16 12:34:18.476 [warning] [Decorations] CAPPING events from decorations provider vscode.git 1472
2023-11-16 12:34:24.158 [warning] [Decorations] CAPPING events from decorations provider vscode.git 1472
2023-11-16 12:34:29.843 [warning] [Decorations] CAPPING events from decorations provider vscode.git 1473
2023-11-16 12:34:35.538 [warning] [Decorations] CAPPING events from decorations provider vscode.git 1473
2023-11-16 12:34:41.217 [warning] [Decorations] CAPPING events from decorations provider vscode.git 1473
2023-11-16 12:34:47.155 [warning] [Decorations] CAPPING events from decorations provider vscode.git 1473
2023-11-16 12:34:52.841 [warning] [Decorations] CAPPING events from decorations provider vscode.git 1473
2023-11-16 12:38:24.415 [warning] [Decorations] CAPPING events from decorations provider vscode.git 1504
2023-11-16 12:41:00.136 [warning] [Decorations] CAPPING events from decorations provider vscode.git 1490
2023-11-16 12:41:10.038 [warning] [Decorations] CAPPING events from decorations provider vscode.git 1490
2023-11-16 12:41:15.702 [warning] [Decorations] CAPPING events from decorations provider vscode.git 1490
2023-11-16 12:41:21.397 [warning] [Decorations] CAPPING events from decorations provider vscode.git 1490
2023-11-16 12:41:27.089 [warning] [Decorations] CAPPING events from decorations provider vscode.git 1490
2023-11-16 12:41:32.773 [warning] [Decorations] CAPPING events from decorations provider vscode.git 1490
2023-11-16 12:41:38.449 [warning] [Decorations] CAPPING events from decorations provider vscode.git 1490
2023-11-16 12:41:44.115 [warning] [Decorations] CAPPING events from decorations provider vscode.git 1490
2023-11-16 12:41:49.816 [warning] [Decorations] CAPPING events from decorations provider vscode.git 1490
2023-11-16 12:41:55.503 [warning] [Decorations] CAPPING events from decorations provider vscode.git 1490
2023-11-16 12:42:01.354 [warning] [Decorations] CAPPING events from decorations provider vscode.git 1492
2023-11-16 12:42:07.016 [warning] [Decorations] CAPPING events from decorations provider vscode.git 1492
2023-11-16 12:42:12.702 [warning] [Decorations] CAPPING events from decorations provider vscode.git 1493
2023-11-16 12:42:18.396 [warning] [Decorations] CAPPING events from decorations provider vscode.git 1493
2023-11-16 12:42:24.069 [warning] [Decorations] CAPPING events from decorations provider vscode.git 1493
2023-11-16 12:42:29.757 [warning] [Decorations] CAPPING events from decorations provider vscode.git 1493
2023-11-16 12:42:35.421 [warning] [Decorations] CAPPING events from decorations provider vscode.git 1493
2023-11-16 12:42:41.092 [warning] [Decorations] CAPPING events from decorations provider vscode.git 1493
2023-11-16 12:42:46.790 [warning] [Decorations] CAPPING events from decorations provider vscode.git 1493
2023-11-16 12:42:52.492 [warning] [Decorations] CAPPING events from decorations provider vscode.git 1493
2023-11-16 12:42:58.162 [warning] [Decorations] CAPPING events from decorations provider vscode.git 1493
2023-11-16 12:43:04.036 [warning] [Decorations] CAPPING events from decorations provider vscode.git 1493
2023-11-16 12:43:09.725 [warning] [Decorations] CAPPING events from decorations provider vscode.git 1493
2023-11-16 12:43:15.410 [warning] [Decorations] CAPPING events from decorations provider vscode.git 1493
2023-11-16 12:43:21.104 [warning] [Decorations] CAPPING events from decorations provider vscode.git 1493
2023-11-16 12:43:26.783 [warning] [Decorations] CAPPING events from decorations provider vscode.git 1493
2023-11-16 12:43:32.457 [warning] [Decorations] CAPPING events from decorations provider vscode.git 1493
2023-11-16 12:43:38.134 [warning] [Decorations] CAPPING events from decorations provider vscode.git 1493
2023-11-16 12:43:43.823 [warning] [Decorations] CAPPING events from decorations provider vscode.git 1493
2023-11-16 12:43:49.497 [warning] [Decorations] CAPPING events from decorations provider vscode.git 1493
2023-11-16 12:43:55.163 [warning] [Decorations] CAPPING events from decorations provider vscode.git 1493
2023-11-16 12:44:00.822 [warning] [Decorations] CAPPING events from decorations provider vscode.git 1496
2023-11-16 12:44:06.684 [warning] [Decorations] CAPPING events from decorations provider vscode.git 1497
2023-11-16 12:44:12.349 [warning] [Decorations] CAPPING events from decorations provider vscode.git 1496
2023-11-16 12:44:18.050 [warning] [Decorations] CAPPING events from decorations provider vscode.git 1496
2023-11-16 12:44:23.741 [warning] [Decorations] CAPPING events from decorations provider vscode.git 1496
2023-11-16 12:44:29.463 [warning] [Decorations] CAPPING events from decorations provider vscode.git 1496
2023-11-16 12:44:35.139 [warning] [Decorations] CAPPING events from decorations provider vscode.git 1496
2023-11-16 12:44:40.818 [warning] [Decorations] CAPPING events from decorations provider vscode.git 1496
2023-11-16 12:44:46.490 [warning] [Decorations] CAPPING events from decorations provider vscode.git 1496
2023-11-16 12:44:52.181 [warning] [Decorations] CAPPING events from decorations provider vscode.git 1497
2023-11-16 12:44:57.942 [warning] [Decorations] CAPPING events from decorations provider vscode.git 1497
2023-11-16 12:45:03.629 [warning] [Decorations] CAPPING events from decorations provider vscode.git 1497
2023-11-16 12:45:09.497 [warning] [Decorations] CAPPING events from decorations provider vscode.git 1497
2023-11-16 12:45:15.179 [warning] [Decorations] CAPPING events from decorations provider vscode.git 1497
2023-11-16 12:45:25.586 [warning] [Decorations] CAPPING events from decorations provider vscode.git 1497
2023-11-16 12:45:31.265 [warning] [Decorations] CAPPING events from decorations provider vscode.git 1497
2023-11-16 12:45:36.937 [warning] [Decorations] CAPPING events from decorations provider vscode.git 1498
2023-11-16 12:45:42.610 [warning] [Decorations] CAPPING events from decorations provider vscode.git 1498
2023-11-16 12:45:48.286 [warning] [Decorations] CAPPING events from decorations provider vscode.git 1498
2023-11-16 12:45:53.984 [warning] [Decorations] CAPPING events from decorations provider vscode.git 1498
2023-11-16 12:45:59.664 [warning] [Decorations] CAPPING events from decorations provider vscode.git 1498
2023-11-16 12:46:05.370 [warning] [Decorations] CAPPING events from decorations provider vscode.git 1498
2023-11-16 12:46:11.214 [warning] [Decorations] CAPPING events from decorations provider vscode.git 1500
2023-11-16 12:46:16.895 [warning] [Decorations] CAPPING events from decorations provider vscode.git 1500
2023-11-16 12:46:22.564 [warning] [Decorations] CAPPING events from decorations provider vscode.git 1500
2023-11-16 12:46:28.243 [warning] [Decorations] CAPPING events from decorations provider vscode.git 1500
2023-11-16 12:46:33.911 [warning] [Decorations] CAPPING events from decorations provider vscode.git 1501
2023-11-16 12:46:39.588 [warning] [Decorations] CAPPING events from decorations provider vscode.git 1500
2023-11-16 12:46:45.280 [warning] [Decorations] CAPPING events from decorations provider vscode.git 1500
2023-11-16 12:46:50.953 [warning] [Decorations] CAPPING events from decorations provider vscode.git 1501
2023-11-16 12:46:56.681 [warning] [Decorations] CAPPING events from decorations provider vscode.git 1503
2023-11-16 12:47:02.350 [warning] [Decorations] CAPPING events from decorations provider vscode.git 1504
2023-11-16 12:47:08.021 [warning] [Decorations] CAPPING events from decorations provider vscode.git 1505
2023-11-16 12:47:13.883 [warning] [Decorations] CAPPING events from decorations provider vscode.git 1506
2023-11-16 12:47:19.582 [warning] [Decorations] CAPPING events from decorations provider vscode.git 1506
2023-11-16 12:47:25.272 [warning] [Decorations] CAPPING events from decorations provider vscode.git 1510
2023-11-16 12:47:30.958 [warning] [Decorations] CAPPING events from decorations provider vscode.git 1512
2023-11-16 12:47:36.639 [warning] [Decorations] CAPPING events from decorations provider vscode.git 1512
2023-11-16 12:47:42.311 [warning] [Decorations] CAPPING events from decorations provider vscode.git 1512
2023-11-16 12:47:47.980 [warning] [Decorations] CAPPING events from decorations provider vscode.git 1512
2023-11-16 12:47:53.696 [warning] [Decorations] CAPPING events from decorations provider vscode.git 1513
2023-11-16 12:47:59.378 [warning] [Decorations] CAPPING events from decorations provider vscode.git 1513
2023-11-16 12:48:08.836 [warning] [Decorations] CAPPING events from decorations provider vscode.git 1513
2023-11-16 12:48:14.708 [warning] [Decorations] CAPPING events from decorations provider vscode.git 1513
2023-11-16 12:48:20.400 [warning] [Decorations] CAPPING events from decorations provider vscode.git 1513
2023-11-16 12:48:26.079 [warning] [Decorations] CAPPING events from decorations provider vscode.git 1513
2023-11-16 12:48:31.776 [warning] [Decorations] CAPPING events from decorations provider vscode.git 1513
2023-11-16 12:48:37.467 [warning] [Decorations] CAPPING events from decorations provider vscode.git 1513
2023-11-16 12:48:43.159 [warning] [Decorations] CAPPING events from decorations provider vscode.git 1513
2023-11-16 12:48:51.564 [warning] [Decorations] CAPPING events from decorations provider vscode.git 1513
2023-11-16 12:48:57.240 [warning] [Decorations] CAPPING events from decorations provider vscode.git 1513
2023-11-16 12:49:02.909 [warning] [Decorations] CAPPING events from decorations provider vscode.git 1513
2023-11-16 12:49:10.101 [warning] [Decorations] CAPPING events from decorations provider vscode.git 1513
2023-11-16 12:49:15.955 [warning] [Decorations] CAPPING events from decorations provider vscode.git 1513
2023-11-16 12:49:21.636 [warning] [Decorations] CAPPING events from decorations provider vscode.git 1515
2023-11-16 12:49:27.322 [warning] [Decorations] CAPPING events from decorations provider vscode.git 1515
2023-11-16 12:49:33.012 [warning] [Decorations] CAPPING events from decorations provider vscode.git 1515
2023-11-16 12:49:38.707 [warning] [Decorations] CAPPING events from decorations provider vscode.git 1515
2023-11-16 12:49:44.395 [warning] [Decorations] CAPPING events from decorations provider vscode.git 1515
2023-11-16 12:49:50.057 [warning] [Decorations] CAPPING events from decorations provider vscode.git 1515
2023-11-16 12:49:55.911 [warning] [Decorations] CAPPING events from decorations provider vscode.git 1515
