2023-11-03 08:56:31.760 [info] Nivel de registro: Info
2023-11-03 08:56:31.760 [info] La validación encontró GIT en: “git“
2023-11-03 08:56:31.760 [info] Usando GIT “2.30.2” desde “git”
2023-11-03 08:56:31.760 [info] > git rev-parse --show-toplevel [2ms]
2023-11-03 08:56:31.760 [info] > git rev-parse --git-dir --git-common-dir [1ms]
2023-11-03 08:56:31.760 [info] Open repository: /home/TDIW/tdiw-k11
2023-11-03 08:56:31.760 [info] > git config --get commit.template [4ms]
2023-11-03 08:56:31.760 [info] > git rev-parse --show-toplevel [6ms]
2023-11-03 08:56:31.760 [info] > git for-each-ref --format=%(refname)%00%(upstream:short)%00%(objectname)%00%(upstream:track)%00%(upstream:remotename)%00%(upstream:remoteref) refs/heads/master refs/remotes/master [5ms]
2023-11-03 08:56:31.760 [info] > git rev-parse --show-toplevel [5ms]
2023-11-03 08:56:31.760 [info] > git rev-parse --show-toplevel [2ms]
2023-11-03 08:56:31.760 [info] > git rev-parse --show-toplevel [1ms]
2023-11-03 08:56:31.760 [info] > git rev-parse --show-toplevel [1ms]
2023-11-03 08:56:31.761 [info] > git rev-parse --show-toplevel [1ms]
2023-11-03 08:56:31.761 [info] > git rev-parse --show-toplevel [1ms]
2023-11-03 08:56:31.761 [info] > git rev-parse --show-toplevel [1ms]
2023-11-03 08:56:31.761 [info] > git rev-parse --show-toplevel [0ms]
2023-11-03 08:56:31.761 [info] > git rev-parse --show-toplevel [1ms]
2023-11-03 08:56:31.761 [info] > git rev-parse --show-toplevel [1ms]
2023-11-03 08:56:31.761 [info] > git rev-parse --show-toplevel [1ms]
2023-11-03 08:56:31.761 [info] > git rev-parse --show-toplevel [1ms]
2023-11-03 08:56:31.761 [info] > git rev-parse --show-toplevel [1ms]
2023-11-03 08:56:31.761 [info] > git rev-parse --show-toplevel [2ms]
2023-11-03 08:56:31.761 [info] > git rev-parse --show-toplevel [1ms]
2023-11-03 08:56:31.761 [info] > git rev-parse --show-toplevel [2ms]
2023-11-03 08:56:31.761 [info] > git rev-parse --show-toplevel [1ms]
2023-11-03 08:56:31.765 [info] > git rev-parse --show-toplevel [1ms]
2023-11-03 08:56:32.110 [info] > git show --textconv :public_html/php/View/CategoriaView.php [5ms]
2023-11-03 08:56:32.112 [info] > git ls-files --stage -- /home/TDIW/tdiw-k11/public_html/php/View/CategoriaView.php [2ms]
2023-11-03 08:56:32.282 [info] > git check-ignore -v -z --stdin [4ms]
2023-11-03 08:56:32.641 [info] > git status -z -uall [951ms]
2023-11-03 08:56:32.681 [info] > git config --get commit.template [4ms]
2023-11-03 08:56:32.687 [info] > git for-each-ref --format=%(refname)%00%(upstream:short)%00%(objectname)%00%(upstream:track)%00%(upstream:remotename)%00%(upstream:remoteref) refs/heads/master refs/remotes/master [3ms]
2023-11-03 08:56:33.199 [info] > git status -z -uall [509ms]
2023-11-03 08:56:37.723 [info] > git config --get commit.template [15ms]
2023-11-03 08:56:37.728 [info] > git for-each-ref --format=%(refname)%00%(upstream:short)%00%(objectname)%00%(upstream:track)%00%(upstream:remotename)%00%(upstream:remoteref) refs/heads/master refs/remotes/master [6ms]
2023-11-03 08:56:38.276 [info] > git status -z -uall [537ms]
2023-11-03 08:56:43.315 [info] > git config --get commit.template [7ms]
2023-11-03 08:56:43.318 [info] > git for-each-ref --format=%(refname)%00%(upstream:short)%00%(objectname)%00%(upstream:track)%00%(upstream:remotename)%00%(upstream:remoteref) refs/heads/master refs/remotes/master [4ms]
2023-11-03 08:56:43.856 [info] > git status -z -uall [531ms]
2023-11-03 08:56:48.898 [info] > git config --get commit.template [8ms]
2023-11-03 08:56:48.899 [info] > git for-each-ref --format=%(refname)%00%(upstream:short)%00%(objectname)%00%(upstream:track)%00%(upstream:remotename)%00%(upstream:remoteref) refs/heads/master refs/remotes/master [4ms]
2023-11-03 08:56:49.401 [info] > git status -z -uall [494ms]
2023-11-03 08:56:54.439 [info] > git config --get commit.template [7ms]
2023-11-03 08:56:54.441 [info] > git for-each-ref --format=%(refname)%00%(upstream:short)%00%(objectname)%00%(upstream:track)%00%(upstream:remotename)%00%(upstream:remoteref) refs/heads/master refs/remotes/master [4ms]
2023-11-03 08:56:54.959 [info] > git status -z -uall [511ms]
2023-11-03 08:56:59.996 [info] > git config --get commit.template [8ms]
2023-11-03 08:56:59.998 [info] > git for-each-ref --format=%(refname)%00%(upstream:short)%00%(objectname)%00%(upstream:track)%00%(upstream:remotename)%00%(upstream:remoteref) refs/heads/master refs/remotes/master [4ms]
2023-11-03 08:57:00.515 [info] > git status -z -uall [510ms]
2023-11-03 08:57:05.552 [info] > git config --get commit.template [8ms]
2023-11-03 08:57:05.554 [info] > git for-each-ref --format=%(refname)%00%(upstream:short)%00%(objectname)%00%(upstream:track)%00%(upstream:remotename)%00%(upstream:remoteref) refs/heads/master refs/remotes/master [4ms]
2023-11-03 08:57:06.068 [info] > git status -z -uall [507ms]
2023-11-03 08:57:08.694 [info] > git check-ignore -v -z --stdin [2ms]
2023-11-03 08:57:10.875 [info] > git check-ignore -v -z --stdin [3ms]
2023-11-03 08:57:11.110 [info] > git config --get commit.template [7ms]
2023-11-03 08:57:11.112 [info] > git for-each-ref --format=%(refname)%00%(upstream:short)%00%(objectname)%00%(upstream:track)%00%(upstream:remotename)%00%(upstream:remoteref) refs/heads/master refs/remotes/master [3ms]
2023-11-03 08:57:11.637 [info] > git status -z -uall [519ms]
2023-11-03 09:10:18.398 [info] > git config --get commit.template [6ms]
2023-11-03 09:10:18.404 [info] > git for-each-ref --format=%(refname)%00%(upstream:short)%00%(objectname)%00%(upstream:track)%00%(upstream:remotename)%00%(upstream:remoteref) refs/heads/master refs/remotes/master [8ms]
2023-11-03 09:10:19.388 [info] > git status -z -uall [977ms]
2023-11-03 09:10:24.437 [info] > git config --get commit.template [6ms]
2023-11-03 09:10:24.439 [info] > git for-each-ref --format=%(refname)%00%(upstream:short)%00%(objectname)%00%(upstream:track)%00%(upstream:remotename)%00%(upstream:remoteref) refs/heads/master refs/remotes/master [4ms]
2023-11-03 09:10:24.981 [info] > git status -z -uall [537ms]
2023-11-03 09:10:30.025 [info] > git config --get commit.template [6ms]
2023-11-03 09:10:30.027 [info] > git for-each-ref --format=%(refname)%00%(upstream:short)%00%(objectname)%00%(upstream:track)%00%(upstream:remotename)%00%(upstream:remoteref) refs/heads/master refs/remotes/master [4ms]
2023-11-03 09:10:30.576 [info] > git status -z -uall [543ms]
2023-11-03 09:10:35.618 [info] > git config --get commit.template [7ms]
2023-11-03 09:10:35.621 [info] > git for-each-ref --format=%(refname)%00%(upstream:short)%00%(objectname)%00%(upstream:track)%00%(upstream:remotename)%00%(upstream:remoteref) refs/heads/master refs/remotes/master [3ms]
2023-11-03 09:10:36.150 [info] > git status -z -uall [522ms]
2023-11-03 09:10:41.187 [info] > git config --get commit.template [7ms]
2023-11-03 09:10:41.190 [info] > git for-each-ref --format=%(refname)%00%(upstream:short)%00%(objectname)%00%(upstream:track)%00%(upstream:remotename)%00%(upstream:remoteref) refs/heads/master refs/remotes/master [4ms]
2023-11-03 09:10:41.728 [info] > git status -z -uall [530ms]
2023-11-03 09:10:46.764 [info] > git config --get commit.template [6ms]
2023-11-03 09:10:46.766 [info] > git for-each-ref --format=%(refname)%00%(upstream:short)%00%(objectname)%00%(upstream:track)%00%(upstream:remotename)%00%(upstream:remoteref) refs/heads/master refs/remotes/master [3ms]
2023-11-03 09:10:47.307 [info] > git status -z -uall [535ms]
2023-11-03 09:10:52.344 [info] > git config --get commit.template [6ms]
2023-11-03 09:10:52.347 [info] > git for-each-ref --format=%(refname)%00%(upstream:short)%00%(objectname)%00%(upstream:track)%00%(upstream:remotename)%00%(upstream:remoteref) refs/heads/master refs/remotes/master [2ms]
2023-11-03 09:10:52.888 [info] > git status -z -uall [536ms]
2023-11-03 09:10:57.926 [info] > git config --get commit.template [7ms]
2023-11-03 09:10:57.928 [info] > git for-each-ref --format=%(refname)%00%(upstream:short)%00%(objectname)%00%(upstream:track)%00%(upstream:remotename)%00%(upstream:remoteref) refs/heads/master refs/remotes/master [3ms]
2023-11-03 09:10:58.472 [info] > git status -z -uall [537ms]
2023-11-03 09:11:03.509 [info] > git config --get commit.template [6ms]
2023-11-03 09:11:03.512 [info] > git for-each-ref --format=%(refname)%00%(upstream:short)%00%(objectname)%00%(upstream:track)%00%(upstream:remotename)%00%(upstream:remoteref) refs/heads/master refs/remotes/master [4ms]
2023-11-03 09:11:04.040 [info] > git status -z -uall [522ms]
2023-11-03 09:11:09.079 [info] > git config --get commit.template [5ms]
2023-11-03 09:11:09.081 [info] > git for-each-ref --format=%(refname)%00%(upstream:short)%00%(objectname)%00%(upstream:track)%00%(upstream:remotename)%00%(upstream:remoteref) refs/heads/master refs/remotes/master [4ms]
2023-11-03 09:11:09.611 [info] > git status -z -uall [524ms]
2023-11-03 09:11:14.650 [info] > git config --get commit.template [6ms]
2023-11-03 09:11:14.653 [info] > git for-each-ref --format=%(refname)%00%(upstream:short)%00%(objectname)%00%(upstream:track)%00%(upstream:remotename)%00%(upstream:remoteref) refs/heads/master refs/remotes/master [4ms]
2023-11-03 09:11:15.204 [info] > git status -z -uall [545ms]
2023-11-03 09:11:20.243 [info] > git config --get commit.template [6ms]
2023-11-03 09:11:20.247 [info] > git for-each-ref --format=%(refname)%00%(upstream:short)%00%(objectname)%00%(upstream:track)%00%(upstream:remotename)%00%(upstream:remoteref) refs/heads/master refs/remotes/master [5ms]
2023-11-03 09:11:20.944 [info] > git status -z -uall [690ms]
2023-11-03 09:11:25.984 [info] > git config --get commit.template [7ms]
2023-11-03 09:11:25.986 [info] > git for-each-ref --format=%(refname)%00%(upstream:short)%00%(objectname)%00%(upstream:track)%00%(upstream:remotename)%00%(upstream:remoteref) refs/heads/master refs/remotes/master [3ms]
2023-11-03 09:11:26.587 [info] > git status -z -uall [593ms]
2023-11-03 09:12:33.938 [info] > git config --get commit.template [7ms]
2023-11-03 09:12:33.944 [info] > git for-each-ref --format=%(refname)%00%(upstream:short)%00%(objectname)%00%(upstream:track)%00%(upstream:remotename)%00%(upstream:remoteref) refs/heads/master refs/remotes/master [7ms]
2023-11-03 09:12:34.962 [info] > git status -z -uall [1012ms]
2023-11-03 09:12:38.354 [info] > git show --textconv :public_html/php/View/product_list.php [6ms]
2023-11-03 09:12:38.355 [info] > git ls-files --stage -- /home/TDIW/tdiw-k11/public_html/php/View/product_list.php [2ms]
2023-11-03 09:12:38.363 [info] > git cat-file -s d679d4a74ee02b79992793ccb0658ae536a43695 [3ms]
2023-11-03 09:12:39.452 [info] > git show --textconv :public_html/php/index.php [6ms]
2023-11-03 09:12:39.453 [info] > git ls-files --stage -- /home/TDIW/tdiw-k11/public_html/php/index.php [2ms]
2023-11-03 09:12:39.461 [info] > git cat-file -s bb51986409b7490e7bdcb5f8bda8247ef9781aba [3ms]
2023-11-03 09:12:40.004 [info] > git config --get commit.template [5ms]
2023-11-03 09:12:40.007 [info] > git for-each-ref --format=%(refname)%00%(upstream:short)%00%(objectname)%00%(upstream:track)%00%(upstream:remotename)%00%(upstream:remoteref) refs/heads/master refs/remotes/master [3ms]
2023-11-03 09:12:40.172 [info] > git show --textconv :public_html/php/Controller/CategoriaController [5ms]
2023-11-03 09:12:40.173 [info] > git ls-files --stage -- /home/TDIW/tdiw-k11/public_html/php/Controller/CategoriaController [1ms]
2023-11-03 09:12:40.648 [info] > git status -z -uall [635ms]
2023-11-03 09:12:45.685 [info] > git config --get commit.template [6ms]
2023-11-03 09:12:45.687 [info] > git for-each-ref --format=%(refname)%00%(upstream:short)%00%(objectname)%00%(upstream:track)%00%(upstream:remotename)%00%(upstream:remoteref) refs/heads/master refs/remotes/master [3ms]
2023-11-03 09:12:46.251 [info] > git status -z -uall [558ms]
2023-11-03 09:12:51.286 [info] > git config --get commit.template [7ms]
2023-11-03 09:12:51.289 [info] > git for-each-ref --format=%(refname)%00%(upstream:short)%00%(objectname)%00%(upstream:track)%00%(upstream:remotename)%00%(upstream:remoteref) refs/heads/master refs/remotes/master [4ms]
2023-11-03 09:12:51.855 [info] > git status -z -uall [559ms]
2023-11-03 09:12:56.891 [info] > git config --get commit.template [6ms]
2023-11-03 09:12:56.894 [info] > git for-each-ref --format=%(refname)%00%(upstream:short)%00%(objectname)%00%(upstream:track)%00%(upstream:remotename)%00%(upstream:remoteref) refs/heads/master refs/remotes/master [4ms]
2023-11-03 09:12:57.470 [info] > git status -z -uall [569ms]
2023-11-03 09:13:02.504 [info] > git config --get commit.template [6ms]
2023-11-03 09:13:02.506 [info] > git for-each-ref --format=%(refname)%00%(upstream:short)%00%(objectname)%00%(upstream:track)%00%(upstream:remotename)%00%(upstream:remoteref) refs/heads/master refs/remotes/master [3ms]
2023-11-03 09:13:03.059 [info] > git status -z -uall [546ms]
2023-11-03 09:13:08.096 [info] > git config --get commit.template [7ms]
2023-11-03 09:13:08.099 [info] > git for-each-ref --format=%(refname)%00%(upstream:short)%00%(objectname)%00%(upstream:track)%00%(upstream:remotename)%00%(upstream:remoteref) refs/heads/master refs/remotes/master [4ms]
2023-11-03 09:13:08.685 [info] > git status -z -uall [579ms]
2023-11-03 09:13:12.178 [info] > git check-ignore -v -z --stdin [3ms]
2023-11-03 09:13:13.719 [info] > git config --get commit.template [6ms]
2023-11-03 09:13:13.722 [info] > git for-each-ref --format=%(refname)%00%(upstream:short)%00%(objectname)%00%(upstream:track)%00%(upstream:remotename)%00%(upstream:remoteref) refs/heads/master refs/remotes/master [3ms]
2023-11-03 09:13:14.286 [info] > git status -z -uall [558ms]
2023-11-03 09:13:19.322 [info] > git config --get commit.template [6ms]
2023-11-03 09:13:19.325 [info] > git for-each-ref --format=%(refname)%00%(upstream:short)%00%(objectname)%00%(upstream:track)%00%(upstream:remotename)%00%(upstream:remoteref) refs/heads/master refs/remotes/master [3ms]
2023-11-03 09:13:19.890 [info] > git status -z -uall [559ms]
2023-11-03 09:13:24.926 [info] > git config --get commit.template [7ms]
2023-11-03 09:13:24.929 [info] > git for-each-ref --format=%(refname)%00%(upstream:short)%00%(objectname)%00%(upstream:track)%00%(upstream:remotename)%00%(upstream:remoteref) refs/heads/master refs/remotes/master [4ms]
2023-11-03 09:13:25.518 [info] > git status -z -uall [582ms]
2023-11-03 09:13:30.556 [info] > git config --get commit.template [8ms]
2023-11-03 09:13:30.558 [info] > git for-each-ref --format=%(refname)%00%(upstream:short)%00%(objectname)%00%(upstream:track)%00%(upstream:remotename)%00%(upstream:remoteref) refs/heads/master refs/remotes/master [3ms]
2023-11-03 09:13:31.124 [info] > git status -z -uall [560ms]
2023-11-03 09:13:36.160 [info] > git config --get commit.template [8ms]
2023-11-03 09:13:36.165 [info] > git for-each-ref --format=%(refname)%00%(upstream:short)%00%(objectname)%00%(upstream:track)%00%(upstream:remotename)%00%(upstream:remoteref) refs/heads/master refs/remotes/master [5ms]
2023-11-03 09:13:36.877 [info] > git status -z -uall [705ms]
2023-11-03 09:13:41.912 [info] > git config --get commit.template [7ms]
2023-11-03 09:13:41.914 [info] > git for-each-ref --format=%(refname)%00%(upstream:short)%00%(objectname)%00%(upstream:track)%00%(upstream:remotename)%00%(upstream:remoteref) refs/heads/master refs/remotes/master [3ms]
2023-11-03 09:13:42.489 [info] > git status -z -uall [567ms]
2023-11-03 09:13:47.524 [info] > git config --get commit.template [6ms]
2023-11-03 09:13:47.527 [info] > git for-each-ref --format=%(refname)%00%(upstream:short)%00%(objectname)%00%(upstream:track)%00%(upstream:remotename)%00%(upstream:remoteref) refs/heads/master refs/remotes/master [4ms]
2023-11-03 09:13:48.088 [info] > git status -z -uall [555ms]
2023-11-03 09:13:53.123 [info] > git config --get commit.template [7ms]
2023-11-03 09:13:53.125 [info] > git for-each-ref --format=%(refname)%00%(upstream:short)%00%(objectname)%00%(upstream:track)%00%(upstream:remotename)%00%(upstream:remoteref) refs/heads/master refs/remotes/master [3ms]
2023-11-03 09:13:53.702 [info] > git status -z -uall [569ms]
2023-11-03 09:14:11.102 [info] > git config --get commit.template [8ms]
2023-11-03 09:14:11.104 [info] > git for-each-ref --format=%(refname)%00%(upstream:short)%00%(objectname)%00%(upstream:track)%00%(upstream:remotename)%00%(upstream:remoteref) refs/heads/master refs/remotes/master [3ms]
2023-11-03 09:14:11.700 [info] > git status -z -uall [589ms]
2023-11-03 09:14:18.198 [info] > git config --get commit.template [6ms]
2023-11-03 09:14:18.201 [info] > git for-each-ref --format=%(refname)%00%(upstream:short)%00%(objectname)%00%(upstream:track)%00%(upstream:remotename)%00%(upstream:remoteref) refs/heads/master refs/remotes/master [4ms]
2023-11-03 09:14:18.777 [info] > git status -z -uall [569ms]
2023-11-03 09:15:52.083 [info] > git config --get commit.template [8ms]
2023-11-03 09:15:52.097 [info] > git for-each-ref --format=%(refname)%00%(upstream:short)%00%(objectname)%00%(upstream:track)%00%(upstream:remotename)%00%(upstream:remoteref) refs/heads/master refs/remotes/master [15ms]
2023-11-03 09:15:53.630 [info] > git status -z -uall [1525ms]
2023-11-03 09:15:56.986 [info] > git show --textconv :public_html/php/index.php [6ms]
2023-11-03 09:15:56.988 [info] > git ls-files --stage -- /home/TDIW/tdiw-k11/public_html/php/index.php [2ms]
2023-11-03 09:15:56.995 [info] > git cat-file -s bb51986409b7490e7bdcb5f8bda8247ef9781aba [2ms]
2023-11-03 09:15:58.664 [info] > git config --get commit.template [5ms]
2023-11-03 09:15:58.666 [info] > git for-each-ref --format=%(refname)%00%(upstream:short)%00%(objectname)%00%(upstream:track)%00%(upstream:remotename)%00%(upstream:remoteref) refs/heads/master refs/remotes/master [3ms]
2023-11-03 09:15:59.241 [info] > git status -z -uall [569ms]
2023-11-03 09:25:19.842 [info] > git config --get commit.template [6ms]
2023-11-03 09:25:19.849 [info] > git for-each-ref --format=%(refname)%00%(upstream:short)%00%(objectname)%00%(upstream:track)%00%(upstream:remotename)%00%(upstream:remoteref) refs/heads/master refs/remotes/master [8ms]
2023-11-03 09:25:20.867 [info] > git status -z -uall [1010ms]
2023-11-03 09:25:25.908 [info] > git config --get commit.template [6ms]
2023-11-03 09:25:25.911 [info] > git for-each-ref --format=%(refname)%00%(upstream:short)%00%(objectname)%00%(upstream:track)%00%(upstream:remotename)%00%(upstream:remoteref) refs/heads/master refs/remotes/master [3ms]
2023-11-03 09:25:26.409 [info] > git show --textconv :public_html/php/Controller/CategoriaController [4ms]
2023-11-03 09:25:26.410 [info] > git ls-files --stage -- /home/TDIW/tdiw-k11/public_html/php/Controller/CategoriaController [1ms]
2023-11-03 09:25:26.491 [info] > git status -z -uall [574ms]
2023-11-03 09:25:30.171 [info] > git show --textconv :public_html/php/Model/Categoria.php [6ms]
2023-11-03 09:25:30.172 [info] > git ls-files --stage -- /home/TDIW/tdiw-k11/public_html/php/Model/Categoria.php [2ms]
2023-11-03 09:25:31.527 [info] > git config --get commit.template [6ms]
2023-11-03 09:25:31.530 [info] > git for-each-ref --format=%(refname)%00%(upstream:short)%00%(objectname)%00%(upstream:track)%00%(upstream:remotename)%00%(upstream:remoteref) refs/heads/master refs/remotes/master [3ms]
2023-11-03 09:25:32.106 [info] > git status -z -uall [569ms]
2023-11-03 09:25:32.687 [info] > git show --textconv :public_html/php/Controller/llistar_categories.php [13ms]
2023-11-03 09:25:32.688 [info] > git ls-files --stage -- /home/TDIW/tdiw-k11/public_html/php/Controller/llistar_categories.php [1ms]
2023-11-03 09:25:33.345 [info] > git show --textconv :public_html/php/Controller/CategoriaController [6ms]
2023-11-03 09:25:33.346 [info] > git ls-files --stage -- /home/TDIW/tdiw-k11/public_html/php/Controller/CategoriaController [2ms]
2023-11-03 09:25:35.126 [info] > git show --textconv :public_html/php/Model/Categoria.php [6ms]
2023-11-03 09:25:35.128 [info] > git ls-files --stage -- /home/TDIW/tdiw-k11/public_html/php/Model/Categoria.php [3ms]
2023-11-03 09:25:37.138 [info] > git config --get commit.template [5ms]
2023-11-03 09:25:37.141 [info] > git for-each-ref --format=%(refname)%00%(upstream:short)%00%(objectname)%00%(upstream:track)%00%(upstream:remotename)%00%(upstream:remoteref) refs/heads/master refs/remotes/master [4ms]
2023-11-03 09:25:37.361 [info] > git show --textconv :public_html/php/Model/Productes.php [5ms]
2023-11-03 09:25:37.363 [info] > git ls-files --stage -- /home/TDIW/tdiw-k11/public_html/php/Model/Productes.php [1ms]
2023-11-03 09:25:37.369 [info] > git cat-file -s e69de29bb2d1d6434b8b29ae775ad8c2e48c5391 [2ms]
2023-11-03 09:25:37.736 [info] > git status -z -uall [590ms]
2023-11-03 09:25:38.408 [info] > git show --textconv :public_html/php/Model/Categoria.php [15ms]
2023-11-03 09:25:38.411 [info] > git ls-files --stage -- /home/TDIW/tdiw-k11/public_html/php/Model/Categoria.php [5ms]
2023-11-03 09:25:39.618 [info] > git show --textconv :public_html/php/Model/Productes.php [6ms]
2023-11-03 09:25:39.620 [info] > git ls-files --stage -- /home/TDIW/tdiw-k11/public_html/php/Model/Productes.php [3ms]
2023-11-03 09:25:39.629 [info] > git cat-file -s e69de29bb2d1d6434b8b29ae775ad8c2e48c5391 [2ms]
2023-11-03 09:25:42.770 [info] > git config --get commit.template [6ms]
2023-11-03 09:25:42.773 [info] > git for-each-ref --format=%(refname)%00%(upstream:short)%00%(objectname)%00%(upstream:track)%00%(upstream:remotename)%00%(upstream:remoteref) refs/heads/master refs/remotes/master [4ms]
2023-11-03 09:25:43.344 [info] > git status -z -uall [565ms]
2023-11-03 09:25:44.098 [info] > git show --textconv :public_html/php/View/CategoriaView.php [6ms]
2023-11-03 09:25:44.099 [info] > git ls-files --stage -- /home/TDIW/tdiw-k11/public_html/php/View/CategoriaView.php [2ms]
2023-11-03 09:25:48.378 [info] > git config --get commit.template [6ms]
2023-11-03 09:25:48.381 [info] > git for-each-ref --format=%(refname)%00%(upstream:short)%00%(objectname)%00%(upstream:track)%00%(upstream:remotename)%00%(upstream:remoteref) refs/heads/master refs/remotes/master [3ms]
2023-11-03 09:25:48.968 [info] > git status -z -uall [582ms]
2023-11-03 09:29:33.541 [info] > git config --get commit.template [7ms]
2023-11-03 09:29:33.547 [info] > git for-each-ref --format=%(refname)%00%(upstream:short)%00%(objectname)%00%(upstream:track)%00%(upstream:remotename)%00%(upstream:remoteref) refs/heads/master refs/remotes/master [7ms]
2023-11-03 09:29:34.140 [info] > git check-ignore -v -z --stdin [3ms]
2023-11-03 09:29:34.560 [info] > git status -z -uall [1007ms]
2023-11-03 09:29:39.601 [info] > git config --get commit.template [6ms]
2023-11-03 09:29:39.604 [info] > git for-each-ref --format=%(refname)%00%(upstream:short)%00%(objectname)%00%(upstream:track)%00%(upstream:remotename)%00%(upstream:remoteref) refs/heads/master refs/remotes/master [4ms]
2023-11-03 09:29:40.173 [info] > git status -z -uall [564ms]
2023-11-03 09:29:45.212 [info] > git config --get commit.template [6ms]
2023-11-03 09:29:45.214 [info] > git for-each-ref --format=%(refname)%00%(upstream:short)%00%(objectname)%00%(upstream:track)%00%(upstream:remotename)%00%(upstream:remoteref) refs/heads/master refs/remotes/master [3ms]
2023-11-03 09:29:45.776 [info] > git status -z -uall [556ms]
2023-11-03 09:29:50.811 [info] > git config --get commit.template [6ms]
2023-11-03 09:29:50.814 [info] > git for-each-ref --format=%(refname)%00%(upstream:short)%00%(objectname)%00%(upstream:track)%00%(upstream:remotename)%00%(upstream:remoteref) refs/heads/master refs/remotes/master [4ms]
2023-11-03 09:29:51.369 [info] > git status -z -uall [549ms]
2023-11-03 09:29:56.403 [info] > git config --get commit.template [7ms]
2023-11-03 09:29:56.406 [info] > git for-each-ref --format=%(refname)%00%(upstream:short)%00%(objectname)%00%(upstream:track)%00%(upstream:remotename)%00%(upstream:remoteref) refs/heads/master refs/remotes/master [3ms]
2023-11-03 09:29:56.985 [info] > git status -z -uall [572ms]
2023-11-03 09:30:02.020 [info] > git config --get commit.template [6ms]
2023-11-03 09:30:02.022 [info] > git for-each-ref --format=%(refname)%00%(upstream:short)%00%(objectname)%00%(upstream:track)%00%(upstream:remotename)%00%(upstream:remoteref) refs/heads/master refs/remotes/master [3ms]
2023-11-03 09:30:02.588 [info] > git status -z -uall [559ms]
2023-11-03 09:30:07.625 [info] > git config --get commit.template [7ms]
2023-11-03 09:30:07.627 [info] > git for-each-ref --format=%(refname)%00%(upstream:short)%00%(objectname)%00%(upstream:track)%00%(upstream:remotename)%00%(upstream:remoteref) refs/heads/master refs/remotes/master [3ms]
2023-11-03 09:30:08.201 [info] > git status -z -uall [565ms]
2023-11-03 09:30:13.236 [info] > git config --get commit.template [7ms]
2023-11-03 09:30:13.239 [info] > git for-each-ref --format=%(refname)%00%(upstream:short)%00%(objectname)%00%(upstream:track)%00%(upstream:remotename)%00%(upstream:remoteref) refs/heads/master refs/remotes/master [3ms]
2023-11-03 09:30:13.807 [info] > git status -z -uall [561ms]
2023-11-03 09:30:18.843 [info] > git config --get commit.template [7ms]
2023-11-03 09:30:18.846 [info] > git for-each-ref --format=%(refname)%00%(upstream:short)%00%(objectname)%00%(upstream:track)%00%(upstream:remotename)%00%(upstream:remoteref) refs/heads/master refs/remotes/master [3ms]
2023-11-03 09:30:19.419 [info] > git status -z -uall [566ms]
2023-11-03 09:30:24.453 [info] > git config --get commit.template [7ms]
2023-11-03 09:30:24.456 [info] > git for-each-ref --format=%(refname)%00%(upstream:short)%00%(objectname)%00%(upstream:track)%00%(upstream:remotename)%00%(upstream:remoteref) refs/heads/master refs/remotes/master [4ms]
2023-11-03 09:30:25.030 [info] > git status -z -uall [566ms]
2023-11-03 09:30:30.061 [info] > git config --get commit.template [5ms]
2023-11-03 09:30:30.063 [info] > git for-each-ref --format=%(refname)%00%(upstream:short)%00%(objectname)%00%(upstream:track)%00%(upstream:remotename)%00%(upstream:remoteref) refs/heads/master refs/remotes/master [3ms]
2023-11-03 09:30:30.515 [info] > git check-ignore -v -z --stdin [2ms]
2023-11-03 09:30:30.615 [info] > git status -z -uall [546ms]
2023-11-03 09:30:35.650 [info] > git config --get commit.template [6ms]
2023-11-03 09:30:35.654 [info] > git for-each-ref --format=%(refname)%00%(upstream:short)%00%(objectname)%00%(upstream:track)%00%(upstream:remotename)%00%(upstream:remoteref) refs/heads/master refs/remotes/master [4ms]
2023-11-03 09:30:36.373 [info] > git status -z -uall [712ms]
2023-11-03 09:30:41.408 [info] > git config --get commit.template [7ms]
2023-11-03 09:30:41.411 [info] > git for-each-ref --format=%(refname)%00%(upstream:short)%00%(objectname)%00%(upstream:track)%00%(upstream:remotename)%00%(upstream:remoteref) refs/heads/master refs/remotes/master [3ms]
2023-11-03 09:30:41.977 [info] > git status -z -uall [559ms]
2023-11-03 09:30:45.758 [info] > git check-ignore -v -z --stdin [2ms]
2023-11-03 09:30:47.012 [info] > git config --get commit.template [7ms]
2023-11-03 09:30:47.015 [info] > git for-each-ref --format=%(refname)%00%(upstream:short)%00%(objectname)%00%(upstream:track)%00%(upstream:remotename)%00%(upstream:remoteref) refs/heads/master refs/remotes/master [4ms]
2023-11-03 09:30:47.583 [info] > git status -z -uall [561ms]
2023-11-03 09:30:52.620 [info] > git config --get commit.template [7ms]
2023-11-03 09:30:52.623 [info] > git for-each-ref --format=%(refname)%00%(upstream:short)%00%(objectname)%00%(upstream:track)%00%(upstream:remotename)%00%(upstream:remoteref) refs/heads/master refs/remotes/master [4ms]
2023-11-03 09:30:53.200 [info] > git status -z -uall [570ms]
2023-11-03 09:30:58.235 [info] > git config --get commit.template [7ms]
2023-11-03 09:30:58.237 [info] > git for-each-ref --format=%(refname)%00%(upstream:short)%00%(objectname)%00%(upstream:track)%00%(upstream:remotename)%00%(upstream:remoteref) refs/heads/master refs/remotes/master [3ms]
2023-11-03 09:30:58.807 [info] > git status -z -uall [563ms]
2023-11-03 09:31:03.842 [info] > git config --get commit.template [7ms]
2023-11-03 09:31:03.844 [info] > git for-each-ref --format=%(refname)%00%(upstream:short)%00%(objectname)%00%(upstream:track)%00%(upstream:remotename)%00%(upstream:remoteref) refs/heads/master refs/remotes/master [3ms]
2023-11-03 09:31:04.429 [info] > git status -z -uall [578ms]
2023-11-03 09:31:09.465 [info] > git config --get commit.template [8ms]
2023-11-03 09:31:09.468 [info] > git for-each-ref --format=%(refname)%00%(upstream:short)%00%(objectname)%00%(upstream:track)%00%(upstream:remotename)%00%(upstream:remoteref) refs/heads/master refs/remotes/master [3ms]
2023-11-03 09:31:10.055 [info] > git status -z -uall [580ms]
2023-11-03 09:31:15.090 [info] > git config --get commit.template [6ms]
2023-11-03 09:31:15.092 [info] > git for-each-ref --format=%(refname)%00%(upstream:short)%00%(objectname)%00%(upstream:track)%00%(upstream:remotename)%00%(upstream:remoteref) refs/heads/master refs/remotes/master [3ms]
2023-11-03 09:31:15.662 [info] > git status -z -uall [564ms]
2023-11-03 09:31:20.698 [info] > git config --get commit.template [6ms]
2023-11-03 09:31:20.700 [info] > git for-each-ref --format=%(refname)%00%(upstream:short)%00%(objectname)%00%(upstream:track)%00%(upstream:remotename)%00%(upstream:remoteref) refs/heads/master refs/remotes/master [3ms]
2023-11-03 09:31:21.277 [info] > git status -z -uall [571ms]
2023-11-03 09:31:26.315 [info] > git config --get commit.template [7ms]
2023-11-03 09:31:26.317 [info] > git for-each-ref --format=%(refname)%00%(upstream:short)%00%(objectname)%00%(upstream:track)%00%(upstream:remotename)%00%(upstream:remoteref) refs/heads/master refs/remotes/master [3ms]
2023-11-03 09:31:26.898 [info] > git status -z -uall [574ms]
2023-11-03 09:31:31.935 [info] > git config --get commit.template [7ms]
2023-11-03 09:31:31.937 [info] > git for-each-ref --format=%(refname)%00%(upstream:short)%00%(objectname)%00%(upstream:track)%00%(upstream:remotename)%00%(upstream:remoteref) refs/heads/master refs/remotes/master [3ms]
2023-11-03 09:31:32.538 [info] > git status -z -uall [594ms]
2023-11-03 09:31:37.573 [info] > git config --get commit.template [7ms]
2023-11-03 09:31:37.578 [info] > git for-each-ref --format=%(refname)%00%(upstream:short)%00%(objectname)%00%(upstream:track)%00%(upstream:remotename)%00%(upstream:remoteref) refs/heads/master refs/remotes/master [6ms]
2023-11-03 09:31:38.301 [info] > git status -z -uall [716ms]
2023-11-03 09:31:43.337 [info] > git config --get commit.template [7ms]
2023-11-03 09:31:43.339 [info] > git for-each-ref --format=%(refname)%00%(upstream:short)%00%(objectname)%00%(upstream:track)%00%(upstream:remotename)%00%(upstream:remoteref) refs/heads/master refs/remotes/master [3ms]
2023-11-03 09:31:43.917 [info] > git status -z -uall [570ms]
2023-11-03 09:31:48.954 [info] > git config --get commit.template [6ms]
2023-11-03 09:31:48.956 [info] > git for-each-ref --format=%(refname)%00%(upstream:short)%00%(objectname)%00%(upstream:track)%00%(upstream:remotename)%00%(upstream:remoteref) refs/heads/master refs/remotes/master [3ms]
2023-11-03 09:31:49.521 [info] > git status -z -uall [558ms]
2023-11-03 09:31:54.556 [info] > git config --get commit.template [7ms]
2023-11-03 09:31:54.559 [info] > git for-each-ref --format=%(refname)%00%(upstream:short)%00%(objectname)%00%(upstream:track)%00%(upstream:remotename)%00%(upstream:remoteref) refs/heads/master refs/remotes/master [4ms]
2023-11-03 09:31:55.128 [info] > git status -z -uall [563ms]
2023-11-03 09:32:00.161 [info] > git config --get commit.template [5ms]
2023-11-03 09:32:00.163 [info] > git for-each-ref --format=%(refname)%00%(upstream:short)%00%(objectname)%00%(upstream:track)%00%(upstream:remotename)%00%(upstream:remoteref) refs/heads/master refs/remotes/master [3ms]
2023-11-03 09:32:00.709 [info] > git status -z -uall [540ms]
2023-11-03 09:32:05.745 [info] > git config --get commit.template [7ms]
2023-11-03 09:32:05.747 [info] > git for-each-ref --format=%(refname)%00%(upstream:short)%00%(objectname)%00%(upstream:track)%00%(upstream:remotename)%00%(upstream:remoteref) refs/heads/master refs/remotes/master [3ms]
2023-11-03 09:32:06.327 [info] > git status -z -uall [572ms]
2023-11-03 09:32:11.366 [info] > git config --get commit.template [6ms]
2023-11-03 09:32:11.368 [info] > git for-each-ref --format=%(refname)%00%(upstream:short)%00%(objectname)%00%(upstream:track)%00%(upstream:remotename)%00%(upstream:remoteref) refs/heads/master refs/remotes/master [3ms]
2023-11-03 09:32:11.949 [info] > git status -z -uall [574ms]
2023-11-03 09:32:12.857 [info] > git show --textconv :public_html/php/index.php [6ms]
2023-11-03 09:32:12.859 [info] > git ls-files --stage -- /home/TDIW/tdiw-k11/public_html/php/index.php [2ms]
2023-11-03 09:32:12.866 [info] > git cat-file -s bb51986409b7490e7bdcb5f8bda8247ef9781aba [2ms]
2023-11-03 09:32:16.983 [info] > git config --get commit.template [6ms]
2023-11-03 09:32:16.985 [info] > git for-each-ref --format=%(refname)%00%(upstream:short)%00%(objectname)%00%(upstream:track)%00%(upstream:remotename)%00%(upstream:remoteref) refs/heads/master refs/remotes/master [3ms]
2023-11-03 09:32:17.573 [info] > git status -z -uall [581ms]
2023-11-03 09:32:22.609 [info] > git config --get commit.template [7ms]
2023-11-03 09:32:22.612 [info] > git for-each-ref --format=%(refname)%00%(upstream:short)%00%(objectname)%00%(upstream:track)%00%(upstream:remotename)%00%(upstream:remoteref) refs/heads/master refs/remotes/master [4ms]
2023-11-03 09:32:23.181 [info] > git status -z -uall [562ms]
2023-11-03 09:32:26.635 [info] > git show --textconv :public_html/php/Controller/llistar_categories.php [8ms]
2023-11-03 09:32:26.636 [info] > git ls-files --stage -- /home/TDIW/tdiw-k11/public_html/php/Controller/llistar_categories.php [2ms]
2023-11-03 09:32:28.216 [info] > git config --get commit.template [7ms]
2023-11-03 09:32:28.218 [info] > git for-each-ref --format=%(refname)%00%(upstream:short)%00%(objectname)%00%(upstream:track)%00%(upstream:remotename)%00%(upstream:remoteref) refs/heads/master refs/remotes/master [3ms]
2023-11-03 09:32:28.793 [info] > git status -z -uall [568ms]
2023-11-03 09:32:32.118 [info] > git show --textconv :public_html/php/Controller/CategoriaController [7ms]
2023-11-03 09:32:32.119 [info] > git ls-files --stage -- /home/TDIW/tdiw-k11/public_html/php/Controller/CategoriaController [2ms]
2023-11-03 09:32:33.515 [info] > git show --textconv :public_html/php/Model/Categoria.php [5ms]
2023-11-03 09:32:33.517 [info] > git ls-files --stage -- /home/TDIW/tdiw-k11/public_html/php/Model/Categoria.php [2ms]
2023-11-03 09:32:33.830 [info] > git config --get commit.template [6ms]
2023-11-03 09:32:33.833 [info] > git for-each-ref --format=%(refname)%00%(upstream:short)%00%(objectname)%00%(upstream:track)%00%(upstream:remotename)%00%(upstream:remoteref) refs/heads/master refs/remotes/master [4ms]
2023-11-03 09:32:34.219 [info] > git show --textconv :public_html/php/Model/conectaDB.php [5ms]
2023-11-03 09:32:34.220 [info] > git ls-files --stage -- /home/TDIW/tdiw-k11/public_html/php/Model/conectaDB.php [1ms]
2023-11-03 09:32:34.437 [info] > git status -z -uall [598ms]
2023-11-03 09:32:35.867 [info] > git show --textconv :public_html/php/Model/Categoria.php [6ms]
2023-11-03 09:32:35.869 [info] > git ls-files --stage -- /home/TDIW/tdiw-k11/public_html/php/Model/Categoria.php [2ms]
2023-11-03 09:32:37.912 [info] > git show --textconv :public_html/php/Controller/llistar_categories.php [6ms]
2023-11-03 09:32:37.913 [info] > git ls-files --stage -- /home/TDIW/tdiw-k11/public_html/php/Controller/llistar_categories.php [2ms]
2023-11-03 09:32:39.475 [info] > git config --get commit.template [6ms]
2023-11-03 09:32:39.479 [info] > git for-each-ref --format=%(refname)%00%(upstream:short)%00%(objectname)%00%(upstream:track)%00%(upstream:remotename)%00%(upstream:remoteref) refs/heads/master refs/remotes/master [5ms]
2023-11-03 09:32:40.198 [info] > git status -z -uall [711ms]
2023-11-03 09:32:45.233 [info] > git config --get commit.template [7ms]
2023-11-03 09:32:45.237 [info] > git for-each-ref --format=%(refname)%00%(upstream:short)%00%(objectname)%00%(upstream:track)%00%(upstream:remotename)%00%(upstream:remoteref) refs/heads/master refs/remotes/master [5ms]
2023-11-03 09:32:45.821 [info] > git status -z -uall [571ms]
2023-11-03 09:32:50.855 [info] > git config --get commit.template [6ms]
2023-11-03 09:32:50.857 [info] > git for-each-ref --format=%(refname)%00%(upstream:short)%00%(objectname)%00%(upstream:track)%00%(upstream:remotename)%00%(upstream:remoteref) refs/heads/master refs/remotes/master [3ms]
2023-11-03 09:32:51.449 [info] > git status -z -uall [585ms]
2023-11-03 09:32:56.488 [info] > git config --get commit.template [7ms]
2023-11-03 09:32:56.490 [info] > git for-each-ref --format=%(refname)%00%(upstream:short)%00%(objectname)%00%(upstream:track)%00%(upstream:remotename)%00%(upstream:remoteref) refs/heads/master refs/remotes/master [3ms]
2023-11-03 09:32:57.084 [info] > git status -z -uall [587ms]
2023-11-03 09:33:02.120 [info] > git config --get commit.template [7ms]
2023-11-03 09:33:02.122 [info] > git for-each-ref --format=%(refname)%00%(upstream:short)%00%(objectname)%00%(upstream:track)%00%(upstream:remotename)%00%(upstream:remoteref) refs/heads/master refs/remotes/master [3ms]
2023-11-03 09:33:02.724 [info] > git status -z -uall [594ms]
2023-11-03 09:33:07.762 [info] > git config --get commit.template [6ms]
2023-11-03 09:33:07.764 [info] > git for-each-ref --format=%(refname)%00%(upstream:short)%00%(objectname)%00%(upstream:track)%00%(upstream:remotename)%00%(upstream:remoteref) refs/heads/master refs/remotes/master [3ms]
2023-11-03 09:33:08.331 [info] > git status -z -uall [560ms]
2023-11-03 09:33:13.364 [info] > git config --get commit.template [6ms]
2023-11-03 09:33:13.367 [info] > git for-each-ref --format=%(refname)%00%(upstream:short)%00%(objectname)%00%(upstream:track)%00%(upstream:remotename)%00%(upstream:remoteref) refs/heads/master refs/remotes/master [4ms]
2023-11-03 09:33:13.939 [info] > git status -z -uall [567ms]
2023-11-03 09:33:18.976 [info] > git config --get commit.template [7ms]
2023-11-03 09:33:18.978 [info] > git for-each-ref --format=%(refname)%00%(upstream:short)%00%(objectname)%00%(upstream:track)%00%(upstream:remotename)%00%(upstream:remoteref) refs/heads/master refs/remotes/master [3ms]
2023-11-03 09:33:19.566 [info] > git status -z -uall [580ms]
