2023-11-15 18:26:28.388 [info] Extension host with pid 341927 started
2023-11-15 18:26:28.399 [info] Lock '/home/TDIW/tdiw-k11/.vscode-server/data/User/workspaceStorage/db7ea9fa2893f9989f261fd80a6347d9/vscode.lock': Lock acquired.
2023-11-15 18:26:28.433 [info] ExtensionService#_doActivateExtension vscode.git-base, startup: true, activationEvent: '*', root cause: vscode.git
2023-11-15 18:26:28.454 [info] ExtensionService#_doActivateExtension vscode.git, startup: true, activationEvent: '*'
2023-11-15 18:26:28.454 [info] ExtensionService#_doActivateExtension vscode.github, startup: true, activationEvent: '*'
2023-11-15 18:26:28.630 [info] Eager extensions activated
2023-11-15 18:26:28.630 [info] ExtensionService#_doActivateExtension vscode.debug-auto-launch, startup: false, activationEvent: 'onStartupFinished'
2023-11-15 18:26:28.630 [info] ExtensionService#_doActivateExtension vscode.merge-conflict, startup: false, activationEvent: 'onStartupFinished'
2023-11-15 18:26:31.553 [info] ExtensionService#_doActivateExtension vscode.json-language-features, startup: false, activationEvent: 'onLanguage:jsonc'
2023-11-15 18:26:31.554 [info] ExtensionService#_doActivateExtension vscode.typescript-language-features, startup: false, activationEvent: 'onLanguage:jsonc'
2023-11-15 18:26:31.555 [info] ExtensionService#_doActivateExtension vscode.emmet, startup: false, activationEvent: 'onLanguage'
2023-11-15 18:29:24.180 [warning] [Decorations] CAPPING events from decorations provider vscode.git 999
2023-11-15 18:29:24.767 [warning] [Decorations] CAPPING events from decorations provider vscode.git 999
2023-11-15 18:29:28.149 [warning] [Decorations] CAPPING events from decorations provider vscode.git 999
2023-11-15 18:30:02.812 [warning] [Decorations] CAPPING events from decorations provider vscode.git 999
2023-11-15 18:30:08.392 [warning] [Decorations] CAPPING events from decorations provider vscode.git 999
2023-11-15 18:30:14.025 [warning] [Decorations] CAPPING events from decorations provider vscode.git 999
2023-11-15 18:30:21.756 [warning] [Decorations] CAPPING events from decorations provider vscode.git 999
2023-11-15 18:30:24.703 [warning] [Decorations] CAPPING events from decorations provider vscode.git 999
2023-11-15 18:30:28.520 [warning] [Decorations] CAPPING events from decorations provider vscode.git 568
2023-11-15 18:30:34.379 [warning] [Decorations] CAPPING events from decorations provider vscode.git 568
2023-11-15 18:30:40.237 [warning] [Decorations] CAPPING events from decorations provider vscode.git 568
2023-11-15 18:30:46.092 [warning] [Decorations] CAPPING events from decorations provider vscode.git 568
2023-11-15 18:30:57.295 [warning] [Decorations] CAPPING events from decorations provider vscode.git 568
2023-11-15 18:31:03.150 [warning] [Decorations] CAPPING events from decorations provider vscode.git 568
2023-11-15 18:31:04.925 [info] ExtensionService#_doActivateExtension vscode.php-language-features, startup: false, activationEvent: 'onLanguage:php'
2023-11-15 18:31:08.995 [warning] [Decorations] CAPPING events from decorations provider vscode.git 568
2023-11-15 18:31:14.860 [warning] [Decorations] CAPPING events from decorations provider vscode.git 568
2023-11-15 18:31:20.830 [warning] [Decorations] CAPPING events from decorations provider vscode.git 568
2023-11-15 18:31:27.819 [warning] [Decorations] CAPPING events from decorations provider vscode.git 568
2023-11-15 18:31:33.793 [warning] [Decorations] CAPPING events from decorations provider vscode.git 568
2023-11-15 18:31:47.726 [warning] [Decorations] CAPPING events from decorations provider vscode.git 568
2023-11-15 18:34:42.473 [warning] [Decorations] CAPPING events from decorations provider vscode.git 568
2023-11-15 18:35:16.437 [warning] [Decorations] CAPPING events from decorations provider vscode.git 568
2023-11-15 18:35:22.284 [warning] [Decorations] CAPPING events from decorations provider vscode.git 568
2023-11-15 18:35:28.135 [warning] [Decorations] CAPPING events from decorations provider vscode.git 568
2023-11-15 18:35:33.963 [warning] [Decorations] CAPPING events from decorations provider vscode.git 568
2023-11-15 18:35:39.811 [warning] [Decorations] CAPPING events from decorations provider vscode.git 568
2023-11-15 18:35:45.892 [warning] [Decorations] CAPPING events from decorations provider vscode.git 568
2023-11-15 18:35:51.745 [warning] [Decorations] CAPPING events from decorations provider vscode.git 568
2023-11-15 18:35:57.577 [warning] [Decorations] CAPPING events from decorations provider vscode.git 568
2023-11-15 18:36:03.428 [warning] [Decorations] CAPPING events from decorations provider vscode.git 568
2023-11-15 18:36:09.386 [warning] [Decorations] CAPPING events from decorations provider vscode.git 568
2023-11-15 18:36:15.226 [warning] [Decorations] CAPPING events from decorations provider vscode.git 568
2023-11-15 18:36:21.104 [warning] [Decorations] CAPPING events from decorations provider vscode.git 568
2023-11-15 18:36:26.953 [warning] [Decorations] CAPPING events from decorations provider vscode.git 568
2023-11-15 18:36:32.805 [warning] [Decorations] CAPPING events from decorations provider vscode.git 568
2023-11-15 18:36:38.652 [warning] [Decorations] CAPPING events from decorations provider vscode.git 568
2023-11-15 18:36:44.520 [warning] [Decorations] CAPPING events from decorations provider vscode.git 568
2023-11-15 18:36:50.613 [warning] [Decorations] CAPPING events from decorations provider vscode.git 568
2023-11-15 18:36:56.448 [warning] [Decorations] CAPPING events from decorations provider vscode.git 568
2023-11-15 18:37:02.375 [warning] [Decorations] CAPPING events from decorations provider vscode.git 568
2023-11-15 18:37:08.224 [warning] [Decorations] CAPPING events from decorations provider vscode.git 568
2023-11-15 18:37:14.056 [warning] [Decorations] CAPPING events from decorations provider vscode.git 568
2023-11-15 18:37:19.896 [warning] [Decorations] CAPPING events from decorations provider vscode.git 568
2023-11-15 18:37:25.744 [warning] [Decorations] CAPPING events from decorations provider vscode.git 568
2023-11-15 18:37:26.559 [warning] [Decorations] CAPPING events from decorations provider vscode.git 568
2023-11-15 18:37:27.418 [warning] [Decorations] CAPPING events from decorations provider vscode.git 568
2023-11-15 18:37:31.599 [warning] [Decorations] CAPPING events from decorations provider vscode.git 568
2023-11-15 18:42:51.808 [warning] [Decorations] CAPPING events from decorations provider vscode.git 568
2023-11-15 18:42:57.644 [warning] [Decorations] CAPPING events from decorations provider vscode.git 568
2023-11-15 18:43:03.492 [warning] [Decorations] CAPPING events from decorations provider vscode.git 568
2023-11-15 18:43:09.326 [warning] [Decorations] CAPPING events from decorations provider vscode.git 568
2023-11-15 18:43:15.179 [warning] [Decorations] CAPPING events from decorations provider vscode.git 568
2023-11-15 18:43:22.837 [warning] [Decorations] CAPPING events from decorations provider vscode.git 568
2023-11-15 18:43:28.900 [warning] [Decorations] CAPPING events from decorations provider vscode.git 568
2023-11-15 18:43:34.740 [warning] [Decorations] CAPPING events from decorations provider vscode.git 568
2023-11-15 18:43:40.583 [warning] [Decorations] CAPPING events from decorations provider vscode.git 568
2023-11-15 18:44:58.815 [warning] [Decorations] CAPPING events from decorations provider vscode.git 568
2023-11-15 18:45:04.650 [warning] [Decorations] CAPPING events from decorations provider vscode.git 568
2023-11-15 18:45:10.503 [warning] [Decorations] CAPPING events from decorations provider vscode.git 568
2023-11-15 18:45:16.367 [warning] [Decorations] CAPPING events from decorations provider vscode.git 568
2023-11-15 18:45:18.781 [warning] [Decorations] CAPPING events from decorations provider vscode.git 568
2023-11-15 18:45:22.220 [warning] [Decorations] CAPPING events from decorations provider vscode.git 568
2023-11-15 18:45:28.067 [warning] [Decorations] CAPPING events from decorations provider vscode.git 568
2023-11-15 18:45:31.011 [info] ExtensionService#_doActivateExtension vscode.npm, startup: false, activationEvent: 'onTerminalQuickFixRequest:ms-vscode.npm-command'
2023-11-15 18:45:33.906 [warning] [Decorations] CAPPING events from decorations provider vscode.git 568
2023-11-15 18:45:39.754 [warning] [Decorations] CAPPING events from decorations provider vscode.git 568
2023-11-15 18:45:45.599 [warning] [Decorations] CAPPING events from decorations provider vscode.git 568
2023-11-15 18:45:51.150 [warning] [Decorations] CAPPING events from decorations provider vscode.git 568
2023-11-15 22:57:20.356 [info] Extension host terminating: renderer disconnected for too long (1)
2023-11-15 22:57:20.359 [info] Lock '/home/TDIW/tdiw-k11/.vscode-server/data/User/workspaceStorage/db7ea9fa2893f9989f261fd80a6347d9/vscode.lock': Marking the lockfile as scheduled to be released in 6000 ms.
2023-11-15 22:57:20.389 [error] Canceled: Canceled
	at new f (/home/TDIW/tdiw-k11/.vscode-server/bin/d037ac076cee195194f93ce6fe2bdfe2969cc82d/out/vs/workbench/api/node/extensionHostProcess.js:125:108614)
	at n.U (/home/TDIW/tdiw-k11/.vscode-server/bin/d037ac076cee195194f93ce6fe2bdfe2969cc82d/out/vs/workbench/api/node/extensionHostProcess.js:134:10873)
	at F.<computed>.z.charCodeAt.F.<computed> (/home/TDIW/tdiw-k11/.vscode-server/bin/d037ac076cee195194f93ce6fe2bdfe2969cc82d/out/vs/workbench/api/node/extensionHostProcess.js:134:8315)
	at i.g (/home/TDIW/tdiw-k11/.vscode-server/bin/d037ac076cee195194f93ce6fe2bdfe2969cc82d/out/vs/workbench/api/node/extensionHostProcess.js:125:139130)
	at i.executeCommand (/home/TDIW/tdiw-k11/.vscode-server/bin/d037ac076cee195194f93ce6fe2bdfe2969cc82d/out/vs/workbench/api/node/extensionHostProcess.js:125:138568)
	at $.registerCommand.description (/home/TDIW/tdiw-k11/.vscode-server/bin/d037ac076cee195194f93ce6fe2bdfe2969cc82d/out/vs/workbench/api/node/extensionHostProcess.js:125:137892)
	at i.h (/home/TDIW/tdiw-k11/.vscode-server/bin/d037ac076cee195194f93ce6fe2bdfe2969cc82d/out/vs/workbench/api/node/extensionHostProcess.js:125:139669)
	at i.g (/home/TDIW/tdiw-k11/.vscode-server/bin/d037ac076cee195194f93ce6fe2bdfe2969cc82d/out/vs/workbench/api/node/extensionHostProcess.js:125:138661)
	at i.executeCommand (/home/TDIW/tdiw-k11/.vscode-server/bin/d037ac076cee195194f93ce6fe2bdfe2969cc82d/out/vs/workbench/api/node/extensionHostProcess.js:125:138568)
	at Object.executeCommand (/home/TDIW/tdiw-k11/.vscode-server/bin/d037ac076cee195194f93ce6fe2bdfe2969cc82d/out/vs/workbench/api/node/extensionHostProcess.js:140:21329)
	at h.D [as value] (/home/TDIW/tdiw-k11/.vscode-server/bin/d037ac076cee195194f93ce6fe2bdfe2969cc82d/extensions/git/dist/main.js:2:1316925)
	at c.y (/home/TDIW/tdiw-k11/.vscode-server/bin/d037ac076cee195194f93ce6fe2bdfe2969cc82d/out/vs/workbench/api/node/extensionHostProcess.js:80:1902)
	at c.z (/home/TDIW/tdiw-k11/.vscode-server/bin/d037ac076cee195194f93ce6fe2bdfe2969cc82d/out/vs/workbench/api/node/extensionHostProcess.js:80:1972)
	at c.fire (/home/TDIW/tdiw-k11/.vscode-server/bin/d037ac076cee195194f93ce6fe2bdfe2969cc82d/out/vs/workbench/api/node/extensionHostProcess.js:80:2188)
	at Object.m [as dispose] (/home/TDIW/tdiw-k11/.vscode-server/bin/d037ac076cee195194f93ce6fe2bdfe2969cc82d/extensions/git/dist/main.js:2:1332842)
	at /home/TDIW/tdiw-k11/.vscode-server/bin/d037ac076cee195194f93ce6fe2bdfe2969cc82d/extensions/git/dist/main.js:2:1337795
	at Array.forEach (<anonymous>)
	at g.dispose (/home/TDIW/tdiw-k11/.vscode-server/bin/d037ac076cee195194f93ce6fe2bdfe2969cc82d/extensions/git/dist/main.js:2:1337781)
	at w.<anonymous> (/home/TDIW/tdiw-k11/.vscode-server/bin/d037ac076cee195194f93ce6fe2bdfe2969cc82d/out/vs/workbench/api/node/extensionHostProcess.js:121:3572)
	at w.dispose (/home/TDIW/tdiw-k11/.vscode-server/bin/d037ac076cee195194f93ce6fe2bdfe2969cc82d/out/vs/workbench/api/node/extensionHostProcess.js:121:3669)
	at w.<anonymous> (/home/TDIW/tdiw-k11/.vscode-server/bin/d037ac076cee195194f93ce6fe2bdfe2969cc82d/extensions/git/dist/main.js:2:1318937)
	at w.dispose (/home/TDIW/tdiw-k11/.vscode-server/bin/d037ac076cee195194f93ce6fe2bdfe2969cc82d/out/vs/workbench/api/node/extensionHostProcess.js:121:3669)
	at o (/home/TDIW/tdiw-k11/.vscode-server/bin/d037ac076cee195194f93ce6fe2bdfe2969cc82d/out/vs/workbench/api/node/extensionHostProcess.js:30:754)
	at h.cb (/home/TDIW/tdiw-k11/.vscode-server/bin/d037ac076cee195194f93ce6fe2bdfe2969cc82d/out/vs/workbench/api/node/extensionHostProcess.js:136:9843)
	at /home/TDIW/tdiw-k11/.vscode-server/bin/d037ac076cee195194f93ce6fe2bdfe2969cc82d/out/vs/workbench/api/node/extensionHostProcess.js:136:7793
	at Array.map (<anonymous>)
	at h.Y (/home/TDIW/tdiw-k11/.vscode-server/bin/d037ac076cee195194f93ce6fe2bdfe2969cc82d/out/vs/workbench/api/node/extensionHostProcess.js:136:7781)
	at h.terminate (/home/TDIW/tdiw-k11/.vscode-server/bin/d037ac076cee195194f93ce6fe2bdfe2969cc82d/out/vs/workbench/api/node/extensionHostProcess.js:136:8051)
	at o.terminate (/home/TDIW/tdiw-k11/.vscode-server/bin/d037ac076cee195194f93ce6fe2bdfe2969cc82d/out/vs/workbench/api/node/extensionHostProcess.js:140:1513)
	at a (/home/TDIW/tdiw-k11/.vscode-server/bin/d037ac076cee195194f93ce6fe2bdfe2969cc82d/out/vs/workbench/api/node/extensionHostProcess.js:153:9817)
	at z.a (/home/TDIW/tdiw-k11/.vscode-server/bin/d037ac076cee195194f93ce6fe2bdfe2969cc82d/out/vs/workbench/api/node/extensionHostProcess.js:153:6547)
	at z.h (/home/TDIW/tdiw-k11/.vscode-server/bin/d037ac076cee195194f93ce6fe2bdfe2969cc82d/out/vs/workbench/api/node/extensionHostProcess.js:90:19702)
	at listOnTimeout (node:internal/timers:569:17)
	at process.processTimers (node:internal/timers:512:7) setContext undefined
2023-11-15 22:57:20.389 [error] Canceled: Canceled
	at new f (/home/TDIW/tdiw-k11/.vscode-server/bin/d037ac076cee195194f93ce6fe2bdfe2969cc82d/out/vs/workbench/api/node/extensionHostProcess.js:125:108614)
	at n.U (/home/TDIW/tdiw-k11/.vscode-server/bin/d037ac076cee195194f93ce6fe2bdfe2969cc82d/out/vs/workbench/api/node/extensionHostProcess.js:134:10873)
	at F.<computed>.z.charCodeAt.F.<computed> (/home/TDIW/tdiw-k11/.vscode-server/bin/d037ac076cee195194f93ce6fe2bdfe2969cc82d/out/vs/workbench/api/node/extensionHostProcess.js:134:8315)
	at i.g (/home/TDIW/tdiw-k11/.vscode-server/bin/d037ac076cee195194f93ce6fe2bdfe2969cc82d/out/vs/workbench/api/node/extensionHostProcess.js:125:139130)
	at i.executeCommand (/home/TDIW/tdiw-k11/.vscode-server/bin/d037ac076cee195194f93ce6fe2bdfe2969cc82d/out/vs/workbench/api/node/extensionHostProcess.js:125:138568)
	at $.registerCommand.description (/home/TDIW/tdiw-k11/.vscode-server/bin/d037ac076cee195194f93ce6fe2bdfe2969cc82d/out/vs/workbench/api/node/extensionHostProcess.js:125:137892)
	at i.h (/home/TDIW/tdiw-k11/.vscode-server/bin/d037ac076cee195194f93ce6fe2bdfe2969cc82d/out/vs/workbench/api/node/extensionHostProcess.js:125:139669)
	at i.g (/home/TDIW/tdiw-k11/.vscode-server/bin/d037ac076cee195194f93ce6fe2bdfe2969cc82d/out/vs/workbench/api/node/extensionHostProcess.js:125:138661)
	at i.executeCommand (/home/TDIW/tdiw-k11/.vscode-server/bin/d037ac076cee195194f93ce6fe2bdfe2969cc82d/out/vs/workbench/api/node/extensionHostProcess.js:125:138568)
	at Object.executeCommand (/home/TDIW/tdiw-k11/.vscode-server/bin/d037ac076cee195194f93ce6fe2bdfe2969cc82d/out/vs/workbench/api/node/extensionHostProcess.js:140:21329)
	at set b [as b] (/home/TDIW/tdiw-k11/.vscode-server/bin/d037ac076cee195194f93ce6fe2bdfe2969cc82d/extensions/github/dist/extension.js:2:714708)
	at /home/TDIW/tdiw-k11/.vscode-server/bin/d037ac076cee195194f93ce6fe2bdfe2969cc82d/extensions/github/dist/extension.js:2:715349
	at h.value (/home/TDIW/tdiw-k11/.vscode-server/bin/d037ac076cee195194f93ce6fe2bdfe2969cc82d/extensions/git/dist/main.js:2:1408111)
	at c.y (/home/TDIW/tdiw-k11/.vscode-server/bin/d037ac076cee195194f93ce6fe2bdfe2969cc82d/out/vs/workbench/api/node/extensionHostProcess.js:80:1902)
	at c.z (/home/TDIW/tdiw-k11/.vscode-server/bin/d037ac076cee195194f93ce6fe2bdfe2969cc82d/out/vs/workbench/api/node/extensionHostProcess.js:80:1972)
	at c.fire (/home/TDIW/tdiw-k11/.vscode-server/bin/d037ac076cee195194f93ce6fe2bdfe2969cc82d/out/vs/workbench/api/node/extensionHostProcess.js:80:2188)
	at Object.m [as dispose] (/home/TDIW/tdiw-k11/.vscode-server/bin/d037ac076cee195194f93ce6fe2bdfe2969cc82d/extensions/git/dist/main.js:2:1332842)
	at /home/TDIW/tdiw-k11/.vscode-server/bin/d037ac076cee195194f93ce6fe2bdfe2969cc82d/extensions/git/dist/main.js:2:1337795
	at Array.forEach (<anonymous>)
	at g.dispose (/home/TDIW/tdiw-k11/.vscode-server/bin/d037ac076cee195194f93ce6fe2bdfe2969cc82d/extensions/git/dist/main.js:2:1337781)
	at w.<anonymous> (/home/TDIW/tdiw-k11/.vscode-server/bin/d037ac076cee195194f93ce6fe2bdfe2969cc82d/out/vs/workbench/api/node/extensionHostProcess.js:121:3572)
	at w.dispose (/home/TDIW/tdiw-k11/.vscode-server/bin/d037ac076cee195194f93ce6fe2bdfe2969cc82d/out/vs/workbench/api/node/extensionHostProcess.js:121:3669)
	at w.<anonymous> (/home/TDIW/tdiw-k11/.vscode-server/bin/d037ac076cee195194f93ce6fe2bdfe2969cc82d/extensions/git/dist/main.js:2:1318937)
	at w.dispose (/home/TDIW/tdiw-k11/.vscode-server/bin/d037ac076cee195194f93ce6fe2bdfe2969cc82d/out/vs/workbench/api/node/extensionHostProcess.js:121:3669)
	at o (/home/TDIW/tdiw-k11/.vscode-server/bin/d037ac076cee195194f93ce6fe2bdfe2969cc82d/out/vs/workbench/api/node/extensionHostProcess.js:30:754)
	at h.cb (/home/TDIW/tdiw-k11/.vscode-server/bin/d037ac076cee195194f93ce6fe2bdfe2969cc82d/out/vs/workbench/api/node/extensionHostProcess.js:136:9843)
	at /home/TDIW/tdiw-k11/.vscode-server/bin/d037ac076cee195194f93ce6fe2bdfe2969cc82d/out/vs/workbench/api/node/extensionHostProcess.js:136:7793
	at Array.map (<anonymous>)
	at h.Y (/home/TDIW/tdiw-k11/.vscode-server/bin/d037ac076cee195194f93ce6fe2bdfe2969cc82d/out/vs/workbench/api/node/extensionHostProcess.js:136:7781)
	at h.terminate (/home/TDIW/tdiw-k11/.vscode-server/bin/d037ac076cee195194f93ce6fe2bdfe2969cc82d/out/vs/workbench/api/node/extensionHostProcess.js:136:8051)
	at o.terminate (/home/TDIW/tdiw-k11/.vscode-server/bin/d037ac076cee195194f93ce6fe2bdfe2969cc82d/out/vs/workbench/api/node/extensionHostProcess.js:140:1513)
	at a (/home/TDIW/tdiw-k11/.vscode-server/bin/d037ac076cee195194f93ce6fe2bdfe2969cc82d/out/vs/workbench/api/node/extensionHostProcess.js:153:9817)
	at z.a (/home/TDIW/tdiw-k11/.vscode-server/bin/d037ac076cee195194f93ce6fe2bdfe2969cc82d/out/vs/workbench/api/node/extensionHostProcess.js:153:6547)
	at z.h (/home/TDIW/tdiw-k11/.vscode-server/bin/d037ac076cee195194f93ce6fe2bdfe2969cc82d/out/vs/workbench/api/node/extensionHostProcess.js:90:19702)
	at listOnTimeout (node:internal/timers:569:17)
	at process.processTimers (node:internal/timers:512:7) setContext undefined
2023-11-15 22:57:20.396 [info] Extension host with pid 341927 exiting with code 0
