2023-10-20 08:42:32.969 [info] Nivel de registro: Info
2023-10-20 08:42:32.969 [info] La validación encontró GIT en: “git“
2023-10-20 08:42:32.969 [info] Usando GIT “2.30.2” desde “git”
2023-10-20 08:42:32.978 [info] > git rev-parse --show-toplevel [11ms]
2023-10-20 08:42:32.978 [info] fatal: not a git repository (or any parent up to mount point /)
Stopping at filesystem boundary (GIT_DISCOVERY_ACROSS_FILESYSTEM not set).
2023-10-20 08:42:33.022 [info] > git rev-parse --show-toplevel [24ms]
2023-10-20 08:42:33.022 [info] fatal: not a git repository (or any parent up to mount point /)
Stopping at filesystem boundary (GIT_DISCOVERY_ACROSS_FILESYSTEM not set).
2023-10-20 08:42:33.055 [info] > git rev-parse --show-toplevel [4ms]
2023-10-20 08:42:33.055 [info] fatal: not a git repository (or any parent up to mount point /)
Stopping at filesystem boundary (GIT_DISCOVERY_ACROSS_FILESYSTEM not set).
2023-10-20 08:42:33.086 [info] > git rev-parse --show-toplevel [14ms]
2023-10-20 08:42:33.086 [info] fatal: not a git repository (or any parent up to mount point /)
Stopping at filesystem boundary (GIT_DISCOVERY_ACROSS_FILESYSTEM not set).
2023-10-20 08:42:33.124 [info] > git rev-parse --show-toplevel [14ms]
2023-10-20 08:42:33.124 [info] fatal: not a git repository (or any parent up to mount point /)
Stopping at filesystem boundary (GIT_DISCOVERY_ACROSS_FILESYSTEM not set).
2023-10-20 08:42:33.160 [info] > git rev-parse --show-toplevel [12ms]
2023-10-20 08:42:33.160 [info] fatal: not a git repository (or any parent up to mount point /)
Stopping at filesystem boundary (GIT_DISCOVERY_ACROSS_FILESYSTEM not set).
2023-10-20 08:42:33.200 [info] > git rev-parse --show-toplevel [13ms]
2023-10-20 08:42:33.200 [info] fatal: not a git repository (or any parent up to mount point /)
Stopping at filesystem boundary (GIT_DISCOVERY_ACROSS_FILESYSTEM not set).
2023-10-20 08:42:33.250 [info] > git rev-parse --show-toplevel [25ms]
2023-10-20 08:42:33.250 [info] fatal: not a git repository (or any parent up to mount point /)
Stopping at filesystem boundary (GIT_DISCOVERY_ACROSS_FILESYSTEM not set).
2023-10-20 08:42:33.284 [info] > git rev-parse --show-toplevel [14ms]
2023-10-20 08:42:33.284 [info] fatal: not a git repository (or any parent up to mount point /)
Stopping at filesystem boundary (GIT_DISCOVERY_ACROSS_FILESYSTEM not set).
2023-10-20 08:42:33.322 [info] > git rev-parse --show-toplevel [13ms]
2023-10-20 08:42:33.322 [info] fatal: not a git repository (or any parent up to mount point /)
Stopping at filesystem boundary (GIT_DISCOVERY_ACROSS_FILESYSTEM not set).
2023-10-20 08:42:33.361 [info] > git rev-parse --show-toplevel [13ms]
2023-10-20 08:42:33.361 [info] fatal: not a git repository (or any parent up to mount point /)
Stopping at filesystem boundary (GIT_DISCOVERY_ACROSS_FILESYSTEM not set).
2023-10-20 08:42:33.400 [info] > git rev-parse --show-toplevel [13ms]
2023-10-20 08:42:33.400 [info] fatal: not a git repository (or any parent up to mount point /)
Stopping at filesystem boundary (GIT_DISCOVERY_ACROSS_FILESYSTEM not set).
2023-10-20 08:42:33.432 [info] > git rev-parse --show-toplevel [11ms]
2023-10-20 08:42:33.432 [info] fatal: not a git repository (or any parent up to mount point /)
Stopping at filesystem boundary (GIT_DISCOVERY_ACROSS_FILESYSTEM not set).
2023-10-20 08:42:33.464 [info] > git rev-parse --show-toplevel [12ms]
2023-10-20 08:42:33.464 [info] fatal: not a git repository (or any parent up to mount point /)
Stopping at filesystem boundary (GIT_DISCOVERY_ACROSS_FILESYSTEM not set).
2023-10-20 08:42:33.497 [info] > git rev-parse --show-toplevel [12ms]
2023-10-20 08:42:33.497 [info] fatal: not a git repository (or any parent up to mount point /)
Stopping at filesystem boundary (GIT_DISCOVERY_ACROSS_FILESYSTEM not set).
2023-10-20 08:42:33.529 [info] > git rev-parse --show-toplevel [15ms]
2023-10-20 08:42:33.529 [info] fatal: not a git repository (or any parent up to mount point /)
Stopping at filesystem boundary (GIT_DISCOVERY_ACROSS_FILESYSTEM not set).
2023-10-20 08:42:33.559 [info] > git rev-parse --show-toplevel [10ms]
2023-10-20 08:42:33.559 [info] fatal: not a git repository (or any parent up to mount point /)
Stopping at filesystem boundary (GIT_DISCOVERY_ACROSS_FILESYSTEM not set).
2023-10-20 08:42:33.593 [info] > git rev-parse --show-toplevel [14ms]
2023-10-20 08:42:33.593 [info] fatal: not a git repository (or any parent up to mount point /)
Stopping at filesystem boundary (GIT_DISCOVERY_ACROSS_FILESYSTEM not set).
2023-10-20 08:42:33.632 [info] > git rev-parse --show-toplevel [16ms]
2023-10-20 08:42:33.632 [info] fatal: not a git repository (or any parent up to mount point /)
Stopping at filesystem boundary (GIT_DISCOVERY_ACROSS_FILESYSTEM not set).
2023-10-20 08:42:59.474 [info] > git rev-parse --show-toplevel [13ms]
2023-10-20 08:42:59.475 [info] fatal: not a git repository (or any parent up to mount point /)
Stopping at filesystem boundary (GIT_DISCOVERY_ACROSS_FILESYSTEM not set).
2023-10-20 08:54:47.534 [info] > git rev-parse --show-toplevel [2ms]
2023-10-20 08:54:47.534 [info] fatal: not a git repository (or any parent up to mount point /)
Stopping at filesystem boundary (GIT_DISCOVERY_ACROSS_FILESYSTEM not set).
2023-10-20 09:01:49.195 [info] > git rev-parse --show-toplevel [1ms]
2023-10-20 09:01:49.196 [info] fatal: not a git repository (or any parent up to mount point /)
Stopping at filesystem boundary (GIT_DISCOVERY_ACROSS_FILESYSTEM not set).
2023-10-20 09:02:17.518 [info] > git rev-parse --show-toplevel [13ms]
2023-10-20 09:02:17.518 [info] fatal: not a git repository (or any parent up to mount point /)
Stopping at filesystem boundary (GIT_DISCOVERY_ACROSS_FILESYSTEM not set).
2023-10-20 09:06:19.892 [info] > git rev-parse --show-toplevel [14ms]
2023-10-20 09:06:19.892 [info] fatal: not a git repository (or any parent up to mount point /)
Stopping at filesystem boundary (GIT_DISCOVERY_ACROSS_FILESYSTEM not set).
2023-10-20 09:09:05.943 [info] > git rev-parse --show-toplevel [3ms]
2023-10-20 09:09:05.944 [info] fatal: not a git repository (or any parent up to mount point /)
Stopping at filesystem boundary (GIT_DISCOVERY_ACROSS_FILESYSTEM not set).
2023-10-20 09:09:09.031 [info] > git rev-parse --show-toplevel [6ms]
2023-10-20 09:09:09.031 [info] fatal: not a git repository (or any parent up to mount point /)
Stopping at filesystem boundary (GIT_DISCOVERY_ACROSS_FILESYSTEM not set).
2023-10-20 09:26:17.747 [info] > git rev-parse --show-toplevel [11ms]
2023-10-20 09:26:17.747 [info] fatal: not a git repository (or any parent up to mount point /)
Stopping at filesystem boundary (GIT_DISCOVERY_ACROSS_FILESYSTEM not set).
2023-10-20 09:27:25.037 [info] > git rev-parse --show-toplevel [13ms]
2023-10-20 09:27:25.037 [info] fatal: not a git repository (or any parent up to mount point /)
Stopping at filesystem boundary (GIT_DISCOVERY_ACROSS_FILESYSTEM not set).
2023-10-20 09:45:51.232 [info] > git rev-parse --show-toplevel [10ms]
2023-10-20 09:45:51.232 [info] fatal: not a git repository (or any parent up to mount point /)
Stopping at filesystem boundary (GIT_DISCOVERY_ACROSS_FILESYSTEM not set).
