2023-11-16 11:52:13.755 [info] Extension host with pid 352184 started
2023-11-16 11:52:13.768 [info] Lock '/home/TDIW/tdiw-k11/.vscode-server/data/User/workspaceStorage/db7ea9fa2893f9989f261fd80a6347d9/vscode.lock': Lock acquired.
2023-11-16 11:52:13.827 [info] ExtensionService#_doActivateExtension vscode.emmet, startup: false, activationEvent: 'onLanguage'
2023-11-16 11:52:13.828 [info] ExtensionService#_doActivateExtension vscode.php-language-features, startup: false, activationEvent: 'onLanguage:php'
2023-11-16 11:52:13.938 [info] ExtensionService#_doActivateExtension vscode.git-base, startup: true, activationEvent: '*', root cause: vscode.git
2023-11-16 11:52:14.320 [info] ExtensionService#_doActivateExtension vscode.git, startup: true, activationEvent: '*'
2023-11-16 11:52:14.320 [info] ExtensionService#_doActivateExtension vscode.github, startup: true, activationEvent: '*'
2023-11-16 11:52:14.516 [info] Eager extensions activated
2023-11-16 11:52:14.516 [info] ExtensionService#_doActivateExtension vscode.debug-auto-launch, startup: false, activationEvent: 'onStartupFinished'
2023-11-16 11:52:14.516 [info] ExtensionService#_doActivateExtension vscode.merge-conflict, startup: false, activationEvent: 'onStartupFinished'
2023-11-16 11:52:15.896 [warning] [Decorations] CAPPING events from decorations provider vscode.git 1385
2023-11-16 11:52:16.592 [warning] [Decorations] CAPPING events from decorations provider vscode.git 1385
2023-11-16 11:52:16.863 [info] ExtensionService#_doActivateExtension vscode.json-language-features, startup: false, activationEvent: 'onLanguage:jsonc'
2023-11-16 11:52:16.863 [info] ExtensionService#_doActivateExtension vscode.typescript-language-features, startup: false, activationEvent: 'onLanguage:jsonc'
2023-11-16 11:52:20.660 [warning] [Decorations] CAPPING events from decorations provider vscode.git 1386
2023-11-16 11:52:27.673 [warning] [Decorations] CAPPING events from decorations provider vscode.git 1410
2023-11-16 11:52:33.343 [warning] [Decorations] CAPPING events from decorations provider vscode.git 1410
2023-11-16 11:52:54.825 [warning] [Decorations] CAPPING events from decorations provider vscode.git 1410
2023-11-16 11:53:00.526 [warning] [Decorations] CAPPING events from decorations provider vscode.git 1411
2023-11-16 11:53:06.228 [warning] [Decorations] CAPPING events from decorations provider vscode.git 1410
2023-11-16 11:53:11.920 [warning] [Decorations] CAPPING events from decorations provider vscode.git 1410
2023-11-16 11:53:17.796 [warning] [Decorations] CAPPING events from decorations provider vscode.git 1411
2023-11-16 11:53:23.491 [warning] [Decorations] CAPPING events from decorations provider vscode.git 1411
2023-11-16 11:53:29.171 [warning] [Decorations] CAPPING events from decorations provider vscode.git 1411
2023-11-16 11:53:46.418 [warning] [Decorations] CAPPING events from decorations provider vscode.git 1411
2023-11-16 11:54:14.370 [warning] [Decorations] CAPPING events from decorations provider vscode.git 1424
2023-11-16 11:54:20.232 [warning] [Decorations] CAPPING events from decorations provider vscode.git 1443
2023-11-16 11:54:25.911 [warning] [Decorations] CAPPING events from decorations provider vscode.git 1445
2023-11-16 11:54:31.607 [warning] [Decorations] CAPPING events from decorations provider vscode.git 1445
2023-11-16 11:54:37.293 [warning] [Decorations] CAPPING events from decorations provider vscode.git 1445
2023-11-16 11:54:42.985 [warning] [Decorations] CAPPING events from decorations provider vscode.git 1445
2023-11-16 11:54:48.680 [warning] [Decorations] CAPPING events from decorations provider vscode.git 1445
2023-11-16 11:54:54.356 [warning] [Decorations] CAPPING events from decorations provider vscode.git 1445
2023-11-16 11:55:00.066 [warning] [Decorations] CAPPING events from decorations provider vscode.git 1445
2023-11-16 11:55:05.731 [warning] [Decorations] CAPPING events from decorations provider vscode.git 1445
2023-11-16 11:55:11.412 [warning] [Decorations] CAPPING events from decorations provider vscode.git 1445
2023-11-16 11:55:17.090 [warning] [Decorations] CAPPING events from decorations provider vscode.git 1445
2023-11-16 11:55:22.940 [warning] [Decorations] CAPPING events from decorations provider vscode.git 1445
2023-11-16 11:55:28.742 [warning] [Decorations] CAPPING events from decorations provider vscode.git 1445
2023-11-16 11:55:34.423 [warning] [Decorations] CAPPING events from decorations provider vscode.git 1444
2023-11-16 11:55:40.093 [warning] [Decorations] CAPPING events from decorations provider vscode.git 1444
2023-11-16 11:55:48.872 [warning] [Decorations] CAPPING events from decorations provider vscode.git 1444
2023-11-16 11:55:54.560 [warning] [Decorations] CAPPING events from decorations provider vscode.git 1444
2023-11-16 11:56:00.275 [warning] [Decorations] CAPPING events from decorations provider vscode.git 1444
2023-11-16 11:56:05.974 [warning] [Decorations] CAPPING events from decorations provider vscode.git 1444
2023-11-16 11:56:11.651 [warning] [Decorations] CAPPING events from decorations provider vscode.git 1444
2023-11-16 11:56:17.341 [warning] [Decorations] CAPPING events from decorations provider vscode.git 1444
2023-11-16 11:56:23.209 [warning] [Decorations] CAPPING events from decorations provider vscode.git 1444
2023-11-16 11:56:28.901 [warning] [Decorations] CAPPING events from decorations provider vscode.git 1444
2023-11-16 11:56:34.597 [warning] [Decorations] CAPPING events from decorations provider vscode.git 1444
2023-11-16 11:56:40.284 [warning] [Decorations] CAPPING events from decorations provider vscode.git 1444
2023-11-16 11:56:45.946 [warning] [Decorations] CAPPING events from decorations provider vscode.git 1444
2023-11-16 11:56:51.632 [warning] [Decorations] CAPPING events from decorations provider vscode.git 1444
2023-11-16 11:56:57.311 [warning] [Decorations] CAPPING events from decorations provider vscode.git 1444
2023-11-16 11:57:02.986 [warning] [Decorations] CAPPING events from decorations provider vscode.git 1444
2023-11-16 11:57:08.657 [warning] [Decorations] CAPPING events from decorations provider vscode.git 1444
2023-11-16 11:57:14.332 [warning] [Decorations] CAPPING events from decorations provider vscode.git 1444
2023-11-16 11:57:20.037 [warning] [Decorations] CAPPING events from decorations provider vscode.git 1444
2023-11-16 11:57:25.900 [warning] [Decorations] CAPPING events from decorations provider vscode.git 1444
2023-11-16 11:57:31.658 [warning] [Decorations] CAPPING events from decorations provider vscode.git 1444
2023-11-16 11:57:38.638 [warning] [Decorations] CAPPING events from decorations provider vscode.git 1444
2023-11-16 11:57:44.352 [warning] [Decorations] CAPPING events from decorations provider vscode.git 1444
2023-11-16 11:59:05.268 [warning] [Decorations] CAPPING events from decorations provider vscode.git 1445
2023-11-16 11:59:10.939 [warning] [Decorations] CAPPING events from decorations provider vscode.git 1445
2023-11-16 11:59:16.615 [warning] [Decorations] CAPPING events from decorations provider vscode.git 1445
2023-11-16 11:59:22.286 [warning] [Decorations] CAPPING events from decorations provider vscode.git 1445
2023-11-16 11:59:22.982 [info] ExtensionService#_doActivateExtension vscode.html-language-features, startup: false, activationEvent: 'onLanguage:html'
2023-11-16 11:59:27.973 [warning] [Decorations] CAPPING events from decorations provider vscode.git 1446
2023-11-16 11:59:33.652 [warning] [Decorations] CAPPING events from decorations provider vscode.git 1446
2023-11-16 11:59:43.510 [warning] [Decorations] CAPPING events from decorations provider vscode.git 1446
2023-11-16 11:59:49.516 [warning] [Decorations] CAPPING events from decorations provider vscode.git 1446
2023-11-16 12:00:36.847 [warning] [Decorations] CAPPING events from decorations provider vscode.git 1446
2023-11-16 12:00:42.541 [warning] [Decorations] CAPPING events from decorations provider vscode.git 1446
2023-11-16 12:00:48.239 [warning] [Decorations] CAPPING events from decorations provider vscode.git 1446
2023-11-16 12:00:53.892 [warning] [Decorations] CAPPING events from decorations provider vscode.git 1446
2023-11-16 12:00:59.942 [warning] [Decorations] CAPPING events from decorations provider vscode.git 1446
2023-11-16 12:02:26.737 [warning] [Decorations] CAPPING events from decorations provider vscode.git 1448
2023-11-16 12:03:36.319 [warning] [Decorations] CAPPING events from decorations provider vscode.git 1448
2023-11-16 12:03:41.985 [warning] [Decorations] CAPPING events from decorations provider vscode.git 1448
2023-11-16 12:03:47.654 [warning] [Decorations] CAPPING events from decorations provider vscode.git 1448
2023-11-16 12:03:53.340 [warning] [Decorations] CAPPING events from decorations provider vscode.git 1448
2023-11-16 12:03:59.024 [warning] [Decorations] CAPPING events from decorations provider vscode.git 1448
2023-11-16 12:04:04.707 [warning] [Decorations] CAPPING events from decorations provider vscode.git 1448
2023-11-16 12:04:10.389 [warning] [Decorations] CAPPING events from decorations provider vscode.git 1448
2023-11-16 12:04:16.074 [warning] [Decorations] CAPPING events from decorations provider vscode.git 1448
2023-11-16 12:04:21.757 [warning] [Decorations] CAPPING events from decorations provider vscode.git 1448
2023-11-16 12:04:27.441 [warning] [Decorations] CAPPING events from decorations provider vscode.git 1448
2023-11-16 12:04:33.144 [warning] [Decorations] CAPPING events from decorations provider vscode.git 1449
2023-11-16 12:04:38.987 [warning] [Decorations] CAPPING events from decorations provider vscode.git 1449
2023-11-16 12:04:44.678 [warning] [Decorations] CAPPING events from decorations provider vscode.git 1449
2023-11-16 12:04:50.355 [warning] [Decorations] CAPPING events from decorations provider vscode.git 1449
2023-11-16 12:04:56.054 [warning] [Decorations] CAPPING events from decorations provider vscode.git 1449
2023-11-16 12:05:01.738 [warning] [Decorations] CAPPING events from decorations provider vscode.git 1449
2023-11-16 12:05:07.401 [warning] [Decorations] CAPPING events from decorations provider vscode.git 1451
2023-11-16 12:05:13.094 [warning] [Decorations] CAPPING events from decorations provider vscode.git 1451
2023-11-16 12:05:18.758 [warning] [Decorations] CAPPING events from decorations provider vscode.git 1451
2023-11-16 12:05:24.482 [warning] [Decorations] CAPPING events from decorations provider vscode.git 1451
2023-11-16 12:05:30.162 [warning] [Decorations] CAPPING events from decorations provider vscode.git 1451
2023-11-16 12:05:35.860 [warning] [Decorations] CAPPING events from decorations provider vscode.git 1451
2023-11-16 12:05:41.722 [warning] [Decorations] CAPPING events from decorations provider vscode.git 1451
2023-11-16 12:05:47.433 [warning] [Decorations] CAPPING events from decorations provider vscode.git 1451
2023-11-16 12:05:53.125 [warning] [Decorations] CAPPING events from decorations provider vscode.git 1451
2023-11-16 12:05:58.805 [warning] [Decorations] CAPPING events from decorations provider vscode.git 1451
2023-11-16 12:06:04.488 [warning] [Decorations] CAPPING events from decorations provider vscode.git 1451
2023-11-16 12:06:10.185 [warning] [Decorations] CAPPING events from decorations provider vscode.git 1451
2023-11-16 12:06:15.884 [warning] [Decorations] CAPPING events from decorations provider vscode.git 1451
2023-11-16 12:06:29.894 [warning] [Decorations] CAPPING events from decorations provider vscode.git 1451
2023-11-16 12:08:23.373 [warning] [Decorations] CAPPING events from decorations provider vscode.git 1453
2023-11-16 12:08:29.069 [warning] [Decorations] CAPPING events from decorations provider vscode.git 1453
2023-11-16 12:08:34.760 [warning] [Decorations] CAPPING events from decorations provider vscode.git 1453
2023-11-16 12:08:40.461 [warning] [Decorations] CAPPING events from decorations provider vscode.git 1453
2023-11-16 12:08:46.129 [warning] [Decorations] CAPPING events from decorations provider vscode.git 1454
2023-11-16 12:08:51.809 [warning] [Decorations] CAPPING events from decorations provider vscode.git 1454
2023-11-16 12:08:57.488 [warning] [Decorations] CAPPING events from decorations provider vscode.git 1454
2023-11-16 12:09:03.179 [warning] [Decorations] CAPPING events from decorations provider vscode.git 1454
2023-11-16 12:09:08.881 [warning] [Decorations] CAPPING events from decorations provider vscode.git 1454
2023-11-16 12:09:14.663 [warning] [Decorations] CAPPING events from decorations provider vscode.git 1454
2023-11-16 12:09:20.406 [warning] [Decorations] CAPPING events from decorations provider vscode.git 1454
2023-11-16 12:09:26.261 [warning] [Decorations] CAPPING events from decorations provider vscode.git 1454
2023-11-16 12:09:31.946 [warning] [Decorations] CAPPING events from decorations provider vscode.git 1454
2023-11-16 12:09:37.637 [warning] [Decorations] CAPPING events from decorations provider vscode.git 1454
2023-11-16 12:09:43.322 [warning] [Decorations] CAPPING events from decorations provider vscode.git 1454
2023-11-16 12:09:49.037 [warning] [Decorations] CAPPING events from decorations provider vscode.git 1454
2023-11-16 12:09:54.745 [warning] [Decorations] CAPPING events from decorations provider vscode.git 1454
2023-11-16 12:10:00.448 [warning] [Decorations] CAPPING events from decorations provider vscode.git 1454
2023-11-16 12:10:06.139 [warning] [Decorations] CAPPING events from decorations provider vscode.git 1454
2023-11-16 12:10:11.823 [warning] [Decorations] CAPPING events from decorations provider vscode.git 1454
2023-11-16 12:10:17.819 [warning] [Decorations] CAPPING events from decorations provider vscode.git 1454
2023-11-16 12:10:23.562 [warning] [Decorations] CAPPING events from decorations provider vscode.git 1454
2023-11-16 12:10:29.476 [warning] [Decorations] CAPPING events from decorations provider vscode.git 1454
2023-11-16 12:10:35.171 [warning] [Decorations] CAPPING events from decorations provider vscode.git 1454
2023-11-16 12:10:40.846 [warning] [Decorations] CAPPING events from decorations provider vscode.git 1454
2023-11-16 12:10:46.517 [warning] [Decorations] CAPPING events from decorations provider vscode.git 1454
2023-11-16 12:10:52.204 [warning] [Decorations] CAPPING events from decorations provider vscode.git 1454
2023-11-16 12:10:57.885 [warning] [Decorations] CAPPING events from decorations provider vscode.git 1454
2023-11-16 12:11:03.560 [warning] [Decorations] CAPPING events from decorations provider vscode.git 1454
2023-11-16 12:11:09.253 [warning] [Decorations] CAPPING events from decorations provider vscode.git 1454
2023-11-16 12:11:14.942 [warning] [Decorations] CAPPING events from decorations provider vscode.git 1454
2023-11-16 12:11:20.676 [warning] [Decorations] CAPPING events from decorations provider vscode.git 1454
2023-11-16 12:11:26.460 [warning] [Decorations] CAPPING events from decorations provider vscode.git 1454
2023-11-16 12:11:32.324 [warning] [Decorations] CAPPING events from decorations provider vscode.git 1455
2023-11-16 12:11:38.016 [warning] [Decorations] CAPPING events from decorations provider vscode.git 1454
2023-11-16 12:11:43.701 [warning] [Decorations] CAPPING events from decorations provider vscode.git 1454
2023-11-16 12:11:49.371 [warning] [Decorations] CAPPING events from decorations provider vscode.git 1454
2023-11-16 12:11:55.127 [warning] [Decorations] CAPPING events from decorations provider vscode.git 1454
2023-11-16 12:12:00.812 [warning] [Decorations] CAPPING events from decorations provider vscode.git 1454
2023-11-16 12:12:06.507 [warning] [Decorations] CAPPING events from decorations provider vscode.git 1454
2023-11-16 12:12:12.188 [warning] [Decorations] CAPPING events from decorations provider vscode.git 1454
2023-11-16 12:12:17.894 [warning] [Decorations] CAPPING events from decorations provider vscode.git 1454
2023-11-16 12:12:23.624 [warning] [Decorations] CAPPING events from decorations provider vscode.git 1454
2023-11-16 12:12:29.320 [warning] [Decorations] CAPPING events from decorations provider vscode.git 1454
2023-11-16 12:12:35.190 [warning] [Decorations] CAPPING events from decorations provider vscode.git 1454
2023-11-16 12:12:40.866 [warning] [Decorations] CAPPING events from decorations provider vscode.git 1454
2023-11-16 12:12:46.566 [warning] [Decorations] CAPPING events from decorations provider vscode.git 1454
2023-11-16 12:12:52.340 [warning] [Decorations] CAPPING events from decorations provider vscode.git 1454
2023-11-16 12:12:58.026 [warning] [Decorations] CAPPING events from decorations provider vscode.git 1454
2023-11-16 12:13:03.779 [warning] [Decorations] CAPPING events from decorations provider vscode.git 1454
2023-11-16 12:13:09.452 [warning] [Decorations] CAPPING events from decorations provider vscode.git 1454
2023-11-16 12:13:15.130 [warning] [Decorations] CAPPING events from decorations provider vscode.git 1454
2023-11-16 12:13:20.822 [warning] [Decorations] CAPPING events from decorations provider vscode.git 1455
2023-11-16 12:13:26.492 [warning] [Decorations] CAPPING events from decorations provider vscode.git 1454
2023-11-16 12:13:32.167 [warning] [Decorations] CAPPING events from decorations provider vscode.git 1454
2023-11-16 12:13:38.037 [warning] [Decorations] CAPPING events from decorations provider vscode.git 1456
2023-11-16 12:13:43.690 [warning] [Decorations] CAPPING events from decorations provider vscode.git 1456
2023-11-16 12:13:49.393 [warning] [Decorations] CAPPING events from decorations provider vscode.git 1456
2023-11-16 12:13:55.089 [warning] [Decorations] CAPPING events from decorations provider vscode.git 1456
2023-11-16 12:14:00.799 [warning] [Decorations] CAPPING events from decorations provider vscode.git 1456
2023-11-16 12:14:06.463 [warning] [Decorations] CAPPING events from decorations provider vscode.git 1456
2023-11-16 12:14:12.161 [warning] [Decorations] CAPPING events from decorations provider vscode.git 1456
2023-11-16 12:14:17.859 [warning] [Decorations] CAPPING events from decorations provider vscode.git 1456
2023-11-16 12:14:23.536 [warning] [Decorations] CAPPING events from decorations provider vscode.git 1456
2023-11-16 12:14:29.222 [warning] [Decorations] CAPPING events from decorations provider vscode.git 1457
2023-11-16 12:14:34.889 [warning] [Decorations] CAPPING events from decorations provider vscode.git 1457
2023-11-16 12:14:40.973 [warning] [Decorations] CAPPING events from decorations provider vscode.git 1457
2023-11-16 12:14:46.642 [warning] [Decorations] CAPPING events from decorations provider vscode.git 1457
2023-11-16 12:14:52.316 [warning] [Decorations] CAPPING events from decorations provider vscode.git 1457
2023-11-16 12:14:58.020 [warning] [Decorations] CAPPING events from decorations provider vscode.git 1459
2023-11-16 12:15:03.684 [warning] [Decorations] CAPPING events from decorations provider vscode.git 1459
2023-11-16 12:15:09.379 [warning] [Decorations] CAPPING events from decorations provider vscode.git 1459
2023-11-16 12:15:15.051 [warning] [Decorations] CAPPING events from decorations provider vscode.git 1459
2023-11-16 12:15:20.720 [warning] [Decorations] CAPPING events from decorations provider vscode.git 1459
2023-11-16 12:15:26.395 [warning] [Decorations] CAPPING events from decorations provider vscode.git 1459
2023-11-16 12:15:32.097 [warning] [Decorations] CAPPING events from decorations provider vscode.git 1459
2023-11-16 12:15:37.810 [warning] [Decorations] CAPPING events from decorations provider vscode.git 1459
2023-11-16 12:15:43.678 [warning] [Decorations] CAPPING events from decorations provider vscode.git 1459
2023-11-16 12:15:49.361 [warning] [Decorations] CAPPING events from decorations provider vscode.git 1459
2023-11-16 12:15:55.031 [warning] [Decorations] CAPPING events from decorations provider vscode.git 1459
2023-11-16 12:16:00.712 [warning] [Decorations] CAPPING events from decorations provider vscode.git 1459
2023-11-16 12:16:06.371 [warning] [Decorations] CAPPING events from decorations provider vscode.git 1459
2023-11-16 12:16:12.052 [warning] [Decorations] CAPPING events from decorations provider vscode.git 1459
2023-11-16 12:16:17.714 [warning] [Decorations] CAPPING events from decorations provider vscode.git 1459
2023-11-16 12:16:23.386 [warning] [Decorations] CAPPING events from decorations provider vscode.git 1459
2023-11-16 12:16:29.070 [warning] [Decorations] CAPPING events from decorations provider vscode.git 1459
2023-11-16 12:16:34.755 [warning] [Decorations] CAPPING events from decorations provider vscode.git 1459
2023-11-16 12:16:40.530 [warning] [Decorations] CAPPING events from decorations provider vscode.git 1459
2023-11-16 12:16:46.408 [warning] [Decorations] CAPPING events from decorations provider vscode.git 1459
2023-11-16 12:16:52.096 [warning] [Decorations] CAPPING events from decorations provider vscode.git 1459
2023-11-16 12:16:57.794 [warning] [Decorations] CAPPING events from decorations provider vscode.git 1459
2023-11-16 12:17:03.488 [warning] [Decorations] CAPPING events from decorations provider vscode.git 1459
2023-11-16 12:17:09.161 [warning] [Decorations] CAPPING events from decorations provider vscode.git 1459
2023-11-16 12:17:14.879 [warning] [Decorations] CAPPING events from decorations provider vscode.git 1459
2023-11-16 12:17:20.556 [warning] [Decorations] CAPPING events from decorations provider vscode.git 1459
2023-11-16 12:17:26.365 [warning] [Decorations] CAPPING events from decorations provider vscode.git 1459
2023-11-16 12:17:32.047 [warning] [Decorations] CAPPING events from decorations provider vscode.git 1460
2023-11-16 12:17:37.731 [warning] [Decorations] CAPPING events from decorations provider vscode.git 1460
2023-11-16 12:17:43.420 [warning] [Decorations] CAPPING events from decorations provider vscode.git 1460
2023-11-16 12:17:49.286 [warning] [Decorations] CAPPING events from decorations provider vscode.git 1460
2023-11-16 12:17:54.987 [warning] [Decorations] CAPPING events from decorations provider vscode.git 1460
2023-11-16 12:18:01.137 [warning] [Decorations] CAPPING events from decorations provider vscode.git 1460
2023-11-16 12:18:06.832 [warning] [Decorations] CAPPING events from decorations provider vscode.git 1462
2023-11-16 12:18:12.620 [warning] [Decorations] CAPPING events from decorations provider vscode.git 1462
2023-11-16 12:18:18.331 [warning] [Decorations] CAPPING events from decorations provider vscode.git 1462
2023-11-16 12:18:24.019 [warning] [Decorations] CAPPING events from decorations provider vscode.git 1462
2023-11-16 12:18:30.080 [warning] [Decorations] CAPPING events from decorations provider vscode.git 1462
2023-11-16 12:18:35.816 [warning] [Decorations] CAPPING events from decorations provider vscode.git 1464
2023-11-16 12:18:41.519 [warning] [Decorations] CAPPING events from decorations provider vscode.git 1466
2023-11-16 12:18:47.200 [warning] [Decorations] CAPPING events from decorations provider vscode.git 1466
2023-11-16 12:18:53.071 [warning] [Decorations] CAPPING events from decorations provider vscode.git 1466
2023-11-16 12:18:58.752 [warning] [Decorations] CAPPING events from decorations provider vscode.git 1466
2023-11-16 12:19:04.443 [warning] [Decorations] CAPPING events from decorations provider vscode.git 1466
2023-11-16 12:19:10.148 [warning] [Decorations] CAPPING events from decorations provider vscode.git 1466
2023-11-16 12:19:15.819 [warning] [Decorations] CAPPING events from decorations provider vscode.git 1466
2023-11-16 12:19:21.502 [warning] [Decorations] CAPPING events from decorations provider vscode.git 1466
2023-11-16 12:19:27.184 [warning] [Decorations] CAPPING events from decorations provider vscode.git 1466
2023-11-16 12:19:32.935 [warning] [Decorations] CAPPING events from decorations provider vscode.git 1466
2023-11-16 12:19:38.597 [warning] [Decorations] CAPPING events from decorations provider vscode.git 1466
2023-11-16 12:19:44.295 [warning] [Decorations] CAPPING events from decorations provider vscode.git 1466
2023-11-16 12:19:49.978 [warning] [Decorations] CAPPING events from decorations provider vscode.git 1466
2023-11-16 12:19:55.833 [warning] [Decorations] CAPPING events from decorations provider vscode.git 1466
2023-11-16 12:20:01.526 [warning] [Decorations] CAPPING events from decorations provider vscode.git 1466
2023-11-16 12:20:07.214 [warning] [Decorations] CAPPING events from decorations provider vscode.git 1466
2023-11-16 12:20:12.898 [warning] [Decorations] CAPPING events from decorations provider vscode.git 1466
2023-11-16 12:20:18.581 [warning] [Decorations] CAPPING events from decorations provider vscode.git 1466
2023-11-16 12:20:24.262 [warning] [Decorations] CAPPING events from decorations provider vscode.git 1466
2023-11-16 12:20:29.925 [warning] [Decorations] CAPPING events from decorations provider vscode.git 1466
2023-11-16 12:20:35.623 [warning] [Decorations] CAPPING events from decorations provider vscode.git 1466
2023-11-16 12:20:41.342 [warning] [Decorations] CAPPING events from decorations provider vscode.git 1466
2023-11-16 12:20:47.031 [warning] [Decorations] CAPPING events from decorations provider vscode.git 1466
2023-11-16 12:20:52.710 [warning] [Decorations] CAPPING events from decorations provider vscode.git 1466
2023-11-16 12:20:58.661 [warning] [Decorations] CAPPING events from decorations provider vscode.git 1466
2023-11-16 12:21:04.358 [warning] [Decorations] CAPPING events from decorations provider vscode.git 1466
2023-11-16 12:21:10.046 [warning] [Decorations] CAPPING events from decorations provider vscode.git 1466
2023-11-16 12:21:15.732 [warning] [Decorations] CAPPING events from decorations provider vscode.git 1466
2023-11-16 12:21:21.414 [warning] [Decorations] CAPPING events from decorations provider vscode.git 1466
2023-11-16 12:21:27.082 [warning] [Decorations] CAPPING events from decorations provider vscode.git 1466
2023-11-16 12:21:32.752 [warning] [Decorations] CAPPING events from decorations provider vscode.git 1466
2023-11-16 12:21:38.422 [warning] [Decorations] CAPPING events from decorations provider vscode.git 1466
2023-11-16 12:21:44.092 [warning] [Decorations] CAPPING events from decorations provider vscode.git 1466
2023-11-16 12:21:49.765 [warning] [Decorations] CAPPING events from decorations provider vscode.git 1466
2023-11-16 12:21:55.448 [warning] [Decorations] CAPPING events from decorations provider vscode.git 1466
2023-11-16 12:22:01.321 [warning] [Decorations] CAPPING events from decorations provider vscode.git 1466
2023-11-16 12:22:07.003 [warning] [Decorations] CAPPING events from decorations provider vscode.git 1466
2023-11-16 12:22:12.673 [warning] [Decorations] CAPPING events from decorations provider vscode.git 1466
2023-11-16 12:22:18.351 [warning] [Decorations] CAPPING events from decorations provider vscode.git 1466
2023-11-16 12:22:24.031 [warning] [Decorations] CAPPING events from decorations provider vscode.git 1466
2023-11-16 12:22:29.727 [warning] [Decorations] CAPPING events from decorations provider vscode.git 1466
2023-11-16 12:22:35.410 [warning] [Decorations] CAPPING events from decorations provider vscode.git 1466
2023-11-16 12:22:41.172 [warning] [Decorations] CAPPING events from decorations provider vscode.git 1466
2023-11-16 12:22:46.869 [warning] [Decorations] CAPPING events from decorations provider vscode.git 1466
2023-11-16 12:22:52.565 [warning] [Decorations] CAPPING events from decorations provider vscode.git 1466
2023-11-16 12:22:58.250 [warning] [Decorations] CAPPING events from decorations provider vscode.git 1466
2023-11-16 12:23:04.082 [warning] [Decorations] CAPPING events from decorations provider vscode.git 1466
2023-11-16 12:23:09.768 [warning] [Decorations] CAPPING events from decorations provider vscode.git 1466
2023-11-16 12:23:15.458 [warning] [Decorations] CAPPING events from decorations provider vscode.git 1466
2023-11-16 12:23:21.141 [warning] [Decorations] CAPPING events from decorations provider vscode.git 1466
2023-11-16 12:23:26.826 [warning] [Decorations] CAPPING events from decorations provider vscode.git 1466
2023-11-16 12:23:32.519 [warning] [Decorations] CAPPING events from decorations provider vscode.git 1466
2023-11-16 12:23:38.196 [warning] [Decorations] CAPPING events from decorations provider vscode.git 1466
2023-11-16 12:23:43.871 [warning] [Decorations] CAPPING events from decorations provider vscode.git 1466
2023-11-16 12:23:49.551 [warning] [Decorations] CAPPING events from decorations provider vscode.git 1466
2023-11-16 12:23:55.249 [warning] [Decorations] CAPPING events from decorations provider vscode.git 1466
2023-11-16 12:24:00.973 [warning] [Decorations] CAPPING events from decorations provider vscode.git 1466
2023-11-16 12:24:06.841 [warning] [Decorations] CAPPING events from decorations provider vscode.git 1466
2023-11-16 12:24:12.539 [warning] [Decorations] CAPPING events from decorations provider vscode.git 1466
2023-11-16 12:24:18.276 [warning] [Decorations] CAPPING events from decorations provider vscode.git 1466
2023-11-16 12:24:23.986 [warning] [Decorations] CAPPING events from decorations provider vscode.git 1466
2023-11-16 12:24:29.678 [warning] [Decorations] CAPPING events from decorations provider vscode.git 1466
2023-11-16 12:24:35.366 [warning] [Decorations] CAPPING events from decorations provider vscode.git 1466
2023-11-16 12:24:41.090 [warning] [Decorations] CAPPING events from decorations provider vscode.git 1466
2023-11-16 12:24:46.778 [warning] [Decorations] CAPPING events from decorations provider vscode.git 1466
2023-11-16 12:24:52.458 [warning] [Decorations] CAPPING events from decorations provider vscode.git 1466
2023-11-16 12:24:58.141 [warning] [Decorations] CAPPING events from decorations provider vscode.git 1466
2023-11-16 12:25:03.820 [warning] [Decorations] CAPPING events from decorations provider vscode.git 1466
2023-11-16 12:25:09.680 [warning] [Decorations] CAPPING events from decorations provider vscode.git 1466
2023-11-16 12:25:15.376 [warning] [Decorations] CAPPING events from decorations provider vscode.git 1466
2023-11-16 12:25:21.059 [warning] [Decorations] CAPPING events from decorations provider vscode.git 1466
2023-11-16 12:25:26.740 [warning] [Decorations] CAPPING events from decorations provider vscode.git 1466
2023-11-16 12:25:32.423 [warning] [Decorations] CAPPING events from decorations provider vscode.git 1466
2023-11-16 12:25:38.113 [warning] [Decorations] CAPPING events from decorations provider vscode.git 1466
2023-11-16 12:25:43.789 [warning] [Decorations] CAPPING events from decorations provider vscode.git 1466
2023-11-16 12:25:49.474 [warning] [Decorations] CAPPING events from decorations provider vscode.git 1466
2023-11-16 12:25:55.161 [warning] [Decorations] CAPPING events from decorations provider vscode.git 1466
2023-11-16 12:26:00.846 [warning] [Decorations] CAPPING events from decorations provider vscode.git 1466
2023-11-16 12:26:06.529 [warning] [Decorations] CAPPING events from decorations provider vscode.git 1466
2023-11-16 12:26:12.397 [warning] [Decorations] CAPPING events from decorations provider vscode.git 1466
2023-11-16 12:26:18.094 [warning] [Decorations] CAPPING events from decorations provider vscode.git 1466
2023-11-16 12:26:23.778 [warning] [Decorations] CAPPING events from decorations provider vscode.git 1466
2023-11-16 12:26:29.477 [warning] [Decorations] CAPPING events from decorations provider vscode.git 1466
2023-11-16 12:26:35.142 [warning] [Decorations] CAPPING events from decorations provider vscode.git 1466
2023-11-16 12:26:40.835 [warning] [Decorations] CAPPING events from decorations provider vscode.git 1466
2023-11-16 12:26:46.519 [warning] [Decorations] CAPPING events from decorations provider vscode.git 1466
2023-11-16 12:26:52.242 [warning] [Decorations] CAPPING events from decorations provider vscode.git 1466
2023-11-16 12:26:57.938 [warning] [Decorations] CAPPING events from decorations provider vscode.git 1466
2023-11-16 12:27:03.648 [warning] [Decorations] CAPPING events from decorations provider vscode.git 1466
2023-11-16 12:27:09.334 [warning] [Decorations] CAPPING events from decorations provider vscode.git 1466
2023-11-16 12:27:15.210 [warning] [Decorations] CAPPING events from decorations provider vscode.git 1466
2023-11-16 12:27:20.918 [warning] [Decorations] CAPPING events from decorations provider vscode.git 1466
2023-11-16 12:27:26.586 [warning] [Decorations] CAPPING events from decorations provider vscode.git 1466
2023-11-16 12:27:32.269 [warning] [Decorations] CAPPING events from decorations provider vscode.git 1466
2023-11-16 12:27:37.944 [warning] [Decorations] CAPPING events from decorations provider vscode.git 1466
2023-11-16 12:27:43.630 [warning] [Decorations] CAPPING events from decorations provider vscode.git 1466
2023-11-16 12:27:49.353 [warning] [Decorations] CAPPING events from decorations provider vscode.git 1466
2023-11-16 12:27:55.029 [warning] [Decorations] CAPPING events from decorations provider vscode.git 1466
2023-11-16 12:28:00.730 [warning] [Decorations] CAPPING events from decorations provider vscode.git 1466
2023-11-16 12:28:06.421 [warning] [Decorations] CAPPING events from decorations provider vscode.git 1466
2023-11-16 12:28:12.131 [warning] [Decorations] CAPPING events from decorations provider vscode.git 1466
2023-11-16 12:28:17.985 [warning] [Decorations] CAPPING events from decorations provider vscode.git 1466
2023-11-16 12:28:23.692 [warning] [Decorations] CAPPING events from decorations provider vscode.git 1466
2023-11-16 12:28:29.395 [warning] [Decorations] CAPPING events from decorations provider vscode.git 1466
2023-11-16 12:28:35.074 [warning] [Decorations] CAPPING events from decorations provider vscode.git 1466
2023-11-16 12:28:40.765 [warning] [Decorations] CAPPING events from decorations provider vscode.git 1466
2023-11-16 12:28:46.459 [warning] [Decorations] CAPPING events from decorations provider vscode.git 1466
2023-11-16 12:28:52.187 [warning] [Decorations] CAPPING events from decorations provider vscode.git 1466
2023-11-16 12:28:57.887 [warning] [Decorations] CAPPING events from decorations provider vscode.git 1466
2023-11-16 12:29:03.595 [warning] [Decorations] CAPPING events from decorations provider vscode.git 1466
2023-11-16 12:29:09.273 [warning] [Decorations] CAPPING events from decorations provider vscode.git 1466
2023-11-16 12:29:14.960 [warning] [Decorations] CAPPING events from decorations provider vscode.git 1466
2023-11-16 12:29:21.048 [warning] [Decorations] CAPPING events from decorations provider vscode.git 1466
2023-11-16 12:29:26.735 [warning] [Decorations] CAPPING events from decorations provider vscode.git 1466
2023-11-16 12:29:32.422 [warning] [Decorations] CAPPING events from decorations provider vscode.git 1466
2023-11-16 12:29:38.114 [warning] [Decorations] CAPPING events from decorations provider vscode.git 1466
2023-11-16 12:29:43.803 [warning] [Decorations] CAPPING events from decorations provider vscode.git 1466
2023-11-16 12:29:49.505 [warning] [Decorations] CAPPING events from decorations provider vscode.git 1466
2023-11-16 12:29:55.176 [warning] [Decorations] CAPPING events from decorations provider vscode.git 1466
2023-11-16 12:30:00.872 [warning] [Decorations] CAPPING events from decorations provider vscode.git 1466
2023-11-16 12:30:06.563 [warning] [Decorations] CAPPING events from decorations provider vscode.git 1466
2023-11-16 12:30:12.293 [warning] [Decorations] CAPPING events from decorations provider vscode.git 1466
2023-11-16 12:30:17.977 [warning] [Decorations] CAPPING events from decorations provider vscode.git 1466
2023-11-16 12:30:23.843 [warning] [Decorations] CAPPING events from decorations provider vscode.git 1466
2023-11-16 12:30:29.560 [warning] [Decorations] CAPPING events from decorations provider vscode.git 1466
2023-11-16 12:30:35.314 [warning] [Decorations] CAPPING events from decorations provider vscode.git 1466
2023-11-16 12:30:44.532 [warning] [Decorations] CAPPING events from decorations provider vscode.git 1467
2023-11-16 12:30:50.209 [warning] [Decorations] CAPPING events from decorations provider vscode.git 1467
2023-11-16 12:31:02.738 [warning] [Decorations] CAPPING events from decorations provider vscode.git 1467
2023-11-16 12:31:08.425 [warning] [Decorations] CAPPING events from decorations provider vscode.git 1467
2023-11-16 12:31:14.173 [warning] [Decorations] CAPPING events from decorations provider vscode.git 1468
2023-11-16 12:31:19.865 [warning] [Decorations] CAPPING events from decorations provider vscode.git 1470
2023-11-16 12:31:27.492 [warning] [Decorations] CAPPING events from decorations provider vscode.git 1469
2023-11-16 12:31:33.243 [warning] [Decorations] CAPPING events from decorations provider vscode.git 1469
2023-11-16 12:31:39.128 [warning] [Decorations] CAPPING events from decorations provider vscode.git 1469
2023-11-16 12:31:45.026 [warning] [Decorations] CAPPING events from decorations provider vscode.git 1471
2023-11-16 12:31:50.866 [warning] [Decorations] CAPPING events from decorations provider vscode.git 1471
2023-11-16 12:31:56.553 [warning] [Decorations] CAPPING events from decorations provider vscode.git 1471
2023-11-16 12:32:02.568 [warning] [Decorations] CAPPING events from decorations provider vscode.git 1471
2023-11-16 12:32:08.248 [warning] [Decorations] CAPPING events from decorations provider vscode.git 1471
2023-11-16 12:32:13.952 [warning] [Decorations] CAPPING events from decorations provider vscode.git 1471
2023-11-16 12:32:19.661 [warning] [Decorations] CAPPING events from decorations provider vscode.git 1471
2023-11-16 12:32:25.362 [warning] [Decorations] CAPPING events from decorations provider vscode.git 1471
2023-11-16 12:32:31.280 [warning] [Decorations] CAPPING events from decorations provider vscode.git 1471
2023-11-16 12:32:36.965 [warning] [Decorations] CAPPING events from decorations provider vscode.git 1471
2023-11-16 12:32:42.657 [warning] [Decorations] CAPPING events from decorations provider vscode.git 1471
2023-11-16 12:32:48.336 [warning] [Decorations] CAPPING events from decorations provider vscode.git 1471
2023-11-16 12:32:54.029 [warning] [Decorations] CAPPING events from decorations provider vscode.git 1471
2023-11-16 12:32:59.706 [warning] [Decorations] CAPPING events from decorations provider vscode.git 1471
2023-11-16 12:33:05.384 [warning] [Decorations] CAPPING events from decorations provider vscode.git 1471
2023-11-16 12:33:11.070 [warning] [Decorations] CAPPING events from decorations provider vscode.git 1471
2023-11-16 12:33:16.758 [warning] [Decorations] CAPPING events from decorations provider vscode.git 1471
2023-11-16 12:33:22.456 [warning] [Decorations] CAPPING events from decorations provider vscode.git 1471
2023-11-16 12:33:28.199 [warning] [Decorations] CAPPING events from decorations provider vscode.git 1471
2023-11-16 12:33:34.049 [warning] [Decorations] CAPPING events from decorations provider vscode.git 1471
2023-11-16 12:33:39.741 [warning] [Decorations] CAPPING events from decorations provider vscode.git 1471
2023-11-16 12:33:45.430 [warning] [Decorations] CAPPING events from decorations provider vscode.git 1471
2023-11-16 12:33:51.120 [warning] [Decorations] CAPPING events from decorations provider vscode.git 1471
2023-11-16 12:33:57.983 [warning] [Decorations] CAPPING events from decorations provider vscode.git 1472
2023-11-16 12:34:03.751 [warning] [Decorations] CAPPING events from decorations provider vscode.git 1471
2023-11-16 12:34:10.315 [warning] [Decorations] CAPPING events from decorations provider vscode.git 1471
2023-11-16 12:34:16.012 [warning] [Decorations] CAPPING events from decorations provider vscode.git 1471
2023-11-16 12:34:21.677 [warning] [Decorations] CAPPING events from decorations provider vscode.git 1471
2023-11-16 12:34:27.362 [warning] [Decorations] CAPPING events from decorations provider vscode.git 1471
2023-11-16 12:34:47.065 [warning] [Decorations] CAPPING events from decorations provider vscode.git 1473
2023-11-16 12:34:52.754 [warning] [Decorations] CAPPING events from decorations provider vscode.git 1473
2023-11-16 12:34:58.431 [warning] [Decorations] CAPPING events from decorations provider vscode.git 1473
2023-11-16 12:35:04.135 [warning] [Decorations] CAPPING events from decorations provider vscode.git 1473
2023-11-16 12:35:09.814 [warning] [Decorations] CAPPING events from decorations provider vscode.git 1473
2023-11-16 12:35:15.503 [warning] [Decorations] CAPPING events from decorations provider vscode.git 1473
2023-11-16 12:35:21.192 [warning] [Decorations] CAPPING events from decorations provider vscode.git 1473
2023-11-16 12:35:26.862 [warning] [Decorations] CAPPING events from decorations provider vscode.git 1473
2023-11-16 12:35:32.533 [warning] [Decorations] CAPPING events from decorations provider vscode.git 1473
2023-11-16 12:35:38.230 [warning] [Decorations] CAPPING events from decorations provider vscode.git 1483
2023-11-16 12:35:43.911 [warning] [Decorations] CAPPING events from decorations provider vscode.git 1475
2023-11-16 12:35:49.796 [warning] [Decorations] CAPPING events from decorations provider vscode.git 1475
2023-11-16 12:35:55.479 [warning] [Decorations] CAPPING events from decorations provider vscode.git 1486
2023-11-16 12:36:01.212 [warning] [Decorations] CAPPING events from decorations provider vscode.git 1484
2023-11-16 12:36:06.913 [warning] [Decorations] CAPPING events from decorations provider vscode.git 1478
2023-11-16 12:36:12.598 [warning] [Decorations] CAPPING events from decorations provider vscode.git 1478
2023-11-16 12:36:18.264 [warning] [Decorations] CAPPING events from decorations provider vscode.git 1478
2023-11-16 12:36:23.950 [warning] [Decorations] CAPPING events from decorations provider vscode.git 1478
2023-11-16 12:36:29.655 [warning] [Decorations] CAPPING events from decorations provider vscode.git 1478
2023-11-16 12:36:35.322 [warning] [Decorations] CAPPING events from decorations provider vscode.git 1478
2023-11-16 12:36:41.002 [warning] [Decorations] CAPPING events from decorations provider vscode.git 1478
2023-11-16 12:36:48.016 [warning] [Decorations] CAPPING events from decorations provider vscode.git 1478
2023-11-16 12:36:53.876 [warning] [Decorations] CAPPING events from decorations provider vscode.git 1478
2023-11-16 12:36:59.704 [warning] [Decorations] CAPPING events from decorations provider vscode.git 1479
2023-11-16 12:37:05.376 [warning] [Decorations] CAPPING events from decorations provider vscode.git 1479
2023-11-16 12:37:20.910 [warning] [Decorations] CAPPING events from decorations provider vscode.git 1480
2023-11-16 12:37:26.601 [warning] [Decorations] CAPPING events from decorations provider vscode.git 1479
2023-11-16 12:37:48.244 [warning] [Decorations] CAPPING events from decorations provider vscode.git 1479
2023-11-16 12:37:54.111 [warning] [Decorations] CAPPING events from decorations provider vscode.git 1479
2023-11-16 12:37:59.794 [warning] [Decorations] CAPPING events from decorations provider vscode.git 1479
2023-11-16 12:38:05.507 [warning] [Decorations] CAPPING events from decorations provider vscode.git 1479
2023-11-16 12:38:11.202 [warning] [Decorations] CAPPING events from decorations provider vscode.git 1480
2023-11-16 12:38:16.891 [warning] [Decorations] CAPPING events from decorations provider vscode.git 1480
2023-11-16 12:38:28.247 [warning] [Decorations] CAPPING events from decorations provider vscode.git 1480
2023-11-16 12:38:41.822 [warning] [Decorations] CAPPING events from decorations provider vscode.git 1482
2023-11-16 12:38:47.518 [warning] [Decorations] CAPPING events from decorations provider vscode.git 1482
2023-11-16 12:38:53.258 [warning] [Decorations] CAPPING events from decorations provider vscode.git 1482
2023-11-16 12:38:59.133 [warning] [Decorations] CAPPING events from decorations provider vscode.git 1483
2023-11-16 12:39:04.813 [warning] [Decorations] CAPPING events from decorations provider vscode.git 1483
2023-11-16 12:39:10.787 [warning] [Decorations] CAPPING events from decorations provider vscode.git 1483
2023-11-16 12:39:16.648 [warning] [Decorations] CAPPING events from decorations provider vscode.git 1483
2023-11-16 12:39:22.444 [warning] [Decorations] CAPPING events from decorations provider vscode.git 1483
2023-11-16 12:39:28.118 [warning] [Decorations] CAPPING events from decorations provider vscode.git 1483
2023-11-16 12:39:33.803 [warning] [Decorations] CAPPING events from decorations provider vscode.git 1483
2023-11-16 12:39:42.206 [warning] [Decorations] CAPPING events from decorations provider vscode.git 1485
2023-11-16 12:39:47.920 [warning] [Decorations] CAPPING events from decorations provider vscode.git 1485
2023-11-16 12:39:53.599 [warning] [Decorations] CAPPING events from decorations provider vscode.git 1485
2023-11-16 12:39:59.442 [warning] [Decorations] CAPPING events from decorations provider vscode.git 1485
2023-11-16 12:40:05.124 [warning] [Decorations] CAPPING events from decorations provider vscode.git 1485
2023-11-16 12:40:10.815 [warning] [Decorations] CAPPING events from decorations provider vscode.git 1485
2023-11-16 12:40:16.486 [warning] [Decorations] CAPPING events from decorations provider vscode.git 1486
2023-11-16 12:40:22.203 [warning] [Decorations] CAPPING events from decorations provider vscode.git 1486
2023-11-16 12:40:27.889 [warning] [Decorations] CAPPING events from decorations provider vscode.git 1487
2023-11-16 12:40:33.557 [warning] [Decorations] CAPPING events from decorations provider vscode.git 1488
2023-11-16 12:40:39.242 [warning] [Decorations] CAPPING events from decorations provider vscode.git 1487
2023-11-16 12:40:44.931 [warning] [Decorations] CAPPING events from decorations provider vscode.git 1488
2023-11-16 12:40:50.607 [warning] [Decorations] CAPPING events from decorations provider vscode.git 1487
2023-11-16 12:40:56.301 [warning] [Decorations] CAPPING events from decorations provider vscode.git 1487
2023-11-16 12:41:02.157 [warning] [Decorations] CAPPING events from decorations provider vscode.git 1490
2023-11-16 12:41:07.847 [warning] [Decorations] CAPPING events from decorations provider vscode.git 1490
2023-11-16 12:41:13.554 [warning] [Decorations] CAPPING events from decorations provider vscode.git 1490
2023-11-16 12:41:19.228 [warning] [Decorations] CAPPING events from decorations provider vscode.git 1490
2023-11-16 12:41:24.908 [warning] [Decorations] CAPPING events from decorations provider vscode.git 1490
2023-11-16 12:41:30.589 [warning] [Decorations] CAPPING events from decorations provider vscode.git 1490
2023-11-16 12:41:36.306 [warning] [Decorations] CAPPING events from decorations provider vscode.git 1490
2023-11-16 12:41:41.978 [warning] [Decorations] CAPPING events from decorations provider vscode.git 1490
2023-11-16 12:41:47.635 [warning] [Decorations] CAPPING events from decorations provider vscode.git 1490
2023-11-16 12:41:53.305 [warning] [Decorations] CAPPING events from decorations provider vscode.git 1490
2023-11-16 12:41:58.976 [warning] [Decorations] CAPPING events from decorations provider vscode.git 1490
2023-11-16 12:42:04.862 [warning] [Decorations] CAPPING events from decorations provider vscode.git 1492
2023-11-16 12:42:10.559 [warning] [Decorations] CAPPING events from decorations provider vscode.git 1493
2023-11-16 12:42:16.240 [warning] [Decorations] CAPPING events from decorations provider vscode.git 1493
2023-11-16 12:42:21.917 [warning] [Decorations] CAPPING events from decorations provider vscode.git 1493
2023-11-16 12:42:27.593 [warning] [Decorations] CAPPING events from decorations provider vscode.git 1493
2023-11-16 12:42:37.224 [warning] [Decorations] CAPPING events from decorations provider vscode.git 1493
2023-11-16 12:42:42.882 [warning] [Decorations] CAPPING events from decorations provider vscode.git 1493
2023-11-16 12:42:48.568 [warning] [Decorations] CAPPING events from decorations provider vscode.git 1493
2023-11-16 12:42:54.265 [warning] [Decorations] CAPPING events from decorations provider vscode.git 1493
2023-11-16 12:42:59.948 [warning] [Decorations] CAPPING events from decorations provider vscode.git 1493
2023-11-16 12:43:05.804 [warning] [Decorations] CAPPING events from decorations provider vscode.git 1493
2023-11-16 12:43:11.534 [warning] [Decorations] CAPPING events from decorations provider vscode.git 1493
2023-11-16 12:43:17.212 [warning] [Decorations] CAPPING events from decorations provider vscode.git 1493
2023-11-16 12:43:22.877 [warning] [Decorations] CAPPING events from decorations provider vscode.git 1493
2023-11-16 12:43:28.562 [warning] [Decorations] CAPPING events from decorations provider vscode.git 1493
2023-11-16 12:43:34.397 [warning] [Decorations] CAPPING events from decorations provider vscode.git 1493
2023-11-16 12:43:40.082 [warning] [Decorations] CAPPING events from decorations provider vscode.git 1493
2023-11-16 12:43:45.775 [warning] [Decorations] CAPPING events from decorations provider vscode.git 1493
2023-11-16 12:43:51.451 [warning] [Decorations] CAPPING events from decorations provider vscode.git 1493
2023-11-16 12:43:57.153 [warning] [Decorations] CAPPING events from decorations provider vscode.git 1493
2023-11-16 12:44:02.839 [warning] [Decorations] CAPPING events from decorations provider vscode.git 1497
2023-11-16 12:44:08.706 [warning] [Decorations] CAPPING events from decorations provider vscode.git 1496
2023-11-16 12:44:14.420 [warning] [Decorations] CAPPING events from decorations provider vscode.git 1496
2023-11-16 12:44:20.098 [warning] [Decorations] CAPPING events from decorations provider vscode.git 1496
2023-11-16 12:44:25.773 [warning] [Decorations] CAPPING events from decorations provider vscode.git 1496
2023-11-16 12:44:31.444 [warning] [Decorations] CAPPING events from decorations provider vscode.git 1496
2023-11-16 12:44:37.177 [warning] [Decorations] CAPPING events from decorations provider vscode.git 1496
2023-11-16 12:44:42.890 [warning] [Decorations] CAPPING events from decorations provider vscode.git 1496
2023-11-16 12:44:48.571 [warning] [Decorations] CAPPING events from decorations provider vscode.git 1496
2023-11-16 12:44:54.264 [warning] [Decorations] CAPPING events from decorations provider vscode.git 1497
2023-11-16 12:44:59.968 [warning] [Decorations] CAPPING events from decorations provider vscode.git 1497
2023-11-16 12:45:05.621 [warning] [Decorations] CAPPING events from decorations provider vscode.git 1497
2023-11-16 12:45:11.476 [warning] [Decorations] CAPPING events from decorations provider vscode.git 1497
2023-11-16 12:45:17.164 [warning] [Decorations] CAPPING events from decorations provider vscode.git 1497
2023-11-16 12:45:22.835 [warning] [Decorations] CAPPING events from decorations provider vscode.git 1497
2023-11-16 12:45:40.228 [warning] [Decorations] CAPPING events from decorations provider vscode.git 1498
2023-11-16 12:45:46.202 [warning] [Decorations] CAPPING events from decorations provider vscode.git 1498
2023-11-16 12:45:54.132 [warning] [Decorations] CAPPING events from decorations provider vscode.git 1498
2023-11-16 12:45:59.974 [warning] [Decorations] CAPPING events from decorations provider vscode.git 1498
2023-11-16 12:46:05.862 [warning] [Decorations] CAPPING events from decorations provider vscode.git 1498
2023-11-16 12:46:11.725 [warning] [Decorations] CAPPING events from decorations provider vscode.git 1500
2023-11-16 12:46:17.399 [warning] [Decorations] CAPPING events from decorations provider vscode.git 1500
2023-11-16 12:46:23.072 [warning] [Decorations] CAPPING events from decorations provider vscode.git 1500
2023-11-16 12:46:28.817 [warning] [Decorations] CAPPING events from decorations provider vscode.git 1501
2023-11-16 12:46:34.498 [warning] [Decorations] CAPPING events from decorations provider vscode.git 1500
2023-11-16 12:46:40.303 [warning] [Decorations] CAPPING events from decorations provider vscode.git 1500
2023-11-16 12:46:46.079 [warning] [Decorations] CAPPING events from decorations provider vscode.git 1500
2023-11-16 12:46:51.738 [warning] [Decorations] CAPPING events from decorations provider vscode.git 1501
2023-11-16 12:46:57.424 [warning] [Decorations] CAPPING events from decorations provider vscode.git 1503
2023-11-16 12:47:03.111 [warning] [Decorations] CAPPING events from decorations provider vscode.git 1504
2023-11-16 12:47:08.774 [warning] [Decorations] CAPPING events from decorations provider vscode.git 1506
2023-11-16 12:47:14.636 [warning] [Decorations] CAPPING events from decorations provider vscode.git 1506
2023-11-16 12:47:20.460 [warning] [Decorations] CAPPING events from decorations provider vscode.git 1508
2023-11-16 12:47:26.175 [warning] [Decorations] CAPPING events from decorations provider vscode.git 1510
2023-11-16 12:47:33.393 [warning] [Decorations] CAPPING events from decorations provider vscode.git 1512
2023-11-16 12:47:41.146 [warning] [Decorations] CAPPING events from decorations provider vscode.git 1512
2023-11-16 12:47:49.466 [warning] [Decorations] CAPPING events from decorations provider vscode.git 1512
2023-11-16 12:47:55.137 [warning] [Decorations] CAPPING events from decorations provider vscode.git 1513
2023-11-16 12:49:10.589 [warning] [Decorations] CAPPING events from decorations provider vscode.git 1513
2023-11-16 12:49:16.475 [warning] [Decorations] CAPPING events from decorations provider vscode.git 1513
2023-11-16 12:49:22.169 [warning] [Decorations] CAPPING events from decorations provider vscode.git 1515
2023-11-16 12:49:27.839 [warning] [Decorations] CAPPING events from decorations provider vscode.git 1515
2023-11-16 12:49:33.516 [warning] [Decorations] CAPPING events from decorations provider vscode.git 1515
2023-11-16 12:49:39.233 [warning] [Decorations] CAPPING events from decorations provider vscode.git 1515
2023-11-16 12:49:44.933 [warning] [Decorations] CAPPING events from decorations provider vscode.git 1515
2023-11-16 12:49:51.641 [error] CodeExpectedError: Unable to write into user settings. Please open the user settings to correct errors/warnings in it and try again.
    at o.y (vscode-file://vscode-app/c:/Users/anton/AppData/Local/Programs/Microsoft%20VS%20Code/resources/app/out/vs/workbench/workbench.desktop.main.js:2376:52403)
    at o (vscode-file://vscode-app/c:/Users/anton/AppData/Local/Programs/Microsoft%20VS%20Code/resources/app/out/vs/workbench/workbench.desktop.main.js:2376:49764)
    at o.n (vscode-file://vscode-app/c:/Users/anton/AppData/Local/Programs/Microsoft%20VS%20Code/resources/app/out/vs/workbench/workbench.desktop.main.js:2376:49655)
    at async Object.factory (vscode-file://vscode-app/c:/Users/anton/AppData/Local/Programs/Microsoft%20VS%20Code/resources/app/out/vs/workbench/workbench.desktop.main.js:2376:49405)
2023-11-16 12:49:52.196 [warning] [Decorations] CAPPING events from decorations provider vscode.git 1515
