2023-10-20 09:01:26.543 [info] Log level: Info
2023-10-20 09:01:26.543 [info] Validating found git in: "git"
2023-10-20 09:01:26.543 [info] Using git "2.30.2" from "git"
2023-10-20 09:01:26.543 [info] > git rev-parse --show-toplevel [2ms]
2023-10-20 09:01:26.543 [info] fatal: not a git repository (or any parent up to mount point /)
Stopping at filesystem boundary (GIT_DISCOVERY_ACROSS_FILESYSTEM not set).
2023-10-20 09:01:26.543 [info] > git rev-parse --show-toplevel [1ms]
2023-10-20 09:01:26.543 [info] fatal: not a git repository (or any parent up to mount point /)
Stopping at filesystem boundary (GIT_DISCOVERY_ACROSS_FILESYSTEM not set).
2023-10-20 09:01:26.543 [info] > git rev-parse --show-toplevel [1ms]
2023-10-20 09:01:26.543 [info] fatal: not a git repository (or any parent up to mount point /)
Stopping at filesystem boundary (GIT_DISCOVERY_ACROSS_FILESYSTEM not set).
2023-10-20 09:01:26.543 [info] > git rev-parse --show-toplevel [1ms]
2023-10-20 09:01:26.543 [info] fatal: not a git repository (or any parent up to mount point /)
Stopping at filesystem boundary (GIT_DISCOVERY_ACROSS_FILESYSTEM not set).
2023-10-20 09:01:26.543 [info] > git rev-parse --show-toplevel [1ms]
2023-10-20 09:01:26.543 [info] fatal: not a git repository (or any parent up to mount point /)
Stopping at filesystem boundary (GIT_DISCOVERY_ACROSS_FILESYSTEM not set).
2023-10-20 09:01:26.543 [info] > git rev-parse --show-toplevel [2ms]
2023-10-20 09:01:26.543 [info] fatal: not a git repository (or any parent up to mount point /)
Stopping at filesystem boundary (GIT_DISCOVERY_ACROSS_FILESYSTEM not set).
2023-10-20 09:01:26.543 [info] > git rev-parse --show-toplevel [2ms]
2023-10-20 09:01:26.543 [info] fatal: not a git repository (or any parent up to mount point /)
Stopping at filesystem boundary (GIT_DISCOVERY_ACROSS_FILESYSTEM not set).
2023-10-20 09:01:26.543 [info] > git rev-parse --show-toplevel [1ms]
2023-10-20 09:01:26.543 [info] fatal: not a git repository (or any parent up to mount point /)
Stopping at filesystem boundary (GIT_DISCOVERY_ACROSS_FILESYSTEM not set).
2023-10-20 09:01:26.543 [info] > git rev-parse --show-toplevel [1ms]
2023-10-20 09:01:26.543 [info] fatal: not a git repository (or any parent up to mount point /)
Stopping at filesystem boundary (GIT_DISCOVERY_ACROSS_FILESYSTEM not set).
2023-10-20 09:01:26.543 [info] > git rev-parse --show-toplevel [2ms]
2023-10-20 09:01:26.543 [info] fatal: not a git repository (or any parent up to mount point /)
Stopping at filesystem boundary (GIT_DISCOVERY_ACROSS_FILESYSTEM not set).
2023-10-20 09:01:26.547 [info] > git rev-parse --show-toplevel [1ms]
2023-10-20 09:01:26.548 [info] fatal: not a git repository (or any parent up to mount point /)
Stopping at filesystem boundary (GIT_DISCOVERY_ACROSS_FILESYSTEM not set).
2023-10-20 09:01:26.552 [info] > git rev-parse --show-toplevel [2ms]
2023-10-20 09:01:26.552 [info] fatal: not a git repository (or any parent up to mount point /)
Stopping at filesystem boundary (GIT_DISCOVERY_ACROSS_FILESYSTEM not set).
2023-10-20 09:01:26.560 [info] > git rev-parse --show-toplevel [5ms]
2023-10-20 09:01:26.560 [info] fatal: not a git repository (or any parent up to mount point /)
Stopping at filesystem boundary (GIT_DISCOVERY_ACROSS_FILESYSTEM not set).
2023-10-20 09:01:26.564 [info] > git rev-parse --show-toplevel [2ms]
2023-10-20 09:01:26.564 [info] fatal: not a git repository (or any parent up to mount point /)
Stopping at filesystem boundary (GIT_DISCOVERY_ACROSS_FILESYSTEM not set).
2023-10-20 09:01:26.569 [info] > git rev-parse --show-toplevel [1ms]
2023-10-20 09:01:26.569 [info] fatal: not a git repository (or any parent up to mount point /)
Stopping at filesystem boundary (GIT_DISCOVERY_ACROSS_FILESYSTEM not set).
2023-10-20 09:01:26.573 [info] > git rev-parse --show-toplevel [2ms]
2023-10-20 09:01:26.573 [info] fatal: not a git repository (or any parent up to mount point /)
Stopping at filesystem boundary (GIT_DISCOVERY_ACROSS_FILESYSTEM not set).
2023-10-20 09:01:26.577 [info] > git rev-parse --show-toplevel [1ms]
2023-10-20 09:01:26.577 [info] fatal: not a git repository (or any parent up to mount point /)
Stopping at filesystem boundary (GIT_DISCOVERY_ACROSS_FILESYSTEM not set).
2023-10-20 09:01:26.581 [info] > git rev-parse --show-toplevel [1ms]
2023-10-20 09:01:26.581 [info] fatal: not a git repository (or any parent up to mount point /)
Stopping at filesystem boundary (GIT_DISCOVERY_ACROSS_FILESYSTEM not set).
2023-10-20 09:01:26.586 [info] > git rev-parse --show-toplevel [2ms]
2023-10-20 09:01:26.586 [info] fatal: not a git repository (or any parent up to mount point /)
Stopping at filesystem boundary (GIT_DISCOVERY_ACROSS_FILESYSTEM not set).
2023-10-20 09:01:28.209 [info] > git rev-parse --show-toplevel [2ms]
2023-10-20 09:01:28.209 [info] fatal: not a git repository (or any parent up to mount point /)
Stopping at filesystem boundary (GIT_DISCOVERY_ACROSS_FILESYSTEM not set).
2023-10-20 09:02:00.706 [info] > git rev-parse --show-toplevel [4ms]
2023-10-20 09:02:00.707 [info] fatal: not a git repository (or any parent up to mount point /)
Stopping at filesystem boundary (GIT_DISCOVERY_ACROSS_FILESYSTEM not set).
2023-10-20 09:07:59.742 [info] > git rev-parse --show-toplevel [3ms]
2023-10-20 09:07:59.743 [info] fatal: not a git repository (or any parent up to mount point /)
Stopping at filesystem boundary (GIT_DISCOVERY_ACROSS_FILESYSTEM not set).
2023-10-20 09:08:00.831 [info] > git rev-parse --show-toplevel [3ms]
2023-10-20 09:08:00.831 [info] fatal: not a git repository (or any parent up to mount point /)
Stopping at filesystem boundary (GIT_DISCOVERY_ACROSS_FILESYSTEM not set).
2023-10-20 09:08:08.578 [info] > git rev-parse --show-toplevel [1ms]
2023-10-20 09:08:08.578 [info] fatal: not a git repository (or any parent up to mount point /)
Stopping at filesystem boundary (GIT_DISCOVERY_ACROSS_FILESYSTEM not set).
2023-10-20 09:09:53.702 [info] > git rev-parse --show-toplevel [1ms]
2023-10-20 09:09:53.702 [info] fatal: not a git repository (or any parent up to mount point /)
Stopping at filesystem boundary (GIT_DISCOVERY_ACROSS_FILESYSTEM not set).
2023-10-20 09:22:20.461 [info] > git rev-parse --show-toplevel [3ms]
2023-10-20 09:22:20.461 [info] fatal: not a git repository (or any parent up to mount point /)
Stopping at filesystem boundary (GIT_DISCOVERY_ACROSS_FILESYSTEM not set).
2023-10-20 09:26:31.431 [info] > git rev-parse --show-toplevel [2ms]
2023-10-20 09:26:31.431 [info] fatal: not a git repository (or any parent up to mount point /)
Stopping at filesystem boundary (GIT_DISCOVERY_ACROSS_FILESYSTEM not set).
2023-10-20 09:27:33.695 [info] > git rev-parse --show-toplevel [1ms]
2023-10-20 09:27:33.695 [info] fatal: not a git repository (or any parent up to mount point /)
Stopping at filesystem boundary (GIT_DISCOVERY_ACROSS_FILESYSTEM not set).
2023-10-20 09:27:52.729 [info] > git rev-parse --show-toplevel [1ms]
2023-10-20 09:27:52.729 [info] fatal: not a git repository (or any parent up to mount point /)
Stopping at filesystem boundary (GIT_DISCOVERY_ACROSS_FILESYSTEM not set).
2023-10-20 09:33:08.860 [info] > git rev-parse --show-toplevel [1ms]
2023-10-20 09:33:08.861 [info] fatal: not a git repository (or any parent up to mount point /)
Stopping at filesystem boundary (GIT_DISCOVERY_ACROSS_FILESYSTEM not set).
2023-10-20 09:34:06.534 [info] > git rev-parse --show-toplevel [1ms]
2023-10-20 09:34:06.534 [info] fatal: not a git repository (or any parent up to mount point /)
Stopping at filesystem boundary (GIT_DISCOVERY_ACROSS_FILESYSTEM not set).
2023-10-20 09:41:58.130 [info] > git rev-parse --show-toplevel [5ms]
2023-10-20 09:41:58.131 [info] fatal: not a git repository (or any parent up to mount point /)
Stopping at filesystem boundary (GIT_DISCOVERY_ACROSS_FILESYSTEM not set).
2023-10-20 09:45:05.685 [info] > git rev-parse --show-toplevel [2ms]
2023-10-20 09:45:05.685 [info] fatal: not a git repository (or any parent up to mount point /)
Stopping at filesystem boundary (GIT_DISCOVERY_ACROSS_FILESYSTEM not set).
2023-10-20 09:46:17.256 [info] > git rev-parse --show-toplevel [5ms]
2023-10-20 09:46:17.257 [info] fatal: not a git repository (or any parent up to mount point /)
Stopping at filesystem boundary (GIT_DISCOVERY_ACROSS_FILESYSTEM not set).
2023-10-20 09:47:35.429 [info] > git rev-parse --show-toplevel [3ms]
2023-10-20 09:47:35.430 [info] fatal: not a git repository (or any parent up to mount point /)
Stopping at filesystem boundary (GIT_DISCOVERY_ACROSS_FILESYSTEM not set).
2023-10-20 09:47:49.330 [info] > git rev-parse --show-toplevel [2ms]
2023-10-20 09:47:49.330 [info] fatal: not a git repository (or any parent up to mount point /)
Stopping at filesystem boundary (GIT_DISCOVERY_ACROSS_FILESYSTEM not set).
2023-10-20 09:47:52.130 [info] > git rev-parse --show-toplevel [2ms]
2023-10-20 09:47:52.130 [info] fatal: not a git repository (or any parent up to mount point /)
Stopping at filesystem boundary (GIT_DISCOVERY_ACROSS_FILESYSTEM not set).
2023-10-20 09:47:53.436 [info] > git rev-parse --show-toplevel [2ms]
2023-10-20 09:47:53.436 [info] fatal: not a git repository (or any parent up to mount point /)
Stopping at filesystem boundary (GIT_DISCOVERY_ACROSS_FILESYSTEM not set).
2023-10-20 09:51:04.097 [info] > git rev-parse --show-toplevel [2ms]
2023-10-20 09:51:04.097 [info] fatal: not a git repository (or any parent up to mount point /)
Stopping at filesystem boundary (GIT_DISCOVERY_ACROSS_FILESYSTEM not set).
2023-10-20 09:51:07.683 [info] > git rev-parse --show-toplevel [2ms]
2023-10-20 09:51:07.683 [info] fatal: not a git repository (or any parent up to mount point /)
Stopping at filesystem boundary (GIT_DISCOVERY_ACROSS_FILESYSTEM not set).
2023-10-20 09:51:11.449 [info] > git rev-parse --show-toplevel [1ms]
2023-10-20 09:51:11.450 [info] fatal: not a git repository (or any parent up to mount point /)
Stopping at filesystem boundary (GIT_DISCOVERY_ACROSS_FILESYSTEM not set).
2023-10-20 09:51:17.953 [info] > git rev-parse --show-toplevel [2ms]
2023-10-20 09:51:17.953 [info] fatal: not a git repository (or any parent up to mount point /)
Stopping at filesystem boundary (GIT_DISCOVERY_ACROSS_FILESYSTEM not set).
2023-10-20 09:52:13.550 [info] > git rev-parse --show-toplevel [1ms]
2023-10-20 09:52:13.550 [info] fatal: not a git repository (or any parent up to mount point /)
Stopping at filesystem boundary (GIT_DISCOVERY_ACROSS_FILESYSTEM not set).
2023-10-20 09:52:18.007 [info] > git rev-parse --show-toplevel [2ms]
2023-10-20 09:52:18.007 [info] fatal: not a git repository (or any parent up to mount point /)
Stopping at filesystem boundary (GIT_DISCOVERY_ACROSS_FILESYSTEM not set).
2023-10-20 09:52:19.002 [info] > git rev-parse --show-toplevel [1ms]
2023-10-20 09:52:19.002 [info] fatal: not a git repository (or any parent up to mount point /)
Stopping at filesystem boundary (GIT_DISCOVERY_ACROSS_FILESYSTEM not set).
2023-10-20 09:52:20.132 [info] > git rev-parse --show-toplevel [2ms]
2023-10-20 09:52:20.132 [info] fatal: not a git repository (or any parent up to mount point /)
Stopping at filesystem boundary (GIT_DISCOVERY_ACROSS_FILESYSTEM not set).
2023-10-20 09:52:27.901 [info] > git rev-parse --show-toplevel [1ms]
2023-10-20 09:52:27.902 [info] fatal: not a git repository (or any parent up to mount point /)
Stopping at filesystem boundary (GIT_DISCOVERY_ACROSS_FILESYSTEM not set).
2023-10-20 09:52:32.231 [info] > git rev-parse --show-toplevel [2ms]
2023-10-20 09:52:32.231 [info] fatal: not a git repository (or any parent up to mount point /)
Stopping at filesystem boundary (GIT_DISCOVERY_ACROSS_FILESYSTEM not set).
2023-10-20 09:52:32.787 [info] > git rev-parse --show-toplevel [1ms]
2023-10-20 09:52:32.787 [info] fatal: not a git repository (or any parent up to mount point /)
Stopping at filesystem boundary (GIT_DISCOVERY_ACROSS_FILESYSTEM not set).
2023-10-20 09:52:41.083 [info] > git rev-parse --show-toplevel [1ms]
2023-10-20 09:52:41.083 [info] fatal: not a git repository (or any parent up to mount point /)
Stopping at filesystem boundary (GIT_DISCOVERY_ACROSS_FILESYSTEM not set).
2023-10-20 09:52:42.744 [info] > git rev-parse --show-toplevel [2ms]
2023-10-20 09:52:42.744 [info] fatal: not a git repository (or any parent up to mount point /)
Stopping at filesystem boundary (GIT_DISCOVERY_ACROSS_FILESYSTEM not set).
2023-10-20 09:52:47.740 [info] > git rev-parse --show-toplevel [1ms]
2023-10-20 09:52:47.740 [info] fatal: not a git repository (or any parent up to mount point /)
Stopping at filesystem boundary (GIT_DISCOVERY_ACROSS_FILESYSTEM not set).
2023-10-20 09:55:55.766 [info] > git rev-parse --show-toplevel [2ms]
2023-10-20 09:55:55.767 [info] fatal: not a git repository (or any parent up to mount point /)
Stopping at filesystem boundary (GIT_DISCOVERY_ACROSS_FILESYSTEM not set).
2023-10-20 10:07:12.427 [info] > git rev-parse --show-toplevel [2ms]
2023-10-20 10:07:12.428 [info] fatal: not a git repository (or any parent up to mount point /)
Stopping at filesystem boundary (GIT_DISCOVERY_ACROSS_FILESYSTEM not set).
2023-10-20 10:13:51.259 [info] > git rev-parse --show-toplevel [5ms]
2023-10-20 10:13:51.271 [info] > git rev-parse --git-dir --git-common-dir [6ms]
2023-10-20 10:13:51.289 [info] Open repository: /home/TDIW/tdiw-k11
2023-10-20 10:13:51.301 [info] No remotes found in the git config file.
2023-10-20 10:13:51.315 [info] > git config --get commit.template [17ms]
2023-10-20 10:13:51.316 [info] > git for-each-ref --format=%(refname)%00%(upstream:short)%00%(objectname)%00%(upstream:track)%00%(upstream:remotename)%00%(upstream:remoteref) refs/heads/master refs/remotes/master [10ms]
2023-10-20 10:13:51.645 [info] > git show --textconv :public_html/html/registre.html [14ms]
2023-10-20 10:13:51.650 [info] > git ls-files --stage -- /home/TDIW/tdiw-k11/public_html/html/registre.html [5ms]
2023-10-20 10:13:51.876 [info] > git check-ignore -v -z --stdin [5ms]
2023-10-20 10:13:52.474 [info] > git status -z -uall [1152ms]
2023-10-20 10:13:52.544 [info] > git config --get commit.template [3ms]
2023-10-20 10:13:52.548 [info] No remotes found in the git config file.
2023-10-20 10:13:52.558 [info] > git for-each-ref --format=%(refname)%00%(upstream:short)%00%(objectname)%00%(upstream:track)%00%(upstream:remotename)%00%(upstream:remoteref) refs/heads/master refs/remotes/master [9ms]
2023-10-20 10:13:52.938 [info] > git status -z -uall [376ms]
