2023-11-02 17:33:31.343 [info] Nivel de registro: Info
2023-11-02 17:33:31.343 [info] La validación encontró GIT en: “git“
2023-11-02 17:33:31.343 [info] Usando GIT “2.30.2” desde “git”
2023-11-02 17:33:31.343 [info] > git rev-parse --show-toplevel [8ms]
2023-11-02 17:33:31.343 [info] > git rev-parse --git-dir --git-common-dir [2ms]
2023-11-02 17:33:31.343 [info] Open repository: /home/TDIW/tdiw-k11
2023-11-02 17:33:31.343 [info] > git rev-parse --show-toplevel [4ms]
2023-11-02 17:33:31.343 [info] > git config --get commit.template [6ms]
2023-11-02 17:33:31.343 [info] > git rev-parse --show-toplevel [2ms]
2023-11-02 17:33:31.343 [info] > git for-each-ref --format=%(refname)%00%(upstream:short)%00%(objectname)%00%(upstream:track)%00%(upstream:remotename)%00%(upstream:remoteref) refs/heads/master refs/remotes/master [14ms]
2023-11-02 17:33:31.343 [info] > git rev-parse --show-toplevel [6ms]
2023-11-02 17:33:31.343 [info] > git rev-parse --show-toplevel [2ms]
2023-11-02 17:33:31.343 [info] > git rev-parse --show-toplevel [1ms]
2023-11-02 17:33:31.344 [info] > git rev-parse --show-toplevel [3ms]
2023-11-02 17:33:31.350 [info] > git rev-parse --show-toplevel [3ms]
2023-11-02 17:33:31.355 [info] > git rev-parse --show-toplevel [2ms]
2023-11-02 17:33:31.362 [info] > git rev-parse --show-toplevel [1ms]
2023-11-02 17:33:31.369 [info] > git rev-parse --show-toplevel [4ms]
2023-11-02 17:33:31.376 [info] > git rev-parse --show-toplevel [3ms]
2023-11-02 17:33:31.382 [info] > git rev-parse --show-toplevel [2ms]
2023-11-02 17:33:31.391 [info] > git rev-parse --show-toplevel [1ms]
2023-11-02 17:33:31.396 [info] > git rev-parse --show-toplevel [2ms]
2023-11-02 17:33:31.403 [info] > git rev-parse --show-toplevel [2ms]
2023-11-02 17:33:31.409 [info] > git rev-parse --show-toplevel [2ms]
2023-11-02 17:33:31.416 [info] > git rev-parse --show-toplevel [2ms]
2023-11-02 17:33:31.422 [info] > git rev-parse --show-toplevel [2ms]
2023-11-02 17:33:31.426 [info] > git rev-parse --show-toplevel [1ms]
2023-11-02 17:33:31.755 [info] > git ls-files --stage -- /home/TDIW/tdiw-k11/public_html/html/index.html [1ms]
2023-11-02 17:33:31.760 [info] > git show --textconv :public_html/html/index.html [10ms]
2023-11-02 17:33:31.762 [info] > git cat-file -s 8648e05e9e73540635cd343db8f91660fd58f75a [3ms]
2023-11-02 17:33:31.896 [info] > git check-ignore -v -z --stdin [6ms]
2023-11-02 17:33:32.272 [info] > git status -z -uall [957ms]
2023-11-02 17:33:32.305 [info] > git config --get commit.template [4ms]
2023-11-02 17:33:32.308 [info] > git for-each-ref --format=%(refname)%00%(upstream:short)%00%(objectname)%00%(upstream:track)%00%(upstream:remotename)%00%(upstream:remoteref) refs/heads/master refs/remotes/master [4ms]
2023-11-02 17:33:32.826 [info] > git status -z -uall [514ms]
2023-11-02 17:33:36.258 [info] > git config --get commit.template [6ms]
2023-11-02 17:33:36.262 [info] > git for-each-ref --format=%(refname)%00%(upstream:short)%00%(objectname)%00%(upstream:track)%00%(upstream:remotename)%00%(upstream:remoteref) refs/heads/master refs/remotes/master [5ms]
2023-11-02 17:33:36.764 [info] > git status -z -uall [498ms]
2023-11-02 17:58:31.660 [info] > git config --get commit.template [5ms]
2023-11-02 17:58:31.667 [info] > git for-each-ref --format=%(refname)%00%(upstream:short)%00%(objectname)%00%(upstream:track)%00%(upstream:remotename)%00%(upstream:remoteref) refs/heads/master refs/remotes/master [8ms]
2023-11-02 17:58:32.333 [info] > git status -z -uall [662ms]
2023-11-02 17:58:37.363 [info] > git config --get commit.template [5ms]
2023-11-02 17:58:37.367 [info] > git for-each-ref --format=%(refname)%00%(upstream:short)%00%(objectname)%00%(upstream:track)%00%(upstream:remotename)%00%(upstream:remoteref) refs/heads/master refs/remotes/master [6ms]
2023-11-02 17:58:37.767 [info] > git status -z -uall [395ms]
2023-11-02 17:58:42.792 [info] > git config --get commit.template [5ms]
2023-11-02 17:58:42.794 [info] > git for-each-ref --format=%(refname)%00%(upstream:short)%00%(objectname)%00%(upstream:track)%00%(upstream:remotename)%00%(upstream:remoteref) refs/heads/master refs/remotes/master [3ms]
2023-11-02 17:58:43.240 [info] > git status -z -uall [441ms]
2023-11-02 17:58:48.267 [info] > git config --get commit.template [6ms]
2023-11-02 17:58:48.271 [info] > git for-each-ref --format=%(refname)%00%(upstream:short)%00%(objectname)%00%(upstream:track)%00%(upstream:remotename)%00%(upstream:remoteref) refs/heads/master refs/remotes/master [4ms]
2023-11-02 17:58:48.816 [info] > git status -z -uall [541ms]
2023-11-02 17:58:53.843 [info] > git config --get commit.template [5ms]
2023-11-02 17:58:53.847 [info] > git for-each-ref --format=%(refname)%00%(upstream:short)%00%(objectname)%00%(upstream:track)%00%(upstream:remotename)%00%(upstream:remoteref) refs/heads/master refs/remotes/master [5ms]
2023-11-02 17:58:54.258 [info] > git status -z -uall [407ms]
2023-11-02 17:58:59.285 [info] > git config --get commit.template [5ms]
2023-11-02 17:58:59.289 [info] > git for-each-ref --format=%(refname)%00%(upstream:short)%00%(objectname)%00%(upstream:track)%00%(upstream:remotename)%00%(upstream:remoteref) refs/heads/master refs/remotes/master [5ms]
2023-11-02 17:58:59.729 [info] > git status -z -uall [435ms]
2023-11-02 17:59:19.414 [info] > git config --get commit.template [5ms]
2023-11-02 17:59:19.417 [info] > git for-each-ref --format=%(refname)%00%(upstream:short)%00%(objectname)%00%(upstream:track)%00%(upstream:remotename)%00%(upstream:remoteref) refs/heads/master refs/remotes/master [4ms]
2023-11-02 17:59:19.990 [info] > git status -z -uall [569ms]
2023-11-02 17:59:24.199 [info] > git check-ignore -v -z --stdin [3ms]
2023-11-02 17:59:25.016 [info] > git config --get commit.template [5ms]
2023-11-02 17:59:25.020 [info] > git for-each-ref --format=%(refname)%00%(upstream:short)%00%(objectname)%00%(upstream:track)%00%(upstream:remotename)%00%(upstream:remoteref) refs/heads/master refs/remotes/master [4ms]
2023-11-02 17:59:25.430 [info] > git status -z -uall [406ms]
2023-11-02 17:59:30.459 [info] > git config --get commit.template [5ms]
2023-11-02 17:59:30.462 [info] > git for-each-ref --format=%(refname)%00%(upstream:short)%00%(objectname)%00%(upstream:track)%00%(upstream:remotename)%00%(upstream:remoteref) refs/heads/master refs/remotes/master [4ms]
2023-11-02 17:59:30.891 [info] > git status -z -uall [423ms]
2023-11-02 17:59:32.389 [info] > git check-ignore -v -z --stdin [5ms]
2023-11-02 17:59:35.915 [info] > git config --get commit.template [5ms]
2023-11-02 17:59:35.918 [info] > git for-each-ref --format=%(refname)%00%(upstream:short)%00%(objectname)%00%(upstream:track)%00%(upstream:remotename)%00%(upstream:remoteref) refs/heads/master refs/remotes/master [5ms]
2023-11-02 17:59:36.327 [info] > git status -z -uall [404ms]
2023-11-02 17:59:41.355 [info] > git config --get commit.template [5ms]
2023-11-02 17:59:41.358 [info] > git for-each-ref --format=%(refname)%00%(upstream:short)%00%(objectname)%00%(upstream:track)%00%(upstream:remotename)%00%(upstream:remoteref) refs/heads/master refs/remotes/master [3ms]
2023-11-02 17:59:41.788 [info] > git status -z -uall [425ms]
2023-11-02 17:59:46.813 [info] > git config --get commit.template [4ms]
2023-11-02 17:59:46.817 [info] > git for-each-ref --format=%(refname)%00%(upstream:short)%00%(objectname)%00%(upstream:track)%00%(upstream:remotename)%00%(upstream:remoteref) refs/heads/master refs/remotes/master [4ms]
2023-11-02 17:59:47.242 [info] > git status -z -uall [421ms]
2023-11-02 18:00:11.792 [info] > git config --get commit.template [5ms]
2023-11-02 18:00:11.795 [info] > git for-each-ref --format=%(refname)%00%(upstream:short)%00%(objectname)%00%(upstream:track)%00%(upstream:remotename)%00%(upstream:remoteref) refs/heads/master refs/remotes/master [4ms]
2023-11-02 18:00:12.361 [info] > git status -z -uall [561ms]
2023-11-02 18:00:17.386 [info] > git config --get commit.template [5ms]
2023-11-02 18:00:17.389 [info] > git for-each-ref --format=%(refname)%00%(upstream:short)%00%(objectname)%00%(upstream:track)%00%(upstream:remotename)%00%(upstream:remoteref) refs/heads/master refs/remotes/master [3ms]
2023-11-02 18:00:17.849 [info] > git status -z -uall [455ms]
2023-11-02 18:00:22.875 [info] > git config --get commit.template [5ms]
2023-11-02 18:00:22.877 [info] > git for-each-ref --format=%(refname)%00%(upstream:short)%00%(objectname)%00%(upstream:track)%00%(upstream:remotename)%00%(upstream:remoteref) refs/heads/master refs/remotes/master [3ms]
2023-11-02 18:00:23.303 [info] > git status -z -uall [421ms]
2023-11-02 18:00:28.329 [info] > git config --get commit.template [6ms]
2023-11-02 18:00:28.333 [info] > git for-each-ref --format=%(refname)%00%(upstream:short)%00%(objectname)%00%(upstream:track)%00%(upstream:remotename)%00%(upstream:remoteref) refs/heads/master refs/remotes/master [5ms]
2023-11-02 18:00:28.740 [info] > git status -z -uall [402ms]
2023-11-02 18:00:33.770 [info] > git config --get commit.template [5ms]
2023-11-02 18:00:33.773 [info] > git for-each-ref --format=%(refname)%00%(upstream:short)%00%(objectname)%00%(upstream:track)%00%(upstream:remotename)%00%(upstream:remoteref) refs/heads/master refs/remotes/master [4ms]
2023-11-02 18:00:34.175 [info] > git status -z -uall [398ms]
2023-11-02 18:00:39.199 [info] > git config --get commit.template [5ms]
2023-11-02 18:00:39.204 [info] > git for-each-ref --format=%(refname)%00%(upstream:short)%00%(objectname)%00%(upstream:track)%00%(upstream:remotename)%00%(upstream:remoteref) refs/heads/master refs/remotes/master [6ms]
2023-11-02 18:00:39.609 [info] > git status -z -uall [400ms]
2023-11-02 18:00:45.491 [info] > git config --get commit.template [5ms]
2023-11-02 18:00:45.495 [info] > git for-each-ref --format=%(refname)%00%(upstream:short)%00%(objectname)%00%(upstream:track)%00%(upstream:remotename)%00%(upstream:remoteref) refs/heads/master refs/remotes/master [5ms]
2023-11-02 18:00:45.907 [info] > git status -z -uall [407ms]
2023-11-02 18:00:49.111 [info] > git check-ignore -v -z --stdin [3ms]
2023-11-02 18:00:50.932 [info] > git config --get commit.template [5ms]
2023-11-02 18:00:50.936 [info] > git for-each-ref --format=%(refname)%00%(upstream:short)%00%(objectname)%00%(upstream:track)%00%(upstream:remotename)%00%(upstream:remoteref) refs/heads/master refs/remotes/master [3ms]
2023-11-02 18:00:51.342 [info] > git status -z -uall [400ms]
2023-11-02 18:00:53.578 [info] > git check-ignore -v -z --stdin [4ms]
2023-11-02 18:00:54.926 [info] > git check-ignore -v -z --stdin [3ms]
2023-11-02 18:00:56.366 [info] > git config --get commit.template [5ms]
2023-11-02 18:00:56.371 [info] > git for-each-ref --format=%(refname)%00%(upstream:short)%00%(objectname)%00%(upstream:track)%00%(upstream:remotename)%00%(upstream:remoteref) refs/heads/master refs/remotes/master [6ms]
2023-11-02 18:00:56.757 [info] > git status -z -uall [381ms]
2023-11-02 18:01:00.101 [info] > git show --textconv :public_html/php/index.php [6ms]
2023-11-02 18:01:00.101 [info] > git ls-files --stage -- /home/TDIW/tdiw-k11/public_html/php/index.php [3ms]
2023-11-02 18:01:00.109 [info] > git cat-file -s bb51986409b7490e7bdcb5f8bda8247ef9781aba [4ms]
2023-11-02 18:01:01.783 [info] > git config --get commit.template [5ms]
2023-11-02 18:01:01.786 [info] > git for-each-ref --format=%(refname)%00%(upstream:short)%00%(objectname)%00%(upstream:track)%00%(upstream:remotename)%00%(upstream:remoteref) refs/heads/master refs/remotes/master [4ms]
2023-11-02 18:01:02.208 [info] > git status -z -uall [418ms]
2023-11-02 18:01:18.800 [info] > git config --get commit.template [4ms]
2023-11-02 18:01:18.803 [info] > git for-each-ref --format=%(refname)%00%(upstream:short)%00%(objectname)%00%(upstream:track)%00%(upstream:remotename)%00%(upstream:remoteref) refs/heads/master refs/remotes/master [4ms]
2023-11-02 18:01:19.361 [info] > git status -z -uall [554ms]
2023-11-02 18:06:21.517 [info] > git config --get commit.template [6ms]
2023-11-02 18:06:21.525 [info] > git for-each-ref --format=%(refname)%00%(upstream:short)%00%(objectname)%00%(upstream:track)%00%(upstream:remotename)%00%(upstream:remoteref) refs/heads/master refs/remotes/master [8ms]
2023-11-02 18:06:22.196 [info] > git status -z -uall [668ms]
2023-11-02 18:06:26.175 [info] > git show --textconv :public_html/php/Controller/category_list.php [7ms]
2023-11-02 18:06:26.175 [info] > git ls-files --stage -- /home/TDIW/tdiw-k11/public_html/php/Controller/category_list.php [3ms]
2023-11-02 18:06:26.185 [info] > git cat-file -s e69de29bb2d1d6434b8b29ae775ad8c2e48c5391 [5ms]
2023-11-02 18:06:27.221 [info] > git config --get commit.template [5ms]
2023-11-02 18:06:27.225 [info] > git for-each-ref --format=%(refname)%00%(upstream:short)%00%(objectname)%00%(upstream:track)%00%(upstream:remotename)%00%(upstream:remoteref) refs/heads/master refs/remotes/master [3ms]
2023-11-02 18:06:27.643 [info] > git status -z -uall [413ms]
2023-11-02 18:06:37.944 [info] > git config --get commit.template [5ms]
2023-11-02 18:06:37.948 [info] > git for-each-ref --format=%(refname)%00%(upstream:short)%00%(objectname)%00%(upstream:track)%00%(upstream:remotename)%00%(upstream:remoteref) refs/heads/master refs/remotes/master [5ms]
2023-11-02 18:06:38.387 [info] > git status -z -uall [435ms]
2023-11-02 18:06:43.413 [info] > git config --get commit.template [5ms]
2023-11-02 18:06:43.416 [info] > git for-each-ref --format=%(refname)%00%(upstream:short)%00%(objectname)%00%(upstream:track)%00%(upstream:remotename)%00%(upstream:remoteref) refs/heads/master refs/remotes/master [4ms]
2023-11-02 18:06:43.827 [info] > git status -z -uall [406ms]
2023-11-02 18:06:48.854 [info] > git config --get commit.template [6ms]
2023-11-02 18:06:48.857 [info] > git for-each-ref --format=%(refname)%00%(upstream:short)%00%(objectname)%00%(upstream:track)%00%(upstream:remotename)%00%(upstream:remoteref) refs/heads/master refs/remotes/master [3ms]
2023-11-02 18:06:49.255 [info] > git status -z -uall [392ms]
2023-11-02 18:06:52.973 [info] > git show --textconv :public_html/php/Controller/llistar_categories.php [5ms]
2023-11-02 18:06:52.975 [info] > git ls-files --stage -- /home/TDIW/tdiw-k11/public_html/php/Controller/llistar_categories.php [3ms]
2023-11-02 18:06:53.207 [info] > git check-ignore -v -z --stdin [4ms]
2023-11-02 18:06:54.279 [info] > git config --get commit.template [4ms]
2023-11-02 18:06:54.283 [info] > git for-each-ref --format=%(refname)%00%(upstream:short)%00%(objectname)%00%(upstream:track)%00%(upstream:remotename)%00%(upstream:remoteref) refs/heads/master refs/remotes/master [4ms]
2023-11-02 18:06:54.702 [info] > git status -z -uall [414ms]
2023-11-02 18:06:59.725 [info] > git config --get commit.template [4ms]
2023-11-02 18:06:59.728 [info] > git for-each-ref --format=%(refname)%00%(upstream:short)%00%(objectname)%00%(upstream:track)%00%(upstream:remotename)%00%(upstream:remoteref) refs/heads/master refs/remotes/master [4ms]
2023-11-02 18:07:00.158 [info] > git status -z -uall [425ms]
2023-11-02 18:07:05.183 [info] > git config --get commit.template [5ms]
2023-11-02 18:07:05.186 [info] > git for-each-ref --format=%(refname)%00%(upstream:short)%00%(objectname)%00%(upstream:track)%00%(upstream:remotename)%00%(upstream:remoteref) refs/heads/master refs/remotes/master [4ms]
2023-11-02 18:07:05.596 [info] > git status -z -uall [405ms]
2023-11-02 18:07:06.162 [info] > git show --textconv :public_html/php/View/product_list.php [6ms]
2023-11-02 18:07:06.162 [info] > git ls-files --stage -- /home/TDIW/tdiw-k11/public_html/php/View/product_list.php [2ms]
2023-11-02 18:07:06.172 [info] > git cat-file -s d679d4a74ee02b79992793ccb0658ae536a43695 [4ms]
2023-11-02 18:07:14.199 [info] > git config --get commit.template [5ms]
2023-11-02 18:07:14.203 [info] > git for-each-ref --format=%(refname)%00%(upstream:short)%00%(objectname)%00%(upstream:track)%00%(upstream:remotename)%00%(upstream:remoteref) refs/heads/master refs/remotes/master [5ms]
2023-11-02 18:07:14.614 [info] > git status -z -uall [406ms]
2023-11-02 18:07:19.649 [info] > git config --get commit.template [11ms]
2023-11-02 18:07:19.652 [info] > git for-each-ref --format=%(refname)%00%(upstream:short)%00%(objectname)%00%(upstream:track)%00%(upstream:remotename)%00%(upstream:remoteref) refs/heads/master refs/remotes/master [5ms]
2023-11-02 18:07:20.088 [info] > git status -z -uall [427ms]
2023-11-02 18:07:25.112 [info] > git config --get commit.template [5ms]
2023-11-02 18:07:25.118 [info] > git for-each-ref --format=%(refname)%00%(upstream:short)%00%(objectname)%00%(upstream:track)%00%(upstream:remotename)%00%(upstream:remoteref) refs/heads/master refs/remotes/master [6ms]
2023-11-02 18:07:25.671 [info] > git status -z -uall [548ms]
2023-11-02 18:07:30.697 [info] > git config --get commit.template [5ms]
2023-11-02 18:07:30.701 [info] > git for-each-ref --format=%(refname)%00%(upstream:short)%00%(objectname)%00%(upstream:track)%00%(upstream:remotename)%00%(upstream:remoteref) refs/heads/master refs/remotes/master [4ms]
2023-11-02 18:07:31.109 [info] > git status -z -uall [403ms]
2023-11-02 18:07:36.134 [info] > git config --get commit.template [4ms]
2023-11-02 18:07:36.137 [info] > git for-each-ref --format=%(refname)%00%(upstream:short)%00%(objectname)%00%(upstream:track)%00%(upstream:remotename)%00%(upstream:remoteref) refs/heads/master refs/remotes/master [4ms]
2023-11-02 18:07:36.540 [info] > git status -z -uall [399ms]
2023-11-02 18:07:41.565 [info] > git config --get commit.template [5ms]
2023-11-02 18:07:41.568 [info] > git for-each-ref --format=%(refname)%00%(upstream:short)%00%(objectname)%00%(upstream:track)%00%(upstream:remotename)%00%(upstream:remoteref) refs/heads/master refs/remotes/master [4ms]
2023-11-02 18:07:41.973 [info] > git status -z -uall [400ms]
2023-11-02 18:07:46.997 [info] > git config --get commit.template [5ms]
2023-11-02 18:07:47.001 [info] > git for-each-ref --format=%(refname)%00%(upstream:short)%00%(objectname)%00%(upstream:track)%00%(upstream:remotename)%00%(upstream:remoteref) refs/heads/master refs/remotes/master [4ms]
2023-11-02 18:07:47.414 [info] > git status -z -uall [408ms]
2023-11-02 18:07:52.439 [info] > git config --get commit.template [6ms]
2023-11-02 18:07:52.442 [info] > git for-each-ref --format=%(refname)%00%(upstream:short)%00%(objectname)%00%(upstream:track)%00%(upstream:remotename)%00%(upstream:remoteref) refs/heads/master refs/remotes/master [3ms]
2023-11-02 18:07:52.859 [info] > git status -z -uall [412ms]
2023-11-02 18:08:11.124 [info] > git config --get commit.template [5ms]
2023-11-02 18:08:11.128 [info] > git for-each-ref --format=%(refname)%00%(upstream:short)%00%(objectname)%00%(upstream:track)%00%(upstream:remotename)%00%(upstream:remoteref) refs/heads/master refs/remotes/master [5ms]
2023-11-02 18:08:11.549 [info] > git status -z -uall [415ms]
2023-11-02 18:08:16.574 [info] > git config --get commit.template [5ms]
2023-11-02 18:08:16.578 [info] > git for-each-ref --format=%(refname)%00%(upstream:short)%00%(objectname)%00%(upstream:track)%00%(upstream:remotename)%00%(upstream:remoteref) refs/heads/master refs/remotes/master [5ms]
2023-11-02 18:08:16.981 [info] > git status -z -uall [398ms]
2023-11-02 18:08:22.005 [info] > git config --get commit.template [4ms]
2023-11-02 18:08:22.008 [info] > git for-each-ref --format=%(refname)%00%(upstream:short)%00%(objectname)%00%(upstream:track)%00%(upstream:remotename)%00%(upstream:remoteref) refs/heads/master refs/remotes/master [4ms]
2023-11-02 18:08:22.437 [info] > git status -z -uall [423ms]
2023-11-02 18:08:27.466 [info] > git config --get commit.template [5ms]
2023-11-02 18:08:27.470 [info] > git for-each-ref --format=%(refname)%00%(upstream:short)%00%(objectname)%00%(upstream:track)%00%(upstream:remotename)%00%(upstream:remoteref) refs/heads/master refs/remotes/master [5ms]
2023-11-02 18:08:28.037 [info] > git status -z -uall [562ms]
2023-11-02 18:09:15.459 [info] > git config --get commit.template [4ms]
2023-11-02 18:09:15.463 [info] > git for-each-ref --format=%(refname)%00%(upstream:short)%00%(objectname)%00%(upstream:track)%00%(upstream:remotename)%00%(upstream:remoteref) refs/heads/master refs/remotes/master [4ms]
2023-11-02 18:09:15.872 [info] > git status -z -uall [405ms]
2023-11-02 18:09:26.078 [info] > git config --get commit.template [4ms]
2023-11-02 18:09:26.081 [info] > git for-each-ref --format=%(refname)%00%(upstream:short)%00%(objectname)%00%(upstream:track)%00%(upstream:remotename)%00%(upstream:remoteref) refs/heads/master refs/remotes/master [4ms]
2023-11-02 18:09:26.511 [info] > git status -z -uall [424ms]
2023-11-02 18:09:31.535 [info] > git config --get commit.template [5ms]
2023-11-02 18:09:31.540 [info] > git for-each-ref --format=%(refname)%00%(upstream:short)%00%(objectname)%00%(upstream:track)%00%(upstream:remotename)%00%(upstream:remoteref) refs/heads/master refs/remotes/master [5ms]
2023-11-02 18:09:32.103 [info] > git status -z -uall [557ms]
2023-11-02 18:09:37.128 [info] > git config --get commit.template [6ms]
2023-11-02 18:09:37.132 [info] > git for-each-ref --format=%(refname)%00%(upstream:short)%00%(objectname)%00%(upstream:track)%00%(upstream:remotename)%00%(upstream:remoteref) refs/heads/master refs/remotes/master [5ms]
2023-11-02 18:09:37.538 [info] > git status -z -uall [401ms]
2023-11-02 18:09:42.563 [info] > git config --get commit.template [6ms]
2023-11-02 18:09:42.566 [info] > git for-each-ref --format=%(refname)%00%(upstream:short)%00%(objectname)%00%(upstream:track)%00%(upstream:remotename)%00%(upstream:remoteref) refs/heads/master refs/remotes/master [4ms]
2023-11-02 18:09:42.969 [info] > git status -z -uall [396ms]
2023-11-02 18:09:47.994 [info] > git config --get commit.template [4ms]
2023-11-02 18:09:47.998 [info] > git for-each-ref --format=%(refname)%00%(upstream:short)%00%(objectname)%00%(upstream:track)%00%(upstream:remotename)%00%(upstream:remoteref) refs/heads/master refs/remotes/master [4ms]
2023-11-02 18:09:48.418 [info] > git status -z -uall [415ms]
2023-11-02 18:09:53.443 [info] > git config --get commit.template [6ms]
2023-11-02 18:09:53.446 [info] > git for-each-ref --format=%(refname)%00%(upstream:short)%00%(objectname)%00%(upstream:track)%00%(upstream:remotename)%00%(upstream:remoteref) refs/heads/master refs/remotes/master [4ms]
2023-11-02 18:09:53.856 [info] > git status -z -uall [404ms]
2023-11-02 18:09:59.918 [info] > git config --get commit.template [4ms]
2023-11-02 18:09:59.920 [info] > git for-each-ref --format=%(refname)%00%(upstream:short)%00%(objectname)%00%(upstream:track)%00%(upstream:remotename)%00%(upstream:remoteref) refs/heads/master refs/remotes/master [2ms]
2023-11-02 18:10:00.311 [info] > git status -z -uall [388ms]
2023-11-02 18:10:05.337 [info] > git config --get commit.template [5ms]
2023-11-02 18:10:05.340 [info] > git for-each-ref --format=%(refname)%00%(upstream:short)%00%(objectname)%00%(upstream:track)%00%(upstream:remotename)%00%(upstream:remoteref) refs/heads/master refs/remotes/master [4ms]
2023-11-02 18:10:05.755 [info] > git status -z -uall [410ms]
2023-11-02 18:10:12.040 [info] > git config --get commit.template [5ms]
2023-11-02 18:10:12.042 [info] > git for-each-ref --format=%(refname)%00%(upstream:short)%00%(objectname)%00%(upstream:track)%00%(upstream:remotename)%00%(upstream:remoteref) refs/heads/master refs/remotes/master [3ms]
2023-11-02 18:10:12.437 [info] > git status -z -uall [390ms]
2023-11-02 18:24:39.846 [info] > git config --get commit.template [6ms]
2023-11-02 18:24:39.853 [info] > git for-each-ref --format=%(refname)%00%(upstream:short)%00%(objectname)%00%(upstream:track)%00%(upstream:remotename)%00%(upstream:remoteref) refs/heads/master refs/remotes/master [8ms]
2023-11-02 18:24:40.523 [info] > git status -z -uall [665ms]
2023-11-02 18:24:45.548 [info] > git config --get commit.template [5ms]
2023-11-02 18:24:45.551 [info] > git for-each-ref --format=%(refname)%00%(upstream:short)%00%(objectname)%00%(upstream:track)%00%(upstream:remotename)%00%(upstream:remoteref) refs/heads/master refs/remotes/master [4ms]
2023-11-02 18:24:45.973 [info] > git status -z -uall [417ms]
2023-11-02 18:24:47.574 [info] > git show --textconv :public_html/php/Model/Productes.php [5ms]
2023-11-02 18:24:47.575 [info] > git ls-files --stage -- /home/TDIW/tdiw-k11/public_html/php/Model/Productes.php [2ms]
2023-11-02 18:24:47.583 [info] > git cat-file -s e69de29bb2d1d6434b8b29ae775ad8c2e48c5391 [3ms]
2023-11-02 18:24:51.002 [info] > git config --get commit.template [4ms]
2023-11-02 18:24:51.005 [info] > git for-each-ref --format=%(refname)%00%(upstream:short)%00%(objectname)%00%(upstream:track)%00%(upstream:remotename)%00%(upstream:remoteref) refs/heads/master refs/remotes/master [3ms]
2023-11-02 18:24:51.404 [info] > git status -z -uall [396ms]
2023-11-02 18:24:56.432 [info] > git config --get commit.template [5ms]
2023-11-02 18:24:56.435 [info] > git for-each-ref --format=%(refname)%00%(upstream:short)%00%(objectname)%00%(upstream:track)%00%(upstream:remotename)%00%(upstream:remoteref) refs/heads/master refs/remotes/master [3ms]
2023-11-02 18:24:56.475 [info] > git show --textconv :public_html/html/Inici.html [5ms]
2023-11-02 18:24:56.477 [info] > git ls-files --stage -- /home/TDIW/tdiw-k11/public_html/html/Inici.html [2ms]
2023-11-02 18:24:56.483 [info] > git cat-file -s a1b42c6d3eeaf531ed3d6beb360eeedaf08e515a [3ms]
2023-11-02 18:24:56.855 [info] > git status -z -uall [416ms]
2023-11-02 18:25:00.647 [info] > git show --textconv :public_html/html/index.html [5ms]
2023-11-02 18:25:00.649 [info] > git ls-files --stage -- /home/TDIW/tdiw-k11/public_html/html/index.html [2ms]
2023-11-02 18:25:00.658 [info] > git cat-file -s 8648e05e9e73540635cd343db8f91660fd58f75a [3ms]
2023-11-02 18:25:01.881 [info] > git config --get commit.template [5ms]
2023-11-02 18:25:01.885 [info] > git for-each-ref --format=%(refname)%00%(upstream:short)%00%(objectname)%00%(upstream:track)%00%(upstream:remotename)%00%(upstream:remoteref) refs/heads/master refs/remotes/master [4ms]
2023-11-02 18:25:02.322 [info] > git status -z -uall [431ms]
2023-11-02 18:25:04.464 [info] > git show --textconv :public_html/php/Controller/llistar_categories.php [5ms]
2023-11-02 18:25:04.467 [info] > git ls-files --stage -- /home/TDIW/tdiw-k11/public_html/php/Controller/llistar_categories.php [3ms]
2023-11-02 18:25:07.347 [info] > git config --get commit.template [5ms]
2023-11-02 18:25:07.358 [info] > git show --textconv :public_html/php/View/product_list.php [5ms]
2023-11-02 18:25:07.358 [info] > git for-each-ref --format=%(refname)%00%(upstream:short)%00%(objectname)%00%(upstream:track)%00%(upstream:remotename)%00%(upstream:remoteref) refs/heads/master refs/remotes/master [12ms]
2023-11-02 18:25:07.364 [info] > git ls-files --stage -- /home/TDIW/tdiw-k11/public_html/php/View/product_list.php [7ms]
2023-11-02 18:25:07.372 [info] > git cat-file -s d679d4a74ee02b79992793ccb0658ae536a43695 [2ms]
2023-11-02 18:25:07.763 [info] > git status -z -uall [400ms]
2023-11-02 18:25:11.058 [info] > git show --textconv :public_html/php/Model/Productes.php [5ms]
2023-11-02 18:25:11.060 [info] > git ls-files --stage -- /home/TDIW/tdiw-k11/public_html/php/Model/Productes.php [2ms]
2023-11-02 18:25:11.068 [info] > git cat-file -s e69de29bb2d1d6434b8b29ae775ad8c2e48c5391 [3ms]
2023-11-02 18:25:12.789 [info] > git config --get commit.template [5ms]
2023-11-02 18:25:12.792 [info] > git for-each-ref --format=%(refname)%00%(upstream:short)%00%(objectname)%00%(upstream:track)%00%(upstream:remotename)%00%(upstream:remoteref) refs/heads/master refs/remotes/master [4ms]
2023-11-02 18:25:13.215 [info] > git status -z -uall [418ms]
2023-11-02 18:25:17.076 [info] > git show --textconv :public_html/php/index.php [5ms]
2023-11-02 18:25:17.078 [info] > git ls-files --stage -- /home/TDIW/tdiw-k11/public_html/php/index.php [3ms]
2023-11-02 18:25:17.086 [info] > git cat-file -s bb51986409b7490e7bdcb5f8bda8247ef9781aba [4ms]
2023-11-02 18:25:18.241 [info] > git config --get commit.template [5ms]
2023-11-02 18:25:18.244 [info] > git for-each-ref --format=%(refname)%00%(upstream:short)%00%(objectname)%00%(upstream:track)%00%(upstream:remotename)%00%(upstream:remoteref) refs/heads/master refs/remotes/master [4ms]
2023-11-02 18:25:18.650 [info] > git status -z -uall [400ms]
2023-11-02 18:25:20.792 [info] > git show --textconv :public_html/html/index.html [5ms]
2023-11-02 18:25:20.794 [info] > git ls-files --stage -- /home/TDIW/tdiw-k11/public_html/html/index.html [3ms]
2023-11-02 18:25:20.802 [info] > git cat-file -s 8648e05e9e73540635cd343db8f91660fd58f75a [3ms]
2023-11-02 18:25:23.331 [info] > git show --textconv :public_html/html/registre.html [7ms]
2023-11-02 18:25:23.331 [info] > git ls-files --stage -- /home/TDIW/tdiw-k11/public_html/html/registre.html [2ms]
2023-11-02 18:25:23.340 [info] > git cat-file -s 528ab1f37634d667cfcdaa781572ad5d841602d1 [4ms]
2023-11-02 18:25:23.681 [info] > git config --get commit.template [4ms]
2023-11-02 18:25:23.684 [info] > git for-each-ref --format=%(refname)%00%(upstream:short)%00%(objectname)%00%(upstream:track)%00%(upstream:remotename)%00%(upstream:remoteref) refs/heads/master refs/remotes/master [4ms]
2023-11-02 18:25:24.113 [info] > git status -z -uall [424ms]
2023-11-02 18:25:24.592 [info] > git show --textconv :public_html/html/Inici.html [13ms]
2023-11-02 18:25:24.597 [info] > git ls-files --stage -- /home/TDIW/tdiw-k11/public_html/html/Inici.html [6ms]
2023-11-02 18:25:24.612 [info] > git cat-file -s a1b42c6d3eeaf531ed3d6beb360eeedaf08e515a [5ms]
2023-11-02 18:25:26.623 [info] > git show --textconv :public_html/html/registre.html [5ms]
2023-11-02 18:25:26.626 [info] > git ls-files --stage -- /home/TDIW/tdiw-k11/public_html/html/registre.html [3ms]
2023-11-02 18:25:26.634 [info] > git cat-file -s 528ab1f37634d667cfcdaa781572ad5d841602d1 [3ms]
2023-11-02 18:25:29.139 [info] > git config --get commit.template [5ms]
2023-11-02 18:25:29.144 [info] > git for-each-ref --format=%(refname)%00%(upstream:short)%00%(objectname)%00%(upstream:track)%00%(upstream:remotename)%00%(upstream:remoteref) refs/heads/master refs/remotes/master [4ms]
2023-11-02 18:25:29.574 [info] > git status -z -uall [425ms]
2023-11-02 18:25:34.598 [info] > git config --get commit.template [5ms]
2023-11-02 18:25:34.601 [info] > git for-each-ref --format=%(refname)%00%(upstream:short)%00%(objectname)%00%(upstream:track)%00%(upstream:remotename)%00%(upstream:remoteref) refs/heads/master refs/remotes/master [3ms]
2023-11-02 18:25:35.022 [info] > git status -z -uall [415ms]
2023-11-02 18:25:40.052 [info] > git config --get commit.template [4ms]
2023-11-02 18:25:40.056 [info] > git for-each-ref --format=%(refname)%00%(upstream:short)%00%(objectname)%00%(upstream:track)%00%(upstream:remotename)%00%(upstream:remoteref) refs/heads/master refs/remotes/master [5ms]
2023-11-02 18:25:40.615 [info] > git status -z -uall [556ms]
2023-11-02 18:25:45.642 [info] > git config --get commit.template [4ms]
2023-11-02 18:25:45.647 [info] > git for-each-ref --format=%(refname)%00%(upstream:short)%00%(objectname)%00%(upstream:track)%00%(upstream:remotename)%00%(upstream:remoteref) refs/heads/master refs/remotes/master [6ms]
2023-11-02 18:25:46.050 [info] > git status -z -uall [398ms]
2023-11-02 18:25:51.075 [info] > git config --get commit.template [5ms]
2023-11-02 18:25:51.079 [info] > git for-each-ref --format=%(refname)%00%(upstream:short)%00%(objectname)%00%(upstream:track)%00%(upstream:remotename)%00%(upstream:remoteref) refs/heads/master refs/remotes/master [5ms]
2023-11-02 18:25:51.482 [info] > git status -z -uall [398ms]
2023-11-02 18:25:56.505 [info] > git config --get commit.template [5ms]
2023-11-02 18:25:56.508 [info] > git for-each-ref --format=%(refname)%00%(upstream:short)%00%(objectname)%00%(upstream:track)%00%(upstream:remotename)%00%(upstream:remoteref) refs/heads/master refs/remotes/master [4ms]
2023-11-02 18:25:56.916 [info] > git status -z -uall [403ms]
2023-11-02 18:26:01.943 [info] > git config --get commit.template [5ms]
2023-11-02 18:26:01.946 [info] > git for-each-ref --format=%(refname)%00%(upstream:short)%00%(objectname)%00%(upstream:track)%00%(upstream:remotename)%00%(upstream:remoteref) refs/heads/master refs/remotes/master [4ms]
2023-11-02 18:26:02.363 [info] > git status -z -uall [412ms]
2023-11-02 18:26:07.387 [info] > git config --get commit.template [5ms]
2023-11-02 18:26:07.391 [info] > git for-each-ref --format=%(refname)%00%(upstream:short)%00%(objectname)%00%(upstream:track)%00%(upstream:remotename)%00%(upstream:remoteref) refs/heads/master refs/remotes/master [4ms]
2023-11-02 18:26:07.806 [info] > git status -z -uall [409ms]
2023-11-02 18:26:12.830 [info] > git config --get commit.template [5ms]
2023-11-02 18:26:12.834 [info] > git for-each-ref --format=%(refname)%00%(upstream:short)%00%(objectname)%00%(upstream:track)%00%(upstream:remotename)%00%(upstream:remoteref) refs/heads/master refs/remotes/master [4ms]
2023-11-02 18:26:13.246 [info] > git status -z -uall [406ms]
2023-11-02 18:26:18.271 [info] > git config --get commit.template [5ms]
2023-11-02 18:26:18.276 [info] > git for-each-ref --format=%(refname)%00%(upstream:short)%00%(objectname)%00%(upstream:track)%00%(upstream:remotename)%00%(upstream:remoteref) refs/heads/master refs/remotes/master [5ms]
2023-11-02 18:26:18.704 [info] > git status -z -uall [421ms]
2023-11-02 18:26:23.456 [info] > git show --textconv :public_html/php/Controller/llistar_categories.php [5ms]
2023-11-02 18:26:23.458 [info] > git ls-files --stage -- /home/TDIW/tdiw-k11/public_html/php/Controller/llistar_categories.php [2ms]
2023-11-02 18:26:23.732 [info] > git config --get commit.template [5ms]
2023-11-02 18:26:23.736 [info] > git for-each-ref --format=%(refname)%00%(upstream:short)%00%(objectname)%00%(upstream:track)%00%(upstream:remotename)%00%(upstream:remoteref) refs/heads/master refs/remotes/master [4ms]
2023-11-02 18:26:24.133 [info] > git status -z -uall [392ms]
2023-11-02 18:26:29.693 [info] > git config --get commit.template [5ms]
2023-11-02 18:26:29.697 [info] > git for-each-ref --format=%(refname)%00%(upstream:short)%00%(objectname)%00%(upstream:track)%00%(upstream:remotename)%00%(upstream:remoteref) refs/heads/master refs/remotes/master [5ms]
2023-11-02 18:26:30.105 [info] > git status -z -uall [404ms]
2023-11-02 18:27:28.629 [info] > git config --get commit.template [6ms]
2023-11-02 18:27:28.633 [info] > git for-each-ref --format=%(refname)%00%(upstream:short)%00%(objectname)%00%(upstream:track)%00%(upstream:remotename)%00%(upstream:remoteref) refs/heads/master refs/remotes/master [5ms]
2023-11-02 18:27:29.177 [info] > git status -z -uall [540ms]
2023-11-02 18:27:34.202 [info] > git config --get commit.template [5ms]
2023-11-02 18:27:34.204 [info] > git for-each-ref --format=%(refname)%00%(upstream:short)%00%(objectname)%00%(upstream:track)%00%(upstream:remotename)%00%(upstream:remoteref) refs/heads/master refs/remotes/master [3ms]
2023-11-02 18:27:34.604 [info] > git status -z -uall [395ms]
2023-11-02 18:27:39.630 [info] > git config --get commit.template [5ms]
2023-11-02 18:27:39.633 [info] > git for-each-ref --format=%(refname)%00%(upstream:short)%00%(objectname)%00%(upstream:track)%00%(upstream:remotename)%00%(upstream:remoteref) refs/heads/master refs/remotes/master [4ms]
2023-11-02 18:27:39.772 [info] > git show --textconv :public_html/php/Controller/llistar_categories.php [4ms]
2023-11-02 18:27:39.774 [info] > git ls-files --stage -- /home/TDIW/tdiw-k11/public_html/php/Controller/llistar_categories.php [2ms]
2023-11-02 18:27:40.040 [info] > git status -z -uall [401ms]
2023-11-02 18:27:44.637 [info] > git show --textconv :public_html/php/Controller/llistar_categories.php [5ms]
2023-11-02 18:27:44.638 [info] > git ls-files --stage -- /home/TDIW/tdiw-k11/public_html/php/Controller/llistar_categories.php [2ms]
2023-11-02 18:27:45.064 [info] > git config --get commit.template [5ms]
2023-11-02 18:27:45.076 [info] > git for-each-ref --format=%(refname)%00%(upstream:short)%00%(objectname)%00%(upstream:track)%00%(upstream:remotename)%00%(upstream:remoteref) refs/heads/master refs/remotes/master [13ms]
2023-11-02 18:27:45.483 [info] > git status -z -uall [400ms]
2023-11-02 18:27:50.508 [info] > git config --get commit.template [5ms]
2023-11-02 18:27:50.511 [info] > git for-each-ref --format=%(refname)%00%(upstream:short)%00%(objectname)%00%(upstream:track)%00%(upstream:remotename)%00%(upstream:remoteref) refs/heads/master refs/remotes/master [4ms]
2023-11-02 18:27:50.932 [info] > git status -z -uall [415ms]
2023-11-02 18:27:55.962 [info] > git config --get commit.template [5ms]
2023-11-02 18:27:55.965 [info] > git for-each-ref --format=%(refname)%00%(upstream:short)%00%(objectname)%00%(upstream:track)%00%(upstream:remotename)%00%(upstream:remoteref) refs/heads/master refs/remotes/master [4ms]
2023-11-02 18:27:56.386 [info] > git status -z -uall [415ms]
2023-11-02 18:28:01.410 [info] > git config --get commit.template [5ms]
2023-11-02 18:28:01.413 [info] > git for-each-ref --format=%(refname)%00%(upstream:short)%00%(objectname)%00%(upstream:track)%00%(upstream:remotename)%00%(upstream:remoteref) refs/heads/master refs/remotes/master [4ms]
2023-11-02 18:28:01.819 [info] > git status -z -uall [401ms]
2023-11-02 18:28:06.843 [info] > git config --get commit.template [5ms]
2023-11-02 18:28:06.846 [info] > git for-each-ref --format=%(refname)%00%(upstream:short)%00%(objectname)%00%(upstream:track)%00%(upstream:remotename)%00%(upstream:remoteref) refs/heads/master refs/remotes/master [3ms]
2023-11-02 18:28:07.258 [info] > git status -z -uall [407ms]
2023-11-02 18:28:12.284 [info] > git config --get commit.template [5ms]
2023-11-02 18:28:12.288 [info] > git for-each-ref --format=%(refname)%00%(upstream:short)%00%(objectname)%00%(upstream:track)%00%(upstream:remotename)%00%(upstream:remoteref) refs/heads/master refs/remotes/master [4ms]
2023-11-02 18:28:12.699 [info] > git status -z -uall [405ms]
2023-11-02 18:28:17.727 [info] > git config --get commit.template [5ms]
2023-11-02 18:28:17.730 [info] > git for-each-ref --format=%(refname)%00%(upstream:short)%00%(objectname)%00%(upstream:track)%00%(upstream:remotename)%00%(upstream:remoteref) refs/heads/master refs/remotes/master [4ms]
2023-11-02 18:28:18.140 [info] > git status -z -uall [404ms]
2023-11-02 18:28:23.164 [info] > git config --get commit.template [5ms]
2023-11-02 18:28:23.167 [info] > git for-each-ref --format=%(refname)%00%(upstream:short)%00%(objectname)%00%(upstream:track)%00%(upstream:remotename)%00%(upstream:remoteref) refs/heads/master refs/remotes/master [3ms]
2023-11-02 18:28:23.579 [info] > git status -z -uall [407ms]
2023-11-02 18:28:28.604 [info] > git config --get commit.template [5ms]
2023-11-02 18:28:28.608 [info] > git for-each-ref --format=%(refname)%00%(upstream:short)%00%(objectname)%00%(upstream:track)%00%(upstream:remotename)%00%(upstream:remoteref) refs/heads/master refs/remotes/master [5ms]
2023-11-02 18:28:29.047 [info] > git status -z -uall [432ms]
2023-11-02 18:28:34.071 [info] > git config --get commit.template [5ms]
2023-11-02 18:28:34.075 [info] > git for-each-ref --format=%(refname)%00%(upstream:short)%00%(objectname)%00%(upstream:track)%00%(upstream:remotename)%00%(upstream:remoteref) refs/heads/master refs/remotes/master [5ms]
2023-11-02 18:28:34.624 [info] > git status -z -uall [545ms]
2023-11-02 18:28:39.652 [info] > git config --get commit.template [5ms]
2023-11-02 18:28:39.655 [info] > git for-each-ref --format=%(refname)%00%(upstream:short)%00%(objectname)%00%(upstream:track)%00%(upstream:remotename)%00%(upstream:remoteref) refs/heads/master refs/remotes/master [4ms]
2023-11-02 18:28:40.089 [info] > git status -z -uall [430ms]
2023-11-02 18:28:45.132 [info] > git config --get commit.template [22ms]
2023-11-02 18:28:45.132 [info] > git for-each-ref --format=%(refname)%00%(upstream:short)%00%(objectname)%00%(upstream:track)%00%(upstream:remotename)%00%(upstream:remoteref) refs/heads/master refs/remotes/master [19ms]
2023-11-02 18:28:45.535 [info] > git status -z -uall [397ms]
2023-11-02 18:28:50.561 [info] > git config --get commit.template [4ms]
2023-11-02 18:28:50.564 [info] > git for-each-ref --format=%(refname)%00%(upstream:short)%00%(objectname)%00%(upstream:track)%00%(upstream:remotename)%00%(upstream:remoteref) refs/heads/master refs/remotes/master [4ms]
2023-11-02 18:28:50.974 [info] > git status -z -uall [405ms]
2023-11-02 18:28:56.000 [info] > git config --get commit.template [5ms]
2023-11-02 18:28:56.003 [info] > git for-each-ref --format=%(refname)%00%(upstream:short)%00%(objectname)%00%(upstream:track)%00%(upstream:remotename)%00%(upstream:remoteref) refs/heads/master refs/remotes/master [4ms]
2023-11-02 18:28:56.391 [info] > git status -z -uall [383ms]
2023-11-02 18:29:01.418 [info] > git config --get commit.template [5ms]
2023-11-02 18:29:01.422 [info] > git for-each-ref --format=%(refname)%00%(upstream:short)%00%(objectname)%00%(upstream:track)%00%(upstream:remotename)%00%(upstream:remoteref) refs/heads/master refs/remotes/master [4ms]
2023-11-02 18:29:01.838 [info] > git status -z -uall [411ms]
2023-11-02 18:29:06.863 [info] > git config --get commit.template [5ms]
2023-11-02 18:29:06.867 [info] > git for-each-ref --format=%(refname)%00%(upstream:short)%00%(objectname)%00%(upstream:track)%00%(upstream:remotename)%00%(upstream:remoteref) refs/heads/master refs/remotes/master [5ms]
2023-11-02 18:29:07.285 [info] > git status -z -uall [413ms]
2023-11-02 18:29:12.310 [info] > git config --get commit.template [5ms]
2023-11-02 18:29:12.315 [info] > git for-each-ref --format=%(refname)%00%(upstream:short)%00%(objectname)%00%(upstream:track)%00%(upstream:remotename)%00%(upstream:remoteref) refs/heads/master refs/remotes/master [5ms]
2023-11-02 18:29:12.723 [info] > git status -z -uall [403ms]
2023-11-02 18:29:17.753 [info] > git config --get commit.template [6ms]
2023-11-02 18:29:17.756 [info] > git for-each-ref --format=%(refname)%00%(upstream:short)%00%(objectname)%00%(upstream:track)%00%(upstream:remotename)%00%(upstream:remoteref) refs/heads/master refs/remotes/master [4ms]
2023-11-02 18:29:18.159 [info] > git status -z -uall [397ms]
2023-11-02 18:29:23.182 [info] > git config --get commit.template [5ms]
2023-11-02 18:29:23.184 [info] > git for-each-ref --format=%(refname)%00%(upstream:short)%00%(objectname)%00%(upstream:track)%00%(upstream:remotename)%00%(upstream:remoteref) refs/heads/master refs/remotes/master [3ms]
2023-11-02 18:29:23.598 [info] > git status -z -uall [410ms]
2023-11-02 18:29:28.622 [info] > git config --get commit.template [6ms]
2023-11-02 18:29:28.626 [info] > git for-each-ref --format=%(refname)%00%(upstream:short)%00%(objectname)%00%(upstream:track)%00%(upstream:remotename)%00%(upstream:remoteref) refs/heads/master refs/remotes/master [5ms]
2023-11-02 18:29:29.042 [info] > git status -z -uall [410ms]
2023-11-02 18:29:34.069 [info] > git config --get commit.template [5ms]
2023-11-02 18:29:34.072 [info] > git for-each-ref --format=%(refname)%00%(upstream:short)%00%(objectname)%00%(upstream:track)%00%(upstream:remotename)%00%(upstream:remoteref) refs/heads/master refs/remotes/master [4ms]
2023-11-02 18:29:34.522 [info] > git status -z -uall [444ms]
2023-11-02 18:29:39.546 [info] > git config --get commit.template [4ms]
2023-11-02 18:29:39.548 [info] > git for-each-ref --format=%(refname)%00%(upstream:short)%00%(objectname)%00%(upstream:track)%00%(upstream:remotename)%00%(upstream:remoteref) refs/heads/master refs/remotes/master [3ms]
2023-11-02 18:29:40.094 [info] > git status -z -uall [541ms]
2023-11-02 18:29:45.122 [info] > git config --get commit.template [6ms]
2023-11-02 18:29:45.125 [info] > git for-each-ref --format=%(refname)%00%(upstream:short)%00%(objectname)%00%(upstream:track)%00%(upstream:remotename)%00%(upstream:remoteref) refs/heads/master refs/remotes/master [4ms]
2023-11-02 18:29:45.530 [info] > git status -z -uall [401ms]
2023-11-02 18:29:50.554 [info] > git config --get commit.template [5ms]
2023-11-02 18:29:50.556 [info] > git for-each-ref --format=%(refname)%00%(upstream:short)%00%(objectname)%00%(upstream:track)%00%(upstream:remotename)%00%(upstream:remoteref) refs/heads/master refs/remotes/master [3ms]
2023-11-02 18:29:50.970 [info] > git status -z -uall [408ms]
2023-11-02 18:29:55.998 [info] > git config --get commit.template [8ms]
2023-11-02 18:29:56.000 [info] > git for-each-ref --format=%(refname)%00%(upstream:short)%00%(objectname)%00%(upstream:track)%00%(upstream:remotename)%00%(upstream:remoteref) refs/heads/master refs/remotes/master [3ms]
2023-11-02 18:29:56.401 [info] > git status -z -uall [397ms]
2023-11-02 18:30:01.423 [info] > git config --get commit.template [5ms]
2023-11-02 18:30:01.427 [info] > git for-each-ref --format=%(refname)%00%(upstream:short)%00%(objectname)%00%(upstream:track)%00%(upstream:remotename)%00%(upstream:remoteref) refs/heads/master refs/remotes/master [4ms]
2023-11-02 18:30:01.852 [info] > git status -z -uall [419ms]
2023-11-02 18:30:06.877 [info] > git config --get commit.template [5ms]
2023-11-02 18:30:06.881 [info] > git for-each-ref --format=%(refname)%00%(upstream:short)%00%(objectname)%00%(upstream:track)%00%(upstream:remotename)%00%(upstream:remoteref) refs/heads/master refs/remotes/master [5ms]
2023-11-02 18:30:07.293 [info] > git status -z -uall [406ms]
2023-11-02 18:30:12.319 [info] > git config --get commit.template [5ms]
2023-11-02 18:30:12.321 [info] > git for-each-ref --format=%(refname)%00%(upstream:short)%00%(objectname)%00%(upstream:track)%00%(upstream:remotename)%00%(upstream:remoteref) refs/heads/master refs/remotes/master [3ms]
2023-11-02 18:30:12.733 [info] > git status -z -uall [407ms]
2023-11-02 18:30:17.759 [info] > git config --get commit.template [4ms]
2023-11-02 18:30:17.762 [info] > git for-each-ref --format=%(refname)%00%(upstream:short)%00%(objectname)%00%(upstream:track)%00%(upstream:remotename)%00%(upstream:remoteref) refs/heads/master refs/remotes/master [4ms]
2023-11-02 18:30:18.205 [info] > git status -z -uall [439ms]
2023-11-02 18:30:23.229 [info] > git config --get commit.template [5ms]
2023-11-02 18:30:23.231 [info] > git for-each-ref --format=%(refname)%00%(upstream:short)%00%(objectname)%00%(upstream:track)%00%(upstream:remotename)%00%(upstream:remoteref) refs/heads/master refs/remotes/master [3ms]
2023-11-02 18:30:23.644 [info] > git status -z -uall [408ms]
2023-11-02 18:30:28.669 [info] > git config --get commit.template [6ms]
2023-11-02 18:30:28.672 [info] > git for-each-ref --format=%(refname)%00%(upstream:short)%00%(objectname)%00%(upstream:track)%00%(upstream:remotename)%00%(upstream:remoteref) refs/heads/master refs/remotes/master [4ms]
2023-11-02 18:30:29.091 [info] > git status -z -uall [413ms]
2023-11-02 18:30:34.117 [info] > git config --get commit.template [5ms]
2023-11-02 18:30:34.121 [info] > git for-each-ref --format=%(refname)%00%(upstream:short)%00%(objectname)%00%(upstream:track)%00%(upstream:remotename)%00%(upstream:remoteref) refs/heads/master refs/remotes/master [5ms]
2023-11-02 18:30:34.564 [info] > git status -z -uall [438ms]
2023-11-02 18:30:39.590 [info] > git config --get commit.template [5ms]
2023-11-02 18:30:39.594 [info] > git for-each-ref --format=%(refname)%00%(upstream:short)%00%(objectname)%00%(upstream:track)%00%(upstream:remotename)%00%(upstream:remoteref) refs/heads/master refs/remotes/master [4ms]
2023-11-02 18:30:40.131 [info] > git status -z -uall [532ms]
2023-11-02 18:30:45.159 [info] > git config --get commit.template [5ms]
2023-11-02 18:30:45.163 [info] > git for-each-ref --format=%(refname)%00%(upstream:short)%00%(objectname)%00%(upstream:track)%00%(upstream:remotename)%00%(upstream:remoteref) refs/heads/master refs/remotes/master [5ms]
2023-11-02 18:30:45.578 [info] > git status -z -uall [410ms]
2023-11-02 18:30:50.603 [info] > git config --get commit.template [5ms]
2023-11-02 18:30:50.606 [info] > git for-each-ref --format=%(refname)%00%(upstream:short)%00%(objectname)%00%(upstream:track)%00%(upstream:remotename)%00%(upstream:remoteref) refs/heads/master refs/remotes/master [4ms]
2023-11-02 18:30:51.018 [info] > git status -z -uall [408ms]
2023-11-02 18:30:56.044 [info] > git config --get commit.template [5ms]
2023-11-02 18:30:56.047 [info] > git for-each-ref --format=%(refname)%00%(upstream:short)%00%(objectname)%00%(upstream:track)%00%(upstream:remotename)%00%(upstream:remoteref) refs/heads/master refs/remotes/master [4ms]
2023-11-02 18:30:56.477 [info] > git status -z -uall [425ms]
2023-11-02 18:31:01.503 [info] > git config --get commit.template [5ms]
2023-11-02 18:31:01.508 [info] > git for-each-ref --format=%(refname)%00%(upstream:short)%00%(objectname)%00%(upstream:track)%00%(upstream:remotename)%00%(upstream:remoteref) refs/heads/master refs/remotes/master [5ms]
2023-11-02 18:31:01.915 [info] > git status -z -uall [402ms]
2023-11-02 18:31:06.940 [info] > git config --get commit.template [5ms]
2023-11-02 18:31:06.944 [info] > git for-each-ref --format=%(refname)%00%(upstream:short)%00%(objectname)%00%(upstream:track)%00%(upstream:remotename)%00%(upstream:remoteref) refs/heads/master refs/remotes/master [4ms]
2023-11-02 18:31:07.374 [info] > git status -z -uall [425ms]
2023-11-02 18:31:12.398 [info] > git config --get commit.template [4ms]
2023-11-02 18:31:12.402 [info] > git for-each-ref --format=%(refname)%00%(upstream:short)%00%(objectname)%00%(upstream:track)%00%(upstream:remotename)%00%(upstream:remoteref) refs/heads/master refs/remotes/master [3ms]
2023-11-02 18:31:12.811 [info] > git status -z -uall [404ms]
2023-11-02 18:31:17.835 [info] > git config --get commit.template [5ms]
2023-11-02 18:31:17.838 [info] > git for-each-ref --format=%(refname)%00%(upstream:short)%00%(objectname)%00%(upstream:track)%00%(upstream:remotename)%00%(upstream:remoteref) refs/heads/master refs/remotes/master [4ms]
2023-11-02 18:31:18.265 [info] > git status -z -uall [422ms]
2023-11-02 18:31:23.289 [info] > git config --get commit.template [6ms]
2023-11-02 18:31:23.292 [info] > git for-each-ref --format=%(refname)%00%(upstream:short)%00%(objectname)%00%(upstream:track)%00%(upstream:remotename)%00%(upstream:remoteref) refs/heads/master refs/remotes/master [4ms]
2023-11-02 18:31:23.713 [info] > git status -z -uall [416ms]
2023-11-02 18:31:28.741 [info] > git config --get commit.template [6ms]
2023-11-02 18:31:28.743 [info] > git for-each-ref --format=%(refname)%00%(upstream:short)%00%(objectname)%00%(upstream:track)%00%(upstream:remotename)%00%(upstream:remoteref) refs/heads/master refs/remotes/master [4ms]
2023-11-02 18:31:29.126 [info] > git status -z -uall [376ms]
2023-11-02 18:31:34.148 [info] > git config --get commit.template [5ms]
2023-11-02 18:31:34.151 [info] > git for-each-ref --format=%(refname)%00%(upstream:short)%00%(objectname)%00%(upstream:track)%00%(upstream:remotename)%00%(upstream:remoteref) refs/heads/master refs/remotes/master [4ms]
2023-11-02 18:31:34.587 [info] > git status -z -uall [430ms]
2023-11-02 18:31:39.614 [info] > git config --get commit.template [4ms]
2023-11-02 18:31:39.617 [info] > git for-each-ref --format=%(refname)%00%(upstream:short)%00%(objectname)%00%(upstream:track)%00%(upstream:remotename)%00%(upstream:remoteref) refs/heads/master refs/remotes/master [3ms]
2023-11-02 18:31:40.144 [info] > git status -z -uall [522ms]
2023-11-02 18:31:45.168 [info] > git config --get commit.template [5ms]
2023-11-02 18:31:45.172 [info] > git for-each-ref --format=%(refname)%00%(upstream:short)%00%(objectname)%00%(upstream:track)%00%(upstream:remotename)%00%(upstream:remoteref) refs/heads/master refs/remotes/master [5ms]
2023-11-02 18:31:45.594 [info] > git status -z -uall [416ms]
2023-11-02 18:31:50.619 [info] > git config --get commit.template [5ms]
2023-11-02 18:31:50.623 [info] > git for-each-ref --format=%(refname)%00%(upstream:short)%00%(objectname)%00%(upstream:track)%00%(upstream:remotename)%00%(upstream:remoteref) refs/heads/master refs/remotes/master [5ms]
2023-11-02 18:31:51.031 [info] > git status -z -uall [403ms]
2023-11-02 18:31:56.056 [info] > git config --get commit.template [5ms]
2023-11-02 18:31:56.060 [info] > git for-each-ref --format=%(refname)%00%(upstream:short)%00%(objectname)%00%(upstream:track)%00%(upstream:remotename)%00%(upstream:remoteref) refs/heads/master refs/remotes/master [5ms]
2023-11-02 18:31:56.465 [info] > git status -z -uall [399ms]
2023-11-02 18:32:01.492 [info] > git config --get commit.template [5ms]
2023-11-02 18:32:01.496 [info] > git for-each-ref --format=%(refname)%00%(upstream:short)%00%(objectname)%00%(upstream:track)%00%(upstream:remotename)%00%(upstream:remoteref) refs/heads/master refs/remotes/master [5ms]
2023-11-02 18:32:01.909 [info] > git status -z -uall [406ms]
2023-11-02 18:32:06.934 [info] > git config --get commit.template [6ms]
2023-11-02 18:32:06.937 [info] > git for-each-ref --format=%(refname)%00%(upstream:short)%00%(objectname)%00%(upstream:track)%00%(upstream:remotename)%00%(upstream:remoteref) refs/heads/master refs/remotes/master [4ms]
2023-11-02 18:32:07.347 [info] > git status -z -uall [403ms]
2023-11-02 18:32:12.372 [info] > git config --get commit.template [6ms]
2023-11-02 18:32:12.375 [info] > git for-each-ref --format=%(refname)%00%(upstream:short)%00%(objectname)%00%(upstream:track)%00%(upstream:remotename)%00%(upstream:remoteref) refs/heads/master refs/remotes/master [4ms]
2023-11-02 18:32:12.794 [info] > git status -z -uall [415ms]
2023-11-02 18:32:17.819 [info] > git config --get commit.template [4ms]
2023-11-02 18:32:17.822 [info] > git for-each-ref --format=%(refname)%00%(upstream:short)%00%(objectname)%00%(upstream:track)%00%(upstream:remotename)%00%(upstream:remoteref) refs/heads/master refs/remotes/master [3ms]
2023-11-02 18:32:18.240 [info] > git status -z -uall [414ms]
2023-11-02 18:32:23.264 [info] > git config --get commit.template [5ms]
2023-11-02 18:32:23.268 [info] > git for-each-ref --format=%(refname)%00%(upstream:short)%00%(objectname)%00%(upstream:track)%00%(upstream:remotename)%00%(upstream:remoteref) refs/heads/master refs/remotes/master [4ms]
2023-11-02 18:32:23.694 [info] > git status -z -uall [421ms]
2023-11-02 18:32:28.722 [info] > git config --get commit.template [4ms]
2023-11-02 18:32:28.725 [info] > git for-each-ref --format=%(refname)%00%(upstream:short)%00%(objectname)%00%(upstream:track)%00%(upstream:remotename)%00%(upstream:remoteref) refs/heads/master refs/remotes/master [4ms]
2023-11-02 18:32:29.139 [info] > git status -z -uall [408ms]
2023-11-02 18:32:34.164 [info] > git config --get commit.template [6ms]
2023-11-02 18:32:34.168 [info] > git for-each-ref --format=%(refname)%00%(upstream:short)%00%(objectname)%00%(upstream:track)%00%(upstream:remotename)%00%(upstream:remoteref) refs/heads/master refs/remotes/master [5ms]
2023-11-02 18:32:34.591 [info] > git status -z -uall [417ms]
2023-11-02 18:32:39.618 [info] > git config --get commit.template [5ms]
2023-11-02 18:32:39.622 [info] > git for-each-ref --format=%(refname)%00%(upstream:short)%00%(objectname)%00%(upstream:track)%00%(upstream:remotename)%00%(upstream:remoteref) refs/heads/master refs/remotes/master [5ms]
2023-11-02 18:32:40.161 [info] > git status -z -uall [533ms]
2023-11-02 18:32:45.186 [info] > git config --get commit.template [5ms]
2023-11-02 18:32:45.190 [info] > git for-each-ref --format=%(refname)%00%(upstream:short)%00%(objectname)%00%(upstream:track)%00%(upstream:remotename)%00%(upstream:remoteref) refs/heads/master refs/remotes/master [4ms]
2023-11-02 18:32:45.600 [info] > git status -z -uall [405ms]
2023-11-02 18:32:50.626 [info] > git config --get commit.template [5ms]
2023-11-02 18:32:50.630 [info] > git for-each-ref --format=%(refname)%00%(upstream:short)%00%(objectname)%00%(upstream:track)%00%(upstream:remotename)%00%(upstream:remoteref) refs/heads/master refs/remotes/master [4ms]
2023-11-02 18:32:51.053 [info] > git status -z -uall [418ms]
2023-11-02 18:32:56.079 [info] > git config --get commit.template [6ms]
2023-11-02 18:32:56.082 [info] > git for-each-ref --format=%(refname)%00%(upstream:short)%00%(objectname)%00%(upstream:track)%00%(upstream:remotename)%00%(upstream:remoteref) refs/heads/master refs/remotes/master [4ms]
2023-11-02 18:32:56.489 [info] > git status -z -uall [401ms]
2023-11-02 18:33:01.519 [info] > git config --get commit.template [7ms]
2023-11-02 18:33:01.521 [info] > git for-each-ref --format=%(refname)%00%(upstream:short)%00%(objectname)%00%(upstream:track)%00%(upstream:remotename)%00%(upstream:remoteref) refs/heads/master refs/remotes/master [3ms]
2023-11-02 18:33:01.933 [info] > git status -z -uall [407ms]
2023-11-02 18:33:06.955 [info] > git config --get commit.template [5ms]
2023-11-02 18:33:06.960 [info] > git for-each-ref --format=%(refname)%00%(upstream:short)%00%(objectname)%00%(upstream:track)%00%(upstream:remotename)%00%(upstream:remoteref) refs/heads/master refs/remotes/master [4ms]
2023-11-02 18:33:07.377 [info] > git status -z -uall [413ms]
2023-11-02 18:33:12.403 [info] > git config --get commit.template [5ms]
2023-11-02 18:33:12.406 [info] > git for-each-ref --format=%(refname)%00%(upstream:short)%00%(objectname)%00%(upstream:track)%00%(upstream:remotename)%00%(upstream:remoteref) refs/heads/master refs/remotes/master [4ms]
2023-11-02 18:33:12.828 [info] > git status -z -uall [418ms]
2023-11-02 18:33:17.855 [info] > git config --get commit.template [5ms]
2023-11-02 18:33:17.858 [info] > git for-each-ref --format=%(refname)%00%(upstream:short)%00%(objectname)%00%(upstream:track)%00%(upstream:remotename)%00%(upstream:remoteref) refs/heads/master refs/remotes/master [4ms]
2023-11-02 18:33:18.279 [info] > git status -z -uall [416ms]
2023-11-02 18:33:23.303 [info] > git config --get commit.template [5ms]
2023-11-02 18:33:23.306 [info] > git for-each-ref --format=%(refname)%00%(upstream:short)%00%(objectname)%00%(upstream:track)%00%(upstream:remotename)%00%(upstream:remoteref) refs/heads/master refs/remotes/master [4ms]
2023-11-02 18:33:23.713 [info] > git status -z -uall [401ms]
2023-11-02 18:33:28.737 [info] > git config --get commit.template [5ms]
2023-11-02 18:33:28.741 [info] > git for-each-ref --format=%(refname)%00%(upstream:short)%00%(objectname)%00%(upstream:track)%00%(upstream:remotename)%00%(upstream:remoteref) refs/heads/master refs/remotes/master [4ms]
2023-11-02 18:33:29.138 [info] > git status -z -uall [392ms]
2023-11-02 18:33:34.162 [info] > git config --get commit.template [5ms]
2023-11-02 18:33:34.167 [info] > git for-each-ref --format=%(refname)%00%(upstream:short)%00%(objectname)%00%(upstream:track)%00%(upstream:remotename)%00%(upstream:remoteref) refs/heads/master refs/remotes/master [6ms]
2023-11-02 18:33:34.594 [info] > git status -z -uall [422ms]
2023-11-02 18:33:39.622 [info] > git config --get commit.template [4ms]
2023-11-02 18:33:39.625 [info] > git for-each-ref --format=%(refname)%00%(upstream:short)%00%(objectname)%00%(upstream:track)%00%(upstream:remotename)%00%(upstream:remoteref) refs/heads/master refs/remotes/master [3ms]
2023-11-02 18:33:40.176 [info] > git status -z -uall [546ms]
2023-11-02 18:34:25.071 [info] > git config --get commit.template [4ms]
2023-11-02 18:34:25.074 [info] > git for-each-ref --format=%(refname)%00%(upstream:short)%00%(objectname)%00%(upstream:track)%00%(upstream:remotename)%00%(upstream:remoteref) refs/heads/master refs/remotes/master [4ms]
2023-11-02 18:34:25.532 [info] > git status -z -uall [453ms]
2023-11-02 18:34:29.896 [info] > git show --textconv :public_html/html/index.html [7ms]
2023-11-02 18:34:29.896 [info] > git ls-files --stage -- /home/TDIW/tdiw-k11/public_html/html/index.html [3ms]
2023-11-02 18:34:29.903 [info] > git cat-file -s 8648e05e9e73540635cd343db8f91660fd58f75a [2ms]
2023-11-02 18:34:30.558 [info] > git config --get commit.template [5ms]
2023-11-02 18:34:30.562 [info] > git for-each-ref --format=%(refname)%00%(upstream:short)%00%(objectname)%00%(upstream:track)%00%(upstream:remotename)%00%(upstream:remoteref) refs/heads/master refs/remotes/master [5ms]
2023-11-02 18:34:30.984 [info] > git status -z -uall [416ms]
2023-11-02 18:34:36.010 [info] > git config --get commit.template [5ms]
2023-11-02 18:34:36.015 [info] > git for-each-ref --format=%(refname)%00%(upstream:short)%00%(objectname)%00%(upstream:track)%00%(upstream:remotename)%00%(upstream:remoteref) refs/heads/master refs/remotes/master [4ms]
2023-11-02 18:34:36.430 [info] > git status -z -uall [409ms]
