2023-11-03 11:51:39.192 [info] Log level: Info
2023-11-03 11:51:39.192 [info] Validating found git in: "git"
2023-11-03 11:51:39.192 [info] Using git "2.30.2" from "git"
2023-11-03 11:51:39.192 [info] > git rev-parse --show-toplevel [3ms]
2023-11-03 11:51:39.192 [info] > git rev-parse --git-dir --git-common-dir [1ms]
2023-11-03 11:51:39.192 [info] Open repository: /home/TDIW/tdiw-k11
2023-11-03 11:51:39.192 [info] > git config --get commit.template [3ms]
2023-11-03 11:51:39.192 [info] > git rev-parse --show-toplevel [2ms]
2023-11-03 11:51:39.192 [info] > git rev-parse --show-toplevel [0ms]
2023-11-03 11:51:39.192 [info] > git for-each-ref --format=%(refname)%00%(upstream:short)%00%(objectname)%00%(upstream:track)%00%(upstream:remotename)%00%(upstream:remoteref) refs/heads/master refs/remotes/master [7ms]
2023-11-03 11:51:39.192 [info] > git rev-parse --show-toplevel [4ms]
2023-11-03 11:51:39.192 [info] > git rev-parse --show-toplevel [1ms]
2023-11-03 11:51:39.192 [info] > git rev-parse --show-toplevel [1ms]
2023-11-03 11:51:39.192 [info] > git rev-parse --show-toplevel [0ms]
2023-11-03 11:51:39.192 [info] > git rev-parse --show-toplevel [1ms]
2023-11-03 11:51:39.192 [info] > git rev-parse --show-toplevel [2ms]
2023-11-03 11:51:39.192 [info] > git rev-parse --show-toplevel [0ms]
2023-11-03 11:51:39.192 [info] > git rev-parse --show-toplevel [1ms]
2023-11-03 11:51:39.192 [info] > git rev-parse --show-toplevel [1ms]
2023-11-03 11:51:39.192 [info] > git rev-parse --show-toplevel [1ms]
2023-11-03 11:51:39.192 [info] > git rev-parse --show-toplevel [1ms]
2023-11-03 11:51:39.192 [info] > git rev-parse --show-toplevel [0ms]
2023-11-03 11:51:39.192 [info] > git rev-parse --show-toplevel [1ms]
2023-11-03 11:51:39.192 [info] > git rev-parse --show-toplevel [0ms]
2023-11-03 11:51:39.192 [info] > git rev-parse --show-toplevel [1ms]
2023-11-03 11:51:39.192 [info] > git rev-parse --show-toplevel [1ms]
2023-11-03 11:51:39.192 [info] > git rev-parse --show-toplevel [1ms]
2023-11-03 11:51:39.192 [info] > git rev-parse --show-toplevel [1ms]
2023-11-03 11:51:39.709 [info] > git status -z -uall [971ms]
2023-11-03 11:51:39.772 [info] > git config --get commit.template [4ms]
2023-11-03 11:51:39.779 [info] > git for-each-ref --format=%(refname)%00%(upstream:short)%00%(objectname)%00%(upstream:track)%00%(upstream:remotename)%00%(upstream:remoteref) refs/heads/master refs/remotes/master [4ms]
2023-11-03 11:51:40.110 [info] > git check-ignore -v -z --stdin [8ms]
2023-11-03 11:51:40.446 [info] > git status -z -uall [664ms]
2023-11-03 11:51:41.432 [info] > git check-ignore -v -z --stdin [4ms]
2023-11-03 11:51:42.292 [info] > git show --textconv :public_html/resource_category_list.php [7ms]
2023-11-03 11:51:42.293 [info] > git ls-files --stage -- /home/TDIW/tdiw-k11/public_html/resource_category_list.php [2ms]
2023-11-03 11:51:44.422 [info] > git config --get commit.template [8ms]
2023-11-03 11:51:44.425 [info] > git for-each-ref --format=%(refname)%00%(upstream:short)%00%(objectname)%00%(upstream:track)%00%(upstream:remotename)%00%(upstream:remoteref) refs/heads/master refs/remotes/master [4ms]
2023-11-03 11:51:45.083 [info] > git status -z -uall [652ms]
2023-11-03 11:51:50.135 [info] > git config --get commit.template [8ms]
2023-11-03 11:51:50.137 [info] > git for-each-ref --format=%(refname)%00%(upstream:short)%00%(objectname)%00%(upstream:track)%00%(upstream:remotename)%00%(upstream:remoteref) refs/heads/master refs/remotes/master [4ms]
2023-11-03 11:51:50.444 [info] > git show --textconv :public_html/php/Controller/llistar_categories.php [5ms]
2023-11-03 11:51:50.446 [info] > git ls-files --stage -- /home/TDIW/tdiw-k11/public_html/php/Controller/llistar_categories.php [2ms]
2023-11-03 11:51:50.986 [info] > git status -z -uall [841ms]
2023-11-03 11:51:56.045 [info] > git config --get commit.template [8ms]
2023-11-03 11:51:56.048 [info] > git for-each-ref --format=%(refname)%00%(upstream:short)%00%(objectname)%00%(upstream:track)%00%(upstream:remotename)%00%(upstream:remoteref) refs/heads/master refs/remotes/master [4ms]
2023-11-03 11:51:56.702 [info] > git status -z -uall [647ms]
2023-11-03 11:52:01.747 [info] > git config --get commit.template [7ms]
2023-11-03 11:52:01.750 [info] > git for-each-ref --format=%(refname)%00%(upstream:short)%00%(objectname)%00%(upstream:track)%00%(upstream:remotename)%00%(upstream:remoteref) refs/heads/master refs/remotes/master [5ms]
2023-11-03 11:52:02.399 [info] > git status -z -uall [642ms]
2023-11-03 11:52:07.474 [info] > git config --get commit.template [1ms]
2023-11-03 11:52:07.483 [info] > git for-each-ref --format=%(refname)%00%(upstream:short)%00%(objectname)%00%(upstream:track)%00%(upstream:remotename)%00%(upstream:remoteref) refs/heads/master refs/remotes/master [3ms]
2023-11-03 11:52:08.116 [info] > git status -z -uall [627ms]
2023-11-03 11:52:13.162 [info] > git config --get commit.template [7ms]
2023-11-03 11:52:13.163 [info] > git for-each-ref --format=%(refname)%00%(upstream:short)%00%(objectname)%00%(upstream:track)%00%(upstream:remotename)%00%(upstream:remoteref) refs/heads/master refs/remotes/master [3ms]
2023-11-03 11:52:13.819 [info] > git status -z -uall [647ms]
2023-11-03 11:52:18.864 [info] > git config --get commit.template [8ms]
2023-11-03 11:52:18.867 [info] > git for-each-ref --format=%(refname)%00%(upstream:short)%00%(objectname)%00%(upstream:track)%00%(upstream:remotename)%00%(upstream:remoteref) refs/heads/master refs/remotes/master [4ms]
2023-11-03 11:52:19.536 [info] > git status -z -uall [661ms]
2023-11-03 11:52:23.858 [info] > git check-ignore -v -z --stdin [8ms]
2023-11-03 11:52:24.580 [info] > git config --get commit.template [8ms]
2023-11-03 11:52:24.583 [info] > git for-each-ref --format=%(refname)%00%(upstream:short)%00%(objectname)%00%(upstream:track)%00%(upstream:remotename)%00%(upstream:remoteref) refs/heads/master refs/remotes/master [4ms]
2023-11-03 11:52:24.855 [info] > git check-ignore -v -z --stdin [2ms]
2023-11-03 11:52:25.225 [info] > git status -z -uall [636ms]
2023-11-03 11:52:28.119 [info] > git check-ignore -v -z --stdin [26ms]
2023-11-03 11:52:30.271 [info] > git config --get commit.template [8ms]
2023-11-03 11:52:30.276 [info] > git for-each-ref --format=%(refname)%00%(upstream:short)%00%(objectname)%00%(upstream:track)%00%(upstream:remotename)%00%(upstream:remoteref) refs/heads/master refs/remotes/master [6ms]
2023-11-03 11:52:30.929 [info] > git status -z -uall [645ms]
2023-11-03 11:52:31.256 [info] > git check-ignore -v -z --stdin [239ms]
2023-11-03 11:52:35.975 [info] > git config --get commit.template [7ms]
2023-11-03 11:52:35.979 [info] > git for-each-ref --format=%(refname)%00%(upstream:short)%00%(objectname)%00%(upstream:track)%00%(upstream:remotename)%00%(upstream:remoteref) refs/heads/master refs/remotes/master [5ms]
2023-11-03 11:52:36.618 [info] > git status -z -uall [632ms]
2023-11-03 11:52:41.662 [info] > git config --get commit.template [8ms]
2023-11-03 11:52:41.666 [info] > git for-each-ref --format=%(refname)%00%(upstream:short)%00%(objectname)%00%(upstream:track)%00%(upstream:remotename)%00%(upstream:remoteref) refs/heads/master refs/remotes/master [6ms]
2023-11-03 11:52:42.449 [info] > git status -z -uall [776ms]
2023-11-03 11:52:47.493 [info] > git config --get commit.template [8ms]
2023-11-03 11:52:47.495 [info] > git for-each-ref --format=%(refname)%00%(upstream:short)%00%(objectname)%00%(upstream:track)%00%(upstream:remotename)%00%(upstream:remoteref) refs/heads/master refs/remotes/master [3ms]
2023-11-03 11:52:48.153 [info] > git status -z -uall [650ms]
2023-11-03 11:52:53.199 [info] > git config --get commit.template [8ms]
2023-11-03 11:52:53.203 [info] > git for-each-ref --format=%(refname)%00%(upstream:short)%00%(objectname)%00%(upstream:track)%00%(upstream:remotename)%00%(upstream:remoteref) refs/heads/master refs/remotes/master [5ms]
2023-11-03 11:52:53.872 [info] > git status -z -uall [661ms]
2023-11-03 11:52:58.917 [info] > git config --get commit.template [9ms]
2023-11-03 11:52:58.920 [info] > git for-each-ref --format=%(refname)%00%(upstream:short)%00%(objectname)%00%(upstream:track)%00%(upstream:remotename)%00%(upstream:remoteref) refs/heads/master refs/remotes/master [5ms]
2023-11-03 11:52:59.566 [info] > git status -z -uall [636ms]
2023-11-03 11:53:04.610 [info] > git config --get commit.template [7ms]
2023-11-03 11:53:04.612 [info] > git for-each-ref --format=%(refname)%00%(upstream:short)%00%(objectname)%00%(upstream:track)%00%(upstream:remotename)%00%(upstream:remoteref) refs/heads/master refs/remotes/master [3ms]
2023-11-03 11:53:05.241 [info] > git status -z -uall [621ms]
2023-11-03 11:53:10.286 [info] > git config --get commit.template [8ms]
2023-11-03 11:53:10.289 [info] > git for-each-ref --format=%(refname)%00%(upstream:short)%00%(objectname)%00%(upstream:track)%00%(upstream:remotename)%00%(upstream:remoteref) refs/heads/master refs/remotes/master [4ms]
2023-11-03 11:53:10.905 [info] > git status -z -uall [606ms]
2023-11-03 11:53:15.950 [info] > git config --get commit.template [8ms]
2023-11-03 11:53:15.953 [info] > git for-each-ref --format=%(refname)%00%(upstream:short)%00%(objectname)%00%(upstream:track)%00%(upstream:remotename)%00%(upstream:remoteref) refs/heads/master refs/remotes/master [4ms]
2023-11-03 11:53:16.626 [info] > git status -z -uall [664ms]
2023-11-03 11:53:20.938 [info] > git for-each-ref --sort -committerdate --format %(refname) %(objectname) %(*objectname) [4ms]
2023-11-03 11:53:21.672 [info] > git config --get commit.template [9ms]
2023-11-03 11:53:21.675 [info] > git for-each-ref --format=%(refname)%00%(upstream:short)%00%(objectname)%00%(upstream:track)%00%(upstream:remotename)%00%(upstream:remoteref) refs/heads/master refs/remotes/master [5ms]
2023-11-03 11:53:22.307 [info] > git status -z -uall [623ms]
2023-11-03 11:53:27.504 [info] > git checkout -q master [495ms]
2023-11-03 11:53:27.518 [info] > git config --get commit.template [6ms]
2023-11-03 11:53:27.522 [info] > git for-each-ref --format=%(refname)%00%(upstream:short)%00%(objectname)%00%(upstream:track)%00%(upstream:remotename)%00%(upstream:remoteref) refs/heads/master refs/remotes/master [5ms]
2023-11-03 11:53:28.157 [info] > git status -z -uall [630ms]
2023-11-03 11:53:28.197 [info] > git config --get commit.template [6ms]
2023-11-03 11:53:28.203 [info] > git for-each-ref --format=%(refname)%00%(upstream:short)%00%(objectname)%00%(upstream:track)%00%(upstream:remotename)%00%(upstream:remoteref) refs/heads/master refs/remotes/master [6ms]
2023-11-03 11:53:28.761 [info] > git ls-files --stage -- /home/TDIW/tdiw-k11/public_html/php/Controller/llistar_categories.php [3ms]
2023-11-03 11:53:28.779 [info] > git show --textconv :public_html/php/Controller/llistar_categories.php [3ms]
2023-11-03 11:53:28.850 [info] > git status -z -uall [643ms]
2023-11-03 11:53:33.896 [info] > git config --get commit.template [8ms]
2023-11-03 11:53:33.900 [info] > git for-each-ref --format=%(refname)%00%(upstream:short)%00%(objectname)%00%(upstream:track)%00%(upstream:remotename)%00%(upstream:remoteref) refs/heads/master refs/remotes/master [5ms]
2023-11-03 11:53:34.550 [info] > git status -z -uall [641ms]
2023-11-03 11:53:39.596 [info] > git config --get commit.template [8ms]
2023-11-03 11:53:39.600 [info] > git for-each-ref --format=%(refname)%00%(upstream:short)%00%(objectname)%00%(upstream:track)%00%(upstream:remotename)%00%(upstream:remoteref) refs/heads/master refs/remotes/master [6ms]
2023-11-03 11:53:40.245 [info] > git status -z -uall [634ms]
2023-11-03 11:53:45.689 [info] > git config --get commit.template [7ms]
2023-11-03 11:53:45.693 [info] > git for-each-ref --format=%(refname)%00%(upstream:short)%00%(objectname)%00%(upstream:track)%00%(upstream:remotename)%00%(upstream:remoteref) refs/heads/master refs/remotes/master [5ms]
2023-11-03 11:53:46.522 [info] > git status -z -uall [824ms]
2023-11-03 11:53:52.889 [info] > git config --get commit.template [7ms]
2023-11-03 11:53:52.895 [info] > git for-each-ref --format=%(refname)%00%(upstream:short)%00%(objectname)%00%(upstream:track)%00%(upstream:remotename)%00%(upstream:remoteref) refs/heads/master refs/remotes/master [7ms]
2023-11-03 11:53:53.688 [info] > git status -z -uall [787ms]
2023-11-03 11:54:02.860 [info] > git add -A -- . [17141ms]
2023-11-03 11:54:02.870 [info] > git config --get commit.template [4ms]
2023-11-03 11:54:02.872 [info] > git for-each-ref --format=%(refname)%00%(upstream:short)%00%(objectname)%00%(upstream:track)%00%(upstream:remotename)%00%(upstream:remoteref) refs/heads/master refs/remotes/master [3ms]
2023-11-03 11:54:03.701 [info] > git status -z -uall [825ms]
2023-11-03 11:54:06.215 [info] > git -c user.useConfigOnly=true commit --quiet [2468ms]
2023-11-03 11:54:06.215 [info] Author identity unknown

*** Please tell me who you are.

Run

  git config --global user.email "you@example.com"
  git config --global user.name "Your Name"

to set your account's default identity.
Omit --global to set the identity only in this repository.

fatal: no email was given and auto-detection is disabled
2023-11-03 11:54:06.223 [info] > git config --get-all user.name [3ms]
2023-11-03 11:54:06.239 [info] > git config --get commit.template [9ms]
2023-11-03 11:54:06.243 [info] > git for-each-ref --format=%(refname)%00%(upstream:short)%00%(objectname)%00%(upstream:track)%00%(upstream:remotename)%00%(upstream:remoteref) refs/heads/master refs/remotes/master [5ms]
2023-11-03 11:54:06.605 [info] > git ls-files --stage -- /home/TDIW/tdiw-k11/public_html/php/Controller/llistar_categories.php [2ms]
2023-11-03 11:54:06.614 [info] > git cat-file -s a4e67578659de1b304546edf638192284a5e31fd [4ms]
2023-11-03 11:54:06.628 [info] > git show --textconv :public_html/php/Controller/llistar_categories.php [4ms]
2023-11-03 11:54:06.864 [info] > git status -z -uall [612ms]
2023-11-03 11:54:06.901 [info] > git config --get commit.template [6ms]
2023-11-03 11:54:06.903 [info] > git for-each-ref --format=%(refname)%00%(upstream:short)%00%(objectname)%00%(upstream:track)%00%(upstream:remotename)%00%(upstream:remoteref) refs/heads/master refs/remotes/master [3ms]
