2023-11-03 09:39:01.181 [info] Extension host with pid 92214 started
2023-11-03 09:39:01.181 [error] Error: EEXIST: file already exists, open '/home/TDIW/tdiw-k11/.vscode-server/data/User/workspaceStorage/74c4d86dc863f504f15dde947b3a866a/vscode.lock'
2023-11-03 09:39:01.184 [info] Lock '/home/TDIW/tdiw-k11/.vscode-server/data/User/workspaceStorage/74c4d86dc863f504f15dde947b3a866a/vscode.lock': Could not acquire lock, checking if the file is stale.
2023-11-03 09:39:01.192 [info] Lock '/home/TDIW/tdiw-k11/.vscode-server/data/User/workspaceStorage/74c4d86dc863f504f15dde947b3a866a/vscode.lock': The lock does not look stale, elapsed: 421 ms, giving up.
2023-11-03 09:39:01.195 [info] Lock '/home/TDIW/tdiw-k11/.vscode-server/data/User/workspaceStorage/74c4d86dc863f504f15dde947b3a866a-1/vscode.lock': Lock acquired.
2023-11-03 09:39:01.418 [info] ExtensionService#_doActivateExtension vscode.emmet, startup: false, activationEvent: 'onLanguage'
2023-11-03 09:39:01.419 [info] ExtensionService#_doActivateExtension vscode.php-language-features, startup: false, activationEvent: 'onLanguage:php'
2023-11-03 09:39:01.563 [info] ExtensionService#_doActivateExtension vscode.git-base, startup: true, activationEvent: '*', root cause: vscode.git
2023-11-03 09:39:01.696 [info] ExtensionService#_doActivateExtension vscode.git, startup: true, activationEvent: '*'
2023-11-03 09:39:01.696 [info] ExtensionService#_doActivateExtension vscode.github, startup: true, activationEvent: '*'
2023-11-03 09:39:01.889 [info] Eager extensions activated
2023-11-03 09:39:01.889 [info] ExtensionService#_doActivateExtension vscode.debug-auto-launch, startup: false, activationEvent: 'onStartupFinished'
2023-11-03 09:39:01.890 [info] ExtensionService#_doActivateExtension vscode.merge-conflict, startup: false, activationEvent: 'onStartupFinished'
2023-11-03 09:39:02.803 [warning] [Decorations] CAPPING events from decorations provider vscode.git 1855
2023-11-03 09:39:03.420 [warning] [Decorations] CAPPING events from decorations provider vscode.git 1855
2023-11-03 09:42:12.398 [warning] [Decorations] CAPPING events from decorations provider vscode.git 1862
2023-11-03 09:42:17.406 [info] ExtensionService#_doActivateExtension vscode.html-language-features, startup: false, activationEvent: 'onLanguage:html'
2023-11-03 09:42:18.101 [warning] [Decorations] CAPPING events from decorations provider vscode.git 1862
2023-11-03 09:42:23.710 [warning] [Decorations] CAPPING events from decorations provider vscode.git 1863
2023-11-03 09:44:03.598 [warning] [Decorations] CAPPING events from decorations provider vscode.git 1869
2023-11-03 09:44:09.214 [warning] [Decorations] CAPPING events from decorations provider vscode.git 1869
2023-11-03 09:44:14.844 [warning] [Decorations] CAPPING events from decorations provider vscode.git 1869
2023-11-03 09:44:20.464 [warning] [Decorations] CAPPING events from decorations provider vscode.git 1869
2023-11-03 09:44:26.069 [warning] [Decorations] CAPPING events from decorations provider vscode.git 1869
2023-11-03 09:44:31.697 [warning] [Decorations] CAPPING events from decorations provider vscode.git 1869
2023-11-03 09:44:37.319 [warning] [Decorations] CAPPING events from decorations provider vscode.git 1869
2023-11-03 09:44:42.921 [warning] [Decorations] CAPPING events from decorations provider vscode.git 1869
2023-11-03 09:44:48.502 [warning] [Decorations] CAPPING events from decorations provider vscode.git 1869
2023-11-03 09:44:54.088 [warning] [Decorations] CAPPING events from decorations provider vscode.git 1869
2023-11-03 09:44:59.700 [warning] [Decorations] CAPPING events from decorations provider vscode.git 1869
2023-11-03 09:45:05.469 [warning] [Decorations] CAPPING events from decorations provider vscode.git 1869
2023-11-03 09:45:11.084 [warning] [Decorations] CAPPING events from decorations provider vscode.git 1869
2023-11-03 09:45:16.712 [warning] [Decorations] CAPPING events from decorations provider vscode.git 1869
2023-11-03 09:45:22.361 [warning] [Decorations] CAPPING events from decorations provider vscode.git 1869
2023-11-03 09:45:27.964 [warning] [Decorations] CAPPING events from decorations provider vscode.git 1869
2023-11-03 09:45:33.577 [warning] [Decorations] CAPPING events from decorations provider vscode.git 1869
2023-11-03 09:45:39.187 [warning] [Decorations] CAPPING events from decorations provider vscode.git 1869
2023-11-03 09:45:44.806 [warning] [Decorations] CAPPING events from decorations provider vscode.git 1869
2023-11-03 09:45:50.415 [warning] [Decorations] CAPPING events from decorations provider vscode.git 1869
2023-11-03 09:45:56.023 [warning] [Decorations] CAPPING events from decorations provider vscode.git 1869
2023-11-03 09:46:01.646 [warning] [Decorations] CAPPING events from decorations provider vscode.git 1869
2023-11-03 09:46:07.408 [warning] [Decorations] CAPPING events from decorations provider vscode.git 1869
2023-11-03 09:46:13.033 [warning] [Decorations] CAPPING events from decorations provider vscode.git 1869
2023-11-03 09:46:18.650 [warning] [Decorations] CAPPING events from decorations provider vscode.git 1869
2023-11-03 09:46:24.278 [warning] [Decorations] CAPPING events from decorations provider vscode.git 1871
2023-11-03 09:46:29.928 [warning] [Decorations] CAPPING events from decorations provider vscode.git 1874
2023-11-03 09:46:35.557 [warning] [Decorations] CAPPING events from decorations provider vscode.git 1873
2023-11-03 09:46:41.181 [warning] [Decorations] CAPPING events from decorations provider vscode.git 1873
2023-11-03 09:46:46.787 [warning] [Decorations] CAPPING events from decorations provider vscode.git 1871
2023-11-03 09:46:52.402 [warning] [Decorations] CAPPING events from decorations provider vscode.git 1871
2023-11-03 09:47:04.799 [warning] [Decorations] CAPPING events from decorations provider vscode.git 1871
2023-11-03 09:47:10.587 [warning] [Decorations] CAPPING events from decorations provider vscode.git 1871
2023-11-03 09:47:16.190 [warning] [Decorations] CAPPING events from decorations provider vscode.git 1871
2023-11-03 09:47:21.815 [warning] [Decorations] CAPPING events from decorations provider vscode.git 1871
2023-11-03 09:47:27.442 [warning] [Decorations] CAPPING events from decorations provider vscode.git 1871
2023-11-03 09:47:33.067 [warning] [Decorations] CAPPING events from decorations provider vscode.git 1871
2023-11-03 09:47:38.669 [warning] [Decorations] CAPPING events from decorations provider vscode.git 1871
2023-11-03 09:47:44.305 [warning] [Decorations] CAPPING events from decorations provider vscode.git 1871
2023-11-03 09:47:49.905 [warning] [Decorations] CAPPING events from decorations provider vscode.git 1871
2023-11-03 09:47:57.490 [warning] [Decorations] CAPPING events from decorations provider vscode.git 1871
2023-11-03 09:48:03.124 [warning] [Decorations] CAPPING events from decorations provider vscode.git 1871
2023-11-03 09:48:08.742 [warning] [Decorations] CAPPING events from decorations provider vscode.git 1871
2023-11-03 09:48:14.516 [warning] [Decorations] CAPPING events from decorations provider vscode.git 1872
2023-11-03 09:48:20.129 [warning] [Decorations] CAPPING events from decorations provider vscode.git 1871
2023-11-03 09:48:25.743 [warning] [Decorations] CAPPING events from decorations provider vscode.git 1871
2023-11-03 09:48:31.359 [warning] [Decorations] CAPPING events from decorations provider vscode.git 1871
2023-11-03 09:48:36.986 [warning] [Decorations] CAPPING events from decorations provider vscode.git 1871
2023-11-03 09:48:42.594 [warning] [Decorations] CAPPING events from decorations provider vscode.git 1871
2023-11-03 09:48:48.204 [warning] [Decorations] CAPPING events from decorations provider vscode.git 1871
2023-11-03 09:48:53.832 [warning] [Decorations] CAPPING events from decorations provider vscode.git 1871
2023-11-03 09:48:59.459 [warning] [Decorations] CAPPING events from decorations provider vscode.git 1872
2023-11-03 09:49:05.064 [warning] [Decorations] CAPPING events from decorations provider vscode.git 1872
2023-11-03 09:49:10.681 [warning] [Decorations] CAPPING events from decorations provider vscode.git 1875
2023-11-03 09:49:16.488 [warning] [Decorations] CAPPING events from decorations provider vscode.git 1886
2023-11-03 09:49:22.135 [warning] [Decorations] CAPPING events from decorations provider vscode.git 1907
2023-11-03 09:49:27.794 [warning] [Decorations] CAPPING events from decorations provider vscode.git 1946
2023-11-03 09:49:33.458 [warning] [Decorations] CAPPING events from decorations provider vscode.git 2003
2023-11-03 09:49:39.177 [warning] [Decorations] CAPPING events from decorations provider vscode.git 2088
2023-11-03 09:49:44.853 [warning] [Decorations] CAPPING events from decorations provider vscode.git 2113
2023-11-03 09:49:50.564 [warning] [Decorations] CAPPING events from decorations provider vscode.git 2161
2023-11-03 09:49:56.259 [warning] [Decorations] CAPPING events from decorations provider vscode.git 2286
2023-11-03 09:50:01.944 [warning] [Decorations] CAPPING events from decorations provider vscode.git 2288
2023-11-03 09:50:07.623 [warning] [Decorations] CAPPING events from decorations provider vscode.git 2312
2023-11-03 09:50:13.351 [warning] [Decorations] CAPPING events from decorations provider vscode.git 2332
2023-11-03 09:50:19.163 [warning] [Decorations] CAPPING events from decorations provider vscode.git 2334
2023-11-03 09:50:24.861 [warning] [Decorations] CAPPING events from decorations provider vscode.git 2337
2023-11-03 09:50:30.547 [warning] [Decorations] CAPPING events from decorations provider vscode.git 2338
2023-11-03 09:50:36.226 [warning] [Decorations] CAPPING events from decorations provider vscode.git 2339
2023-11-03 09:50:41.889 [warning] [Decorations] CAPPING events from decorations provider vscode.git 2336
2023-11-03 09:50:47.546 [warning] [Decorations] CAPPING events from decorations provider vscode.git 2337
2023-11-03 09:50:53.449 [warning] [Decorations] CAPPING events from decorations provider vscode.git 2364
2023-11-03 09:50:59.124 [warning] [Decorations] CAPPING events from decorations provider vscode.git 2379
2023-11-03 09:51:04.803 [warning] [Decorations] CAPPING events from decorations provider vscode.git 2379
2023-11-03 09:51:10.487 [warning] [Decorations] CAPPING events from decorations provider vscode.git 2380
2023-11-03 09:51:16.155 [warning] [Decorations] CAPPING events from decorations provider vscode.git 2380
2023-11-03 09:51:21.987 [warning] [Decorations] CAPPING events from decorations provider vscode.git 2380
2023-11-03 09:51:27.696 [warning] [Decorations] CAPPING events from decorations provider vscode.git 2383
2023-11-03 09:51:33.403 [warning] [Decorations] CAPPING events from decorations provider vscode.git 2385
2023-11-03 09:51:39.072 [warning] [Decorations] CAPPING events from decorations provider vscode.git 2384
2023-11-03 09:51:44.746 [warning] [Decorations] CAPPING events from decorations provider vscode.git 2382
2023-11-03 09:51:50.415 [warning] [Decorations] CAPPING events from decorations provider vscode.git 2382
2023-11-03 09:51:56.101 [warning] [Decorations] CAPPING events from decorations provider vscode.git 2382
2023-11-03 09:52:01.774 [warning] [Decorations] CAPPING events from decorations provider vscode.git 2382
2023-11-03 09:52:07.451 [warning] [Decorations] CAPPING events from decorations provider vscode.git 2382
2023-11-03 09:52:13.127 [warning] [Decorations] CAPPING events from decorations provider vscode.git 2382
2023-11-03 09:52:18.807 [warning] [Decorations] CAPPING events from decorations provider vscode.git 2382
2023-11-03 09:52:24.601 [warning] [Decorations] CAPPING events from decorations provider vscode.git 2382
2023-11-03 09:52:30.275 [warning] [Decorations] CAPPING events from decorations provider vscode.git 2381
2023-11-03 09:52:35.965 [warning] [Decorations] CAPPING events from decorations provider vscode.git 2381
2023-11-03 09:52:41.647 [warning] [Decorations] CAPPING events from decorations provider vscode.git 2381
2023-11-03 09:52:47.333 [warning] [Decorations] CAPPING events from decorations provider vscode.git 2381
2023-11-03 09:52:53.005 [warning] [Decorations] CAPPING events from decorations provider vscode.git 2381
2023-11-03 09:53:28.841 [warning] [Decorations] CAPPING events from decorations provider vscode.git 2384
2023-11-03 09:53:34.533 [warning] [Decorations] CAPPING events from decorations provider vscode.git 2384
2023-11-03 09:53:40.229 [warning] [Decorations] CAPPING events from decorations provider vscode.git 2384
2023-11-03 09:53:45.914 [warning] [Decorations] CAPPING events from decorations provider vscode.git 2384
2023-11-03 09:53:51.589 [warning] [Decorations] CAPPING events from decorations provider vscode.git 2384
2023-11-03 09:53:57.249 [warning] [Decorations] CAPPING events from decorations provider vscode.git 2384
2023-11-03 09:54:02.970 [warning] [Decorations] CAPPING events from decorations provider vscode.git 2384
2023-11-03 09:54:08.630 [warning] [Decorations] CAPPING events from decorations provider vscode.git 2384
2023-11-03 09:54:14.323 [warning] [Decorations] CAPPING events from decorations provider vscode.git 2381
2023-11-03 09:54:19.994 [warning] [Decorations] CAPPING events from decorations provider vscode.git 2381
2023-11-03 09:54:25.681 [warning] [Decorations] CAPPING events from decorations provider vscode.git 2381
2023-11-03 09:54:31.475 [warning] [Decorations] CAPPING events from decorations provider vscode.git 2381
2023-11-03 09:54:37.143 [warning] [Decorations] CAPPING events from decorations provider vscode.git 2381
2023-11-03 09:54:42.821 [warning] [Decorations] CAPPING events from decorations provider vscode.git 2381
2023-11-03 09:54:48.479 [warning] [Decorations] CAPPING events from decorations provider vscode.git 2381
2023-11-03 09:54:54.149 [warning] [Decorations] CAPPING events from decorations provider vscode.git 2381
2023-11-03 09:54:59.819 [warning] [Decorations] CAPPING events from decorations provider vscode.git 2381
2023-11-03 09:55:05.498 [warning] [Decorations] CAPPING events from decorations provider vscode.git 2381
2023-11-03 09:55:11.155 [warning] [Decorations] CAPPING events from decorations provider vscode.git 2381
2023-11-03 09:55:16.838 [warning] [Decorations] CAPPING events from decorations provider vscode.git 2381
2023-11-03 09:55:22.528 [warning] [Decorations] CAPPING events from decorations provider vscode.git 2381
2023-11-03 09:55:28.215 [warning] [Decorations] CAPPING events from decorations provider vscode.git 2381
2023-11-03 09:55:34.048 [warning] [Decorations] CAPPING events from decorations provider vscode.git 2382
2023-11-03 09:55:39.717 [warning] [Decorations] CAPPING events from decorations provider vscode.git 2382
2023-11-03 09:55:45.421 [warning] [Decorations] CAPPING events from decorations provider vscode.git 2383
2023-11-03 09:55:51.099 [warning] [Decorations] CAPPING events from decorations provider vscode.git 2383
2023-11-03 09:55:56.786 [warning] [Decorations] CAPPING events from decorations provider vscode.git 2385
2023-11-03 09:56:02.478 [warning] [Decorations] CAPPING events from decorations provider vscode.git 2385
2023-11-03 09:56:08.146 [warning] [Decorations] CAPPING events from decorations provider vscode.git 2384
2023-11-03 09:56:13.823 [warning] [Decorations] CAPPING events from decorations provider vscode.git 2388
2023-11-03 09:56:19.493 [warning] [Decorations] CAPPING events from decorations provider vscode.git 2386
2023-11-03 09:56:25.153 [warning] [Decorations] CAPPING events from decorations provider vscode.git 2389
2023-11-03 09:56:30.856 [warning] [Decorations] CAPPING events from decorations provider vscode.git 2392
2023-11-03 09:56:36.663 [warning] [Decorations] CAPPING events from decorations provider vscode.git 2392
2023-11-03 09:56:42.349 [warning] [Decorations] CAPPING events from decorations provider vscode.git 2390
2023-11-03 10:01:13.564 [warning] [Decorations] CAPPING events from decorations provider vscode.git 2399
2023-11-03 10:01:19.244 [warning] [Decorations] CAPPING events from decorations provider vscode.git 2401
2023-11-03 10:01:24.915 [warning] [Decorations] CAPPING events from decorations provider vscode.git 2403
2023-11-03 10:01:30.621 [warning] [Decorations] CAPPING events from decorations provider vscode.git 2406
2023-11-03 10:01:36.294 [warning] [Decorations] CAPPING events from decorations provider vscode.git 2406
2023-11-03 10:01:41.987 [warning] [Decorations] CAPPING events from decorations provider vscode.git 2404
2023-11-03 10:01:47.645 [warning] [Decorations] CAPPING events from decorations provider vscode.git 2404
2023-11-03 10:01:53.289 [warning] [Decorations] CAPPING events from decorations provider vscode.git 2405
2023-11-03 10:01:58.962 [warning] [Decorations] CAPPING events from decorations provider vscode.git 2405
2023-11-03 10:02:04.614 [warning] [Decorations] CAPPING events from decorations provider vscode.git 2405
2023-11-03 10:02:10.287 [warning] [Decorations] CAPPING events from decorations provider vscode.git 2405
2023-11-03 10:02:16.103 [warning] [Decorations] CAPPING events from decorations provider vscode.git 2406
2023-11-03 10:02:21.769 [warning] [Decorations] CAPPING events from decorations provider vscode.git 2406
2023-11-03 10:02:27.434 [warning] [Decorations] CAPPING events from decorations provider vscode.git 2407
2023-11-03 10:02:33.100 [warning] [Decorations] CAPPING events from decorations provider vscode.git 2407
2023-11-03 10:02:38.766 [warning] [Decorations] CAPPING events from decorations provider vscode.git 2407
2023-11-03 10:02:44.442 [warning] [Decorations] CAPPING events from decorations provider vscode.git 2407
2023-11-03 10:02:50.125 [warning] [Decorations] CAPPING events from decorations provider vscode.git 2407
2023-11-03 10:02:55.805 [warning] [Decorations] CAPPING events from decorations provider vscode.git 2407
2023-11-03 10:03:01.480 [warning] [Decorations] CAPPING events from decorations provider vscode.git 2407
2023-11-03 10:03:07.165 [warning] [Decorations] CAPPING events from decorations provider vscode.git 2407
2023-11-03 10:03:12.852 [warning] [Decorations] CAPPING events from decorations provider vscode.git 2407
2023-11-03 10:03:18.669 [warning] [Decorations] CAPPING events from decorations provider vscode.git 2407
2023-11-03 10:03:24.324 [warning] [Decorations] CAPPING events from decorations provider vscode.git 2407
2023-11-03 10:03:29.991 [warning] [Decorations] CAPPING events from decorations provider vscode.git 2407
2023-11-03 10:03:35.668 [warning] [Decorations] CAPPING events from decorations provider vscode.git 2407
2023-11-03 10:03:41.341 [warning] [Decorations] CAPPING events from decorations provider vscode.git 2407
2023-11-03 10:03:47.019 [warning] [Decorations] CAPPING events from decorations provider vscode.git 2407
2023-11-03 10:03:52.680 [warning] [Decorations] CAPPING events from decorations provider vscode.git 2407
2023-11-03 10:03:58.364 [warning] [Decorations] CAPPING events from decorations provider vscode.git 2407
2023-11-03 10:04:04.035 [warning] [Decorations] CAPPING events from decorations provider vscode.git 2407
2023-11-03 10:04:09.702 [warning] [Decorations] CAPPING events from decorations provider vscode.git 2407
2023-11-03 10:04:15.368 [warning] [Decorations] CAPPING events from decorations provider vscode.git 2407
2023-11-03 10:04:21.197 [warning] [Decorations] CAPPING events from decorations provider vscode.git 2407
2023-11-03 10:04:26.883 [warning] [Decorations] CAPPING events from decorations provider vscode.git 2407
2023-11-03 10:04:32.559 [warning] [Decorations] CAPPING events from decorations provider vscode.git 2407
2023-11-03 10:04:38.260 [warning] [Decorations] CAPPING events from decorations provider vscode.git 2407
2023-11-03 10:04:43.932 [warning] [Decorations] CAPPING events from decorations provider vscode.git 2407
2023-11-03 10:04:49.608 [warning] [Decorations] CAPPING events from decorations provider vscode.git 2407
2023-11-03 10:04:55.279 [warning] [Decorations] CAPPING events from decorations provider vscode.git 2407
2023-11-03 10:05:00.957 [warning] [Decorations] CAPPING events from decorations provider vscode.git 2407
2023-11-03 10:05:06.623 [warning] [Decorations] CAPPING events from decorations provider vscode.git 2407
2023-11-03 10:05:12.301 [warning] [Decorations] CAPPING events from decorations provider vscode.git 2407
2023-11-03 10:05:17.989 [warning] [Decorations] CAPPING events from decorations provider vscode.git 2411
2023-11-03 10:05:23.821 [warning] [Decorations] CAPPING events from decorations provider vscode.git 2410
2023-11-03 10:05:29.496 [warning] [Decorations] CAPPING events from decorations provider vscode.git 2410
2023-11-03 10:05:35.174 [warning] [Decorations] CAPPING events from decorations provider vscode.git 2410
2023-11-03 10:05:40.860 [warning] [Decorations] CAPPING events from decorations provider vscode.git 2410
2023-11-03 10:05:46.558 [warning] [Decorations] CAPPING events from decorations provider vscode.git 2411
2023-11-03 10:05:52.236 [warning] [Decorations] CAPPING events from decorations provider vscode.git 2411
2023-11-03 10:05:57.922 [warning] [Decorations] CAPPING events from decorations provider vscode.git 2411
2023-11-03 10:06:03.639 [warning] [Decorations] CAPPING events from decorations provider vscode.git 2413
2023-11-03 10:06:09.321 [warning] [Decorations] CAPPING events from decorations provider vscode.git 2415
2023-11-03 10:06:15.007 [warning] [Decorations] CAPPING events from decorations provider vscode.git 2415
2023-11-03 10:06:20.682 [warning] [Decorations] CAPPING events from decorations provider vscode.git 2414
2023-11-03 10:06:26.509 [warning] [Decorations] CAPPING events from decorations provider vscode.git 2415
2023-11-03 10:06:32.201 [warning] [Decorations] CAPPING events from decorations provider vscode.git 2416
2023-11-03 10:06:37.884 [warning] [Decorations] CAPPING events from decorations provider vscode.git 2416
2023-11-03 10:06:43.566 [warning] [Decorations] CAPPING events from decorations provider vscode.git 2414
2023-11-03 10:06:49.240 [warning] [Decorations] CAPPING events from decorations provider vscode.git 2414
2023-11-03 10:06:54.924 [warning] [Decorations] CAPPING events from decorations provider vscode.git 2414
2023-11-03 10:07:00.572 [warning] [Decorations] CAPPING events from decorations provider vscode.git 2414
2023-11-03 10:07:06.237 [warning] [Decorations] CAPPING events from decorations provider vscode.git 2414
2023-11-03 10:07:11.912 [warning] [Decorations] CAPPING events from decorations provider vscode.git 2414
2023-11-03 10:07:17.568 [warning] [Decorations] CAPPING events from decorations provider vscode.git 2413
2023-11-03 10:07:23.233 [warning] [Decorations] CAPPING events from decorations provider vscode.git 2414
2023-11-03 10:07:29.073 [warning] [Decorations] CAPPING events from decorations provider vscode.git 2414
2023-11-03 10:07:34.762 [warning] [Decorations] CAPPING events from decorations provider vscode.git 2414
2023-11-03 10:07:40.450 [warning] [Decorations] CAPPING events from decorations provider vscode.git 2414
2023-11-03 10:07:46.157 [warning] [Decorations] CAPPING events from decorations provider vscode.git 2414
2023-11-03 10:07:51.838 [warning] [Decorations] CAPPING events from decorations provider vscode.git 2414
2023-11-03 10:07:57.515 [warning] [Decorations] CAPPING events from decorations provider vscode.git 2414
2023-11-03 10:08:03.203 [warning] [Decorations] CAPPING events from decorations provider vscode.git 2414
2023-11-03 10:08:08.889 [warning] [Decorations] CAPPING events from decorations provider vscode.git 2437
2023-11-03 10:08:14.609 [warning] [Decorations] CAPPING events from decorations provider vscode.git 2518
2023-11-03 10:08:20.310 [warning] [Decorations] CAPPING events from decorations provider vscode.git 2519
2023-11-03 10:08:25.987 [warning] [Decorations] CAPPING events from decorations provider vscode.git 2519
2023-11-03 10:08:31.841 [warning] [Decorations] CAPPING events from decorations provider vscode.git 2522
2023-11-03 10:08:37.672 [warning] [Decorations] CAPPING events from decorations provider vscode.git 2665
2023-11-03 10:08:43.424 [warning] [Decorations] CAPPING events from decorations provider vscode.git 2943
2023-11-03 10:08:49.121 [warning] [Decorations] CAPPING events from decorations provider vscode.git 2801
2023-11-03 10:08:54.840 [warning] [Decorations] CAPPING events from decorations provider vscode.git 2801
2023-11-03 10:09:00.582 [warning] [Decorations] CAPPING events from decorations provider vscode.git 2801
2023-11-03 10:09:06.264 [warning] [Decorations] CAPPING events from decorations provider vscode.git 2801
2023-11-03 10:09:11.985 [warning] [Decorations] CAPPING events from decorations provider vscode.git 2801
2023-11-03 10:09:17.693 [warning] [Decorations] CAPPING events from decorations provider vscode.git 2801
2023-11-03 10:09:23.693 [warning] [Decorations] CAPPING events from decorations provider vscode.git 2801
2023-11-03 10:09:29.494 [warning] [Decorations] CAPPING events from decorations provider vscode.git 2801
2023-11-03 10:09:35.365 [warning] [Decorations] CAPPING events from decorations provider vscode.git 2801
2023-11-03 10:09:41.129 [warning] [Decorations] CAPPING events from decorations provider vscode.git 2801
2023-11-03 10:09:46.870 [warning] [Decorations] CAPPING events from decorations provider vscode.git 2801
2023-11-03 10:09:52.574 [warning] [Decorations] CAPPING events from decorations provider vscode.git 2801
2023-11-03 10:09:58.313 [warning] [Decorations] CAPPING events from decorations provider vscode.git 2801
2023-11-03 10:10:04.019 [warning] [Decorations] CAPPING events from decorations provider vscode.git 2801
2023-11-03 10:10:09.730 [warning] [Decorations] CAPPING events from decorations provider vscode.git 2801
2023-11-03 10:10:15.435 [warning] [Decorations] CAPPING events from decorations provider vscode.git 2801
2023-11-03 10:10:21.147 [warning] [Decorations] CAPPING events from decorations provider vscode.git 2801
2023-11-03 10:10:26.847 [warning] [Decorations] CAPPING events from decorations provider vscode.git 2801
2023-11-03 10:10:32.554 [warning] [Decorations] CAPPING events from decorations provider vscode.git 2801
2023-11-03 10:10:38.430 [warning] [Decorations] CAPPING events from decorations provider vscode.git 2801
2023-11-03 10:10:44.175 [warning] [Decorations] CAPPING events from decorations provider vscode.git 2801
2023-11-03 10:10:49.908 [warning] [Decorations] CAPPING events from decorations provider vscode.git 2801
2023-11-03 10:10:55.611 [warning] [Decorations] CAPPING events from decorations provider vscode.git 2801
2023-11-03 10:11:01.322 [warning] [Decorations] CAPPING events from decorations provider vscode.git 2801
2023-11-03 10:11:06.388 [info] ExtensionService#_doActivateExtension ms-vscode.live-server, startup: false, activationEvent: 'onCommand:livePreview.start.preview.atFile'
2023-11-03 10:11:07.045 [warning] [Decorations] CAPPING events from decorations provider vscode.git 2802
2023-11-03 10:11:12.727 [warning] [Decorations] CAPPING events from decorations provider vscode.git 2802
2023-11-03 10:11:40.777 [warning] [Decorations] CAPPING events from decorations provider vscode.git 2805
2023-11-03 10:11:46.500 [warning] [Decorations] CAPPING events from decorations provider vscode.git 2805
2023-11-03 10:11:52.236 [warning] [Decorations] CAPPING events from decorations provider vscode.git 2805
2023-11-03 10:11:57.983 [warning] [Decorations] CAPPING events from decorations provider vscode.git 2806
2023-11-03 10:12:03.695 [warning] [Decorations] CAPPING events from decorations provider vscode.git 2805
2023-11-03 10:12:09.421 [warning] [Decorations] CAPPING events from decorations provider vscode.git 2842
2023-11-03 10:12:15.213 [warning] [Decorations] CAPPING events from decorations provider vscode.git 2841
2023-11-03 10:12:20.913 [warning] [Decorations] CAPPING events from decorations provider vscode.git 2805
2023-11-03 10:12:26.628 [warning] [Decorations] CAPPING events from decorations provider vscode.git 2805
2023-11-03 10:12:32.354 [warning] [Decorations] CAPPING events from decorations provider vscode.git 2805
2023-11-03 10:12:38.061 [warning] [Decorations] CAPPING events from decorations provider vscode.git 2805
2023-11-03 10:12:43.940 [warning] [Decorations] CAPPING events from decorations provider vscode.git 2805
2023-11-03 10:12:49.651 [warning] [Decorations] CAPPING events from decorations provider vscode.git 2805
2023-11-03 10:12:55.380 [warning] [Decorations] CAPPING events from decorations provider vscode.git 2805
2023-11-03 10:13:43.351 [warning] [Decorations] CAPPING events from decorations provider vscode.git 2806
2023-11-03 10:13:49.216 [warning] [Decorations] CAPPING events from decorations provider vscode.git 2806
2023-11-03 10:15:37.637 [warning] [Decorations] CAPPING events from decorations provider vscode.git 2817
2023-11-03 10:15:43.350 [warning] [Decorations] CAPPING events from decorations provider vscode.git 2812
2023-11-03 10:15:49.072 [warning] [Decorations] CAPPING events from decorations provider vscode.git 2812
2023-11-03 10:15:54.796 [warning] [Decorations] CAPPING events from decorations provider vscode.git 2812
2023-11-03 10:16:00.518 [warning] [Decorations] CAPPING events from decorations provider vscode.git 2818
2023-11-03 10:16:06.241 [warning] [Decorations] CAPPING events from decorations provider vscode.git 2813
2023-11-03 10:16:11.961 [warning] [Decorations] CAPPING events from decorations provider vscode.git 2813
2023-11-03 10:16:17.674 [warning] [Decorations] CAPPING events from decorations provider vscode.git 2813
2023-11-03 10:16:23.392 [warning] [Decorations] CAPPING events from decorations provider vscode.git 2813
2023-11-03 10:16:29.070 [warning] [Decorations] CAPPING events from decorations provider vscode.git 2816
2023-11-03 10:16:34.792 [warning] [Decorations] CAPPING events from decorations provider vscode.git 2816
2023-11-03 10:16:40.647 [warning] [Decorations] CAPPING events from decorations provider vscode.git 2816
2023-11-03 10:16:46.347 [warning] [Decorations] CAPPING events from decorations provider vscode.git 2814
2023-11-03 10:16:52.057 [warning] [Decorations] CAPPING events from decorations provider vscode.git 2814
2023-11-03 10:16:57.779 [warning] [Decorations] CAPPING events from decorations provider vscode.git 2814
2023-11-03 10:17:03.497 [warning] [Decorations] CAPPING events from decorations provider vscode.git 2815
2023-11-03 10:17:09.180 [warning] [Decorations] CAPPING events from decorations provider vscode.git 2815
2023-11-03 10:17:14.894 [warning] [Decorations] CAPPING events from decorations provider vscode.git 2815
2023-11-03 10:17:20.612 [warning] [Decorations] CAPPING events from decorations provider vscode.git 2815
2023-11-03 10:17:26.319 [warning] [Decorations] CAPPING events from decorations provider vscode.git 2815
2023-11-03 10:17:32.044 [warning] [Decorations] CAPPING events from decorations provider vscode.git 2815
2023-11-03 10:17:37.774 [warning] [Decorations] CAPPING events from decorations provider vscode.git 2813
2023-11-03 10:17:43.670 [warning] [Decorations] CAPPING events from decorations provider vscode.git 2813
2023-11-03 10:17:49.390 [warning] [Decorations] CAPPING events from decorations provider vscode.git 2813
2023-11-03 10:17:55.090 [warning] [Decorations] CAPPING events from decorations provider vscode.git 2813
2023-11-03 10:18:00.782 [warning] [Decorations] CAPPING events from decorations provider vscode.git 2813
2023-11-03 10:18:06.484 [warning] [Decorations] CAPPING events from decorations provider vscode.git 2813
2023-11-03 10:18:12.182 [warning] [Decorations] CAPPING events from decorations provider vscode.git 2813
2023-11-03 10:18:17.887 [warning] [Decorations] CAPPING events from decorations provider vscode.git 2813
2023-11-03 10:18:23.610 [warning] [Decorations] CAPPING events from decorations provider vscode.git 2813
2023-11-03 10:18:29.345 [warning] [Decorations] CAPPING events from decorations provider vscode.git 2813
2023-11-03 10:18:35.074 [warning] [Decorations] CAPPING events from decorations provider vscode.git 2813
2023-11-03 10:18:40.788 [warning] [Decorations] CAPPING events from decorations provider vscode.git 2813
2023-11-03 10:18:46.667 [warning] [Decorations] CAPPING events from decorations provider vscode.git 2813
2023-11-03 10:18:52.373 [warning] [Decorations] CAPPING events from decorations provider vscode.git 2813
2023-11-03 10:18:58.066 [warning] [Decorations] CAPPING events from decorations provider vscode.git 2813
2023-11-03 10:19:03.784 [warning] [Decorations] CAPPING events from decorations provider vscode.git 2813
2023-11-03 10:19:09.495 [warning] [Decorations] CAPPING events from decorations provider vscode.git 2814
2023-11-03 10:19:15.203 [warning] [Decorations] CAPPING events from decorations provider vscode.git 2814
2023-11-03 10:19:20.911 [warning] [Decorations] CAPPING events from decorations provider vscode.git 2814
2023-11-03 10:19:26.664 [warning] [Decorations] CAPPING events from decorations provider vscode.git 2814
2023-11-03 10:19:32.338 [warning] [Decorations] CAPPING events from decorations provider vscode.git 2814
2023-11-03 10:19:38.069 [warning] [Decorations] CAPPING events from decorations provider vscode.git 2814
2023-11-03 10:19:43.785 [warning] [Decorations] CAPPING events from decorations provider vscode.git 2814
2023-11-03 10:19:49.657 [warning] [Decorations] CAPPING events from decorations provider vscode.git 2814
