*
* Visual Studio Code Server
*
* By using the software, you agree to
* the Visual Studio Code Server License Terms (https://aka.ms/vscode-server-license) and
* the Microsoft Privacy Statement (https://privacy.microsoft.com/en-US/privacystatement).
*
Server bound to 127.0.0.1:36913 (IPv4)
Extension host agent listening on 36913

[11:13:16] 




[11:13:16] Extension host agent started.
[11:13:16] [127.0.0.1][d4486419][ManagementConnection] New connection established.
[11:13:16] Deleted uninstalled extension from disk ms-ceintl.vscode-language-pack-es /home/TDIW/tdiw-k11/.vscode-server/extensions/ms-ceintl.vscode-language-pack-es-1.84.2023110109
[11:13:16] [127.0.0.1][243b1602][ExtensionHostConnection] New connection established.
[11:13:16] [127.0.0.1][243b1602][ExtensionHostConnection] <124864> Launched Extension Host Process.
New EH opened, aborting shutdown
[11:18:16] New EH opened, aborting shutdown
[11:57:33] [127.0.0.1][d4486419][ManagementConnection] The client has reconnected.
rejected promise not handled within 1 second: CodeExpectedError: Could not find pty on pty host
stack trace: CodeExpectedError: Could not find pty on pty host
    at L.U (/home/TDIW/tdiw-k11/.vscode-server/bin/1a5daa3a0231a0fbba4f14db7ec463cf99d7768e/out/vs/platform/terminal/node/ptyHostMain.js:43:32314)
    at L.updateIcon (/home/TDIW/tdiw-k11/.vscode-server/bin/1a5daa3a0231a0fbba4f14db7ec463cf99d7768e/out/vs/platform/terminal/node/ptyHostMain.js:43:27526)
    at W.<computed> (/home/TDIW/tdiw-k11/.vscode-server/bin/1a5daa3a0231a0fbba4f14db7ec463cf99d7768e/out/vs/platform/terminal/node/ptyHostMain.js:43:22722)
    at Object.call (/home/TDIW/tdiw-k11/.vscode-server/bin/1a5daa3a0231a0fbba4f14db7ec463cf99d7768e/out/vs/platform/terminal/node/ptyHostMain.js:34:5005)
    at c.s (/home/TDIW/tdiw-k11/.vscode-server/bin/1a5daa3a0231a0fbba4f14db7ec463cf99d7768e/out/vs/platform/terminal/node/ptyHostMain.js:32:5118)
    at c.q (/home/TDIW/tdiw-k11/.vscode-server/bin/1a5daa3a0231a0fbba4f14db7ec463cf99d7768e/out/vs/platform/terminal/node/ptyHostMain.js:32:4641)
    at g.value (/home/TDIW/tdiw-k11/.vscode-server/bin/1a5daa3a0231a0fbba4f14db7ec463cf99d7768e/out/vs/platform/terminal/node/ptyHostMain.js:32:4052)
    at r.y (/home/TDIW/tdiw-k11/.vscode-server/bin/1a5daa3a0231a0fbba4f14db7ec463cf99d7768e/out/vs/platform/terminal/node/ptyHostMain.js:27:1902)
    at r.fire (/home/TDIW/tdiw-k11/.vscode-server/bin/1a5daa3a0231a0fbba4f14db7ec463cf99d7768e/out/vs/platform/terminal/node/ptyHostMain.js:27:2119)
    at process.le (/home/TDIW/tdiw-k11/.vscode-server/bin/1a5daa3a0231a0fbba4f14db7ec463cf99d7768e/out/vs/platform/terminal/node/ptyHostMain.js:25:9948)
    at process.emit (node:events:513:28)
    at emit (node:internal/child_process:937:14)
    at process.processTicksAndRejections (node:internal/process/task_queues:83:21)
[11:57:34] Error [CodeExpectedError]: Could not find pty on pty host
    at L.U (/home/TDIW/tdiw-k11/.vscode-server/bin/1a5daa3a0231a0fbba4f14db7ec463cf99d7768e/out/vs/platform/terminal/node/ptyHostMain.js:43:32314)
    at L.updateIcon (/home/TDIW/tdiw-k11/.vscode-server/bin/1a5daa3a0231a0fbba4f14db7ec463cf99d7768e/out/vs/platform/terminal/node/ptyHostMain.js:43:27526)
    at W.<computed> (/home/TDIW/tdiw-k11/.vscode-server/bin/1a5daa3a0231a0fbba4f14db7ec463cf99d7768e/out/vs/platform/terminal/node/ptyHostMain.js:43:22722)
    at Object.call (/home/TDIW/tdiw-k11/.vscode-server/bin/1a5daa3a0231a0fbba4f14db7ec463cf99d7768e/out/vs/platform/terminal/node/ptyHostMain.js:34:5005)
    at c.s (/home/TDIW/tdiw-k11/.vscode-server/bin/1a5daa3a0231a0fbba4f14db7ec463cf99d7768e/out/vs/platform/terminal/node/ptyHostMain.js:32:5118)
    at c.q (/home/TDIW/tdiw-k11/.vscode-server/bin/1a5daa3a0231a0fbba4f14db7ec463cf99d7768e/out/vs/platform/terminal/node/ptyHostMain.js:32:4641)
    at g.value (/home/TDIW/tdiw-k11/.vscode-server/bin/1a5daa3a0231a0fbba4f14db7ec463cf99d7768e/out/vs/platform/terminal/node/ptyHostMain.js:32:4052)
    at r.y (/home/TDIW/tdiw-k11/.vscode-server/bin/1a5daa3a0231a0fbba4f14db7ec463cf99d7768e/out/vs/platform/terminal/node/ptyHostMain.js:27:1902)
    at r.fire (/home/TDIW/tdiw-k11/.vscode-server/bin/1a5daa3a0231a0fbba4f14db7ec463cf99d7768e/out/vs/platform/terminal/node/ptyHostMain.js:27:2119)
    at process.le (/home/TDIW/tdiw-k11/.vscode-server/bin/1a5daa3a0231a0fbba4f14db7ec463cf99d7768e/out/vs/platform/terminal/node/ptyHostMain.js:25:9948)
    at process.emit (node:events:513:28)
    at emit (node:internal/child_process:937:14)
    at process.processTicksAndRejections (node:internal/process/task_queues:83:21)
rejected promise not handled within 1 second: CodeExpectedError: Could not find pty on pty host
stack trace: CodeExpectedError: Could not find pty on pty host
    at L.U (/home/TDIW/tdiw-k11/.vscode-server/bin/1a5daa3a0231a0fbba4f14db7ec463cf99d7768e/out/vs/platform/terminal/node/ptyHostMain.js:43:32314)
    at L.updateTitle (/home/TDIW/tdiw-k11/.vscode-server/bin/1a5daa3a0231a0fbba4f14db7ec463cf99d7768e/out/vs/platform/terminal/node/ptyHostMain.js:43:27475)
    at W.<computed> (/home/TDIW/tdiw-k11/.vscode-server/bin/1a5daa3a0231a0fbba4f14db7ec463cf99d7768e/out/vs/platform/terminal/node/ptyHostMain.js:43:22722)
    at Object.call (/home/TDIW/tdiw-k11/.vscode-server/bin/1a5daa3a0231a0fbba4f14db7ec463cf99d7768e/out/vs/platform/terminal/node/ptyHostMain.js:34:5005)
    at c.s (/home/TDIW/tdiw-k11/.vscode-server/bin/1a5daa3a0231a0fbba4f14db7ec463cf99d7768e/out/vs/platform/terminal/node/ptyHostMain.js:32:5118)
    at c.q (/home/TDIW/tdiw-k11/.vscode-server/bin/1a5daa3a0231a0fbba4f14db7ec463cf99d7768e/out/vs/platform/terminal/node/ptyHostMain.js:32:4641)
    at g.value (/home/TDIW/tdiw-k11/.vscode-server/bin/1a5daa3a0231a0fbba4f14db7ec463cf99d7768e/out/vs/platform/terminal/node/ptyHostMain.js:32:4052)
    at r.y (/home/TDIW/tdiw-k11/.vscode-server/bin/1a5daa3a0231a0fbba4f14db7ec463cf99d7768e/out/vs/platform/terminal/node/ptyHostMain.js:27:1902)
    at r.fire (/home/TDIW/tdiw-k11/.vscode-server/bin/1a5daa3a0231a0fbba4f14db7ec463cf99d7768e/out/vs/platform/terminal/node/ptyHostMain.js:27:2119)
    at process.le (/home/TDIW/tdiw-k11/.vscode-server/bin/1a5daa3a0231a0fbba4f14db7ec463cf99d7768e/out/vs/platform/terminal/node/ptyHostMain.js:25:9948)
    at process.emit (node:events:513:28)
    at emit (node:internal/child_process:937:14)
    at process.processTicksAndRejections (node:internal/process/task_queues:83:21)
[11:57:34] Error [CodeExpectedError]: Could not find pty on pty host
    at L.U (/home/TDIW/tdiw-k11/.vscode-server/bin/1a5daa3a0231a0fbba4f14db7ec463cf99d7768e/out/vs/platform/terminal/node/ptyHostMain.js:43:32314)
    at L.updateTitle (/home/TDIW/tdiw-k11/.vscode-server/bin/1a5daa3a0231a0fbba4f14db7ec463cf99d7768e/out/vs/platform/terminal/node/ptyHostMain.js:43:27475)
    at W.<computed> (/home/TDIW/tdiw-k11/.vscode-server/bin/1a5daa3a0231a0fbba4f14db7ec463cf99d7768e/out/vs/platform/terminal/node/ptyHostMain.js:43:22722)
    at Object.call (/home/TDIW/tdiw-k11/.vscode-server/bin/1a5daa3a0231a0fbba4f14db7ec463cf99d7768e/out/vs/platform/terminal/node/ptyHostMain.js:34:5005)
    at c.s (/home/TDIW/tdiw-k11/.vscode-server/bin/1a5daa3a0231a0fbba4f14db7ec463cf99d7768e/out/vs/platform/terminal/node/ptyHostMain.js:32:5118)
    at c.q (/home/TDIW/tdiw-k11/.vscode-server/bin/1a5daa3a0231a0fbba4f14db7ec463cf99d7768e/out/vs/platform/terminal/node/ptyHostMain.js:32:4641)
    at g.value (/home/TDIW/tdiw-k11/.vscode-server/bin/1a5daa3a0231a0fbba4f14db7ec463cf99d7768e/out/vs/platform/terminal/node/ptyHostMain.js:32:4052)
    at r.y (/home/TDIW/tdiw-k11/.vscode-server/bin/1a5daa3a0231a0fbba4f14db7ec463cf99d7768e/out/vs/platform/terminal/node/ptyHostMain.js:27:1902)
    at r.fire (/home/TDIW/tdiw-k11/.vscode-server/bin/1a5daa3a0231a0fbba4f14db7ec463cf99d7768e/out/vs/platform/terminal/node/ptyHostMain.js:27:2119)
    at process.le (/home/TDIW/tdiw-k11/.vscode-server/bin/1a5daa3a0231a0fbba4f14db7ec463cf99d7768e/out/vs/platform/terminal/node/ptyHostMain.js:25:9948)
    at process.emit (node:events:513:28)
    at emit (node:internal/child_process:937:14)
    at process.processTicksAndRejections (node:internal/process/task_queues:83:21)
[11:57:44] [127.0.0.1][243b1602][ExtensionHostConnection] The client has reconnected.
