*
* Visual Studio Code Server
*
* By using the software, you agree to
* the Visual Studio Code Server License Terms (https://aka.ms/vscode-server-license) and
* the Microsoft Privacy Statement (https://privacy.microsoft.com/en-US/privacystatement).
*
Server bound to 127.0.0.1:42069 (IPv4)
Extension host agent listening on 42069

[18:25:46] 




[18:25:46] Extension host agent started.
[18:25:46] [127.0.0.1][058132d9][ManagementConnection] New connection established.
[18:25:46] [127.0.0.1][f20d3aed][ExtensionHostConnection] New connection established.
[18:25:46] [127.0.0.1][f20d3aed][ExtensionHostConnection] <341667> Launched Extension Host Process.
rejected promise not handled within 1 second: CodeExpectedError: Could not find pty on pty host
stack trace: CodeExpectedError: Could not find pty on pty host
    at L.U (/home/TDIW/tdiw-k11/.vscode-server/bin/d037ac076cee195194f93ce6fe2bdfe2969cc82d/out/vs/platform/terminal/node/ptyHostMain.js:43:32314)
    at L.updateIcon (/home/TDIW/tdiw-k11/.vscode-server/bin/d037ac076cee195194f93ce6fe2bdfe2969cc82d/out/vs/platform/terminal/node/ptyHostMain.js:43:27526)
    at W.<computed> (/home/TDIW/tdiw-k11/.vscode-server/bin/d037ac076cee195194f93ce6fe2bdfe2969cc82d/out/vs/platform/terminal/node/ptyHostMain.js:43:22722)
    at Object.call (/home/TDIW/tdiw-k11/.vscode-server/bin/d037ac076cee195194f93ce6fe2bdfe2969cc82d/out/vs/platform/terminal/node/ptyHostMain.js:34:5005)
    at c.s (/home/TDIW/tdiw-k11/.vscode-server/bin/d037ac076cee195194f93ce6fe2bdfe2969cc82d/out/vs/platform/terminal/node/ptyHostMain.js:32:5118)
    at c.q (/home/TDIW/tdiw-k11/.vscode-server/bin/d037ac076cee195194f93ce6fe2bdfe2969cc82d/out/vs/platform/terminal/node/ptyHostMain.js:32:4641)
    at g.value (/home/TDIW/tdiw-k11/.vscode-server/bin/d037ac076cee195194f93ce6fe2bdfe2969cc82d/out/vs/platform/terminal/node/ptyHostMain.js:32:4052)
    at r.y (/home/TDIW/tdiw-k11/.vscode-server/bin/d037ac076cee195194f93ce6fe2bdfe2969cc82d/out/vs/platform/terminal/node/ptyHostMain.js:27:1902)
    at r.fire (/home/TDIW/tdiw-k11/.vscode-server/bin/d037ac076cee195194f93ce6fe2bdfe2969cc82d/out/vs/platform/terminal/node/ptyHostMain.js:27:2119)
    at process.le (/home/TDIW/tdiw-k11/.vscode-server/bin/d037ac076cee195194f93ce6fe2bdfe2969cc82d/out/vs/platform/terminal/node/ptyHostMain.js:25:9948)
    at process.emit (node:events:513:28)
    at emit (node:internal/child_process:937:14)
    at process.processTicksAndRejections (node:internal/process/task_queues:83:21)
[18:25:50] Error [CodeExpectedError]: Could not find pty on pty host
    at L.U (/home/TDIW/tdiw-k11/.vscode-server/bin/d037ac076cee195194f93ce6fe2bdfe2969cc82d/out/vs/platform/terminal/node/ptyHostMain.js:43:32314)
    at L.updateIcon (/home/TDIW/tdiw-k11/.vscode-server/bin/d037ac076cee195194f93ce6fe2bdfe2969cc82d/out/vs/platform/terminal/node/ptyHostMain.js:43:27526)
    at W.<computed> (/home/TDIW/tdiw-k11/.vscode-server/bin/d037ac076cee195194f93ce6fe2bdfe2969cc82d/out/vs/platform/terminal/node/ptyHostMain.js:43:22722)
    at Object.call (/home/TDIW/tdiw-k11/.vscode-server/bin/d037ac076cee195194f93ce6fe2bdfe2969cc82d/out/vs/platform/terminal/node/ptyHostMain.js:34:5005)
    at c.s (/home/TDIW/tdiw-k11/.vscode-server/bin/d037ac076cee195194f93ce6fe2bdfe2969cc82d/out/vs/platform/terminal/node/ptyHostMain.js:32:5118)
    at c.q (/home/TDIW/tdiw-k11/.vscode-server/bin/d037ac076cee195194f93ce6fe2bdfe2969cc82d/out/vs/platform/terminal/node/ptyHostMain.js:32:4641)
    at g.value (/home/TDIW/tdiw-k11/.vscode-server/bin/d037ac076cee195194f93ce6fe2bdfe2969cc82d/out/vs/platform/terminal/node/ptyHostMain.js:32:4052)
    at r.y (/home/TDIW/tdiw-k11/.vscode-server/bin/d037ac076cee195194f93ce6fe2bdfe2969cc82d/out/vs/platform/terminal/node/ptyHostMain.js:27:1902)
    at r.fire (/home/TDIW/tdiw-k11/.vscode-server/bin/d037ac076cee195194f93ce6fe2bdfe2969cc82d/out/vs/platform/terminal/node/ptyHostMain.js:27:2119)
    at process.le (/home/TDIW/tdiw-k11/.vscode-server/bin/d037ac076cee195194f93ce6fe2bdfe2969cc82d/out/vs/platform/terminal/node/ptyHostMain.js:25:9948)
    at process.emit (node:events:513:28)
    at emit (node:internal/child_process:937:14)
    at process.processTicksAndRejections (node:internal/process/task_queues:83:21)
rejected promise not handled within 1 second: CodeExpectedError: Could not find pty on pty host
stack trace: CodeExpectedError: Could not find pty on pty host
    at L.U (/home/TDIW/tdiw-k11/.vscode-server/bin/d037ac076cee195194f93ce6fe2bdfe2969cc82d/out/vs/platform/terminal/node/ptyHostMain.js:43:32314)
    at L.updateTitle (/home/TDIW/tdiw-k11/.vscode-server/bin/d037ac076cee195194f93ce6fe2bdfe2969cc82d/out/vs/platform/terminal/node/ptyHostMain.js:43:27475)
    at W.<computed> (/home/TDIW/tdiw-k11/.vscode-server/bin/d037ac076cee195194f93ce6fe2bdfe2969cc82d/out/vs/platform/terminal/node/ptyHostMain.js:43:22722)
    at Object.call (/home/TDIW/tdiw-k11/.vscode-server/bin/d037ac076cee195194f93ce6fe2bdfe2969cc82d/out/vs/platform/terminal/node/ptyHostMain.js:34:5005)
    at c.s (/home/TDIW/tdiw-k11/.vscode-server/bin/d037ac076cee195194f93ce6fe2bdfe2969cc82d/out/vs/platform/terminal/node/ptyHostMain.js:32:5118)
    at c.q (/home/TDIW/tdiw-k11/.vscode-server/bin/d037ac076cee195194f93ce6fe2bdfe2969cc82d/out/vs/platform/terminal/node/ptyHostMain.js:32:4641)
    at g.value (/home/TDIW/tdiw-k11/.vscode-server/bin/d037ac076cee195194f93ce6fe2bdfe2969cc82d/out/vs/platform/terminal/node/ptyHostMain.js:32:4052)
    at r.y (/home/TDIW/tdiw-k11/.vscode-server/bin/d037ac076cee195194f93ce6fe2bdfe2969cc82d/out/vs/platform/terminal/node/ptyHostMain.js:27:1902)
    at r.fire (/home/TDIW/tdiw-k11/.vscode-server/bin/d037ac076cee195194f93ce6fe2bdfe2969cc82d/out/vs/platform/terminal/node/ptyHostMain.js:27:2119)
    at process.le (/home/TDIW/tdiw-k11/.vscode-server/bin/d037ac076cee195194f93ce6fe2bdfe2969cc82d/out/vs/platform/terminal/node/ptyHostMain.js:25:9948)
    at process.emit (node:events:513:28)
    at emit (node:internal/child_process:937:14)
    at process.processTicksAndRejections (node:internal/process/task_queues:83:21)
[18:25:50] Error [CodeExpectedError]: Could not find pty on pty host
    at L.U (/home/TDIW/tdiw-k11/.vscode-server/bin/d037ac076cee195194f93ce6fe2bdfe2969cc82d/out/vs/platform/terminal/node/ptyHostMain.js:43:32314)
    at L.updateTitle (/home/TDIW/tdiw-k11/.vscode-server/bin/d037ac076cee195194f93ce6fe2bdfe2969cc82d/out/vs/platform/terminal/node/ptyHostMain.js:43:27475)
    at W.<computed> (/home/TDIW/tdiw-k11/.vscode-server/bin/d037ac076cee195194f93ce6fe2bdfe2969cc82d/out/vs/platform/terminal/node/ptyHostMain.js:43:22722)
    at Object.call (/home/TDIW/tdiw-k11/.vscode-server/bin/d037ac076cee195194f93ce6fe2bdfe2969cc82d/out/vs/platform/terminal/node/ptyHostMain.js:34:5005)
    at c.s (/home/TDIW/tdiw-k11/.vscode-server/bin/d037ac076cee195194f93ce6fe2bdfe2969cc82d/out/vs/platform/terminal/node/ptyHostMain.js:32:5118)
    at c.q (/home/TDIW/tdiw-k11/.vscode-server/bin/d037ac076cee195194f93ce6fe2bdfe2969cc82d/out/vs/platform/terminal/node/ptyHostMain.js:32:4641)
    at g.value (/home/TDIW/tdiw-k11/.vscode-server/bin/d037ac076cee195194f93ce6fe2bdfe2969cc82d/out/vs/platform/terminal/node/ptyHostMain.js:32:4052)
    at r.y (/home/TDIW/tdiw-k11/.vscode-server/bin/d037ac076cee195194f93ce6fe2bdfe2969cc82d/out/vs/platform/terminal/node/ptyHostMain.js:27:1902)
    at r.fire (/home/TDIW/tdiw-k11/.vscode-server/bin/d037ac076cee195194f93ce6fe2bdfe2969cc82d/out/vs/platform/terminal/node/ptyHostMain.js:27:2119)
    at process.le (/home/TDIW/tdiw-k11/.vscode-server/bin/d037ac076cee195194f93ce6fe2bdfe2969cc82d/out/vs/platform/terminal/node/ptyHostMain.js:25:9948)
    at process.emit (node:events:513:28)
    at emit (node:internal/child_process:937:14)
    at process.processTicksAndRejections (node:internal/process/task_queues:83:21)
[18:25:50] Getting Manifest... ms-ceintl.vscode-language-pack-es
[18:25:51] Installing extension: ms-ceintl.vscode-language-pack-es
[18:25:52] Extension signature verification failed with error 'ENOENT': ms-ceintl.vscode-language-pack-es
[18:25:52] Extracted extension to file:///home/TDIW/tdiw-k11/.vscode-server/extensions/ms-ceintl.vscode-language-pack-es-1.84.2023111509: ms-ceintl.vscode-language-pack-es
[18:25:52] Renamed to /home/TDIW/tdiw-k11/.vscode-server/extensions/ms-ceintl.vscode-language-pack-es-1.84.2023111509
[18:25:52] Extracting extension completed. ms-ceintl.vscode-language-pack-es
[18:25:52] Adding language packs from the extension ms-ceintl.vscode-language-pack-es
[18:25:52] Marked extension as uninstalled ms-ceintl.vscode-language-pack-es-1.84.2023110109
[18:25:52] Extension installed successfully: ms-ceintl.vscode-language-pack-es
[18:26:23] [127.0.0.1][058132d9][ManagementConnection] The client has disconnected gracefully, so the connection will be disposed.
[18:26:23] [127.0.0.1][f20d3aed][ExtensionHostConnection] <341667> Extension Host Process exited with code: 0, signal: null.
Cancelling previous shutdown timeout
[18:26:23] Cancelling previous shutdown timeout
Last EH closed, waiting before shutting down
[18:26:23] Last EH closed, waiting before shutting down
Got delay-shutdown request while in shutdown timeout, delaying
[18:26:27] Got delay-shutdown request while in shutdown timeout, delaying
Cancelling previous shutdown timeout
[18:26:27] Cancelling previous shutdown timeout
[18:26:27] [127.0.0.1][8f096b46][ManagementConnection] New connection established.
[18:26:27] [127.0.0.1][c046e7f9][ExtensionHostConnection] New connection established.
[18:26:27] [127.0.0.1][c046e7f9][ExtensionHostConnection] <341927> Launched Extension Host Process.
rejected promise not handled within 1 second: CodeExpectedError: Could not find pty on pty host
stack trace: CodeExpectedError: Could not find pty on pty host
    at L.U (/home/TDIW/tdiw-k11/.vscode-server/bin/d037ac076cee195194f93ce6fe2bdfe2969cc82d/out/vs/platform/terminal/node/ptyHostMain.js:43:32314)
    at L.updateIcon (/home/TDIW/tdiw-k11/.vscode-server/bin/d037ac076cee195194f93ce6fe2bdfe2969cc82d/out/vs/platform/terminal/node/ptyHostMain.js:43:27526)
    at W.<computed> (/home/TDIW/tdiw-k11/.vscode-server/bin/d037ac076cee195194f93ce6fe2bdfe2969cc82d/out/vs/platform/terminal/node/ptyHostMain.js:43:22722)
    at Object.call (/home/TDIW/tdiw-k11/.vscode-server/bin/d037ac076cee195194f93ce6fe2bdfe2969cc82d/out/vs/platform/terminal/node/ptyHostMain.js:34:5005)
    at c.s (/home/TDIW/tdiw-k11/.vscode-server/bin/d037ac076cee195194f93ce6fe2bdfe2969cc82d/out/vs/platform/terminal/node/ptyHostMain.js:32:5118)
    at c.q (/home/TDIW/tdiw-k11/.vscode-server/bin/d037ac076cee195194f93ce6fe2bdfe2969cc82d/out/vs/platform/terminal/node/ptyHostMain.js:32:4641)
    at g.value (/home/TDIW/tdiw-k11/.vscode-server/bin/d037ac076cee195194f93ce6fe2bdfe2969cc82d/out/vs/platform/terminal/node/ptyHostMain.js:32:4052)
    at r.y (/home/TDIW/tdiw-k11/.vscode-server/bin/d037ac076cee195194f93ce6fe2bdfe2969cc82d/out/vs/platform/terminal/node/ptyHostMain.js:27:1902)
    at r.fire (/home/TDIW/tdiw-k11/.vscode-server/bin/d037ac076cee195194f93ce6fe2bdfe2969cc82d/out/vs/platform/terminal/node/ptyHostMain.js:27:2119)
    at process.le (/home/TDIW/tdiw-k11/.vscode-server/bin/d037ac076cee195194f93ce6fe2bdfe2969cc82d/out/vs/platform/terminal/node/ptyHostMain.js:25:9948)
    at process.emit (node:events:513:28)
    at emit (node:internal/child_process:937:14)
    at process.processTicksAndRejections (node:internal/process/task_queues:83:21)
[18:28:33] Error [CodeExpectedError]: Could not find pty on pty host
    at L.U (/home/TDIW/tdiw-k11/.vscode-server/bin/d037ac076cee195194f93ce6fe2bdfe2969cc82d/out/vs/platform/terminal/node/ptyHostMain.js:43:32314)
    at L.updateIcon (/home/TDIW/tdiw-k11/.vscode-server/bin/d037ac076cee195194f93ce6fe2bdfe2969cc82d/out/vs/platform/terminal/node/ptyHostMain.js:43:27526)
    at W.<computed> (/home/TDIW/tdiw-k11/.vscode-server/bin/d037ac076cee195194f93ce6fe2bdfe2969cc82d/out/vs/platform/terminal/node/ptyHostMain.js:43:22722)
    at Object.call (/home/TDIW/tdiw-k11/.vscode-server/bin/d037ac076cee195194f93ce6fe2bdfe2969cc82d/out/vs/platform/terminal/node/ptyHostMain.js:34:5005)
    at c.s (/home/TDIW/tdiw-k11/.vscode-server/bin/d037ac076cee195194f93ce6fe2bdfe2969cc82d/out/vs/platform/terminal/node/ptyHostMain.js:32:5118)
    at c.q (/home/TDIW/tdiw-k11/.vscode-server/bin/d037ac076cee195194f93ce6fe2bdfe2969cc82d/out/vs/platform/terminal/node/ptyHostMain.js:32:4641)
    at g.value (/home/TDIW/tdiw-k11/.vscode-server/bin/d037ac076cee195194f93ce6fe2bdfe2969cc82d/out/vs/platform/terminal/node/ptyHostMain.js:32:4052)
    at r.y (/home/TDIW/tdiw-k11/.vscode-server/bin/d037ac076cee195194f93ce6fe2bdfe2969cc82d/out/vs/platform/terminal/node/ptyHostMain.js:27:1902)
    at r.fire (/home/TDIW/tdiw-k11/.vscode-server/bin/d037ac076cee195194f93ce6fe2bdfe2969cc82d/out/vs/platform/terminal/node/ptyHostMain.js:27:2119)
    at process.le (/home/TDIW/tdiw-k11/.vscode-server/bin/d037ac076cee195194f93ce6fe2bdfe2969cc82d/out/vs/platform/terminal/node/ptyHostMain.js:25:9948)
    at process.emit (node:events:513:28)
    at emit (node:internal/child_process:937:14)
    at process.processTicksAndRejections (node:internal/process/task_queues:83:21)
rejected promise not handled within 1 second: CodeExpectedError: Could not find pty on pty host
stack trace: CodeExpectedError: Could not find pty on pty host
    at L.U (/home/TDIW/tdiw-k11/.vscode-server/bin/d037ac076cee195194f93ce6fe2bdfe2969cc82d/out/vs/platform/terminal/node/ptyHostMain.js:43:32314)
    at L.updateTitle (/home/TDIW/tdiw-k11/.vscode-server/bin/d037ac076cee195194f93ce6fe2bdfe2969cc82d/out/vs/platform/terminal/node/ptyHostMain.js:43:27475)
    at W.<computed> (/home/TDIW/tdiw-k11/.vscode-server/bin/d037ac076cee195194f93ce6fe2bdfe2969cc82d/out/vs/platform/terminal/node/ptyHostMain.js:43:22722)
    at Object.call (/home/TDIW/tdiw-k11/.vscode-server/bin/d037ac076cee195194f93ce6fe2bdfe2969cc82d/out/vs/platform/terminal/node/ptyHostMain.js:34:5005)
    at c.s (/home/TDIW/tdiw-k11/.vscode-server/bin/d037ac076cee195194f93ce6fe2bdfe2969cc82d/out/vs/platform/terminal/node/ptyHostMain.js:32:5118)
    at c.q (/home/TDIW/tdiw-k11/.vscode-server/bin/d037ac076cee195194f93ce6fe2bdfe2969cc82d/out/vs/platform/terminal/node/ptyHostMain.js:32:4641)
    at g.value (/home/TDIW/tdiw-k11/.vscode-server/bin/d037ac076cee195194f93ce6fe2bdfe2969cc82d/out/vs/platform/terminal/node/ptyHostMain.js:32:4052)
    at r.y (/home/TDIW/tdiw-k11/.vscode-server/bin/d037ac076cee195194f93ce6fe2bdfe2969cc82d/out/vs/platform/terminal/node/ptyHostMain.js:27:1902)
    at r.fire (/home/TDIW/tdiw-k11/.vscode-server/bin/d037ac076cee195194f93ce6fe2bdfe2969cc82d/out/vs/platform/terminal/node/ptyHostMain.js:27:2119)
    at process.le (/home/TDIW/tdiw-k11/.vscode-server/bin/d037ac076cee195194f93ce6fe2bdfe2969cc82d/out/vs/platform/terminal/node/ptyHostMain.js:25:9948)
    at process.emit (node:events:513:28)
    at emit (node:internal/child_process:937:14)
    at process.processTicksAndRejections (node:internal/process/task_queues:83:21)
[18:28:33] Error [CodeExpectedError]: Could not find pty on pty host
    at L.U (/home/TDIW/tdiw-k11/.vscode-server/bin/d037ac076cee195194f93ce6fe2bdfe2969cc82d/out/vs/platform/terminal/node/ptyHostMain.js:43:32314)
    at L.updateTitle (/home/TDIW/tdiw-k11/.vscode-server/bin/d037ac076cee195194f93ce6fe2bdfe2969cc82d/out/vs/platform/terminal/node/ptyHostMain.js:43:27475)
    at W.<computed> (/home/TDIW/tdiw-k11/.vscode-server/bin/d037ac076cee195194f93ce6fe2bdfe2969cc82d/out/vs/platform/terminal/node/ptyHostMain.js:43:22722)
    at Object.call (/home/TDIW/tdiw-k11/.vscode-server/bin/d037ac076cee195194f93ce6fe2bdfe2969cc82d/out/vs/platform/terminal/node/ptyHostMain.js:34:5005)
    at c.s (/home/TDIW/tdiw-k11/.vscode-server/bin/d037ac076cee195194f93ce6fe2bdfe2969cc82d/out/vs/platform/terminal/node/ptyHostMain.js:32:5118)
    at c.q (/home/TDIW/tdiw-k11/.vscode-server/bin/d037ac076cee195194f93ce6fe2bdfe2969cc82d/out/vs/platform/terminal/node/ptyHostMain.js:32:4641)
    at g.value (/home/TDIW/tdiw-k11/.vscode-server/bin/d037ac076cee195194f93ce6fe2bdfe2969cc82d/out/vs/platform/terminal/node/ptyHostMain.js:32:4052)
    at r.y (/home/TDIW/tdiw-k11/.vscode-server/bin/d037ac076cee195194f93ce6fe2bdfe2969cc82d/out/vs/platform/terminal/node/ptyHostMain.js:27:1902)
    at r.fire (/home/TDIW/tdiw-k11/.vscode-server/bin/d037ac076cee195194f93ce6fe2bdfe2969cc82d/out/vs/platform/terminal/node/ptyHostMain.js:27:2119)
    at process.le (/home/TDIW/tdiw-k11/.vscode-server/bin/d037ac076cee195194f93ce6fe2bdfe2969cc82d/out/vs/platform/terminal/node/ptyHostMain.js:25:9948)
    at process.emit (node:events:513:28)
    at emit (node:internal/child_process:937:14)
    at process.processTicksAndRejections (node:internal/process/task_queues:83:21)
