*
* Visual Studio Code Server
*
* By using the software, you agree to
* the Visual Studio Code Server License Terms (https://aka.ms/vscode-server-license) and
* the Microsoft Privacy Statement (https://privacy.microsoft.com/en-US/privacystatement).
*
Server bound to 127.0.0.1:38461 (IPv4)
Extension host agent listening on 38461

[12:53:06] 




[12:53:06] Extension host agent started.
[12:53:06] [127.0.0.1][6f410fe0][ExtensionHostConnection] New connection established.
[12:53:06] [127.0.0.1][5b292c56][ManagementConnection] New connection established.
[12:53:06] Installing extensions...
[12:53:06] [127.0.0.1][6f410fe0][ExtensionHostConnection] <336085> Launched Extension Host Process.
[12:53:07] Installing extension 'ms-ceintl.vscode-language-pack-es'...
[12:53:07] Getting Manifest... ms-ceintl.vscode-language-pack-es
[12:53:07] Installing extension: ms-ceintl.vscode-language-pack-es
[12:53:09] Extension signature verification failed with error 'ENOENT': ms-ceintl.vscode-language-pack-es
[12:53:09] Extracted extension to file:///home/TDIW/tdiw-k11/.vscode-server/extensions/ms-ceintl.vscode-language-pack-es-1.83.2023101109: ms-ceintl.vscode-language-pack-es
[12:53:09] Renamed to /home/TDIW/tdiw-k11/.vscode-server/extensions/ms-ceintl.vscode-language-pack-es-1.83.2023101109
[12:53:09] Extracting extension completed. ms-ceintl.vscode-language-pack-es
[12:53:09] Adding language packs from the extension ms-ceintl.vscode-language-pack-es
[12:53:09] Extension installed successfully: ms-ceintl.vscode-language-pack-es
[12:53:09] Extension 'ms-ceintl.vscode-language-pack-es' v1.83.2023101109 was successfully installed.
New EH opened, aborting shutdown
[12:58:06] New EH opened, aborting shutdown
[16:04:12] [127.0.0.1][6f410fe0][ExtensionHostConnection] <336085> Extension Host Process exited with code: 0, signal: null.
Last EH closed, waiting before shutting down
[16:04:12] Last EH closed, waiting before shutting down
Last EH closed, shutting down
[16:09:12] Last EH closed, shutting down
