2023-11-03 08:56:31.130 [info] Extension host with pid 73610 started
2023-11-03 08:56:31.148 [info] Lock '/home/TDIW/tdiw-k11/.vscode-server/data/User/workspaceStorage/74c4d86dc863f504f15dde947b3a866a/vscode.lock': Lock acquired.
2023-11-03 08:56:31.181 [info] ExtensionService#_doActivateExtension vscode.emmet, startup: false, activationEvent: 'onLanguage'
2023-11-03 08:56:31.182 [info] ExtensionService#_doActivateExtension vscode.php-language-features, startup: false, activationEvent: 'onLanguage:php'
2023-11-03 08:56:31.267 [info] ExtensionService#_doActivateExtension vscode.git-base, startup: true, activationEvent: '*', root cause: vscode.git
2023-11-03 08:56:31.428 [info] ExtensionService#_doActivateExtension vscode.git, startup: true, activationEvent: '*'
2023-11-03 08:56:31.428 [info] ExtensionService#_doActivateExtension vscode.github, startup: true, activationEvent: '*'
2023-11-03 08:56:31.637 [info] Eager extensions activated
2023-11-03 08:56:31.637 [info] ExtensionService#_doActivateExtension vscode.debug-auto-launch, startup: false, activationEvent: 'onStartupFinished'
2023-11-03 08:56:31.638 [info] ExtensionService#_doActivateExtension vscode.merge-conflict, startup: false, activationEvent: 'onStartupFinished'
2023-11-03 08:56:32.667 [warning] [Decorations] CAPPING events from decorations provider vscode.git 1615
2023-11-03 08:56:33.216 [warning] [Decorations] CAPPING events from decorations provider vscode.git 1615
2023-11-03 08:56:38.294 [warning] [Decorations] CAPPING events from decorations provider vscode.git 1716
2023-11-03 08:56:43.875 [warning] [Decorations] CAPPING events from decorations provider vscode.git 1716
2023-11-03 08:56:49.417 [warning] [Decorations] CAPPING events from decorations provider vscode.git 1715
2023-11-03 08:56:54.975 [warning] [Decorations] CAPPING events from decorations provider vscode.git 1715
2023-11-03 08:57:00.530 [warning] [Decorations] CAPPING events from decorations provider vscode.git 1715
2023-11-03 08:57:06.083 [warning] [Decorations] CAPPING events from decorations provider vscode.git 1715
2023-11-03 08:57:11.653 [warning] [Decorations] CAPPING events from decorations provider vscode.git 1715
2023-11-03 09:10:19.417 [warning] [Decorations] CAPPING events from decorations provider vscode.git 1934
2023-11-03 09:10:25.002 [warning] [Decorations] CAPPING events from decorations provider vscode.git 1924
2023-11-03 09:10:30.596 [warning] [Decorations] CAPPING events from decorations provider vscode.git 1925
2023-11-03 09:10:36.167 [warning] [Decorations] CAPPING events from decorations provider vscode.git 1926
2023-11-03 09:10:41.745 [warning] [Decorations] CAPPING events from decorations provider vscode.git 1927
2023-11-03 09:10:47.324 [warning] [Decorations] CAPPING events from decorations provider vscode.git 1927
2023-11-03 09:10:52.905 [warning] [Decorations] CAPPING events from decorations provider vscode.git 1927
2023-11-03 09:10:58.489 [warning] [Decorations] CAPPING events from decorations provider vscode.git 1927
2023-11-03 09:11:04.060 [warning] [Decorations] CAPPING events from decorations provider vscode.git 1927
2023-11-03 09:11:09.630 [warning] [Decorations] CAPPING events from decorations provider vscode.git 1927
2023-11-03 09:11:15.224 [warning] [Decorations] CAPPING events from decorations provider vscode.git 1930
2023-11-03 09:11:20.964 [warning] [Decorations] CAPPING events from decorations provider vscode.git 1935
2023-11-03 09:11:26.607 [warning] [Decorations] CAPPING events from decorations provider vscode.git 1942
2023-11-03 09:12:34.985 [warning] [Decorations] CAPPING events from decorations provider vscode.git 1984
2023-11-03 09:12:40.666 [warning] [Decorations] CAPPING events from decorations provider vscode.git 1818
2023-11-03 09:12:46.266 [warning] [Decorations] CAPPING events from decorations provider vscode.git 1816
2023-11-03 09:12:51.871 [warning] [Decorations] CAPPING events from decorations provider vscode.git 1816
2023-11-03 09:12:57.484 [warning] [Decorations] CAPPING events from decorations provider vscode.git 1816
2023-11-03 09:13:03.075 [warning] [Decorations] CAPPING events from decorations provider vscode.git 1816
2023-11-03 09:13:08.700 [warning] [Decorations] CAPPING events from decorations provider vscode.git 1816
2023-11-03 09:13:14.302 [warning] [Decorations] CAPPING events from decorations provider vscode.git 1816
2023-11-03 09:13:19.905 [warning] [Decorations] CAPPING events from decorations provider vscode.git 1816
2023-11-03 09:13:25.533 [warning] [Decorations] CAPPING events from decorations provider vscode.git 1817
2023-11-03 09:13:31.139 [warning] [Decorations] CAPPING events from decorations provider vscode.git 1817
2023-11-03 09:13:36.893 [warning] [Decorations] CAPPING events from decorations provider vscode.git 1817
2023-11-03 09:13:42.504 [warning] [Decorations] CAPPING events from decorations provider vscode.git 1817
2023-11-03 09:13:48.104 [warning] [Decorations] CAPPING events from decorations provider vscode.git 1814
2023-11-03 09:13:53.717 [warning] [Decorations] CAPPING events from decorations provider vscode.git 1817
2023-11-03 09:14:11.717 [warning] [Decorations] CAPPING events from decorations provider vscode.git 1817
2023-11-03 09:14:18.793 [warning] [Decorations] CAPPING events from decorations provider vscode.git 1815
2023-11-03 09:15:53.645 [warning] [Decorations] CAPPING events from decorations provider vscode.git 1815
2023-11-03 09:15:59.259 [warning] [Decorations] CAPPING events from decorations provider vscode.git 1814
2023-11-03 09:25:20.888 [warning] [Decorations] CAPPING events from decorations provider vscode.git 1859
2023-11-03 09:25:26.506 [warning] [Decorations] CAPPING events from decorations provider vscode.git 1841
2023-11-03 09:25:32.120 [warning] [Decorations] CAPPING events from decorations provider vscode.git 1841
2023-11-03 09:25:37.751 [warning] [Decorations] CAPPING events from decorations provider vscode.git 1841
2023-11-03 09:25:43.360 [warning] [Decorations] CAPPING events from decorations provider vscode.git 1841
2023-11-03 09:25:48.983 [warning] [Decorations] CAPPING events from decorations provider vscode.git 1841
2023-11-03 09:29:34.581 [warning] [Decorations] CAPPING events from decorations provider vscode.git 1843
2023-11-03 09:29:40.192 [warning] [Decorations] CAPPING events from decorations provider vscode.git 1843
2023-11-03 09:29:45.791 [warning] [Decorations] CAPPING events from decorations provider vscode.git 1843
2023-11-03 09:29:51.384 [warning] [Decorations] CAPPING events from decorations provider vscode.git 1843
2023-11-03 09:29:57.000 [warning] [Decorations] CAPPING events from decorations provider vscode.git 1843
2023-11-03 09:30:02.604 [warning] [Decorations] CAPPING events from decorations provider vscode.git 1843
2023-11-03 09:30:08.215 [warning] [Decorations] CAPPING events from decorations provider vscode.git 1843
2023-11-03 09:30:13.823 [warning] [Decorations] CAPPING events from decorations provider vscode.git 1843
2023-11-03 09:30:19.434 [warning] [Decorations] CAPPING events from decorations provider vscode.git 1843
2023-11-03 09:30:25.045 [warning] [Decorations] CAPPING events from decorations provider vscode.git 1843
2023-11-03 09:30:30.629 [warning] [Decorations] CAPPING events from decorations provider vscode.git 1843
2023-11-03 09:30:36.388 [warning] [Decorations] CAPPING events from decorations provider vscode.git 1843
2023-11-03 09:30:41.992 [warning] [Decorations] CAPPING events from decorations provider vscode.git 1843
2023-11-03 09:30:47.599 [warning] [Decorations] CAPPING events from decorations provider vscode.git 1843
2023-11-03 09:30:53.214 [warning] [Decorations] CAPPING events from decorations provider vscode.git 1843
2023-11-03 09:30:58.822 [warning] [Decorations] CAPPING events from decorations provider vscode.git 1843
2023-11-03 09:31:04.444 [warning] [Decorations] CAPPING events from decorations provider vscode.git 1843
2023-11-03 09:31:10.070 [warning] [Decorations] CAPPING events from decorations provider vscode.git 1843
2023-11-03 09:31:15.678 [warning] [Decorations] CAPPING events from decorations provider vscode.git 1843
2023-11-03 09:31:21.295 [warning] [Decorations] CAPPING events from decorations provider vscode.git 1843
2023-11-03 09:31:26.915 [warning] [Decorations] CAPPING events from decorations provider vscode.git 1845
2023-11-03 09:31:32.553 [warning] [Decorations] CAPPING events from decorations provider vscode.git 1846
2023-11-03 09:31:38.316 [warning] [Decorations] CAPPING events from decorations provider vscode.git 1846
2023-11-03 09:31:43.933 [warning] [Decorations] CAPPING events from decorations provider vscode.git 1844
2023-11-03 09:31:49.536 [warning] [Decorations] CAPPING events from decorations provider vscode.git 1844
2023-11-03 09:31:55.143 [warning] [Decorations] CAPPING events from decorations provider vscode.git 1844
2023-11-03 09:32:00.723 [warning] [Decorations] CAPPING events from decorations provider vscode.git 1842
2023-11-03 09:32:06.346 [warning] [Decorations] CAPPING events from decorations provider vscode.git 1842
2023-11-03 09:32:11.965 [warning] [Decorations] CAPPING events from decorations provider vscode.git 1842
2023-11-03 09:32:17.590 [warning] [Decorations] CAPPING events from decorations provider vscode.git 1842
2023-11-03 09:32:23.196 [warning] [Decorations] CAPPING events from decorations provider vscode.git 1842
2023-11-03 09:32:28.811 [warning] [Decorations] CAPPING events from decorations provider vscode.git 1842
2023-11-03 09:32:34.455 [warning] [Decorations] CAPPING events from decorations provider vscode.git 1842
2023-11-03 09:32:40.213 [warning] [Decorations] CAPPING events from decorations provider vscode.git 1842
2023-11-03 09:32:45.836 [warning] [Decorations] CAPPING events from decorations provider vscode.git 1842
2023-11-03 09:32:51.468 [warning] [Decorations] CAPPING events from decorations provider vscode.git 1842
2023-11-03 09:32:57.099 [warning] [Decorations] CAPPING events from decorations provider vscode.git 1842
2023-11-03 09:33:02.743 [warning] [Decorations] CAPPING events from decorations provider vscode.git 1842
2023-11-03 09:33:08.345 [warning] [Decorations] CAPPING events from decorations provider vscode.git 1842
2023-11-03 09:33:13.954 [warning] [Decorations] CAPPING events from decorations provider vscode.git 1842
2023-11-03 09:33:19.581 [warning] [Decorations] CAPPING events from decorations provider vscode.git 1842
2023-11-03 09:44:00.432 [info] Extension host terminating: renderer disconnected for too long (2)
2023-11-03 09:44:00.435 [info] Lock '/home/TDIW/tdiw-k11/.vscode-server/data/User/workspaceStorage/74c4d86dc863f504f15dde947b3a866a/vscode.lock': Marking the lockfile as scheduled to be released in 6000 ms.
2023-11-03 09:44:00.480 [error] Canceled: Canceled
	at new f (/home/TDIW/tdiw-k11/.vscode-server/bin/d037ac076cee195194f93ce6fe2bdfe2969cc82d/out/vs/workbench/api/node/extensionHostProcess.js:125:108614)
	at n.U (/home/TDIW/tdiw-k11/.vscode-server/bin/d037ac076cee195194f93ce6fe2bdfe2969cc82d/out/vs/workbench/api/node/extensionHostProcess.js:134:10873)
	at F.<computed>.z.charCodeAt.F.<computed> (/home/TDIW/tdiw-k11/.vscode-server/bin/d037ac076cee195194f93ce6fe2bdfe2969cc82d/out/vs/workbench/api/node/extensionHostProcess.js:134:8315)
	at i.g (/home/TDIW/tdiw-k11/.vscode-server/bin/d037ac076cee195194f93ce6fe2bdfe2969cc82d/out/vs/workbench/api/node/extensionHostProcess.js:125:139130)
	at i.executeCommand (/home/TDIW/tdiw-k11/.vscode-server/bin/d037ac076cee195194f93ce6fe2bdfe2969cc82d/out/vs/workbench/api/node/extensionHostProcess.js:125:138568)
	at $.registerCommand.description (/home/TDIW/tdiw-k11/.vscode-server/bin/d037ac076cee195194f93ce6fe2bdfe2969cc82d/out/vs/workbench/api/node/extensionHostProcess.js:125:137892)
	at i.h (/home/TDIW/tdiw-k11/.vscode-server/bin/d037ac076cee195194f93ce6fe2bdfe2969cc82d/out/vs/workbench/api/node/extensionHostProcess.js:125:139669)
	at i.g (/home/TDIW/tdiw-k11/.vscode-server/bin/d037ac076cee195194f93ce6fe2bdfe2969cc82d/out/vs/workbench/api/node/extensionHostProcess.js:125:138661)
	at i.executeCommand (/home/TDIW/tdiw-k11/.vscode-server/bin/d037ac076cee195194f93ce6fe2bdfe2969cc82d/out/vs/workbench/api/node/extensionHostProcess.js:125:138568)
	at Object.executeCommand (/home/TDIW/tdiw-k11/.vscode-server/bin/d037ac076cee195194f93ce6fe2bdfe2969cc82d/out/vs/workbench/api/node/extensionHostProcess.js:140:21329)
	at h.D [as value] (/home/TDIW/tdiw-k11/.vscode-server/bin/d037ac076cee195194f93ce6fe2bdfe2969cc82d/extensions/git/dist/main.js:2:1316925)
	at c.y (/home/TDIW/tdiw-k11/.vscode-server/bin/d037ac076cee195194f93ce6fe2bdfe2969cc82d/out/vs/workbench/api/node/extensionHostProcess.js:80:1902)
	at c.z (/home/TDIW/tdiw-k11/.vscode-server/bin/d037ac076cee195194f93ce6fe2bdfe2969cc82d/out/vs/workbench/api/node/extensionHostProcess.js:80:1972)
	at c.fire (/home/TDIW/tdiw-k11/.vscode-server/bin/d037ac076cee195194f93ce6fe2bdfe2969cc82d/out/vs/workbench/api/node/extensionHostProcess.js:80:2188)
	at Object.m [as dispose] (/home/TDIW/tdiw-k11/.vscode-server/bin/d037ac076cee195194f93ce6fe2bdfe2969cc82d/extensions/git/dist/main.js:2:1332842)
	at /home/TDIW/tdiw-k11/.vscode-server/bin/d037ac076cee195194f93ce6fe2bdfe2969cc82d/extensions/git/dist/main.js:2:1337795
	at Array.forEach (<anonymous>)
	at g.dispose (/home/TDIW/tdiw-k11/.vscode-server/bin/d037ac076cee195194f93ce6fe2bdfe2969cc82d/extensions/git/dist/main.js:2:1337781)
	at w.<anonymous> (/home/TDIW/tdiw-k11/.vscode-server/bin/d037ac076cee195194f93ce6fe2bdfe2969cc82d/out/vs/workbench/api/node/extensionHostProcess.js:121:3572)
	at w.dispose (/home/TDIW/tdiw-k11/.vscode-server/bin/d037ac076cee195194f93ce6fe2bdfe2969cc82d/out/vs/workbench/api/node/extensionHostProcess.js:121:3669)
	at w.<anonymous> (/home/TDIW/tdiw-k11/.vscode-server/bin/d037ac076cee195194f93ce6fe2bdfe2969cc82d/extensions/git/dist/main.js:2:1318937)
	at w.dispose (/home/TDIW/tdiw-k11/.vscode-server/bin/d037ac076cee195194f93ce6fe2bdfe2969cc82d/out/vs/workbench/api/node/extensionHostProcess.js:121:3669)
	at o (/home/TDIW/tdiw-k11/.vscode-server/bin/d037ac076cee195194f93ce6fe2bdfe2969cc82d/out/vs/workbench/api/node/extensionHostProcess.js:30:754)
	at h.cb (/home/TDIW/tdiw-k11/.vscode-server/bin/d037ac076cee195194f93ce6fe2bdfe2969cc82d/out/vs/workbench/api/node/extensionHostProcess.js:136:9843)
	at /home/TDIW/tdiw-k11/.vscode-server/bin/d037ac076cee195194f93ce6fe2bdfe2969cc82d/out/vs/workbench/api/node/extensionHostProcess.js:136:7793
	at Array.map (<anonymous>)
	at h.Y (/home/TDIW/tdiw-k11/.vscode-server/bin/d037ac076cee195194f93ce6fe2bdfe2969cc82d/out/vs/workbench/api/node/extensionHostProcess.js:136:7781)
	at h.terminate (/home/TDIW/tdiw-k11/.vscode-server/bin/d037ac076cee195194f93ce6fe2bdfe2969cc82d/out/vs/workbench/api/node/extensionHostProcess.js:136:8051)
	at o.terminate (/home/TDIW/tdiw-k11/.vscode-server/bin/d037ac076cee195194f93ce6fe2bdfe2969cc82d/out/vs/workbench/api/node/extensionHostProcess.js:140:1513)
	at a (/home/TDIW/tdiw-k11/.vscode-server/bin/d037ac076cee195194f93ce6fe2bdfe2969cc82d/out/vs/workbench/api/node/extensionHostProcess.js:153:9817)
	at z.a (/home/TDIW/tdiw-k11/.vscode-server/bin/d037ac076cee195194f93ce6fe2bdfe2969cc82d/out/vs/workbench/api/node/extensionHostProcess.js:153:6610)
	at z.h (/home/TDIW/tdiw-k11/.vscode-server/bin/d037ac076cee195194f93ce6fe2bdfe2969cc82d/out/vs/workbench/api/node/extensionHostProcess.js:90:19702)
	at listOnTimeout (node:internal/timers:569:17)
	at process.processTimers (node:internal/timers:512:7) setContext undefined
2023-11-03 09:44:00.481 [error] Canceled: Canceled
	at new f (/home/TDIW/tdiw-k11/.vscode-server/bin/d037ac076cee195194f93ce6fe2bdfe2969cc82d/out/vs/workbench/api/node/extensionHostProcess.js:125:108614)
	at n.U (/home/TDIW/tdiw-k11/.vscode-server/bin/d037ac076cee195194f93ce6fe2bdfe2969cc82d/out/vs/workbench/api/node/extensionHostProcess.js:134:10873)
	at F.<computed>.z.charCodeAt.F.<computed> (/home/TDIW/tdiw-k11/.vscode-server/bin/d037ac076cee195194f93ce6fe2bdfe2969cc82d/out/vs/workbench/api/node/extensionHostProcess.js:134:8315)
	at i.g (/home/TDIW/tdiw-k11/.vscode-server/bin/d037ac076cee195194f93ce6fe2bdfe2969cc82d/out/vs/workbench/api/node/extensionHostProcess.js:125:139130)
	at i.executeCommand (/home/TDIW/tdiw-k11/.vscode-server/bin/d037ac076cee195194f93ce6fe2bdfe2969cc82d/out/vs/workbench/api/node/extensionHostProcess.js:125:138568)
	at $.registerCommand.description (/home/TDIW/tdiw-k11/.vscode-server/bin/d037ac076cee195194f93ce6fe2bdfe2969cc82d/out/vs/workbench/api/node/extensionHostProcess.js:125:137892)
	at i.h (/home/TDIW/tdiw-k11/.vscode-server/bin/d037ac076cee195194f93ce6fe2bdfe2969cc82d/out/vs/workbench/api/node/extensionHostProcess.js:125:139669)
	at i.g (/home/TDIW/tdiw-k11/.vscode-server/bin/d037ac076cee195194f93ce6fe2bdfe2969cc82d/out/vs/workbench/api/node/extensionHostProcess.js:125:138661)
	at i.executeCommand (/home/TDIW/tdiw-k11/.vscode-server/bin/d037ac076cee195194f93ce6fe2bdfe2969cc82d/out/vs/workbench/api/node/extensionHostProcess.js:125:138568)
	at Object.executeCommand (/home/TDIW/tdiw-k11/.vscode-server/bin/d037ac076cee195194f93ce6fe2bdfe2969cc82d/out/vs/workbench/api/node/extensionHostProcess.js:140:21329)
	at set b [as b] (/home/TDIW/tdiw-k11/.vscode-server/bin/d037ac076cee195194f93ce6fe2bdfe2969cc82d/extensions/github/dist/extension.js:2:714708)
	at /home/TDIW/tdiw-k11/.vscode-server/bin/d037ac076cee195194f93ce6fe2bdfe2969cc82d/extensions/github/dist/extension.js:2:715349
	at h.value (/home/TDIW/tdiw-k11/.vscode-server/bin/d037ac076cee195194f93ce6fe2bdfe2969cc82d/extensions/git/dist/main.js:2:1408111)
	at c.y (/home/TDIW/tdiw-k11/.vscode-server/bin/d037ac076cee195194f93ce6fe2bdfe2969cc82d/out/vs/workbench/api/node/extensionHostProcess.js:80:1902)
	at c.z (/home/TDIW/tdiw-k11/.vscode-server/bin/d037ac076cee195194f93ce6fe2bdfe2969cc82d/out/vs/workbench/api/node/extensionHostProcess.js:80:1972)
	at c.fire (/home/TDIW/tdiw-k11/.vscode-server/bin/d037ac076cee195194f93ce6fe2bdfe2969cc82d/out/vs/workbench/api/node/extensionHostProcess.js:80:2188)
	at Object.m [as dispose] (/home/TDIW/tdiw-k11/.vscode-server/bin/d037ac076cee195194f93ce6fe2bdfe2969cc82d/extensions/git/dist/main.js:2:1332842)
	at /home/TDIW/tdiw-k11/.vscode-server/bin/d037ac076cee195194f93ce6fe2bdfe2969cc82d/extensions/git/dist/main.js:2:1337795
	at Array.forEach (<anonymous>)
	at g.dispose (/home/TDIW/tdiw-k11/.vscode-server/bin/d037ac076cee195194f93ce6fe2bdfe2969cc82d/extensions/git/dist/main.js:2:1337781)
	at w.<anonymous> (/home/TDIW/tdiw-k11/.vscode-server/bin/d037ac076cee195194f93ce6fe2bdfe2969cc82d/out/vs/workbench/api/node/extensionHostProcess.js:121:3572)
	at w.dispose (/home/TDIW/tdiw-k11/.vscode-server/bin/d037ac076cee195194f93ce6fe2bdfe2969cc82d/out/vs/workbench/api/node/extensionHostProcess.js:121:3669)
	at w.<anonymous> (/home/TDIW/tdiw-k11/.vscode-server/bin/d037ac076cee195194f93ce6fe2bdfe2969cc82d/extensions/git/dist/main.js:2:1318937)
	at w.dispose (/home/TDIW/tdiw-k11/.vscode-server/bin/d037ac076cee195194f93ce6fe2bdfe2969cc82d/out/vs/workbench/api/node/extensionHostProcess.js:121:3669)
	at o (/home/TDIW/tdiw-k11/.vscode-server/bin/d037ac076cee195194f93ce6fe2bdfe2969cc82d/out/vs/workbench/api/node/extensionHostProcess.js:30:754)
	at h.cb (/home/TDIW/tdiw-k11/.vscode-server/bin/d037ac076cee195194f93ce6fe2bdfe2969cc82d/out/vs/workbench/api/node/extensionHostProcess.js:136:9843)
	at /home/TDIW/tdiw-k11/.vscode-server/bin/d037ac076cee195194f93ce6fe2bdfe2969cc82d/out/vs/workbench/api/node/extensionHostProcess.js:136:7793
	at Array.map (<anonymous>)
	at h.Y (/home/TDIW/tdiw-k11/.vscode-server/bin/d037ac076cee195194f93ce6fe2bdfe2969cc82d/out/vs/workbench/api/node/extensionHostProcess.js:136:7781)
	at h.terminate (/home/TDIW/tdiw-k11/.vscode-server/bin/d037ac076cee195194f93ce6fe2bdfe2969cc82d/out/vs/workbench/api/node/extensionHostProcess.js:136:8051)
	at o.terminate (/home/TDIW/tdiw-k11/.vscode-server/bin/d037ac076cee195194f93ce6fe2bdfe2969cc82d/out/vs/workbench/api/node/extensionHostProcess.js:140:1513)
	at a (/home/TDIW/tdiw-k11/.vscode-server/bin/d037ac076cee195194f93ce6fe2bdfe2969cc82d/out/vs/workbench/api/node/extensionHostProcess.js:153:9817)
	at z.a (/home/TDIW/tdiw-k11/.vscode-server/bin/d037ac076cee195194f93ce6fe2bdfe2969cc82d/out/vs/workbench/api/node/extensionHostProcess.js:153:6610)
	at z.h (/home/TDIW/tdiw-k11/.vscode-server/bin/d037ac076cee195194f93ce6fe2bdfe2969cc82d/out/vs/workbench/api/node/extensionHostProcess.js:90:19702)
	at listOnTimeout (node:internal/timers:569:17)
	at process.processTimers (node:internal/timers:512:7) setContext undefined
2023-11-03 09:44:00.482 [info] Extension host with pid 73610 exiting with code 0
